#
# A fatal error has been detected by the Java Runtime Environment:
#
#  SIGSEGV (0xb) at pc=0x000000010b73dc0c, pid=6312, tid=22787
#
# JRE version: Java(TM) SE Runtime Environment (7.0_79-b15) (build 1.7.0_79-b15)
# Java VM: Java HotSpot(TM) 64-Bit Server VM (24.79-b02 mixed mode bsd-amd64 compressed oops)
# Problematic frame:
# V  [libjvm.dylib+0x63c0c]
#
# Failed to write core dump. Core dumps have been disabled. To enable core dumping, try "ulimit -c unlimited" before starting Java again
#
# If you would like to submit a bug report, please visit:
#   http://bugreport.java.com/bugreport/crash.jsp
#

---------------  T H R E A D  ---------------

Current thread (0x00007fd033008800):  JavaThread "C2 CompilerThread0" daemon [_thread_in_native, id=22787, stack(0x0000000164071000,0x0000000164171000)]

siginfo:si_signo=SIGSEGV: si_errno=0, si_code=0 (SEGV0), si_addr=0x0000000000000000

Registers:
RAX=0x00407fd03481eb70, RBX=0x00007fd032a45d60, RCX=0x0000000000000001, RDX=0x00007fd0312b4438
RSP=0x000000016416d540, RBP=0x000000016416d550, RSI=0x0000000000000001, RDI=0x00007fd03481e748
R8 =0x00007fd03481eeb8, R9 =0x000000016416d8c4, R10=0x00007fd03134ce01, R11=0x00007fd03481ed01
R12=0x00007fd031350d00, R13=0x0000000164170000, R14=0x00007fd03481e748, R15=0x00007fd03481e510
RIP=0x000000010b73dc0c, EFLAGS=0x0000000000010293, ERR=0x0000000000000000
  TRAPNO=0x000000000000000d

Top of Stack: (sp=0x000000016416d540)
0x000000016416d540:   00007fd03481e748 00007fd032a45d60
0x000000016416d550:   000000016416d8f0 000000010bb44198
0x000000016416d560:   00007fd0000000c7 00007fd032693c10
0x000000016416d570:   00007fd032b73ed0 0000000100000001
0x000000016416d580:   00007fd031350d30 000006860bee9870
0x000000016416d590:   00000000000000d6 00007fd033175850
0x000000016416d5a0:   00007fd033175890 0000000000000000
0x000000016416d5b0:   00000001658c4010 00007fd03357b6b0
0x000000016416d5c0:   0000000000000000 000000006591e008
0x000000016416d5d0:   00000001658c4010 000000016416e768
0x000000016416d5e0:   00000000000000d6 ffffffdf00000024
0x000000016416d5f0:   00007fd03134ce10 00007fd032697460
0x000000016416d600:   00007fd032693c10 0000002100000024
0x000000016416d610:   00007fd000000002 00000000000521d0
0x000000016416d620:   0000000000000023 00007fd032b74580
0x000000016416d630:   00007fd031350680 00007fd0310eade0
0x000000016416d640:   00007fd032b73ed0 0000000100000025
0x000000016416d650:   00000000000000cc 0000000000000005
0x000000016416d660:   0000000000000023 00007fd032a45d60
0x000000016416d670:   000000016416e6a0 00007fd03357b6a0
0x000000016416d680:   0000000005555455 0000000000000000
0x000000016416d690:   0000000000000000 0000000000000000
0x000000016416d6a0:   0000000000000000 00000e1300000000
0x000000016416d6b0:   000000016416dba0 0000000165910000
0x000000016416d6c0:   00007fd0329af460 00000e13000000d6
0x000000016416d6d0:   000000016416dba0 00000000c0000000
0x000000016416d6e0:   00007fd0329abc10 0000070e00000000
0x000000016416d6f0:   000000016416dba0 00007fd030c125b0
0x000000016416d700:   00007fd030c125c0 00007fd030c12998
0x000000016416d710:   00000000000003d8 0000000000000000
0x000000016416d720:   00000e1300000000 000000016416dba0
0x000000016416d730:   ffffffff3f3f0000 00007fd0329af460 

Instructions: (pc=0x000000010b73dc0c)
0x000000010b73dbec:   f3 49 89 fe 41 8b 76 20 41 3b 76 24 75 10 4c 89
0x000000010b73dbfc:   f7 e8 a4 3c 3a 00 41 8b 76 20 49 8b 46 10 89 f1
0x000000010b73dc0c:   48 89 1c c8 ff c1 41 89 4e 20 5b 41 5e 5d c3 90
0x000000010b73dc1c:   55 48 89 e5 41 57 41 56 41 54 53 48 89 d3 41 89 

Register to memory mapping:

RAX=0x00407fd03481eb70 is an unknown value
RBX=0x00007fd032a45d60 is an unknown value
RCX=0x0000000000000001 is an unknown value
RDX=0x00007fd0312b4438 is an unknown value
RSP=0x000000016416d540 is pointing into the stack for thread: 0x00007fd033008800
RBP=0x000000016416d550 is pointing into the stack for thread: 0x00007fd033008800
RSI=0x0000000000000001 is an unknown value
RDI=0x00007fd03481e748 is an unknown value
R8 =0x00007fd03481eeb8 is an unknown value
R9 =0x000000016416d8c4 is pointing into the stack for thread: 0x00007fd033008800
R10=0x00007fd03134ce01 is an unknown value
R11=0x00007fd03481ed01 is an unknown value
R12=0x00007fd031350d00 is an unknown value
R13=0x0000000164170000 is pointing into the stack for thread: 0x00007fd033008800
R14=0x00007fd03481e748 is an unknown value
R15=0x00007fd03481e510 is an unknown value


Stack: [0x0000000164071000,0x0000000164171000],  sp=0x000000016416d540,  free space=1009k
Native frames: (J=compiled Java code, j=interpreted, Vv=VM code, C=native code)
V  [libjvm.dylib+0x63c0c]
V  [libjvm.dylib+0x46a198]
V  [libjvm.dylib+0x176222]
V  [libjvm.dylib+0x1b9d3e]
V  [libjvm.dylib+0x1bd4bc]
V  [libjvm.dylib+0x166b07]
V  [libjvm.dylib+0x1c0618]
V  [libjvm.dylib+0x1c235a]
V  [libjvm.dylib+0x4f759d]
V  [libjvm.dylib+0x4f8ca5]
V  [libjvm.dylib+0x421c4e]
C  [libsystem_c.dylib+0x14772]  _pthread_start+0x147
C  [libsystem_c.dylib+0x11a1]  thread_start+0xd


Current CompileTask:
C2:   7543  477             groovy.lang.MetaClassImpl$1MOPIter::methodNameAction (482 bytes)


---------------  P R O C E S S  ---------------

Java Threads: ( => current thread )
  0x00007fd032538000 JavaThread "File lock request listener" [_thread_in_native, id=28419, stack(0x0000000165416000,0x0000000165516000)]
  0x00007fd0333d7800 JavaThread "process reaper" daemon [_thread_blocked, id=27907, stack(0x0000000164613000,0x000000016463b000)]
  0x00007fd0331f2800 JavaThread "Stdin handler" [_thread_blocked, id=27395, stack(0x00000001651f7000,0x00000001652f7000)]
  0x00007fd032914000 JavaThread "Daemon worker" [_thread_in_Java, id=26883, stack(0x00000001650f4000,0x00000001651f4000)]
  0x00007fd032425800 JavaThread "Cancel handler" [_thread_blocked, id=26371, stack(0x0000000164ff1000,0x00000001650f1000)]
  0x00007fd031013000 JavaThread "Handler for socket connection from /127.0.0.1:52465 to /127.0.0.1:52466" [_thread_in_native, id=25859, stack(0x0000000164eee000,0x0000000164fee000)]
  0x00007fd031134000 JavaThread "Daemon" [_thread_blocked, id=25347, stack(0x0000000164deb000,0x0000000164eeb000)]
  0x00007fd03299b000 JavaThread "Incoming local TCP Connector on port 52465" [_thread_in_native, id=24835, stack(0x0000000164ce8000,0x0000000164de8000)]
  0x00007fd03301a800 JavaThread "Service Thread" daemon [_thread_blocked, id=23811, stack(0x0000000164277000,0x0000000164377000)]
  0x00007fd033019800 JavaThread "C2 CompilerThread1" daemon [_thread_in_native, id=23299, stack(0x0000000164174000,0x0000000164274000)]
=>0x00007fd033008800 JavaThread "C2 CompilerThread0" daemon [_thread_in_native, id=22787, stack(0x0000000164071000,0x0000000164171000)]
  0x00007fd03300e800 JavaThread "Signal Dispatcher" daemon [_thread_blocked, id=22275, stack(0x0000000163f6e000,0x000000016406e000)]
  0x00007fd033003000 JavaThread "Finalizer" daemon [_thread_blocked, id=17155, stack(0x0000000163c24000,0x0000000163d24000)]
  0x00007fd033002000 JavaThread "Reference Handler" daemon [_thread_blocked, id=16643, stack(0x0000000163b21000,0x0000000163c21000)]
  0x00007fd032006800 JavaThread "main" [_thread_blocked, id=6659, stack(0x000000010c13e000,0x000000010c23e000)]

Other Threads:
  0x00007fd03280f800 VMThread [stack: 0x0000000163a1e000,0x0000000163b1e000] [id=16131]
  0x00007fd033004800 WatcherThread [stack: 0x000000016437a000,0x000000016447a000] [id=24323]

VM state:not at safepoint (normal execution)

VM Mutex/Monitor currently owned by a thread: None

Heap
 PSYoungGen      total 72704K, used 50641K [0x0000000149f00000, 0x0000000153b00000, 0x000000015f480000)
  eden space 67584K, 67% used [0x0000000149f00000,0x000000014cb7c4f0,0x000000014e100000)
  from space 5120K, 99% used [0x000000014e100000,0x000000014e5f8040,0x000000014e600000)
  to   space 12288K, 0% used [0x0000000152f00000,0x0000000152f00000,0x0000000153b00000)
 ParOldGen       total 87040K, used 14734K [0x000000011f480000, 0x0000000124980000, 0x0000000149f00000)
  object space 87040K, 16% used [0x000000011f480000,0x00000001202e3890,0x0000000124980000)
 PSPermGen       total 29184K, used 28718K [0x000000010f480000, 0x0000000111100000, 0x000000011f480000)
  object space 29184K, 98% used [0x000000010f480000,0x000000011108bb78,0x0000000111100000)

Card table byte_map: [0x000000015f480000,0x000000015f701000] byte_map_base: 0x000000015ec05c00

Polling page: 0x000000010c27d000

Code Cache  [0x000000010c313000, 0x000000010c5e3000, 0x000000010f313000)
 total_blobs=1043 nmethods=464 adapters=533 free_code_cache=46363Kb largest_free_block=47424960

Compilation events (10 events):
Event: 7.032 Thread 0x00007fd033019800 nmethod 482 0x000000010c5b0e10 code [0x000000010c5b0fa0, 0x000000010c5b1378]
Event: 7.083 Thread 0x00007fd033019800  483             org.codehaus.groovy.util.FastArray::size (5 bytes)
Event: 7.083 Thread 0x00007fd033019800 nmethod 483 0x000000010c5b0c10 code [0x000000010c5b0d40, 0x000000010c5b0d98]
Event: 7.093 Thread 0x00007fd033019800  484   !         java.lang.reflect.Field::getTypeName (79 bytes)
Event: 7.118 Thread 0x00007fd033019800 nmethod 484 0x000000010c5c8f10 code [0x000000010c5c90e0, 0x000000010c5c9800]
Event: 7.154 Thread 0x00007fd033019800  485             org.codehaus.groovy.util.FastArray::getArray (5 bytes)
Event: 7.155 Thread 0x00007fd033019800 nmethod 485 0x000000010c5bb8d0 code [0x000000010c5bba00, 0x000000010c5bba78]
Event: 7.373 Thread 0x00007fd033019800  486             java.util.HashMap$KeyIterator::next (8 bytes)
Event: 7.378 Thread 0x00007fd033019800 nmethod 486 0x000000010c5ca210 code [0x000000010c5ca360, 0x000000010c5ca4b8]
Event: 7.439 Thread 0x00007fd033019800  487             java.beans.Introspector::getTargetMethodInfo (255 bytes)

GC Heap History (10 events):
Event: 1.429 GC heap before
{Heap before GC invocations=1 (full 0):
 PSYoungGen      total 38912K, used 33792K [0x0000000149f00000, 0x000000014ca00000, 0x000000015f480000)
  eden space 33792K, 100% used [0x0000000149f00000,0x000000014c000000,0x000000014c000000)
  from space 5120K, 0% used [0x000000014c500000,0x000000014c500000,0x000000014ca00000)
  to   space 5120K, 0% used [0x000000014c000000,0x000000014c000000,0x000000014c500000)
 ParOldGen       total 87040K, used 0K [0x000000011f480000, 0x0000000124980000, 0x0000000149f00000)
  object space 87040K, 0% used [0x000000011f480000,0x000000011f480000,0x0000000124980000)
 PSPermGen       total 21504K, used 8186K [0x000000010f480000, 0x0000000110980000, 0x000000011f480000)
  object space 21504K, 38% used [0x000000010f480000,0x000000010fc7eb88,0x0000000110980000)
Event: 1.438 GC heap after
Heap after GC invocations=1 (full 0):
 PSYoungGen      total 38912K, used 5075K [0x0000000149f00000, 0x000000014ca00000, 0x000000015f480000)
  eden space 33792K, 0% used [0x0000000149f00000,0x0000000149f00000,0x000000014c000000)
  from space 5120K, 99% used [0x000000014c000000,0x000000014c4f4fc8,0x000000014c500000)
  to   space 5120K, 0% used [0x000000014c500000,0x000000014c500000,0x000000014ca00000)
 ParOldGen       total 87040K, used 8K [0x000000011f480000, 0x0000000124980000, 0x0000000149f00000)
  object space 87040K, 0% used [0x000000011f480000,0x000000011f482000,0x0000000124980000)
 PSPermGen       total 21504K, used 8186K [0x000000010f480000, 0x0000000110980000, 0x000000011f480000)
  object space 21504K, 38% used [0x000000010f480000,0x000000010fc7eb88,0x0000000110980000)
}
Event: 2.414 GC heap before
{Heap before GC invocations=2 (full 0):
 PSYoungGen      total 38912K, used 38867K [0x0000000149f00000, 0x000000014ca00000, 0x000000015f480000)
  eden space 33792K, 100% used [0x0000000149f00000,0x000000014c000000,0x000000014c000000)
  from space 5120K, 99% used [0x000000014c000000,0x000000014c4f4fc8,0x000000014c500000)
  to   space 5120K, 0% used [0x000000014c500000,0x000000014c500000,0x000000014ca00000)
 ParOldGen       total 87040K, used 8K [0x000000011f480000, 0x0000000124980000, 0x0000000149f00000)
  object space 87040K, 0% used [0x000000011f480000,0x000000011f482000,0x0000000124980000)
 PSPermGen       total 21504K, used 14782K [0x000000010f480000, 0x0000000110980000, 0x000000011f480000)
  object space 21504K, 68% used [0x000000010f480000,0x00000001102ef800,0x0000000110980000)
Event: 2.430 GC heap after
Heap after GC invocations=2 (full 0):
 PSYoungGen      total 38912K, used 5094K [0x0000000149f00000, 0x000000014eb00000, 0x000000015f480000)
  eden space 33792K, 0% used [0x0000000149f00000,0x0000000149f00000,0x000000014c000000)
  from space 5120K, 99% used [0x000000014c500000,0x000000014c9f9838,0x000000014ca00000)
  to   space 5120K, 0% used [0x000000014c000000,0x000000014c000000,0x000000014c500000)
 ParOldGen       total 87040K, used 2569K [0x000000011f480000, 0x0000000124980000, 0x0000000149f00000)
  object space 87040K, 2% used [0x000000011f480000,0x000000011f702740,0x0000000124980000)
 PSPermGen       total 21504K, used 14782K [0x000000010f480000, 0x0000000110980000, 0x000000011f480000)
  object space 21504K, 68% used [0x000000010f480000,0x00000001102ef800,0x0000000110980000)
}
Event: 3.127 GC heap before
{Heap before GC invocations=3 (full 0):
 PSYoungGen      total 38912K, used 38886K [0x0000000149f00000, 0x000000014eb00000, 0x000000015f480000)
  eden space 33792K, 100% used [0x0000000149f00000,0x000000014c000000,0x000000014c000000)
  from space 5120K, 99% used [0x000000014c500000,0x000000014c9f9838,0x000000014ca00000)
  to   space 5120K, 0% used [0x000000014c000000,0x000000014c000000,0x000000014c500000)
 ParOldGen       total 87040K, used 2569K [0x000000011f480000, 0x0000000124980000, 0x0000000149f00000)
  object space 87040K, 2% used [0x000000011f480000,0x000000011f702740,0x0000000124980000)
 PSPermGen       total 21504K, used 18287K [0x000000010f480000, 0x0000000110980000, 0x000000011f480000)
  object space 21504K, 85% used [0x000000010f480000,0x000000011065bec8,0x0000000110980000)
Event: 3.141 GC heap after
Heap after GC invocations=3 (full 0):
 PSYoungGen      total 38912K, used 5104K [0x0000000149f00000, 0x000000014eb00000, 0x000000015f480000)
  eden space 33792K, 0% used [0x0000000149f00000,0x0000000149f00000,0x000000014c000000)
  from space 5120K, 99% used [0x000000014c000000,0x000000014c4fc1a0,0x000000014c500000)
  to   space 5120K, 0% used [0x000000014e600000,0x000000014e600000,0x000000014eb00000)
 ParOldGen       total 87040K, used 5496K [0x000000011f480000, 0x0000000124980000, 0x0000000149f00000)
  object space 87040K, 6% used [0x000000011f480000,0x000000011f9de118,0x0000000124980000)
 PSPermGen       total 21504K, used 18287K [0x000000010f480000, 0x0000000110980000, 0x000000011f480000)
  object space 21504K, 85% used [0x000000010f480000,0x000000011065bec8,0x0000000110980000)
}
Event: 3.849 GC heap before
{Heap before GC invocations=4 (full 0):
 PSYoungGen      total 38912K, used 38896K [0x0000000149f00000, 0x000000014eb00000, 0x000000015f480000)
  eden space 33792K, 100% used [0x0000000149f00000,0x000000014c000000,0x000000014c000000)
  from space 5120K, 99% used [0x000000014c000000,0x000000014c4fc1a0,0x000000014c500000)
  to   space 5120K, 0% used [0x000000014e600000,0x000000014e600000,0x000000014eb00000)
 ParOldGen       total 87040K, used 5496K [0x000000011f480000, 0x0000000124980000, 0x0000000149f00000)
  object space 87040K, 6% used [0x000000011f480000,0x000000011f9de118,0x0000000124980000)
 PSPermGen       total 21504K, used 20340K [0x000000010f480000, 0x0000000110980000, 0x000000011f480000)
  object space 21504K, 94% used [0x000000010f480000,0x000000011085d3b8,0x0000000110980000)
Event: 3.869 GC heap after
Heap after GC invocations=4 (full 0):
 PSYoungGen      total 72704K, used 5104K [0x0000000149f00000, 0x000000014eb00000, 0x000000015f480000)
  eden space 67584K, 0% used [0x0000000149f00000,0x0000000149f00000,0x000000014e100000)
  from space 5120K, 99% used [0x000000014e600000,0x000000014eafc010,0x000000014eb00000)
  to   space 5120K, 0% used [0x000000014e100000,0x000000014e100000,0x000000014e600000)
 ParOldGen       total 87040K, used 9789K [0x000000011f480000, 0x0000000124980000, 0x0000000149f00000)
  object space 87040K, 11% used [0x000000011f480000,0x000000011fe0f570,0x0000000124980000)
 PSPermGen       total 21504K, used 20340K [0x000000010f480000, 0x0000000110980000, 0x000000011f480000)
  object space 21504K, 94% used [0x000000010f480000,0x000000011085d3b8,0x0000000110980000)
}
Event: 5.758 GC heap before
{Heap before GC invocations=5 (full 0):
 PSYoungGen      total 72704K, used 72688K [0x0000000149f00000, 0x000000014eb00000, 0x000000015f480000)
  eden space 67584K, 100% used [0x0000000149f00000,0x000000014e100000,0x000000014e100000)
  from space 5120K, 99% used [0x000000014e600000,0x000000014eafc010,0x000000014eb00000)
  to   space 5120K, 0% used [0x000000014e100000,0x000000014e100000,0x000000014e600000)
 ParOldGen       total 87040K, used 9789K [0x000000011f480000, 0x0000000124980000, 0x0000000149f00000)
  object space 87040K, 11% used [0x000000011f480000,0x000000011fe0f570,0x0000000124980000)
 PSPermGen       total 25600K, used 25221K [0x000000010f480000, 0x0000000110d80000, 0x000000011f480000)
  object space 25600K, 98% used [0x000000010f480000,0x0000000110d21508,0x0000000110d80000)
Event: 5.786 GC heap after
Heap after GC invocations=5 (full 0):
 PSYoungGen      total 72704K, used 5088K [0x0000000149f00000, 0x0000000153b00000, 0x000000015f480000)
  eden space 67584K, 0% used [0x0000000149f00000,0x0000000149f00000,0x000000014e100000)
  from space 5120K, 99% used [0x000000014e100000,0x000000014e5f8040,0x000000014e600000)
  to   space 12288K, 0% used [0x0000000152f00000,0x0000000152f00000,0x0000000153b00000)
 ParOldGen       total 87040K, used 14734K [0x000000011f480000, 0x0000000124980000, 0x0000000149f00000)
  object space 87040K, 16% used [0x000000011f480000,0x00000001202e3890,0x0000000124980000)
 PSPermGen       total 25600K, used 25221K [0x000000010f480000, 0x0000000110d80000, 0x000000011f480000)
  object space 25600K, 98% used [0x000000010f480000,0x0000000110d21508,0x0000000110d80000)
}

Deoptimization events (10 events):
Event: 4.684 Thread 0x00007fd032914000 Uncommon trap: reason=array_check action=maybe_recompile pc=0x000000010c522808 method=java.util.AbstractCollection.toArray([Ljava/lang/Object;)[Ljava/lang/Object; @ 119
Event: 5.134 Thread 0x00007fd032914000 Uncommon trap: reason=null_check action=make_not_entrant pc=0x000000010c557984 method=com.sun.org.apache.xerces.internal.utils.XMLLimitAnalyzer.isTracking(Ljava/lang/String;)Z @ 14
Event: 5.251 Thread 0x00007fd032914000 Uncommon trap: reason=unreached action=reinterpret pc=0x000000010c543e0c method=com.sun.org.apache.xerces.internal.utils.XMLLimitAnalyzer.isTracking(Ljava/lang/String;)Z @ 4
Event: 5.252 Thread 0x00007fd032914000 Uncommon trap: reason=unreached action=reinterpret pc=0x000000010c54ba3c method=com.sun.org.apache.xerces.internal.utils.XMLLimitAnalyzer.isTracking(Ljava/lang/String;)Z @ 4
Event: 5.831 Thread 0x00007fd032914000 Uncommon trap: reason=unreached action=reinterpret pc=0x000000010c4e8160 method=sun.misc.URLClassPath.getLoader(I)Lsun/misc/URLClassPath$Loader; @ 101
Event: 5.844 Thread 0x00007fd032914000 Uncommon trap: reason=unreached action=reinterpret pc=0x000000010c52f834 method=sun.misc.URLClassPath.getLoader(I)Lsun/misc/URLClassPath$Loader; @ 101
Event: 5.865 Thread 0x00007fd032914000 Uncommon trap: reason=null_check action=make_not_entrant pc=0x000000010c504c4c method=groovy.lang.MetaClassImpl.createMetaBeanProperty(Lorg/codehaus/groovy/util/SingleKeyHashMap;Ljava/lang/String;ZLgroovy/lang/MetaMethod;)V @ 5
Event: 6.682 Thread 0x00007fd032914000 Uncommon trap: reason=predicate action=maybe_recompile pc=0x000000010c3df7f4 method=java.util.ComparableTimSort.binarySort([Ljava/lang/Object;III)V @ 37
Event: 6.684 Thread 0x00007fd032914000 Uncommon trap: reason=unreached action=reinterpret pc=0x000000010c394ce8 method=java.util.Properties$LineReader.readLine()I @ 97
Event: 6.801 Thread 0x00007fd032914000 Uncommon trap: reason=unreached action=reinterpret pc=0x000000010c3bd7e4 method=java.util.HashMap.put(Ljava/lang/Object;Ljava/lang/Object;)Ljava/lang/Object; @ 19

Internal exceptions (10 events):
Event: 7.520 Thread 0x00007fd032914000 Threw 0x000000014ca48890 at /HUDSON/workspace/7u-2-build-macosx-x86_64/jdk7u79/2331/hotspot/src/share/vm/prims/jvm.cpp:1304
Event: 7.520 Thread 0x00007fd032914000 Threw 0x000000014ca49688 at /HUDSON/workspace/7u-2-build-macosx-x86_64/jdk7u79/2331/hotspot/src/share/vm/prims/jvm.cpp:1304
Event: 7.521 Thread 0x00007fd032914000 Threw 0x000000014ca504b0 at /HUDSON/workspace/7u-2-build-macosx-x86_64/jdk7u79/2331/hotspot/src/share/vm/prims/jvm.cpp:1304
Event: 7.528 Thread 0x00007fd032914000 Threw 0x000000014ca575e8 at /HUDSON/workspace/7u-2-build-macosx-x86_64/jdk7u79/2331/hotspot/src/share/vm/prims/jvm.cpp:1304
Event: 7.529 Thread 0x00007fd032914000 Threw 0x000000014ca58448 at /HUDSON/workspace/7u-2-build-macosx-x86_64/jdk7u79/2331/hotspot/src/share/vm/prims/jvm.cpp:1304
Event: 7.529 Thread 0x00007fd032914000 Threw 0x000000014ca5d5c0 at /HUDSON/workspace/7u-2-build-macosx-x86_64/jdk7u79/2331/hotspot/src/share/vm/prims/jvm.cpp:1304
Event: 7.529 Thread 0x00007fd032914000 Threw 0x000000014ca5e800 at /HUDSON/workspace/7u-2-build-macosx-x86_64/jdk7u79/2331/hotspot/src/share/vm/prims/jvm.cpp:1304
Event: 7.529 Thread 0x00007fd032914000 Threw 0x000000014ca5fb48 at /HUDSON/workspace/7u-2-build-macosx-x86_64/jdk7u79/2331/hotspot/src/share/vm/prims/jvm.cpp:1304
Event: 7.529 Thread 0x00007fd032914000 Threw 0x000000014ca609a8 at /HUDSON/workspace/7u-2-build-macosx-x86_64/jdk7u79/2331/hotspot/src/share/vm/prims/jvm.cpp:1304
Event: 7.530 Thread 0x00007fd032914000 Threw 0x000000014ca65c20 at /HUDSON/workspace/7u-2-build-macosx-x86_64/jdk7u79/2331/hotspot/src/share/vm/prims/jvm.cpp:1304

Events (10 events):
Event: 7.519 loading class 0x00007fd031aa3b80
Event: 7.519 loading class 0x00007fd031aa3b80 done
Event: 7.520 loading class 0x00007fd031e64ea0
Event: 7.520 loading class 0x00007fd031e64ea0 done
Event: 7.528 loading class 0x00007fd030cba410
Event: 7.528 loading class 0x00007fd030cba410 done
Event: 7.529 loading class 0x00007fd030cba410
Event: 7.529 loading class 0x00007fd030cba410 done
Event: 7.529 loading class 0x00007fd030cba410
Event: 7.529 loading class 0x00007fd030cba410 done


Dynamic libraries:
0x0000000009348000 	/System/Library/Frameworks/Cocoa.framework/Versions/A/Cocoa
0x0000000009348000 	/System/Library/Frameworks/Security.framework/Versions/A/Security
0x0000000009348000 	/System/Library/Frameworks/ApplicationServices.framework/Versions/A/ApplicationServices
0x0000000009348000 	/usr/lib/libz.1.dylib
0x0000000009348000 	/usr/lib/libSystem.B.dylib
0x0000000009348000 	/usr/lib/libobjc.A.dylib
0x0000000009348000 	/System/Library/Frameworks/CoreFoundation.framework/Versions/A/CoreFoundation
0x0000000009348000 	/System/Library/Frameworks/Foundation.framework/Versions/C/Foundation
0x0000000009348000 	/System/Library/Frameworks/AppKit.framework/Versions/C/AppKit
0x0000000009348000 	/System/Library/Frameworks/CoreData.framework/Versions/A/CoreData
0x0000000009348000 	/System/Library/PrivateFrameworks/RemoteViewServices.framework/Versions/A/RemoteViewServices
0x0000000009348000 	/System/Library/Frameworks/AudioToolbox.framework/Versions/A/AudioToolbox
0x0000000009348000 	/System/Library/Frameworks/AudioUnit.framework/Versions/A/AudioUnit
0x0000000009348000 	/System/Library/PrivateFrameworks/DataDetectorsCore.framework/Versions/A/DataDetectorsCore
0x0000000009348000 	/System/Library/PrivateFrameworks/DesktopServicesPriv.framework/Versions/A/DesktopServicesPriv
0x0000000009348000 	/System/Library/Frameworks/Carbon.framework/Versions/A/Frameworks/HIToolbox.framework/Versions/A/HIToolbox
0x0000000009348000 	/System/Library/Frameworks/QuartzCore.framework/Versions/A/QuartzCore
0x0000000009348000 	/System/Library/Frameworks/Carbon.framework/Versions/A/Frameworks/SpeechRecognition.framework/Versions/A/SpeechRecognition
0x0000000009348000 	/usr/lib/libauto.dylib
0x0000000009348000 	/usr/lib/libicucore.A.dylib
0x0000000009348000 	/usr/lib/libxml2.2.dylib
0x0000000009348000 	/System/Library/PrivateFrameworks/CoreUI.framework/Versions/A/CoreUI
0x0000000009348000 	/System/Library/Frameworks/CoreAudio.framework/Versions/A/CoreAudio
0x0000000009348000 	/System/Library/Frameworks/DiskArbitration.framework/Versions/A/DiskArbitration
0x0000000009348000 	/usr/lib/liblangid.dylib
0x0000000009348000 	/System/Library/PrivateFrameworks/MultitouchSupport.framework/Versions/A/MultitouchSupport
0x0000000009348000 	/System/Library/Frameworks/IOKit.framework/Versions/A/IOKit
0x0000000009348000 	/usr/lib/libDiagnosticMessagesClient.dylib
0x0000000009348000 	/System/Library/Frameworks/CoreServices.framework/Versions/A/CoreServices
0x0000000009348000 	/System/Library/PrivateFrameworks/PerformanceAnalysis.framework/Versions/A/PerformanceAnalysis
0x0000000009348000 	/System/Library/PrivateFrameworks/GenerationalStorage.framework/Versions/A/GenerationalStorage
0x0000000009348000 	/System/Library/Frameworks/OpenGL.framework/Versions/A/OpenGL
0x0000000009348000 	/System/Library/Frameworks/CoreText.framework/Versions/A/CoreText
0x0000000009348000 	/System/Library/Frameworks/ImageIO.framework/Versions/A/ImageIO
0x0000000009348000 	/System/Library/PrivateFrameworks/Backup.framework/Versions/A/Backup
0x0000000009348000 	/System/Library/Frameworks/CFNetwork.framework/Versions/A/CFNetwork
0x0000000009348000 	/System/Library/Frameworks/SystemConfiguration.framework/Versions/A/SystemConfiguration
0x0000000009348000 	/usr/lib/libCRFSuite.dylib
0x0000000009348000 	/System/Library/PrivateFrameworks/TCC.framework/Versions/A/TCC
0x0000000009348000 	/usr/lib/libc++.1.dylib
0x0000000009348000 	/usr/lib/libc++abi.dylib
0x0000000009348000 	/usr/lib/system/libcache.dylib
0x0000000009348000 	/usr/lib/system/libcommonCrypto.dylib
0x0000000009348000 	/usr/lib/system/libcompiler_rt.dylib
0x0000000009348000 	/usr/lib/system/libcopyfile.dylib
0x0000000009348000 	/usr/lib/system/libdispatch.dylib
0x0000000009348000 	/usr/lib/system/libdnsinfo.dylib
0x0000000009348000 	/usr/lib/system/libdyld.dylib
0x0000000009348000 	/usr/lib/system/libkeymgr.dylib
0x0000000009348000 	/usr/lib/system/liblaunch.dylib
0x0000000009348000 	/usr/lib/system/libmacho.dylib
0x0000000009348000 	/usr/lib/system/libquarantine.dylib
0x0000000009348000 	/usr/lib/system/libremovefile.dylib
0x0000000009348000 	/usr/lib/system/libsystem_blocks.dylib
0x0000000009348000 	/usr/lib/system/libsystem_c.dylib
0x0000000009348000 	/usr/lib/system/libsystem_dnssd.dylib
0x0000000009348000 	/usr/lib/system/libsystem_info.dylib
0x0000000009348000 	/usr/lib/system/libsystem_kernel.dylib
0x0000000009348000 	/usr/lib/system/libsystem_m.dylib
0x0000000009348000 	/usr/lib/system/libsystem_network.dylib
0x0000000009348000 	/usr/lib/system/libsystem_notify.dylib
0x0000000009348000 	/usr/lib/system/libsystem_sandbox.dylib
0x0000000009348000 	/usr/lib/system/libunc.dylib
0x0000000009348000 	/usr/lib/system/libunwind.dylib
0x0000000009348000 	/usr/lib/system/libxpc.dylib
0x0000000009348000 	/usr/lib/system/libcorecrypto.dylib
0x0000000009348000 	/usr/lib/libstdc++.6.dylib
0x0000000009348000 	/usr/lib/libbsm.0.dylib
0x0000000009348000 	/usr/lib/libsqlite3.dylib
0x0000000009348000 	/usr/lib/libxar.1.dylib
0x0000000009348000 	/usr/lib/libpam.2.dylib
0x0000000009348000 	/usr/lib/libOpenScriptingUtil.dylib
0x0000000009348000 	/usr/lib/libbz2.1.0.dylib
0x0000000009348000 	/System/Library/Frameworks/CoreServices.framework/Versions/A/Frameworks/CarbonCore.framework/Versions/A/CarbonCore
0x0000000009348000 	/System/Library/Frameworks/CoreServices.framework/Versions/A/Frameworks/Metadata.framework/Versions/A/Metadata
0x0000000009348000 	/System/Library/Frameworks/CoreServices.framework/Versions/A/Frameworks/OSServices.framework/Versions/A/OSServices
0x0000000009348000 	/System/Library/Frameworks/CoreServices.framework/Versions/A/Frameworks/SearchKit.framework/Versions/A/SearchKit
0x0000000009348000 	/System/Library/Frameworks/CoreServices.framework/Versions/A/Frameworks/AE.framework/Versions/A/AE
0x0000000009348000 	/System/Library/Frameworks/CoreServices.framework/Versions/A/Frameworks/LaunchServices.framework/Versions/A/LaunchServices
0x0000000009348000 	/System/Library/Frameworks/CoreServices.framework/Versions/A/Frameworks/DictionaryServices.framework/Versions/A/DictionaryServices
0x0000000009348000 	/System/Library/Frameworks/NetFS.framework/Versions/A/NetFS
0x0000000009348000 	/usr/lib/system/libkxld.dylib
0x0000000009348000 	/System/Library/PrivateFrameworks/NetAuth.framework/Versions/A/NetAuth
0x0000000009348000 	/System/Library/Frameworks/OpenDirectory.framework/Versions/A/Frameworks/CFOpenDirectory.framework/Versions/A/CFOpenDirectory
0x0000000009348000 	/usr/lib/libxslt.1.dylib
0x0000000009348000 	/System/Library/PrivateFrameworks/FamilyControls.framework/Versions/A/FamilyControls
0x0000000009348000 	/System/Library/Frameworks/Carbon.framework/Versions/A/Frameworks/Ink.framework/Versions/A/Ink
0x0000000009348000 	/System/Library/Frameworks/ApplicationServices.framework/Versions/A/Frameworks/CoreGraphics.framework/Versions/A/CoreGraphics
0x0000000009348000 	/System/Library/Frameworks/ApplicationServices.framework/Versions/A/Frameworks/ATS.framework/Versions/A/ATS
0x0000000009348000 	/System/Library/Frameworks/ApplicationServices.framework/Versions/A/Frameworks/ColorSync.framework/Versions/A/ColorSync
0x0000000009348000 	/System/Library/Frameworks/ApplicationServices.framework/Versions/A/Frameworks/HIServices.framework/Versions/A/HIServices
0x0000000009348000 	/System/Library/Frameworks/ApplicationServices.framework/Versions/A/Frameworks/LangAnalysis.framework/Versions/A/LangAnalysis
0x0000000009348000 	/System/Library/Frameworks/ApplicationServices.framework/Versions/A/Frameworks/PrintCore.framework/Versions/A/PrintCore
0x0000000009348000 	/System/Library/Frameworks/ApplicationServices.framework/Versions/A/Frameworks/QD.framework/Versions/A/QD
0x0000000009348000 	/System/Library/Frameworks/ApplicationServices.framework/Versions/A/Frameworks/SpeechSynthesis.framework/Versions/A/SpeechSynthesis
0x0000000009348000 	/System/Library/Frameworks/IOSurface.framework/Versions/A/IOSurface
0x0000000009348000 	/System/Library/Frameworks/Accelerate.framework/Versions/A/Accelerate
0x0000000009348000 	/System/Library/Frameworks/ApplicationServices.framework/Versions/A/Frameworks/ATS.framework/Versions/A/Resources/libFontParser.dylib
0x0000000009348000 	/System/Library/Frameworks/ApplicationServices.framework/Versions/A/Frameworks/ATS.framework/Versions/A/Resources/libFontRegistry.dylib
0x0000000009348000 	/System/Library/Frameworks/Accelerate.framework/Versions/A/Frameworks/vImage.framework/Versions/A/vImage
0x0000000009348000 	/System/Library/Frameworks/Accelerate.framework/Versions/A/Frameworks/vecLib.framework/Versions/A/vecLib
0x0000000009348000 	/System/Library/Frameworks/Accelerate.framework/Versions/A/Frameworks/vecLib.framework/Versions/A/libvDSP.dylib
0x0000000009348000 	/System/Library/Frameworks/Accelerate.framework/Versions/A/Frameworks/vecLib.framework/Versions/A/libvMisc.dylib
0x0000000009348000 	/System/Library/Frameworks/Accelerate.framework/Versions/A/Frameworks/vecLib.framework/Versions/A/libLAPACK.dylib
0x0000000009348000 	/System/Library/Frameworks/Accelerate.framework/Versions/A/Frameworks/vecLib.framework/Versions/A/libBLAS.dylib
0x0000000009348000 	/System/Library/Frameworks/ImageIO.framework/Versions/A/Resources/libJPEG.dylib
0x0000000009348000 	/System/Library/Frameworks/ImageIO.framework/Versions/A/Resources/libTIFF.dylib
0x0000000009348000 	/System/Library/Frameworks/ImageIO.framework/Versions/A/Resources/libPng.dylib
0x0000000009348000 	/System/Library/Frameworks/ImageIO.framework/Versions/A/Resources/libGIF.dylib
0x0000000009348000 	/System/Library/Frameworks/ImageIO.framework/Versions/A/Resources/libJP2.dylib
0x0000000009348000 	/System/Library/Frameworks/ImageIO.framework/Versions/A/Resources/libRadiance.dylib
0x0000000009348000 	/usr/lib/libcups.2.dylib
0x0000000009348000 	/System/Library/Frameworks/Kerberos.framework/Versions/A/Kerberos
0x0000000009348000 	/System/Library/Frameworks/GSS.framework/Versions/A/GSS
0x0000000009348000 	/usr/lib/libresolv.9.dylib
0x0000000009348000 	/usr/lib/libiconv.2.dylib
0x0000000009348000 	/System/Library/PrivateFrameworks/Heimdal.framework/Versions/A/Heimdal
0x0000000009348000 	/System/Library/PrivateFrameworks/TrustEvaluationAgent.framework/Versions/A/TrustEvaluationAgent
0x0000000009348000 	/System/Library/Frameworks/OpenDirectory.framework/Versions/A/OpenDirectory
0x0000000009348000 	/System/Library/PrivateFrameworks/CommonAuth.framework/Versions/A/CommonAuth
0x0000000009348000 	/System/Library/PrivateFrameworks/Bom.framework/Versions/A/Bom
0x0000000009348000 	/System/Library/Frameworks/CoreVideo.framework/Versions/A/CoreVideo
0x0000000009348000 	/System/Library/Frameworks/QuartzCore.framework/Versions/A/Frameworks/CoreImage.framework/Versions/A/CoreImage
0x0000000009348000 	/System/Library/Frameworks/QuartzCore.framework/Versions/A/Frameworks/ScalableUserInterface.framework/Versions/A/ScalableUserInterface
0x0000000009348000 	/System/Library/Frameworks/OpenGL.framework/Versions/A/Libraries/libGLU.dylib
0x0000000009348000 	/System/Library/Frameworks/OpenGL.framework/Versions/A/Libraries/libGFXShared.dylib
0x0000000009348000 	/System/Library/Frameworks/OpenGL.framework/Versions/A/Libraries/libGL.dylib
0x0000000009348000 	/System/Library/Frameworks/OpenGL.framework/Versions/A/Libraries/libGLImage.dylib
0x0000000009348000 	/System/Library/Frameworks/OpenGL.framework/Versions/A/Libraries/libCVMSPluginSupport.dylib
0x0000000009348000 	/System/Library/Frameworks/OpenGL.framework/Versions/A/Libraries/libCoreVMClient.dylib
0x0000000009348000 	/System/Library/PrivateFrameworks/CrashReporterSupport.framework/Versions/A/CrashReporterSupport
0x0000000009348000 	/System/Library/Frameworks/OpenCL.framework/Versions/A/OpenCL
0x0000000009348000 	/System/Library/PrivateFrameworks/FaceCoreLight.framework/Versions/A/FaceCoreLight
0x0000000009348000 	/System/Library/PrivateFrameworks/AppleFSCompression.framework/Versions/A/AppleFSCompression
0x0000000009348000 	/System/Library/PrivateFrameworks/Ubiquity.framework/Versions/A/Ubiquity
0x0000000009348000 	/System/Library/Frameworks/ServiceManagement.framework/Versions/A/ServiceManagement
0x0000000009348000 	/System/Library/PrivateFrameworks/ChunkingLibrary.framework/Versions/A/ChunkingLibrary
0x0000000009348000 	/System/Library/Frameworks/vecLib.framework/Versions/A/vecLib
0x0000000009348000 	/System/Library/Frameworks/SecurityFoundation.framework/Versions/A/SecurityFoundation
0x0000000009348000 	/System/Library/PrivateFrameworks/CommerceKit.framework/Versions/A/Frameworks/CommerceCore.framework/Versions/A/CommerceCore
0x0000000009348000 	/System/Library/PrivateFrameworks/CoreSymbolication.framework/Versions/A/CoreSymbolication
0x0000000009348000 	/System/Library/PrivateFrameworks/Symbolication.framework/Versions/A/Symbolication
0x0000000009348000 	/System/Library/PrivateFrameworks/DebugSymbols.framework/Versions/A/DebugSymbols
0x000000010b6da000 	/Library/Java/JavaVirtualMachines/jdk1.7.0_79.jdk/Contents/Home/jre/lib/server/libjvm.dylib
0x000000010c240000 	/Library/Java/JavaVirtualMachines/jdk1.7.0_79.jdk/Contents/Home/jre/lib/libverify.dylib
0x000000010c24d000 	/Library/Java/JavaVirtualMachines/jdk1.7.0_79.jdk/Contents/Home/jre/lib/libjava.dylib
0x000000010c30a000 	/Library/Java/JavaVirtualMachines/jdk1.7.0_79.jdk/Contents/Home/jre/lib/libzip.dylib
0x0000000163d26000 	/System/Library/Frameworks/JavaVM.framework/Frameworks/JavaRuntimeSupport.framework/JavaRuntimeSupport
0x0000000163d3f000 	/System/Library/Frameworks/JavaVM.framework/Versions/A/Frameworks/JavaNativeFoundation.framework/Versions/A/JavaNativeFoundation
0x000000010f3ed000 	/System/Library/Frameworks/JavaVM.framework/Versions/A/JavaVM
0x0000000009348000 	/System/Library/Frameworks/Carbon.framework/Versions/A/Carbon
0x0000000163d55000 	/System/Library/PrivateFrameworks/JavaLaunching.framework/Versions/A/JavaLaunching
0x0000000009348000 	/System/Library/Frameworks/Carbon.framework/Versions/A/Frameworks/CommonPanels.framework/Versions/A/CommonPanels
0x0000000009348000 	/System/Library/Frameworks/Carbon.framework/Versions/A/Frameworks/Help.framework/Versions/A/Help
0x0000000009348000 	/System/Library/Frameworks/Carbon.framework/Versions/A/Frameworks/ImageCapture.framework/Versions/A/ImageCapture
0x0000000009348000 	/System/Library/Frameworks/Carbon.framework/Versions/A/Frameworks/OpenScripting.framework/Versions/A/OpenScripting
0x0000000009348000 	/System/Library/Frameworks/Carbon.framework/Versions/A/Frameworks/Print.framework/Versions/A/Print
0x0000000009348000 	/System/Library/Frameworks/Carbon.framework/Versions/A/Frameworks/SecurityHI.framework/Versions/A/SecurityHI
0x00000001646bf000 	/Library/Java/JavaVirtualMachines/jdk1.7.0_79.jdk/Contents/Home/jre/lib/libnet.dylib
0x000000016471d000 	/Library/Java/JavaVirtualMachines/jdk1.7.0_79.jdk/Contents/Home/jre/lib/libnio.dylib
0x00000001645ce000 	/private/var/folders/rg/1cmkydwn719fzl7fbsfhg3400000gn/T/native-platform7615264697129457044dir/libnative-platform.dylib

VM Arguments:
jvm_args: -XX:MaxPermSize=256m -XX:+HeapDumpOnOutOfMemoryError -Xmx1024m -Dfile.encoding=UTF-8 -Duser.country=US -Duser.language=en -Duser.variant 
java_command: org.gradle.launcher.daemon.bootstrap.GradleDaemon 2.2.1 /Users/ashwini/.gradle/daemon 10800000 a6d3006e-60b1-4286-a184-9155457ef05a -XX:MaxPermSize=256m -XX:+HeapDumpOnOutOfMemoryError -Xmx1024m -Dfile.encoding=UTF-8 -Duser.country=US -Duser.language=en -Duser.variant
Launcher Type: SUN_STANDARD

Environment Variables:
PATH=/usr/bin:/bin:/usr/sbin:/sbin
SHELL=/bin/bash

Signal Handlers:
SIGSEGV: [libjvm.dylib+0x52daf1], sa_mask[0]=0xfffefeff, sa_flags=0x00000043
SIGBUS: [libjvm.dylib+0x52daf1], sa_mask[0]=0xfffefeff, sa_flags=0x00000042
SIGFPE: [libjvm.dylib+0x41f34e], sa_mask[0]=0xfffefeff, sa_flags=0x00000042
SIGPIPE: [libjvm.dylib+0x41f34e], sa_mask[0]=0xfffefeff, sa_flags=0x00000042
SIGXFSZ: [libjvm.dylib+0x41f34e], sa_mask[0]=0xfffefeff, sa_flags=0x00000042
SIGILL: [libjvm.dylib+0x41f34e], sa_mask[0]=0xfffefeff, sa_flags=0x00000042
SIGUSR1: SIG_DFL, sa_mask[0]=0x00000000, sa_flags=0x00000002
SIGUSR2: [libjvm.dylib+0x41ee40], sa_mask[0]=0x00000004, sa_flags=0x00000042
SIGHUP: [libjvm.dylib+0x41d0d1], sa_mask[0]=0xfffefeff, sa_flags=0x00000042
SIGINT: [libjvm.dylib+0x41d0d1], sa_mask[0]=0xfffefeff, sa_flags=0x00000042
SIGTERM: [libjvm.dylib+0x41d0d1], sa_mask[0]=0xfffefeff, sa_flags=0x00000042
SIGQUIT: [libjvm.dylib+0x41d0d1], sa_mask[0]=0xfffefeff, sa_flags=0x00000042


---------------  S Y S T E M  ---------------

OS:Bsduname:Darwin 12.6.0 Darwin Kernel Version 12.6.0: Wed Mar 18 16:23:48 PDT 2015; root:xnu-2050.48.19~1/RELEASE_X86_64 x86_64
rlimit: STACK 8192k, CORE 0k, NPROC 709, NOFILE 10240, AS infinity
load average:4.02 4.79 4.70

CPU:total 4 (2 cores per cpu, 2 threads per core) family 6 model 42 stepping 7, cmov, cx8, fxsr, mmx, sse, sse2, sse3, ssse3, sse4.1, sse4.2, popcnt, avx, aes, ht, tsc, tscinvbit

Memory: 4k page, physical 8388608k(2097152k free)

/proc/meminfo:


vm_info: Java HotSpot(TM) 64-Bit Server VM (24.79-b02) for bsd-amd64 JRE (1.7.0_79-b15), built on Apr 10 2015 11:35:04 by "java_re" with gcc 4.2.1 (Based on Apple Inc. build 5658) (LLVM build 2336.11.00)

time: Tue May 19 18:49:06 2015
elapsed time: 7 seconds

