#
# A fatal error has been detected by the Java Runtime Environment:
#
#  SIGSEGV (0xb) at pc=0x000000010cb662c1, pid=10160, tid=14851
#
# JRE version: Java(TM) SE Runtime Environment (7.0_79-b15) (build 1.7.0_79-b15)
# Java VM: Java HotSpot(TM) 64-Bit Server VM (24.79-b02 mixed mode bsd-amd64 compressed oops)
# Problematic frame:
# V  [libjvm.dylib+0x1f22c1]  oopDesc::size()+0x2d
#
# Failed to write core dump. Core dumps have been disabled. To enable core dumping, try "ulimit -c unlimited" before starting Java again
#
# If you would like to submit a bug report, please visit:
#   http://bugreport.java.com/bugreport/crash.jsp
#

---------------  T H R E A D  ---------------

Current thread (0x00007fd963824000):  GCTaskThread [stack: 0x0000000155eb0000,0x0000000155fb0000] [id=14851]

siginfo:si_signo=SIGSEGV: si_errno=0, si_code=1 (SEGV_MAPERR), si_addr=0x000000030b332a38

Registers:
RAX=0x000000010d0f08f0, RBX=0x2f6970612f726564, RCX=0x0000000000000003, RDX=0x0000000000000001
RSP=0x0000000155fafbf0, RBP=0x0000000155fafbf0, RSI=0x0000000140a6b950, RDI=0x000000030b332a20
R8 =0x000000000000000c, R9 =0x0000000000000000, R10=0x00000000008ae801, R11=0x0000000142576aa0
R12=0x000000010d18b538, R13=0x0000000142576ce5, R14=0x00007fd964002940, R15=0x00007fd9640029e0
RIP=0x000000010cb662c1, EFLAGS=0x0000000000010202, ERR=0x0000000000000004
  TRAPNO=0x000000000000000e

Top of Stack: (sp=0x0000000155fafbf0)
0x0000000155fafbf0:   0000000155fafc60 000000010cdd12c5
0x0000000155fafc00:   0000000000000000 0000000140a6b950
0x0000000155fafc10:   0000000142570000 0000000000001000
0x0000000155fafc20:   0000000155fafcb0 0000000000000000
0x0000000155fafc30:   0000000000000019 0000000142576ce5
0x0000000155fafc40:   000000010d18b538 0000000142576ce5
0x0000000155fafc50:   0000000142576ce4 00007fd9640029e0
0x0000000155fafc60:   0000000155fafc80 000000010cdd16f1
0x0000000155fafc70:   00007fd964002940 00007fd9640029a8
0x0000000155fafc80:   0000000155fafce0 000000010cdd074d
0x0000000155fafc90:   0000000110c58880 0000000110c58880
0x0000000155fafca0:   0000000142576ce5 0000000110c58880
0x0000000155fafcb0:   00007fd964002940 0000000115913830
0x0000000155fafcc0:   000000015592909c 0000000115913800
0x0000000155fafcd0:   0000000155929101 0000000000000240
0x0000000155fafce0:   0000000155fafda0 000000010cae1102
0x0000000155fafcf0:   0000000155fafd80 0000000000000200
0x0000000155fafd00:   fffffffeaa6d4ff2 0000000000000080
0x0000000155fafd10:   000000015592b00c 000000015507c880
0x0000000155fafd20:   000000015592b00d 00000000008ac800
0x0000000155fafd30:   fffffffeaa6d6eff 00000000008ae80d
0x0000000155fafd40:   0000000155929100 0000000155929081
0x0000000155fafd50:   0000000115d018d0 0000000115920000
0x0000000155fafd60:   00007fd963417020 00007fd964002940
0x0000000155fafd70:   00007fd963416d90 00007fd96341f940
0x0000000155fafd80:   0000000000000000 000000010cef2df1
0x0000000155fafd90:   00007fd964002940 0000000000000001
0x0000000155fafda0:   0000000155fafdd0 000000010cdd3ceb
0x0000000155fafdb0:   0000000000000004 00007fd96341a5b0
0x0000000155fafdc0:   00007fd963824000 00007fd96341f940
0x0000000155fafdd0:   0000000155fafeb0 000000010cbe1ca3
0x0000000155fafde0:   0000000155fafe10 00007fd96341cca0 

Instructions: (pc=0x000000010cb662c1)
0x000000010cb662a1:   84 d2 48 89 fe 74 15 48 8d 05 41 a6 58 00 8a 48
0x000000010cb662b1:   08 8b 7e 08 48 d3 e7 48 03 38 eb 04 48 8b 7e 08
0x000000010cb662c1:   8b 47 18 48 83 c7 10 85 c0 7e 09 a8 01 75 4e c1
0x000000010cb662d1:   f8 03 eb 47 85 c0 7f 43 85 c0 79 41 84 d2 0f 94 

Register to memory mapping:

RAX=0x000000010d0f08f0: _ZN8Universe11_narrow_oopE+0 in /Library/Java/JavaVirtualMachines/jdk1.7.0_79.jdk/Contents/Home/jre/lib/server/libjvm.dylib at 0x000000010c974000
RBX=0x2f6970612f726564 is an unknown value
RCX=0x0000000000000003 is an unknown value
RDX=0x0000000000000001 is an unknown value
RSP=0x0000000155fafbf0 is an unknown value
RBP=0x0000000155fafbf0 is an unknown value
RSI=0x0000000140a6b950 is an unknown value
RDI=0x000000030b332a20 is an unknown value
R8 =0x000000000000000c is an unknown value
R9 =0x0000000000000000 is an unknown value
R10=0x00000000008ae801 is an unknown value
R11=0x0000000142576aa0 is an oop
[C 
 - klass: {type array char}
 - length: 31
R12=0x000000010d18b538: _ZN2os16_processor_countE+0 in /Library/Java/JavaVirtualMachines/jdk1.7.0_79.jdk/Contents/Home/jre/lib/server/libjvm.dylib at 0x000000010c974000
R13=0x0000000142576ce5 is an unknown value
R14=0x00007fd964002940 is an unknown value
R15=0x00007fd9640029e0 is an unknown value


Stack: [0x0000000155eb0000,0x0000000155fb0000],  sp=0x0000000155fafbf0,  free space=1022k
Native frames: (J=compiled Java code, j=interpreted, Vv=VM code, C=native code)
V  [libjvm.dylib+0x1f22c1]  oopDesc::size()+0x2d
V  [libjvm.dylib+0x45d2c5]  oopDesc* PSPromotionManager::copy_to_survivor_space<false>(oopDesc*)+0x35
V  [libjvm.dylib+0x45d6f1]  PSPromotionManager::process_popped_location_depth(StarTask)+0x73
V  [libjvm.dylib+0x45c74d]  PSPromotionManager::drain_stacks_depth(bool)+0x105
V  [libjvm.dylib+0x16d102]  CardTableExtension::scavenge_contents_parallel(ObjectStartArray*, MutableSpace*, HeapWord*, PSPromotionManager*, unsigned int, unsigned int)+0x388
V  [libjvm.dylib+0x45fceb]  OldToYoungRootsTask::do_it(GCTaskManager*, unsigned int)+0x4b
V  [libjvm.dylib+0x26dca3]  GCTaskThread::run()+0x1a1
V  [libjvm.dylib+0x421c4e]  java_start(Thread*)+0x126
C  [libsystem_c.dylib+0x14772]  _pthread_start+0x147
C  [libsystem_c.dylib+0x11a1]  thread_start+0xd


---------------  P R O C E S S  ---------------

Java Threads: ( => current thread )
  0x00007fd96385b000 JavaThread "Service Thread" daemon [_thread_blocked, id=23043, stack(0x0000000159f6a000,0x000000015a06a000)]
  0x00007fd963859800 JavaThread "C2 CompilerThread1" daemon [_thread_blocked, id=22531, stack(0x0000000159e67000,0x0000000159f67000)]
  0x00007fd963815000 JavaThread "C2 CompilerThread0" daemon [_thread_in_native, id=22019, stack(0x0000000159d64000,0x0000000159e64000)]
  0x00007fd96580c000 JavaThread "Signal Dispatcher" daemon [_thread_blocked, id=21507, stack(0x0000000159c61000,0x0000000159d61000)]
  0x00007fd964808000 JavaThread "Finalizer" daemon [_thread_blocked, id=16899, stack(0x0000000159a1d000,0x0000000159b1d000)]
  0x00007fd964807800 JavaThread "Reference Handler" daemon [_thread_blocked, id=16387, stack(0x000000015991a000,0x0000000159a1a000)]
  0x00007fd963817000 JavaThread "main" [_thread_blocked, id=3855, stack(0x000000010d3d8000,0x000000010d4d8000)]

Other Threads:
  0x00007fd965005000 VMThread [stack: 0x0000000159817000,0x0000000159917000] [id=15875]
  0x00007fd965807000 WatcherThread [stack: 0x000000015a06d000,0x000000015a16d000] [id=23555]

=>0x00007fd963824000 (exited) GCTaskThread [stack: 0x0000000155eb0000,0x0000000155fb0000] [id=14851]

VM state:at safepoint (normal execution)

VM Mutex/Monitor currently owned by a thread:  ([mutex/lock_event])
[0x00007fd964102ec0] Threads_lock - owner thread: 0x00007fd965005000
[0x00007fd9641033c0] Heap_lock - owner thread: 0x00007fd963817000

Heap
 PSYoungGen      total 38912K, used 38888K [0x0000000140380000, 0x0000000144f80000, 0x0000000155900000)
  eden space 33792K, 100% used [0x0000000140380000,0x0000000142480000,0x0000000142480000)
  from space 5120K, 99% used [0x0000000142980000,0x0000000142e7a0b0,0x0000000142e80000)
  to   space 5120K, 61% used [0x0000000142480000,0x0000000142798078,0x0000000142980000)
 ParOldGen       total 87040K, used 12294K [0x0000000115900000, 0x000000011ae00000, 0x0000000140380000)
  object space 87040K, 14% used [0x0000000115900000,0x0000000116501988,0x000000011ae00000)
 PSPermGen       total 21504K, used 6728K [0x0000000110700000, 0x0000000111c00000, 0x0000000115900000)
  object space 21504K, 31% used [0x0000000110700000,0x0000000110d921e0,0x0000000111c00000)

Card table byte_map: [0x0000000155900000,0x0000000155b2a000] byte_map_base: 0x000000015507c800

Polling page: 0x000000010d517000

Code Cache  [0x000000010d5ad000, 0x000000010d81d000, 0x00000001105ad000)
 total_blobs=684 nmethods=437 adapters=201 free_code_cache=47984Kb largest_free_block=49101376

Compilation events (10 events):
Event: 2.137 Thread 0x00007fd963859800 nmethod 434 0x000000010d6c5210 code [0x000000010d6c5340, 0x000000010d6c53b8]
Event: 2.137 Thread 0x00007fd963859800  435             com.android.dex.Code::getCatchHandlers (5 bytes)
Event: 2.138 Thread 0x00007fd963859800 nmethod 435 0x000000010d6c5010 code [0x000000010d6c5140, 0x000000010d6c51b8]
Event: 2.138 Thread 0x00007fd963859800  436             com.android.dex.Code::getDebugInfoOffset (5 bytes)
Event: 2.138 Thread 0x00007fd963859800 nmethod 436 0x000000010d6c4e10 code [0x000000010d6c4f40, 0x000000010d6c4f98]
Event: 2.138 Thread 0x00007fd963859800  437             com.android.dex.Code::getInstructions (5 bytes)
Event: 2.138 Thread 0x00007fd963859800 nmethod 437 0x000000010d6b6250 code [0x000000010d6b6380, 0x000000010d6b63f8]
Event: 2.138 Thread 0x00007fd963859800  438             java.util.ComparableTimSort::binarySort (223 bytes)
Event: 2.159 Thread 0x00007fd963859800 nmethod 438 0x000000010d6b4dd0 code [0x000000010d6b4fa0, 0x000000010d6b5908]
Event: 2.160 Thread 0x00007fd963859800  439             com.android.dex.Dex$Section::writeTypeList (50 bytes)

GC Heap History (5 events):
Event: 1.370 GC heap before
{Heap before GC invocations=1 (full 0):
 PSYoungGen      total 38912K, used 33792K [0x0000000140380000, 0x0000000142e80000, 0x0000000155900000)
  eden space 33792K, 100% used [0x0000000140380000,0x0000000142480000,0x0000000142480000)
  from space 5120K, 0% used [0x0000000142980000,0x0000000142980000,0x0000000142e80000)
  to   space 5120K, 0% used [0x0000000142480000,0x0000000142480000,0x0000000142980000)
 ParOldGen       total 87040K, used 0K [0x0000000115900000, 0x000000011ae00000, 0x0000000140380000)
  object space 87040K, 0% used [0x0000000115900000,0x0000000115900000,0x000000011ae00000)
 PSPermGen       total 21504K, used 6629K [0x0000000110700000, 0x0000000111c00000, 0x0000000115900000)
  object space 21504K, 30% used [0x0000000110700000,0x0000000110d795d8,0x0000000111c00000)
Event: 1.379 GC heap after
Heap after GC invocations=1 (full 0):
 PSYoungGen      total 38912K, used 5118K [0x0000000140380000, 0x0000000142e80000, 0x0000000155900000)
  eden space 33792K, 0% used [0x0000000140380000,0x0000000140380000,0x0000000142480000)
  from space 5120K, 99% used [0x0000000142480000,0x000000014297fbf0,0x0000000142980000)
  to   space 5120K, 0% used [0x0000000142980000,0x0000000142980000,0x0000000142e80000)
 ParOldGen       total 87040K, used 2681K [0x0000000115900000, 0x000000011ae00000, 0x0000000140380000)
  object space 87040K, 3% used [0x0000000115900000,0x0000000115b9e610,0x000000011ae00000)
 PSPermGen       total 21504K, used 6629K [0x0000000110700000, 0x0000000111c00000, 0x0000000115900000)
  object space 21504K, 30% used [0x0000000110700000,0x0000000110d795d8,0x0000000111c00000)
}
Event: 1.868 GC heap before
{Heap before GC invocations=2 (full 0):
 PSYoungGen      total 38912K, used 38910K [0x0000000140380000, 0x0000000142e80000, 0x0000000155900000)
  eden space 33792K, 100% used [0x0000000140380000,0x0000000142480000,0x0000000142480000)
  from space 5120K, 99% used [0x0000000142480000,0x000000014297fbf0,0x0000000142980000)
  to   space 5120K, 0% used [0x0000000142980000,0x0000000142980000,0x0000000142e80000)
 ParOldGen       total 87040K, used 2681K [0x0000000115900000, 0x000000011ae00000, 0x0000000140380000)
  object space 87040K, 3% used [0x0000000115900000,0x0000000115b9e610,0x000000011ae00000)
 PSPermGen       total 21504K, used 6702K [0x0000000110700000, 0x0000000111c00000, 0x0000000115900000)
  object space 21504K, 31% used [0x0000000110700000,0x0000000110d8b800,0x0000000111c00000)
Event: 1.878 GC heap after
Heap after GC invocations=2 (full 0):
 PSYoungGen      total 38912K, used 5096K [0x0000000140380000, 0x0000000144f80000, 0x0000000155900000)
  eden space 33792K, 0% used [0x0000000140380000,0x0000000140380000,0x0000000142480000)
  from space 5120K, 99% used [0x0000000142980000,0x0000000142e7a0b0,0x0000000142e80000)
  to   space 5120K, 0% used [0x0000000142480000,0x0000000142480000,0x0000000142980000)
 ParOldGen       total 87040K, used 4102K [0x0000000115900000, 0x000000011ae00000, 0x0000000140380000)
  object space 87040K, 4% used [0x0000000115900000,0x0000000115d018d0,0x000000011ae00000)
 PSPermGen       total 21504K, used 6702K [0x0000000110700000, 0x0000000111c00000, 0x0000000115900000)
  object space 21504K, 31% used [0x0000000110700000,0x0000000110d8b800,0x0000000111c00000)
}
Event: 2.163 GC heap before
{Heap before GC invocations=3 (full 0):
 PSYoungGen      total 38912K, used 38888K [0x0000000140380000, 0x0000000144f80000, 0x0000000155900000)
  eden space 33792K, 100% used [0x0000000140380000,0x0000000142480000,0x0000000142480000)
  from space 5120K, 99% used [0x0000000142980000,0x0000000142e7a0b0,0x0000000142e80000)
  to   space 5120K, 0% used [0x0000000142480000,0x0000000142480000,0x0000000142980000)
 ParOldGen       total 87040K, used 4102K [0x0000000115900000, 0x000000011ae00000, 0x0000000140380000)
  object space 87040K, 4% used [0x0000000115900000,0x0000000115d018d0,0x000000011ae00000)
 PSPermGen       total 21504K, used 6728K [0x0000000110700000, 0x0000000111c00000, 0x0000000115900000)
  object space 21504K, 31% used [0x0000000110700000,0x0000000110d921e0,0x0000000111c00000)

Deoptimization events (3 events):
Event: 0.659 Thread 0x00007fd963817000 Uncommon trap: reason=null_check action=make_not_entrant pc=0x000000010d62ff58 method=com.android.dx.rop.code.LocalItem.equals(Ljava/lang/Object;)Z @ 1
Event: 0.756 Thread 0x00007fd963817000 Uncommon trap: reason=class_check action=maybe_recompile pc=0x000000010d63dda4 method=com.android.dx.ssa.NormalSsaInsn.accept(Lcom/android/dx/ssa/SsaInsn$Visitor;)V @ 9
Event: 1.397 Thread 0x00007fd963817000 Uncommon trap: reason=predicate action=maybe_recompile pc=0x000000010d66f244 method=com.android.dex.Leb128.readUnsignedLeb128(Lcom/android/dex/util/ByteInput;)I @ 41

Internal exceptions (10 events):
Event: 1.260 Thread 0x00007fd963817000 Threw 0x0000000142228b70 at /HUDSON/workspace/7u-2-build-macosx-x86_64/jdk7u79/2331/hotspot/src/share/vm/prims/jvm.cpp:1304
Event: 1.261 Thread 0x00007fd963817000 Threw 0x000000014222bfd0 at /HUDSON/workspace/7u-2-build-macosx-x86_64/jdk7u79/2331/hotspot/src/share/vm/prims/jvm.cpp:1304
Event: 1.261 Thread 0x00007fd963817000 Threw 0x000000014222f510 at /HUDSON/workspace/7u-2-build-macosx-x86_64/jdk7u79/2331/hotspot/src/share/vm/prims/jvm.cpp:1304
Event: 1.262 Thread 0x00007fd963817000 Threw 0x0000000142233278 at /HUDSON/workspace/7u-2-build-macosx-x86_64/jdk7u79/2331/hotspot/src/share/vm/prims/jvm.cpp:1304
Event: 1.263 Thread 0x00007fd963817000 Threw 0x0000000142236550 at /HUDSON/workspace/7u-2-build-macosx-x86_64/jdk7u79/2331/hotspot/src/share/vm/prims/jvm.cpp:1304
Event: 1.263 Thread 0x00007fd963817000 Threw 0x00000001422399c8 at /HUDSON/workspace/7u-2-build-macosx-x86_64/jdk7u79/2331/hotspot/src/share/vm/prims/jvm.cpp:1304
Event: 1.264 Thread 0x00007fd963817000 Threw 0x000000014223d050 at /HUDSON/workspace/7u-2-build-macosx-x86_64/jdk7u79/2331/hotspot/src/share/vm/prims/jvm.cpp:1304
Event: 1.268 Thread 0x00007fd963817000 Threw 0x0000000142284798 at /HUDSON/workspace/7u-2-build-macosx-x86_64/jdk7u79/2331/hotspot/src/share/vm/prims/jvm.cpp:1304
Event: 1.268 Thread 0x00007fd963817000 Threw 0x0000000142286cd0 at /HUDSON/workspace/7u-2-build-macosx-x86_64/jdk7u79/2331/hotspot/src/share/vm/prims/jvm.cpp:1304
Event: 1.747 Thread 0x00007fd963817000 Threw 0x00000001417a6988 at /HUDSON/workspace/7u-2-build-macosx-x86_64/jdk7u79/2331/hotspot/src/share/vm/prims/jvm.cpp:1304

Events (10 events):
Event: 1.397 Thread 0x00007fd963817000 Uncommon trap: trap_request=0xffffff86 fr.pc=0x000000010d66f244
Event: 1.397 Thread 0x00007fd963817000 DEOPT PACKING pc=0x000000010d66f244 sp=0x000000010d4d7200
Event: 1.397 Thread 0x00007fd963817000 DEOPT UNPACKING pc=0x000000010d5e6045 sp=0x000000010d4d71c8 mode 2
Event: 1.747 loading class 0x00007fd96402c750
Event: 1.747 loading class 0x00007fd96402c750 done
Event: 1.749 loading class 0x00000001585b6810
Event: 1.750 loading class 0x00000001585b6810 done
Event: 1.868 Executing VM operation: ParallelGCFailedAllocation
Event: 1.878 Executing VM operation: ParallelGCFailedAllocation done
Event: 2.162 Executing VM operation: ParallelGCFailedAllocation


Dynamic libraries:
0x0000000009348000 	/System/Library/Frameworks/Cocoa.framework/Versions/A/Cocoa
0x0000000009348000 	/System/Library/Frameworks/Security.framework/Versions/A/Security
0x0000000009348000 	/System/Library/Frameworks/ApplicationServices.framework/Versions/A/ApplicationServices
0x0000000009348000 	/usr/lib/libz.1.dylib
0x0000000009348000 	/usr/lib/libSystem.B.dylib
0x0000000009348000 	/usr/lib/libobjc.A.dylib
0x0000000009348000 	/System/Library/Frameworks/CoreFoundation.framework/Versions/A/CoreFoundation
0x0000000009348000 	/System/Library/Frameworks/Foundation.framework/Versions/C/Foundation
0x0000000009348000 	/System/Library/Frameworks/AppKit.framework/Versions/C/AppKit
0x0000000009348000 	/System/Library/Frameworks/CoreData.framework/Versions/A/CoreData
0x0000000009348000 	/System/Library/PrivateFrameworks/RemoteViewServices.framework/Versions/A/RemoteViewServices
0x0000000009348000 	/System/Library/Frameworks/AudioToolbox.framework/Versions/A/AudioToolbox
0x0000000009348000 	/System/Library/Frameworks/AudioUnit.framework/Versions/A/AudioUnit
0x0000000009348000 	/System/Library/PrivateFrameworks/DataDetectorsCore.framework/Versions/A/DataDetectorsCore
0x0000000009348000 	/System/Library/PrivateFrameworks/DesktopServicesPriv.framework/Versions/A/DesktopServicesPriv
0x0000000009348000 	/System/Library/Frameworks/Carbon.framework/Versions/A/Frameworks/HIToolbox.framework/Versions/A/HIToolbox
0x0000000009348000 	/System/Library/Frameworks/QuartzCore.framework/Versions/A/QuartzCore
0x0000000009348000 	/System/Library/Frameworks/Carbon.framework/Versions/A/Frameworks/SpeechRecognition.framework/Versions/A/SpeechRecognition
0x0000000009348000 	/usr/lib/libauto.dylib
0x0000000009348000 	/usr/lib/libicucore.A.dylib
0x0000000009348000 	/usr/lib/libxml2.2.dylib
0x0000000009348000 	/System/Library/PrivateFrameworks/CoreUI.framework/Versions/A/CoreUI
0x0000000009348000 	/System/Library/Frameworks/CoreAudio.framework/Versions/A/CoreAudio
0x0000000009348000 	/System/Library/Frameworks/DiskArbitration.framework/Versions/A/DiskArbitration
0x0000000009348000 	/usr/lib/liblangid.dylib
0x0000000009348000 	/System/Library/PrivateFrameworks/MultitouchSupport.framework/Versions/A/MultitouchSupport
0x0000000009348000 	/System/Library/Frameworks/IOKit.framework/Versions/A/IOKit
0x0000000009348000 	/usr/lib/libDiagnosticMessagesClient.dylib
0x0000000009348000 	/System/Library/Frameworks/CoreServices.framework/Versions/A/CoreServices
0x0000000009348000 	/System/Library/PrivateFrameworks/PerformanceAnalysis.framework/Versions/A/PerformanceAnalysis
0x0000000009348000 	/System/Library/PrivateFrameworks/GenerationalStorage.framework/Versions/A/GenerationalStorage
0x0000000009348000 	/System/Library/Frameworks/OpenGL.framework/Versions/A/OpenGL
0x0000000009348000 	/System/Library/Frameworks/CoreText.framework/Versions/A/CoreText
0x0000000009348000 	/System/Library/Frameworks/ImageIO.framework/Versions/A/ImageIO
0x0000000009348000 	/System/Library/PrivateFrameworks/Backup.framework/Versions/A/Backup
0x0000000009348000 	/System/Library/Frameworks/CFNetwork.framework/Versions/A/CFNetwork
0x0000000009348000 	/System/Library/Frameworks/SystemConfiguration.framework/Versions/A/SystemConfiguration
0x0000000009348000 	/usr/lib/libCRFSuite.dylib
0x0000000009348000 	/System/Library/PrivateFrameworks/TCC.framework/Versions/A/TCC
0x0000000009348000 	/usr/lib/libc++.1.dylib
0x0000000009348000 	/usr/lib/libc++abi.dylib
0x0000000009348000 	/usr/lib/system/libcache.dylib
0x0000000009348000 	/usr/lib/system/libcommonCrypto.dylib
0x0000000009348000 	/usr/lib/system/libcompiler_rt.dylib
0x0000000009348000 	/usr/lib/system/libcopyfile.dylib
0x0000000009348000 	/usr/lib/system/libdispatch.dylib
0x0000000009348000 	/usr/lib/system/libdnsinfo.dylib
0x0000000009348000 	/usr/lib/system/libdyld.dylib
0x0000000009348000 	/usr/lib/system/libkeymgr.dylib
0x0000000009348000 	/usr/lib/system/liblaunch.dylib
0x0000000009348000 	/usr/lib/system/libmacho.dylib
0x0000000009348000 	/usr/lib/system/libquarantine.dylib
0x0000000009348000 	/usr/lib/system/libremovefile.dylib
0x0000000009348000 	/usr/lib/system/libsystem_blocks.dylib
0x0000000009348000 	/usr/lib/system/libsystem_c.dylib
0x0000000009348000 	/usr/lib/system/libsystem_dnssd.dylib
0x0000000009348000 	/usr/lib/system/libsystem_info.dylib
0x0000000009348000 	/usr/lib/system/libsystem_kernel.dylib
0x0000000009348000 	/usr/lib/system/libsystem_m.dylib
0x0000000009348000 	/usr/lib/system/libsystem_network.dylib
0x0000000009348000 	/usr/lib/system/libsystem_notify.dylib
0x0000000009348000 	/usr/lib/system/libsystem_sandbox.dylib
0x0000000009348000 	/usr/lib/system/libunc.dylib
0x0000000009348000 	/usr/lib/system/libunwind.dylib
0x0000000009348000 	/usr/lib/system/libxpc.dylib
0x0000000009348000 	/usr/lib/system/libcorecrypto.dylib
0x0000000009348000 	/usr/lib/libstdc++.6.dylib
0x0000000009348000 	/usr/lib/libbsm.0.dylib
0x0000000009348000 	/usr/lib/libsqlite3.dylib
0x0000000009348000 	/usr/lib/libxar.1.dylib
0x0000000009348000 	/usr/lib/libpam.2.dylib
0x0000000009348000 	/usr/lib/libOpenScriptingUtil.dylib
0x0000000009348000 	/usr/lib/libbz2.1.0.dylib
0x0000000009348000 	/System/Library/Frameworks/CoreServices.framework/Versions/A/Frameworks/CarbonCore.framework/Versions/A/CarbonCore
0x0000000009348000 	/System/Library/Frameworks/CoreServices.framework/Versions/A/Frameworks/Metadata.framework/Versions/A/Metadata
0x0000000009348000 	/System/Library/Frameworks/CoreServices.framework/Versions/A/Frameworks/OSServices.framework/Versions/A/OSServices
0x0000000009348000 	/System/Library/Frameworks/CoreServices.framework/Versions/A/Frameworks/SearchKit.framework/Versions/A/SearchKit
0x0000000009348000 	/System/Library/Frameworks/CoreServices.framework/Versions/A/Frameworks/AE.framework/Versions/A/AE
0x0000000009348000 	/System/Library/Frameworks/CoreServices.framework/Versions/A/Frameworks/LaunchServices.framework/Versions/A/LaunchServices
0x0000000009348000 	/System/Library/Frameworks/CoreServices.framework/Versions/A/Frameworks/DictionaryServices.framework/Versions/A/DictionaryServices
0x0000000009348000 	/System/Library/Frameworks/NetFS.framework/Versions/A/NetFS
0x0000000009348000 	/usr/lib/system/libkxld.dylib
0x0000000009348000 	/System/Library/PrivateFrameworks/NetAuth.framework/Versions/A/NetAuth
0x0000000009348000 	/System/Library/Frameworks/OpenDirectory.framework/Versions/A/Frameworks/CFOpenDirectory.framework/Versions/A/CFOpenDirectory
0x0000000009348000 	/usr/lib/libxslt.1.dylib
0x0000000009348000 	/System/Library/PrivateFrameworks/FamilyControls.framework/Versions/A/FamilyControls
0x0000000009348000 	/System/Library/Frameworks/Carbon.framework/Versions/A/Frameworks/Ink.framework/Versions/A/Ink
0x0000000009348000 	/System/Library/Frameworks/ApplicationServices.framework/Versions/A/Frameworks/CoreGraphics.framework/Versions/A/CoreGraphics
0x0000000009348000 	/System/Library/Frameworks/ApplicationServices.framework/Versions/A/Frameworks/ATS.framework/Versions/A/ATS
0x0000000009348000 	/System/Library/Frameworks/ApplicationServices.framework/Versions/A/Frameworks/ColorSync.framework/Versions/A/ColorSync
0x0000000009348000 	/System/Library/Frameworks/ApplicationServices.framework/Versions/A/Frameworks/HIServices.framework/Versions/A/HIServices
0x0000000009348000 	/System/Library/Frameworks/ApplicationServices.framework/Versions/A/Frameworks/LangAnalysis.framework/Versions/A/LangAnalysis
0x0000000009348000 	/System/Library/Frameworks/ApplicationServices.framework/Versions/A/Frameworks/PrintCore.framework/Versions/A/PrintCore
0x0000000009348000 	/System/Library/Frameworks/ApplicationServices.framework/Versions/A/Frameworks/QD.framework/Versions/A/QD
0x0000000009348000 	/System/Library/Frameworks/ApplicationServices.framework/Versions/A/Frameworks/SpeechSynthesis.framework/Versions/A/SpeechSynthesis
0x0000000009348000 	/System/Library/Frameworks/IOSurface.framework/Versions/A/IOSurface
0x0000000009348000 	/System/Library/Frameworks/Accelerate.framework/Versions/A/Accelerate
0x0000000009348000 	/System/Library/Frameworks/ApplicationServices.framework/Versions/A/Frameworks/ATS.framework/Versions/A/Resources/libFontParser.dylib
0x0000000009348000 	/System/Library/Frameworks/ApplicationServices.framework/Versions/A/Frameworks/ATS.framework/Versions/A/Resources/libFontRegistry.dylib
0x0000000009348000 	/System/Library/Frameworks/Accelerate.framework/Versions/A/Frameworks/vImage.framework/Versions/A/vImage
0x0000000009348000 	/System/Library/Frameworks/Accelerate.framework/Versions/A/Frameworks/vecLib.framework/Versions/A/vecLib
0x0000000009348000 	/System/Library/Frameworks/Accelerate.framework/Versions/A/Frameworks/vecLib.framework/Versions/A/libvDSP.dylib
0x0000000009348000 	/System/Library/Frameworks/Accelerate.framework/Versions/A/Frameworks/vecLib.framework/Versions/A/libvMisc.dylib
0x0000000009348000 	/System/Library/Frameworks/Accelerate.framework/Versions/A/Frameworks/vecLib.framework/Versions/A/libLAPACK.dylib
0x0000000009348000 	/System/Library/Frameworks/Accelerate.framework/Versions/A/Frameworks/vecLib.framework/Versions/A/libBLAS.dylib
0x0000000009348000 	/System/Library/Frameworks/ImageIO.framework/Versions/A/Resources/libJPEG.dylib
0x0000000009348000 	/System/Library/Frameworks/ImageIO.framework/Versions/A/Resources/libTIFF.dylib
0x0000000009348000 	/System/Library/Frameworks/ImageIO.framework/Versions/A/Resources/libPng.dylib
0x0000000009348000 	/System/Library/Frameworks/ImageIO.framework/Versions/A/Resources/libGIF.dylib
0x0000000009348000 	/System/Library/Frameworks/ImageIO.framework/Versions/A/Resources/libJP2.dylib
0x0000000009348000 	/System/Library/Frameworks/ImageIO.framework/Versions/A/Resources/libRadiance.dylib
0x0000000009348000 	/usr/lib/libcups.2.dylib
0x0000000009348000 	/System/Library/Frameworks/Kerberos.framework/Versions/A/Kerberos
0x0000000009348000 	/System/Library/Frameworks/GSS.framework/Versions/A/GSS
0x0000000009348000 	/usr/lib/libresolv.9.dylib
0x0000000009348000 	/usr/lib/libiconv.2.dylib
0x0000000009348000 	/System/Library/PrivateFrameworks/Heimdal.framework/Versions/A/Heimdal
0x0000000009348000 	/System/Library/PrivateFrameworks/TrustEvaluationAgent.framework/Versions/A/TrustEvaluationAgent
0x0000000009348000 	/System/Library/Frameworks/OpenDirectory.framework/Versions/A/OpenDirectory
0x0000000009348000 	/System/Library/PrivateFrameworks/CommonAuth.framework/Versions/A/CommonAuth
0x0000000009348000 	/System/Library/PrivateFrameworks/Bom.framework/Versions/A/Bom
0x0000000009348000 	/System/Library/Frameworks/CoreVideo.framework/Versions/A/CoreVideo
0x0000000009348000 	/System/Library/Frameworks/QuartzCore.framework/Versions/A/Frameworks/CoreImage.framework/Versions/A/CoreImage
0x0000000009348000 	/System/Library/Frameworks/QuartzCore.framework/Versions/A/Frameworks/ScalableUserInterface.framework/Versions/A/ScalableUserInterface
0x0000000009348000 	/System/Library/Frameworks/OpenGL.framework/Versions/A/Libraries/libGLU.dylib
0x0000000009348000 	/System/Library/Frameworks/OpenGL.framework/Versions/A/Libraries/libGFXShared.dylib
0x0000000009348000 	/System/Library/Frameworks/OpenGL.framework/Versions/A/Libraries/libGL.dylib
0x0000000009348000 	/System/Library/Frameworks/OpenGL.framework/Versions/A/Libraries/libGLImage.dylib
0x0000000009348000 	/System/Library/Frameworks/OpenGL.framework/Versions/A/Libraries/libCVMSPluginSupport.dylib
0x0000000009348000 	/System/Library/Frameworks/OpenGL.framework/Versions/A/Libraries/libCoreVMClient.dylib
0x0000000009348000 	/System/Library/PrivateFrameworks/CrashReporterSupport.framework/Versions/A/CrashReporterSupport
0x0000000009348000 	/System/Library/Frameworks/OpenCL.framework/Versions/A/OpenCL
0x0000000009348000 	/System/Library/PrivateFrameworks/FaceCoreLight.framework/Versions/A/FaceCoreLight
0x0000000009348000 	/System/Library/PrivateFrameworks/AppleFSCompression.framework/Versions/A/AppleFSCompression
0x0000000009348000 	/System/Library/PrivateFrameworks/Ubiquity.framework/Versions/A/Ubiquity
0x0000000009348000 	/System/Library/Frameworks/ServiceManagement.framework/Versions/A/ServiceManagement
0x0000000009348000 	/System/Library/PrivateFrameworks/ChunkingLibrary.framework/Versions/A/ChunkingLibrary
0x0000000009348000 	/System/Library/Frameworks/vecLib.framework/Versions/A/vecLib
0x0000000009348000 	/System/Library/Frameworks/SecurityFoundation.framework/Versions/A/SecurityFoundation
0x0000000009348000 	/System/Library/PrivateFrameworks/CommerceKit.framework/Versions/A/Frameworks/CommerceCore.framework/Versions/A/CommerceCore
0x0000000009348000 	/System/Library/PrivateFrameworks/CoreSymbolication.framework/Versions/A/CoreSymbolication
0x0000000009348000 	/System/Library/PrivateFrameworks/Symbolication.framework/Versions/A/Symbolication
0x0000000009348000 	/System/Library/PrivateFrameworks/DebugSymbols.framework/Versions/A/DebugSymbols
0x000000010c974000 	/Library/Java/JavaVirtualMachines/jdk1.7.0_79.jdk/Contents/Home/jre/lib/server/libjvm.dylib
0x000000010d4da000 	/Library/Java/JavaVirtualMachines/jdk1.7.0_79.jdk/Contents/Home/jre/lib/libverify.dylib
0x000000010d4e7000 	/Library/Java/JavaVirtualMachines/jdk1.7.0_79.jdk/Contents/Home/jre/lib/libjava.dylib
0x000000010d5a4000 	/Library/Java/JavaVirtualMachines/jdk1.7.0_79.jdk/Contents/Home/jre/lib/libzip.dylib
0x0000000159b1f000 	/System/Library/Frameworks/JavaVM.framework/Frameworks/JavaRuntimeSupport.framework/JavaRuntimeSupport
0x0000000159b38000 	/System/Library/Frameworks/JavaVM.framework/Versions/A/Frameworks/JavaNativeFoundation.framework/Versions/A/JavaNativeFoundation
0x000000011066d000 	/System/Library/Frameworks/JavaVM.framework/Versions/A/JavaVM
0x0000000009348000 	/System/Library/Frameworks/Carbon.framework/Versions/A/Carbon
0x0000000159b4e000 	/System/Library/PrivateFrameworks/JavaLaunching.framework/Versions/A/JavaLaunching
0x0000000009348000 	/System/Library/Frameworks/Carbon.framework/Versions/A/Frameworks/CommonPanels.framework/Versions/A/CommonPanels
0x0000000009348000 	/System/Library/Frameworks/Carbon.framework/Versions/A/Frameworks/Help.framework/Versions/A/Help
0x0000000009348000 	/System/Library/Frameworks/Carbon.framework/Versions/A/Frameworks/ImageCapture.framework/Versions/A/ImageCapture
0x0000000009348000 	/System/Library/Frameworks/Carbon.framework/Versions/A/Frameworks/OpenScripting.framework/Versions/A/OpenScripting
0x0000000009348000 	/System/Library/Frameworks/Carbon.framework/Versions/A/Frameworks/Print.framework/Versions/A/Print
0x0000000009348000 	/System/Library/Frameworks/Carbon.framework/Versions/A/Frameworks/SecurityHI.framework/Versions/A/SecurityHI
0x000000015a3e6000 	/Library/Java/JavaVirtualMachines/jdk1.7.0_79.jdk/Contents/Home/jre/lib/libnio.dylib
0x000000015a3f5000 	/Library/Java/JavaVirtualMachines/jdk1.7.0_79.jdk/Contents/Home/jre/lib/./libnet.dylib

VM Arguments:
jvm_args: -Xmx1024M 
java_command: /Users/ashwini/Library/Android/sdk/build-tools/21.1.2/lib/dx.jar --dex --output /Users/ashwini/Desktop/Projects/Android/TwitterClient/app/build/intermediates/dex/debug --input-list=/Users/ashwini/Desktop/Projects/Android/TwitterClient/app/build/intermediates/tmp/dex/debug/inputList.txt
Launcher Type: SUN_STANDARD

Environment Variables:
PATH=/usr/bin:/bin:/usr/sbin:/sbin
SHELL=/bin/bash

Signal Handlers:
SIGSEGV: [libjvm.dylib+0x52daf1], sa_mask[0]=0xfffefeff, sa_flags=0x00000043
SIGBUS: [libjvm.dylib+0x52daf1], sa_mask[0]=0xfffefeff, sa_flags=0x00000042
SIGFPE: [libjvm.dylib+0x41f34e], sa_mask[0]=0xfffefeff, sa_flags=0x00000042
SIGPIPE: [libjvm.dylib+0x41f34e], sa_mask[0]=0xfffefeff, sa_flags=0x00000042
SIGXFSZ: [libjvm.dylib+0x41f34e], sa_mask[0]=0xfffefeff, sa_flags=0x00000042
SIGILL: [libjvm.dylib+0x41f34e], sa_mask[0]=0xfffefeff, sa_flags=0x00000042
SIGUSR1: SIG_DFL, sa_mask[0]=0x00000000, sa_flags=0x00000002
SIGUSR2: [libjvm.dylib+0x41ee40], sa_mask[0]=0x00000004, sa_flags=0x00000042
SIGHUP: [libjvm.dylib+0x41d0d1], sa_mask[0]=0xfffefeff, sa_flags=0x00000042
SIGINT: [libjvm.dylib+0x41d0d1], sa_mask[0]=0xfffefeff, sa_flags=0x00000042
SIGTERM: [libjvm.dylib+0x41d0d1], sa_mask[0]=0xfffefeff, sa_flags=0x00000042
SIGQUIT: [libjvm.dylib+0x41d0d1], sa_mask[0]=0xfffefeff, sa_flags=0x00000042


---------------  S Y S T E M  ---------------

OS:Bsduname:Darwin 12.6.0 Darwin Kernel Version 12.6.0: Wed Mar 18 16:23:48 PDT 2015; root:xnu-2050.48.19~1/RELEASE_X86_64 x86_64
rlimit: STACK 8192k, CORE 0k, NPROC 709, NOFILE 10240, AS infinity
load average:2.28 2.16 1.96

CPU:total 4 (2 cores per cpu, 2 threads per core) family 6 model 42 stepping 7, cmov, cx8, fxsr, mmx, sse, sse2, sse3, ssse3, sse4.1, sse4.2, popcnt, avx, aes, ht, tsc, tscinvbit

Memory: 4k page, physical 8388608k(2097152k free)

/proc/meminfo:


vm_info: Java HotSpot(TM) 64-Bit Server VM (24.79-b02) for bsd-amd64 JRE (1.7.0_79-b15), built on Apr 10 2015 11:35:04 by "java_re" with gcc 4.2.1 (Based on Apple Inc. build 5658) (LLVM build 2336.11.00)

time: Wed May 20 12:36:41 2015
elapsed time: 2 seconds

