#
# A fatal error has been detected by the Java Runtime Environment:
#
#  SIGSEGV (0xb) at pc=0x00000001076bc8d5, pid=6289, tid=23043
#
# JRE version: Java(TM) SE Runtime Environment (7.0_79-b15) (build 1.7.0_79-b15)
# Java VM: Java HotSpot(TM) 64-Bit Server VM (24.79-b02 mixed mode bsd-amd64 compressed oops)
# Problematic frame:
# V  [libjvm.dylib+0x1bc8d5]  Compile::remove_useless_nodes(Unique_Node_List&)+0x3b
#
# Failed to write core dump. Core dumps have been disabled. To enable core dumping, try "ulimit -c unlimited" before starting Java again
#
# If you would like to submit a bug report, please visit:
#   http://bugreport.java.com/bugreport/crash.jsp
#

---------------  T H R E A D  ---------------

Current thread (0x00007f8e93816000):  JavaThread "C2 CompilerThread1" daemon [_thread_in_native, id=23043, stack(0x000000015ff17000,0x0000000160017000)]

siginfo:si_signo=SIGSEGV: si_errno=0, si_code=0 (SEGV0), si_addr=0x0000000000000000

Registers:
RAX=0x0000000000000029, RBX=0x00407f8e93136560, RCX=0x00007f8e93cac210, RDX=0x00007f8e92302c10
RSP=0x0000000160015450, RBP=0x0000000160015490, RSI=0x0000000160015540, RDI=0x00007f8e931351e8
R8 =0x00007f8e939ce810, R9 =0x0000000000000b73, R10=0x00000000cfbfc042, R11=0x0000000160015f28
R12=0x0000000000000000, R13=0x00007f8e93135240, R14=0x0000000000000001, R15=0x0000000000000001
RIP=0x00000001076bc8d5, EFLAGS=0x0000000000010283, ERR=0x0000000000000000
  TRAPNO=0x000000000000000d

Top of Stack: (sp=0x0000000160015450)
0x0000000160015450:   0000000000000029 00000001600160d8
0x0000000160015460:   0000000160015540 0000000160015648
0x0000000160015470:   0000000160015540 0000000160015560
0x0000000160015480:   0000000160015530 00007f8e92b05890
0x0000000160015490:   00000001600154d0 000000010794b934
0x00000001600154a0:   0000000160016008 00000001600155b0
0x00000001600154b0:   00007f8e9284c200 00000001600160d8
0x00000001600154c0:   00007f8e9384d308 00000001600169e8
0x00000001600154d0:   00000001600160a0 00000001076bd40a
0x00000001600154e0:   0000000000000004 00007f8e93995520
0x00000001600154f0:   00000001600169e8 0000000160016a00
0x0000000160015500:   00007f8e92b02d00 0000000000000004
0x0000000160015510:   0000000000000000 0000000000000000
0x0000000160015520:   0000000160016880 00007f8e92b02d00
0x0000000160015530:   0000000000000002 00000001600160d8
0x0000000160015540:   00007f8e92b05890 0000000000001000
0x0000000160015550:   00007f8e93cac210 0000000000000849
0x0000000160015560:   0000000107d06840 00007f8e92b05890
0x0000000160015570:   0000000000000080 00007f8e92302c10
0x0000000160015580:   0000000000000000 00007f8e92b05890
0x0000000160015590:   00007f8e9324d600 00007f8e93251340
0x00000001600155a0:   00007f8e932555e8 0000000000010388
0x00000001600155b0:   0000000107c6ed80 0000000000000001
0x00000001600155c0:   00000001600160d8 0000000160016b40
0x00000001600155d0:   0000000160015648 00007f8e939d2cc0
0x00000001600155e0:   0000000000000000 00000000ffffffff
0x00000001600155f0:   0000000000000000 0000000000000000
0x0000000160015600:   0000000000000000 0000000000000000
0x0000000160015610:   0000000000000000 0000000000000000
0x0000000160015620:   0000000000000000 00000001600160d8
0x0000000160015630:   0000000000000000 0000000107a4c171
0x0000000160015640:   0000000000000001 0000000107d02c00 

Instructions: (pc=0x00000001076bc8d5)
0x00000001076bc8b5:   7d c8 0f 84 a4 00 00 00 31 c0 48 89 45 c0 48 8b
0x00000001076bc8c5:   45 c0 89 c0 48 8b 75 d0 48 8b 4e 10 48 8b 1c c1
0x00000001076bc8d5:   44 8b 73 20 ff c0 48 89 45 c0 45 85 f6 7e 43 45
0x00000001076bc8e5:   31 ff 45 89 fc 4c 8b 6b 10 4b 8b 74 e5 00 48 8b 

Register to memory mapping:

RAX=0x0000000000000029 is an unknown value
RBX=0x00407f8e93136560 is an unknown value
RCX=0x00007f8e93cac210 is an unknown value
RDX=0x00007f8e92302c10 is an unknown value
RSP=0x0000000160015450 is pointing into the stack for thread: 0x00007f8e93816000
RBP=0x0000000160015490 is pointing into the stack for thread: 0x00007f8e93816000
RSI=0x0000000160015540 is pointing into the stack for thread: 0x00007f8e93816000
RDI=0x00007f8e931351e8 is an unknown value
R8 =0x00007f8e939ce810 is an unknown value
R9 =0x0000000000000b73 is an unknown value
R10=0x00000000cfbfc042 is an unknown value
R11=0x0000000160015f28 is pointing into the stack for thread: 0x00007f8e93816000
R12=0x0000000000000000 is an unknown value
R13=0x00007f8e93135240 is an unknown value
R14=0x0000000000000001 is an unknown value
R15=0x0000000000000001 is an unknown value


Stack: [0x000000015ff17000,0x0000000160017000],  sp=0x0000000160015450,  free space=1017k
Native frames: (J=compiled Java code, j=interpreted, Vv=VM code, C=native code)
V  [libjvm.dylib+0x1bc8d5]  Compile::remove_useless_nodes(Unique_Node_List&)+0x3b
V  [libjvm.dylib+0x44b934]  PhaseRemoveUseless::PhaseRemoveUseless(PhaseGVN*, Unique_Node_List*)+0xde
V  [libjvm.dylib+0x1bd40a]  Compile::Compile(ciEnv*, C2Compiler*, ciMethod*, int, bool, bool)+0x822
V  [libjvm.dylib+0x166b07]  C2Compiler::compile_method(ciEnv*, ciMethod*, int)+0x9d
V  [libjvm.dylib+0x1c0618]  CompileBroker::invoke_compiler_on_method(CompileTask*)+0x3e0
V  [libjvm.dylib+0x1c235a]  CompileBroker::compiler_thread_loop()+0x12c
V  [libjvm.dylib+0x4f759d]  JavaThread::thread_main_inner()+0x9b
V  [libjvm.dylib+0x4f8ca5]  JavaThread::run()+0x1a3
V  [libjvm.dylib+0x421c4e]  java_start(Thread*)+0x126
C  [libsystem_c.dylib+0x14772]  _pthread_start+0x147
C  [libsystem_c.dylib+0x11a1]  thread_start+0xd


Current CompileTask:
C2:   3618  257 %           groovy.lang.MetaClassImpl::applyStrayPropertyMethods @ 57 (232 bytes)


---------------  P R O C E S S  ---------------

Java Threads: ( => current thread )
  0x00007f8e9229a000 JavaThread "process reaper" daemon [_thread_blocked, id=27651, stack(0x00000001603b6000,0x00000001603de000)]
  0x00007f8e9423f800 JavaThread "Stdin handler" [_thread_blocked, id=27139, stack(0x0000000160f9f000,0x000000016109f000)]
  0x00007f8e9226f800 JavaThread "Daemon worker" [_thread_in_vm, id=26627, stack(0x0000000160e9c000,0x0000000160f9c000)]
  0x00007f8e931a1000 JavaThread "Cancel handler" [_thread_blocked, id=26115, stack(0x0000000160d99000,0x0000000160e99000)]
  0x00007f8e93a0f800 JavaThread "Handler for socket connection from /127.0.0.1:51587 to /127.0.0.1:51588" [_thread_in_native, id=25603, stack(0x0000000160c96000,0x0000000160d96000)]
  0x00007f8e9312d800 JavaThread "Daemon" [_thread_blocked, id=25091, stack(0x0000000160b93000,0x0000000160c93000)]
  0x00007f8e93a28800 JavaThread "Incoming local TCP Connector on port 51587" [_thread_in_native, id=24579, stack(0x0000000160a90000,0x0000000160b90000)]
  0x00007f8e93817000 JavaThread "Service Thread" daemon [_thread_blocked, id=23555, stack(0x000000016001a000,0x000000016011a000)]
=>0x00007f8e93816000 JavaThread "C2 CompilerThread1" daemon [_thread_in_native, id=23043, stack(0x000000015ff17000,0x0000000160017000)]
  0x00007f8e93814800 JavaThread "C2 CompilerThread0" daemon [_thread_blocked, id=22531, stack(0x000000015fe14000,0x000000015ff14000)]
  0x00007f8e93808000 JavaThread "Signal Dispatcher" daemon [_thread_blocked, id=20999, stack(0x000000015fd11000,0x000000015fe11000)]
  0x00007f8e92049800 JavaThread "Finalizer" daemon [_thread_blocked, id=17155, stack(0x000000015fa3d000,0x000000015fb3d000)]
  0x00007f8e92048800 JavaThread "Reference Handler" daemon [_thread_blocked, id=16643, stack(0x000000015f93a000,0x000000015fa3a000)]
  0x00007f8e92015000 JavaThread "main" [_thread_blocked, id=6659, stack(0x0000000107f64000,0x0000000108064000)]

Other Threads:
  0x00007f8e92046000 VMThread [stack: 0x000000015f837000,0x000000015f937000] [id=16131]
  0x00007f8e93033800 WatcherThread [stack: 0x000000016011d000,0x000000016021d000] [id=24067]

VM state:not at safepoint (normal execution)

VM Mutex/Monitor currently owned by a thread: None

Heap
 PSYoungGen      total 72704K, used 17328K [0x0000000145d00000, 0x000000014a900000, 0x000000015b280000)
  eden space 67584K, 18% used [0x0000000145d00000,0x00000001468efe90,0x0000000149f00000)
  from space 5120K, 99% used [0x000000014a400000,0x000000014a8fc180,0x000000014a900000)
  to   space 5120K, 0% used [0x0000000149f00000,0x0000000149f00000,0x000000014a400000)
 ParOldGen       total 87040K, used 9773K [0x000000011b280000, 0x0000000120780000, 0x0000000145d00000)
  object space 87040K, 11% used [0x000000011b280000,0x000000011bc0b6b8,0x0000000120780000)
 PSPermGen       total 21504K, used 21018K [0x000000010b280000, 0x000000010c780000, 0x000000011b280000)
  object space 21504K, 97% used [0x000000010b280000,0x000000010c706b38,0x000000010c780000)

Card table byte_map: [0x000000015b280000,0x000000015b501000] byte_map_base: 0x000000015aa26c00

Polling page: 0x00000001080a3000

Code Cache  [0x0000000108139000, 0x00000001083a9000, 0x000000010b139000)
 total_blobs=798 nmethods=251 adapters=501 free_code_cache=47150Kb largest_free_block=48223680

Compilation events (10 events):
Event: 3.568 Thread 0x00007f8e93814800 nmethod 251 0x00000001081b3950 code [0x00000001081b3aa0, 0x00000001081b3b58]
Event: 3.573 Thread 0x00007f8e93816000  252             java.util.HashMap$HashIterator::hasNext (13 bytes)
Event: 3.574 Thread 0x00007f8e93816000 nmethod 252 0x00000001081b3750 code [0x00000001081b3880, 0x00000001081b38f8]
Event: 3.581 Thread 0x00007f8e93814800  254  s          java.lang.StringBuffer::toString (17 bytes)
Event: 3.586 Thread 0x00007f8e93814800 nmethod 254 0x0000000108309210 code [0x0000000108309380, 0x0000000108309938]
Event: 3.593 Thread 0x00007f8e93816000  255             java.lang.Object::equals (11 bytes)
Event: 3.593 Thread 0x00007f8e93816000 nmethod 255 0x00000001081b34d0 code [0x00000001081b3600, 0x00000001081b3678]
Event: 3.594 Thread 0x00007f8e93814800  256             java.lang.ref.Reference::<init> (7 bytes)
Event: 3.594 Thread 0x00007f8e93814800 nmethod 256 0x000000010831d750 code [0x000000010831d880, 0x000000010831d918]
Event: 3.606 Thread 0x00007f8e93816000  257 %           groovy.lang.MetaClassImpl::applyStrayPropertyMethods @ 57 (232 bytes)

GC Heap History (8 events):
Event: 1.074 GC heap before
{Heap before GC invocations=1 (full 0):
 PSYoungGen      total 38912K, used 33792K [0x0000000145d00000, 0x0000000148800000, 0x000000015b280000)
  eden space 33792K, 100% used [0x0000000145d00000,0x0000000147e00000,0x0000000147e00000)
  from space 5120K, 0% used [0x0000000148300000,0x0000000148300000,0x0000000148800000)
  to   space 5120K, 0% used [0x0000000147e00000,0x0000000147e00000,0x0000000148300000)
 ParOldGen       total 87040K, used 0K [0x000000011b280000, 0x0000000120780000, 0x0000000145d00000)
  object space 87040K, 0% used [0x000000011b280000,0x000000011b280000,0x0000000120780000)
 PSPermGen       total 21504K, used 8187K [0x000000010b280000, 0x000000010c780000, 0x000000011b280000)
  object space 21504K, 38% used [0x000000010b280000,0x000000010ba7eca8,0x000000010c780000)
Event: 1.085 GC heap after
Heap after GC invocations=1 (full 0):
 PSYoungGen      total 38912K, used 4996K [0x0000000145d00000, 0x0000000148800000, 0x000000015b280000)
  eden space 33792K, 0% used [0x0000000145d00000,0x0000000145d00000,0x0000000147e00000)
  from space 5120K, 97% used [0x0000000147e00000,0x00000001482e1148,0x0000000148300000)
  to   space 5120K, 0% used [0x0000000148300000,0x0000000148300000,0x0000000148800000)
 ParOldGen       total 87040K, used 8K [0x000000011b280000, 0x0000000120780000, 0x0000000145d00000)
  object space 87040K, 0% used [0x000000011b280000,0x000000011b282000,0x0000000120780000)
 PSPermGen       total 21504K, used 8187K [0x000000010b280000, 0x000000010c780000, 0x000000011b280000)
  object space 21504K, 38% used [0x000000010b280000,0x000000010ba7eca8,0x000000010c780000)
}
Event: 1.930 GC heap before
{Heap before GC invocations=2 (full 0):
 PSYoungGen      total 38912K, used 38788K [0x0000000145d00000, 0x0000000148800000, 0x000000015b280000)
  eden space 33792K, 100% used [0x0000000145d00000,0x0000000147e00000,0x0000000147e00000)
  from space 5120K, 97% used [0x0000000147e00000,0x00000001482e1148,0x0000000148300000)
  to   space 5120K, 0% used [0x0000000148300000,0x0000000148300000,0x0000000148800000)
 ParOldGen       total 87040K, used 8K [0x000000011b280000, 0x0000000120780000, 0x0000000145d00000)
  object space 87040K, 0% used [0x000000011b280000,0x000000011b282000,0x0000000120780000)
 PSPermGen       total 21504K, used 14778K [0x000000010b280000, 0x000000010c780000, 0x000000011b280000)
  object space 21504K, 68% used [0x000000010b280000,0x000000010c0ee9e8,0x000000010c780000)
Event: 1.944 GC heap after
Heap after GC invocations=2 (full 0):
 PSYoungGen      total 38912K, used 5101K [0x0000000145d00000, 0x000000014a900000, 0x000000015b280000)
  eden space 33792K, 0% used [0x0000000145d00000,0x0000000145d00000,0x0000000147e00000)
  from space 5120K, 99% used [0x0000000148300000,0x00000001487fb7e0,0x0000000148800000)
  to   space 5120K, 0% used [0x0000000147e00000,0x0000000147e00000,0x0000000148300000)
 ParOldGen       total 87040K, used 2580K [0x000000011b280000, 0x0000000120780000, 0x0000000145d00000)
  object space 87040K, 2% used [0x000000011b280000,0x000000011b505318,0x0000000120780000)
 PSPermGen       total 21504K, used 14778K [0x000000010b280000, 0x000000010c780000, 0x000000011b280000)
  object space 21504K, 68% used [0x000000010b280000,0x000000010c0ee9e8,0x000000010c780000)
}
Event: 2.743 GC heap before
{Heap before GC invocations=3 (full 0):
 PSYoungGen      total 38912K, used 38893K [0x0000000145d00000, 0x000000014a900000, 0x000000015b280000)
  eden space 33792K, 100% used [0x0000000145d00000,0x0000000147e00000,0x0000000147e00000)
  from space 5120K, 99% used [0x0000000148300000,0x00000001487fb7e0,0x0000000148800000)
  to   space 5120K, 0% used [0x0000000147e00000,0x0000000147e00000,0x0000000148300000)
 ParOldGen       total 87040K, used 2580K [0x000000011b280000, 0x0000000120780000, 0x0000000145d00000)
  object space 87040K, 2% used [0x000000011b280000,0x000000011b505318,0x0000000120780000)
 PSPermGen       total 21504K, used 18291K [0x000000010b280000, 0x000000010c780000, 0x000000011b280000)
  object space 21504K, 85% used [0x000000010b280000,0x000000010c45ced8,0x000000010c780000)
Event: 2.757 GC heap after
Heap after GC invocations=3 (full 0):
 PSYoungGen      total 38912K, used 5104K [0x0000000145d00000, 0x000000014a900000, 0x000000015b280000)
  eden space 33792K, 0% used [0x0000000145d00000,0x0000000145d00000,0x0000000147e00000)
  from space 5120K, 99% used [0x0000000147e00000,0x00000001482fc160,0x0000000148300000)
  to   space 5120K, 0% used [0x000000014a400000,0x000000014a400000,0x000000014a900000)
 ParOldGen       total 87040K, used 5524K [0x000000011b280000, 0x0000000120780000, 0x0000000145d00000)
  object space 87040K, 6% used [0x000000011b280000,0x000000011b7e5218,0x0000000120780000)
 PSPermGen       total 21504K, used 18291K [0x000000010b280000, 0x000000010c780000, 0x000000011b280000)
  object space 21504K, 85% used [0x000000010b280000,0x000000010c45ced8,0x000000010c780000)
}
Event: 3.438 GC heap before
{Heap before GC invocations=4 (full 0):
 PSYoungGen      total 38912K, used 38896K [0x0000000145d00000, 0x000000014a900000, 0x000000015b280000)
  eden space 33792K, 100% used [0x0000000145d00000,0x0000000147e00000,0x0000000147e00000)
  from space 5120K, 99% used [0x0000000147e00000,0x00000001482fc160,0x0000000148300000)
  to   space 5120K, 0% used [0x000000014a400000,0x000000014a400000,0x000000014a900000)
 ParOldGen       total 87040K, used 5524K [0x000000011b280000, 0x0000000120780000, 0x0000000145d00000)
  object space 87040K, 6% used [0x000000011b280000,0x000000011b7e5218,0x0000000120780000)
 PSPermGen       total 21504K, used 20345K [0x000000010b280000, 0x000000010c780000, 0x000000011b280000)
  object space 21504K, 94% used [0x000000010b280000,0x000000010c65e618,0x000000010c780000)
Event: 3.457 GC heap after
Heap after GC invocations=4 (full 0):
 PSYoungGen      total 72704K, used 5104K [0x0000000145d00000, 0x000000014a900000, 0x000000015b280000)
  eden space 67584K, 0% used [0x0000000145d00000,0x0000000145d00000,0x0000000149f00000)
  from space 5120K, 99% used [0x000000014a400000,0x000000014a8fc180,0x000000014a900000)
  to   space 5120K, 0% used [0x0000000149f00000,0x0000000149f00000,0x000000014a400000)
 ParOldGen       total 87040K, used 9773K [0x000000011b280000, 0x0000000120780000, 0x0000000145d00000)
  object space 87040K, 11% used [0x000000011b280000,0x000000011bc0b6b8,0x0000000120780000)
 PSPermGen       total 21504K, used 20345K [0x000000010b280000, 0x000000010c780000, 0x000000011b280000)
  object space 21504K, 94% used [0x000000010b280000,0x000000010c65e618,0x000000010c780000)
}

Deoptimization events (10 events):
Event: 2.865 Thread 0x00007f8e9226f800 Uncommon trap: reason=class_check action=maybe_recompile pc=0x00000001081f8a64 method=sun.misc.URLClassPath.getLoader(I)Lsun/misc/URLClassPath$Loader; @ 150
Event: 2.873 Thread 0x00007f8e9226f800 Uncommon trap: reason=class_check action=maybe_recompile pc=0x00000001081f8a64 method=sun.misc.URLClassPath.getLoader(I)Lsun/misc/URLClassPath$Loader; @ 150
Event: 3.339 Thread 0x00007f8e9226f800 Uncommon trap: reason=class_check action=maybe_recompile pc=0x000000010831fd8c method=org.codehaus.groovy.runtime.metaclass.MetaMethodIndex.addMethodToList(Ljava/lang/Object;Lgroovy/lang/MetaMethod;)Ljava/lang/Object; @ 218
Event: 3.339 Thread 0x00007f8e9226f800 Uncommon trap: reason=class_check action=maybe_recompile pc=0x000000010831fd8c method=org.codehaus.groovy.runtime.metaclass.MetaMethodIndex.addMethodToList(Ljava/lang/Object;Lgroovy/lang/MetaMethod;)Ljava/lang/Object; @ 218
Event: 3.368 Thread 0x00007f8e9226f800 Uncommon trap: reason=null_check action=make_not_entrant pc=0x000000010832409c method=groovy.lang.MetaClassImpl.createMetaBeanProperty(Lorg/codehaus/groovy/util/SingleKeyHashMap;Ljava/lang/String;ZLgroovy/lang/MetaMethod;)V @ 5
Event: 3.490 Thread 0x00007f8e9226f800 Uncommon trap: reason=unreached action=reinterpret pc=0x00000001081d2a98 method=java.util.HashMap.get(Ljava/lang/Object;)Ljava/lang/Object; @ 1
Event: 3.553 Thread 0x00007f8e9226f800 Uncommon trap: reason=unreached action=reinterpret pc=0x0000000108205174 method=java.lang.Class$MethodArray.addIfNotPresent(Ljava/lang/reflect/Method;)V @ 19
Event: 3.554 Thread 0x00007f8e9226f800 Uncommon trap: reason=unreached action=reinterpret pc=0x0000000108205ad4 method=java.lang.Class$MethodArray.addIfNotPresent(Ljava/lang/reflect/Method;)V @ 19
Event: 3.557 Thread 0x00007f8e9226f800 Uncommon trap: reason=class_check action=maybe_recompile pc=0x000000010831fd8c method=org.codehaus.groovy.runtime.metaclass.MetaMethodIndex.addMethodToList(Ljava/lang/Object;Lgroovy/lang/MetaMethod;)Ljava/lang/Object; @ 218
Event: 3.557 Thread 0x00007f8e9226f800 Uncommon trap: reason=class_check action=maybe_recompile pc=0x000000010831fd8c method=org.codehaus.groovy.runtime.metaclass.MetaMethodIndex.addMethodToList(Ljava/lang/Object;Lgroovy/lang/MetaMethod;)Ljava/lang/Object; @ 218

Internal exceptions (10 events):
Event: 3.611 Thread 0x00007f8e9226f800 Threw 0x0000000146799cb0 at /HUDSON/workspace/7u-2-build-macosx-x86_64/jdk7u79/2331/hotspot/src/share/vm/classfile/systemDictionary.cpp:185
Event: 3.611 Thread 0x00007f8e9226f800 Threw 0x000000014679b310 at /HUDSON/workspace/7u-2-build-macosx-x86_64/jdk7u79/2331/hotspot/src/share/vm/prims/jvm.cpp:1304
Event: 3.611 Thread 0x00007f8e9226f800 Threw 0x000000014679c1a0 at /HUDSON/workspace/7u-2-build-macosx-x86_64/jdk7u79/2331/hotspot/src/share/vm/prims/jvm.cpp:1304
Event: 3.612 Thread 0x00007f8e9226f800 Threw 0x00000001467a1748 at /HUDSON/workspace/7u-2-build-macosx-x86_64/jdk7u79/2331/hotspot/src/share/vm/prims/jvm.cpp:1304
Event: 3.612 Thread 0x00007f8e9226f800 Threw 0x00000001467a2a40 at /HUDSON/workspace/7u-2-build-macosx-x86_64/jdk7u79/2331/hotspot/src/share/vm/prims/jvm.cpp:1304
Event: 3.612 Thread 0x00007f8e9226f800 Threw 0x00000001467a3e00 at /HUDSON/workspace/7u-2-build-macosx-x86_64/jdk7u79/2331/hotspot/src/share/vm/prims/jvm.cpp:1304
Event: 3.612 Thread 0x00007f8e9226f800 Threw 0x00000001467a4c90 at /HUDSON/workspace/7u-2-build-macosx-x86_64/jdk7u79/2331/hotspot/src/share/vm/prims/jvm.cpp:1304
Event: 3.612 Thread 0x00007f8e9226f800 Threw 0x00000001467aa238 at /HUDSON/workspace/7u-2-build-macosx-x86_64/jdk7u79/2331/hotspot/src/share/vm/prims/jvm.cpp:1304
Event: 3.612 Thread 0x00007f8e9226f800 Threw 0x00000001467b52c8 at /HUDSON/workspace/7u-2-build-macosx-x86_64/jdk7u79/2331/hotspot/src/share/vm/prims/jvm.cpp:1304
Event: 3.612 Thread 0x00007f8e9226f800 Threw 0x00000001467b6310 at /HUDSON/workspace/7u-2-build-macosx-x86_64/jdk7u79/2331/hotspot/src/share/vm/classfile/systemDictionary.cpp:185

Events (10 events):
Event: 3.611 loading class 0x00007f8e9298a5c0
Event: 3.611 loading class 0x00007f8e9298a5c0 done
Event: 3.611 loading class 0x00007f8e9298ea60
Event: 3.611 loading class 0x00007f8e9298ea60 done
Event: 3.612 loading class 0x00007f8e9298ea60
Event: 3.612 loading class 0x00007f8e9298ea60 done
Event: 3.612 loading class 0x00007f8e9298ea60
Event: 3.612 loading class 0x00007f8e9298ea60 done
Event: 3.612 loading class 0x00007f8e9298ea60
Event: 3.612 loading class 0x00007f8e9298ea60 done


Dynamic libraries:
0x0000000009348000 	/System/Library/Frameworks/Cocoa.framework/Versions/A/Cocoa
0x0000000009348000 	/System/Library/Frameworks/Security.framework/Versions/A/Security
0x0000000009348000 	/System/Library/Frameworks/ApplicationServices.framework/Versions/A/ApplicationServices
0x0000000009348000 	/usr/lib/libz.1.dylib
0x0000000009348000 	/usr/lib/libSystem.B.dylib
0x0000000009348000 	/usr/lib/libobjc.A.dylib
0x0000000009348000 	/System/Library/Frameworks/CoreFoundation.framework/Versions/A/CoreFoundation
0x0000000009348000 	/System/Library/Frameworks/Foundation.framework/Versions/C/Foundation
0x0000000009348000 	/System/Library/Frameworks/AppKit.framework/Versions/C/AppKit
0x0000000009348000 	/System/Library/Frameworks/CoreData.framework/Versions/A/CoreData
0x0000000009348000 	/System/Library/PrivateFrameworks/RemoteViewServices.framework/Versions/A/RemoteViewServices
0x0000000009348000 	/System/Library/Frameworks/AudioToolbox.framework/Versions/A/AudioToolbox
0x0000000009348000 	/System/Library/Frameworks/AudioUnit.framework/Versions/A/AudioUnit
0x0000000009348000 	/System/Library/PrivateFrameworks/DataDetectorsCore.framework/Versions/A/DataDetectorsCore
0x0000000009348000 	/System/Library/PrivateFrameworks/DesktopServicesPriv.framework/Versions/A/DesktopServicesPriv
0x0000000009348000 	/System/Library/Frameworks/Carbon.framework/Versions/A/Frameworks/HIToolbox.framework/Versions/A/HIToolbox
0x0000000009348000 	/System/Library/Frameworks/QuartzCore.framework/Versions/A/QuartzCore
0x0000000009348000 	/System/Library/Frameworks/Carbon.framework/Versions/A/Frameworks/SpeechRecognition.framework/Versions/A/SpeechRecognition
0x0000000009348000 	/usr/lib/libauto.dylib
0x0000000009348000 	/usr/lib/libicucore.A.dylib
0x0000000009348000 	/usr/lib/libxml2.2.dylib
0x0000000009348000 	/System/Library/PrivateFrameworks/CoreUI.framework/Versions/A/CoreUI
0x0000000009348000 	/System/Library/Frameworks/CoreAudio.framework/Versions/A/CoreAudio
0x0000000009348000 	/System/Library/Frameworks/DiskArbitration.framework/Versions/A/DiskArbitration
0x0000000009348000 	/usr/lib/liblangid.dylib
0x0000000009348000 	/System/Library/PrivateFrameworks/MultitouchSupport.framework/Versions/A/MultitouchSupport
0x0000000009348000 	/System/Library/Frameworks/IOKit.framework/Versions/A/IOKit
0x0000000009348000 	/usr/lib/libDiagnosticMessagesClient.dylib
0x0000000009348000 	/System/Library/Frameworks/CoreServices.framework/Versions/A/CoreServices
0x0000000009348000 	/System/Library/PrivateFrameworks/PerformanceAnalysis.framework/Versions/A/PerformanceAnalysis
0x0000000009348000 	/System/Library/PrivateFrameworks/GenerationalStorage.framework/Versions/A/GenerationalStorage
0x0000000009348000 	/System/Library/Frameworks/OpenGL.framework/Versions/A/OpenGL
0x0000000009348000 	/System/Library/Frameworks/CoreText.framework/Versions/A/CoreText
0x0000000009348000 	/System/Library/Frameworks/ImageIO.framework/Versions/A/ImageIO
0x0000000009348000 	/System/Library/PrivateFrameworks/Backup.framework/Versions/A/Backup
0x0000000009348000 	/System/Library/Frameworks/CFNetwork.framework/Versions/A/CFNetwork
0x0000000009348000 	/System/Library/Frameworks/SystemConfiguration.framework/Versions/A/SystemConfiguration
0x0000000009348000 	/usr/lib/libCRFSuite.dylib
0x0000000009348000 	/System/Library/PrivateFrameworks/TCC.framework/Versions/A/TCC
0x0000000009348000 	/usr/lib/libc++.1.dylib
0x0000000009348000 	/usr/lib/libc++abi.dylib
0x0000000009348000 	/usr/lib/system/libcache.dylib
0x0000000009348000 	/usr/lib/system/libcommonCrypto.dylib
0x0000000009348000 	/usr/lib/system/libcompiler_rt.dylib
0x0000000009348000 	/usr/lib/system/libcopyfile.dylib
0x0000000009348000 	/usr/lib/system/libdispatch.dylib
0x0000000009348000 	/usr/lib/system/libdnsinfo.dylib
0x0000000009348000 	/usr/lib/system/libdyld.dylib
0x0000000009348000 	/usr/lib/system/libkeymgr.dylib
0x0000000009348000 	/usr/lib/system/liblaunch.dylib
0x0000000009348000 	/usr/lib/system/libmacho.dylib
0x0000000009348000 	/usr/lib/system/libquarantine.dylib
0x0000000009348000 	/usr/lib/system/libremovefile.dylib
0x0000000009348000 	/usr/lib/system/libsystem_blocks.dylib
0x0000000009348000 	/usr/lib/system/libsystem_c.dylib
0x0000000009348000 	/usr/lib/system/libsystem_dnssd.dylib
0x0000000009348000 	/usr/lib/system/libsystem_info.dylib
0x0000000009348000 	/usr/lib/system/libsystem_kernel.dylib
0x0000000009348000 	/usr/lib/system/libsystem_m.dylib
0x0000000009348000 	/usr/lib/system/libsystem_network.dylib
0x0000000009348000 	/usr/lib/system/libsystem_notify.dylib
0x0000000009348000 	/usr/lib/system/libsystem_sandbox.dylib
0x0000000009348000 	/usr/lib/system/libunc.dylib
0x0000000009348000 	/usr/lib/system/libunwind.dylib
0x0000000009348000 	/usr/lib/system/libxpc.dylib
0x0000000009348000 	/usr/lib/system/libcorecrypto.dylib
0x0000000009348000 	/usr/lib/libstdc++.6.dylib
0x0000000009348000 	/usr/lib/libbsm.0.dylib
0x0000000009348000 	/usr/lib/libsqlite3.dylib
0x0000000009348000 	/usr/lib/libxar.1.dylib
0x0000000009348000 	/usr/lib/libpam.2.dylib
0x0000000009348000 	/usr/lib/libOpenScriptingUtil.dylib
0x0000000009348000 	/usr/lib/libbz2.1.0.dylib
0x0000000009348000 	/System/Library/Frameworks/CoreServices.framework/Versions/A/Frameworks/CarbonCore.framework/Versions/A/CarbonCore
0x0000000009348000 	/System/Library/Frameworks/CoreServices.framework/Versions/A/Frameworks/Metadata.framework/Versions/A/Metadata
0x0000000009348000 	/System/Library/Frameworks/CoreServices.framework/Versions/A/Frameworks/OSServices.framework/Versions/A/OSServices
0x0000000009348000 	/System/Library/Frameworks/CoreServices.framework/Versions/A/Frameworks/SearchKit.framework/Versions/A/SearchKit
0x0000000009348000 	/System/Library/Frameworks/CoreServices.framework/Versions/A/Frameworks/AE.framework/Versions/A/AE
0x0000000009348000 	/System/Library/Frameworks/CoreServices.framework/Versions/A/Frameworks/LaunchServices.framework/Versions/A/LaunchServices
0x0000000009348000 	/System/Library/Frameworks/CoreServices.framework/Versions/A/Frameworks/DictionaryServices.framework/Versions/A/DictionaryServices
0x0000000009348000 	/System/Library/Frameworks/NetFS.framework/Versions/A/NetFS
0x0000000009348000 	/usr/lib/system/libkxld.dylib
0x0000000009348000 	/System/Library/PrivateFrameworks/NetAuth.framework/Versions/A/NetAuth
0x0000000009348000 	/System/Library/Frameworks/OpenDirectory.framework/Versions/A/Frameworks/CFOpenDirectory.framework/Versions/A/CFOpenDirectory
0x0000000009348000 	/usr/lib/libxslt.1.dylib
0x0000000009348000 	/System/Library/PrivateFrameworks/FamilyControls.framework/Versions/A/FamilyControls
0x0000000009348000 	/System/Library/Frameworks/Carbon.framework/Versions/A/Frameworks/Ink.framework/Versions/A/Ink
0x0000000009348000 	/System/Library/Frameworks/ApplicationServices.framework/Versions/A/Frameworks/CoreGraphics.framework/Versions/A/CoreGraphics
0x0000000009348000 	/System/Library/Frameworks/ApplicationServices.framework/Versions/A/Frameworks/ATS.framework/Versions/A/ATS
0x0000000009348000 	/System/Library/Frameworks/ApplicationServices.framework/Versions/A/Frameworks/ColorSync.framework/Versions/A/ColorSync
0x0000000009348000 	/System/Library/Frameworks/ApplicationServices.framework/Versions/A/Frameworks/HIServices.framework/Versions/A/HIServices
0x0000000009348000 	/System/Library/Frameworks/ApplicationServices.framework/Versions/A/Frameworks/LangAnalysis.framework/Versions/A/LangAnalysis
0x0000000009348000 	/System/Library/Frameworks/ApplicationServices.framework/Versions/A/Frameworks/PrintCore.framework/Versions/A/PrintCore
0x0000000009348000 	/System/Library/Frameworks/ApplicationServices.framework/Versions/A/Frameworks/QD.framework/Versions/A/QD
0x0000000009348000 	/System/Library/Frameworks/ApplicationServices.framework/Versions/A/Frameworks/SpeechSynthesis.framework/Versions/A/SpeechSynthesis
0x0000000009348000 	/System/Library/Frameworks/IOSurface.framework/Versions/A/IOSurface
0x0000000009348000 	/System/Library/Frameworks/Accelerate.framework/Versions/A/Accelerate
0x0000000009348000 	/System/Library/Frameworks/ApplicationServices.framework/Versions/A/Frameworks/ATS.framework/Versions/A/Resources/libFontParser.dylib
0x0000000009348000 	/System/Library/Frameworks/ApplicationServices.framework/Versions/A/Frameworks/ATS.framework/Versions/A/Resources/libFontRegistry.dylib
0x0000000009348000 	/System/Library/Frameworks/Accelerate.framework/Versions/A/Frameworks/vImage.framework/Versions/A/vImage
0x0000000009348000 	/System/Library/Frameworks/Accelerate.framework/Versions/A/Frameworks/vecLib.framework/Versions/A/vecLib
0x0000000009348000 	/System/Library/Frameworks/Accelerate.framework/Versions/A/Frameworks/vecLib.framework/Versions/A/libvDSP.dylib
0x0000000009348000 	/System/Library/Frameworks/Accelerate.framework/Versions/A/Frameworks/vecLib.framework/Versions/A/libvMisc.dylib
0x0000000009348000 	/System/Library/Frameworks/Accelerate.framework/Versions/A/Frameworks/vecLib.framework/Versions/A/libLAPACK.dylib
0x0000000009348000 	/System/Library/Frameworks/Accelerate.framework/Versions/A/Frameworks/vecLib.framework/Versions/A/libBLAS.dylib
0x0000000009348000 	/System/Library/Frameworks/ImageIO.framework/Versions/A/Resources/libJPEG.dylib
0x0000000009348000 	/System/Library/Frameworks/ImageIO.framework/Versions/A/Resources/libTIFF.dylib
0x0000000009348000 	/System/Library/Frameworks/ImageIO.framework/Versions/A/Resources/libPng.dylib
0x0000000009348000 	/System/Library/Frameworks/ImageIO.framework/Versions/A/Resources/libGIF.dylib
0x0000000009348000 	/System/Library/Frameworks/ImageIO.framework/Versions/A/Resources/libJP2.dylib
0x0000000009348000 	/System/Library/Frameworks/ImageIO.framework/Versions/A/Resources/libRadiance.dylib
0x0000000009348000 	/usr/lib/libcups.2.dylib
0x0000000009348000 	/System/Library/Frameworks/Kerberos.framework/Versions/A/Kerberos
0x0000000009348000 	/System/Library/Frameworks/GSS.framework/Versions/A/GSS
0x0000000009348000 	/usr/lib/libresolv.9.dylib
0x0000000009348000 	/usr/lib/libiconv.2.dylib
0x0000000009348000 	/System/Library/PrivateFrameworks/Heimdal.framework/Versions/A/Heimdal
0x0000000009348000 	/System/Library/PrivateFrameworks/TrustEvaluationAgent.framework/Versions/A/TrustEvaluationAgent
0x0000000009348000 	/System/Library/Frameworks/OpenDirectory.framework/Versions/A/OpenDirectory
0x0000000009348000 	/System/Library/PrivateFrameworks/CommonAuth.framework/Versions/A/CommonAuth
0x0000000009348000 	/System/Library/PrivateFrameworks/Bom.framework/Versions/A/Bom
0x0000000009348000 	/System/Library/Frameworks/CoreVideo.framework/Versions/A/CoreVideo
0x0000000009348000 	/System/Library/Frameworks/QuartzCore.framework/Versions/A/Frameworks/CoreImage.framework/Versions/A/CoreImage
0x0000000009348000 	/System/Library/Frameworks/QuartzCore.framework/Versions/A/Frameworks/ScalableUserInterface.framework/Versions/A/ScalableUserInterface
0x0000000009348000 	/System/Library/Frameworks/OpenGL.framework/Versions/A/Libraries/libGLU.dylib
0x0000000009348000 	/System/Library/Frameworks/OpenGL.framework/Versions/A/Libraries/libGFXShared.dylib
0x0000000009348000 	/System/Library/Frameworks/OpenGL.framework/Versions/A/Libraries/libGL.dylib
0x0000000009348000 	/System/Library/Frameworks/OpenGL.framework/Versions/A/Libraries/libGLImage.dylib
0x0000000009348000 	/System/Library/Frameworks/OpenGL.framework/Versions/A/Libraries/libCVMSPluginSupport.dylib
0x0000000009348000 	/System/Library/Frameworks/OpenGL.framework/Versions/A/Libraries/libCoreVMClient.dylib
0x0000000009348000 	/System/Library/PrivateFrameworks/CrashReporterSupport.framework/Versions/A/CrashReporterSupport
0x0000000009348000 	/System/Library/Frameworks/OpenCL.framework/Versions/A/OpenCL
0x0000000009348000 	/System/Library/PrivateFrameworks/FaceCoreLight.framework/Versions/A/FaceCoreLight
0x0000000009348000 	/System/Library/PrivateFrameworks/AppleFSCompression.framework/Versions/A/AppleFSCompression
0x0000000009348000 	/System/Library/PrivateFrameworks/Ubiquity.framework/Versions/A/Ubiquity
0x0000000009348000 	/System/Library/Frameworks/ServiceManagement.framework/Versions/A/ServiceManagement
0x0000000009348000 	/System/Library/PrivateFrameworks/ChunkingLibrary.framework/Versions/A/ChunkingLibrary
0x0000000009348000 	/System/Library/Frameworks/vecLib.framework/Versions/A/vecLib
0x0000000009348000 	/System/Library/Frameworks/SecurityFoundation.framework/Versions/A/SecurityFoundation
0x0000000009348000 	/System/Library/PrivateFrameworks/CommerceKit.framework/Versions/A/Frameworks/CommerceCore.framework/Versions/A/CommerceCore
0x0000000009348000 	/System/Library/PrivateFrameworks/CoreSymbolication.framework/Versions/A/CoreSymbolication
0x0000000009348000 	/System/Library/PrivateFrameworks/Symbolication.framework/Versions/A/Symbolication
0x0000000009348000 	/System/Library/PrivateFrameworks/DebugSymbols.framework/Versions/A/DebugSymbols
0x0000000107500000 	/Library/Java/JavaVirtualMachines/jdk1.7.0_79.jdk/Contents/Home/jre/lib/server/libjvm.dylib
0x0000000108066000 	/Library/Java/JavaVirtualMachines/jdk1.7.0_79.jdk/Contents/Home/jre/lib/libverify.dylib
0x0000000108073000 	/Library/Java/JavaVirtualMachines/jdk1.7.0_79.jdk/Contents/Home/jre/lib/libjava.dylib
0x0000000108130000 	/Library/Java/JavaVirtualMachines/jdk1.7.0_79.jdk/Contents/Home/jre/lib/libzip.dylib
0x000000015fb3f000 	/System/Library/Frameworks/JavaVM.framework/Frameworks/JavaRuntimeSupport.framework/JavaRuntimeSupport
0x000000015fb58000 	/System/Library/Frameworks/JavaVM.framework/Versions/A/Frameworks/JavaNativeFoundation.framework/Versions/A/JavaNativeFoundation
0x000000015fb6e000 	/System/Library/Frameworks/JavaVM.framework/Versions/A/JavaVM
0x0000000009348000 	/System/Library/Frameworks/Carbon.framework/Versions/A/Carbon
0x000000015fb7b000 	/System/Library/PrivateFrameworks/JavaLaunching.framework/Versions/A/JavaLaunching
0x0000000009348000 	/System/Library/Frameworks/Carbon.framework/Versions/A/Frameworks/CommonPanels.framework/Versions/A/CommonPanels
0x0000000009348000 	/System/Library/Frameworks/Carbon.framework/Versions/A/Frameworks/Help.framework/Versions/A/Help
0x0000000009348000 	/System/Library/Frameworks/Carbon.framework/Versions/A/Frameworks/ImageCapture.framework/Versions/A/ImageCapture
0x0000000009348000 	/System/Library/Frameworks/Carbon.framework/Versions/A/Frameworks/OpenScripting.framework/Versions/A/OpenScripting
0x0000000009348000 	/System/Library/Frameworks/Carbon.framework/Versions/A/Frameworks/Print.framework/Versions/A/Print
0x0000000009348000 	/System/Library/Frameworks/Carbon.framework/Versions/A/Frameworks/SecurityHI.framework/Versions/A/SecurityHI
0x0000000160462000 	/Library/Java/JavaVirtualMachines/jdk1.7.0_79.jdk/Contents/Home/jre/lib/libnet.dylib
0x00000001604c0000 	/Library/Java/JavaVirtualMachines/jdk1.7.0_79.jdk/Contents/Home/jre/lib/libnio.dylib
0x0000000160371000 	/private/var/folders/rg/1cmkydwn719fzl7fbsfhg3400000gn/T/native-platform6806071154461570823dir/libnative-platform.dylib

VM Arguments:
jvm_args: -XX:MaxPermSize=256m -XX:+HeapDumpOnOutOfMemoryError -Xmx1024m -Dfile.encoding=UTF-8 -Duser.country=US -Duser.language=en -Duser.variant 
java_command: org.gradle.launcher.daemon.bootstrap.GradleDaemon 2.2.1 /Users/ashwini/.gradle/daemon 10800000 8a011929-6c4d-4977-ada2-577269ee83a5 -XX:MaxPermSize=256m -XX:+HeapDumpOnOutOfMemoryError -Xmx1024m -Dfile.encoding=UTF-8 -Duser.country=US -Duser.language=en -Duser.variant
Launcher Type: SUN_STANDARD

Environment Variables:
PATH=/usr/bin:/bin:/usr/sbin:/sbin
SHELL=/bin/bash

Signal Handlers:
SIGSEGV: [libjvm.dylib+0x52daf1], sa_mask[0]=0xfffefeff, sa_flags=0x00000043
SIGBUS: [libjvm.dylib+0x52daf1], sa_mask[0]=0xfffefeff, sa_flags=0x00000042
SIGFPE: [libjvm.dylib+0x41f34e], sa_mask[0]=0xfffefeff, sa_flags=0x00000042
SIGPIPE: [libjvm.dylib+0x41f34e], sa_mask[0]=0xfffefeff, sa_flags=0x00000042
SIGXFSZ: [libjvm.dylib+0x41f34e], sa_mask[0]=0xfffefeff, sa_flags=0x00000042
SIGILL: [libjvm.dylib+0x41f34e], sa_mask[0]=0xfffefeff, sa_flags=0x00000042
SIGUSR1: SIG_DFL, sa_mask[0]=0x00000000, sa_flags=0x00000002
SIGUSR2: [libjvm.dylib+0x41ee40], sa_mask[0]=0x00000004, sa_flags=0x00000042
SIGHUP: [libjvm.dylib+0x41d0d1], sa_mask[0]=0xfffefeff, sa_flags=0x00000042
SIGINT: [libjvm.dylib+0x41d0d1], sa_mask[0]=0xfffefeff, sa_flags=0x00000042
SIGTERM: [libjvm.dylib+0x41d0d1], sa_mask[0]=0xfffefeff, sa_flags=0x00000042
SIGQUIT: [libjvm.dylib+0x41d0d1], sa_mask[0]=0xfffefeff, sa_flags=0x00000042


---------------  S Y S T E M  ---------------

OS:Bsduname:Darwin 12.6.0 Darwin Kernel Version 12.6.0: Wed Mar 18 16:23:48 PDT 2015; root:xnu-2050.48.19~1/RELEASE_X86_64 x86_64
rlimit: STACK 8192k, CORE 0k, NPROC 709, NOFILE 10240, AS infinity
load average:2.22 4.37 4.51

CPU:total 4 (2 cores per cpu, 2 threads per core) family 6 model 42 stepping 7, cmov, cx8, fxsr, mmx, sse, sse2, sse3, ssse3, sse4.1, sse4.2, popcnt, avx, aes, ht, tsc, tscinvbit

Memory: 4k page, physical 8388608k(2097152k free)

/proc/meminfo:


vm_info: Java HotSpot(TM) 64-Bit Server VM (24.79-b02) for bsd-amd64 JRE (1.7.0_79-b15), built on Apr 10 2015 11:35:04 by "java_re" with gcc 4.2.1 (Based on Apple Inc. build 5658) (LLVM build 2336.11.00)

time: Tue May 19 18:45:12 2015
elapsed time: 3 seconds

