#
# A fatal error has been detected by the Java Runtime Environment:
#
#  SIGSEGV (0xb) at pc=0x0000000101ac6be4, pid=10085, tid=22787
#
# JRE version: Java(TM) SE Runtime Environment (7.0_79-b15) (build 1.7.0_79-b15)
# Java VM: Java HotSpot(TM) 64-Bit Server VM (24.79-b02 mixed mode bsd-amd64 compressed oops)
# Problematic frame:
# V  [libjvm.dylib+0x449be4]
#
# Failed to write core dump. Core dumps have been disabled. To enable core dumping, try "ulimit -c unlimited" before starting Java again
#
# If you would like to submit a bug report, please visit:
#   http://bugreport.java.com/bugreport/crash.jsp
#

---------------  T H R E A D  ---------------

Current thread (0x00007fd145020000):  JavaThread "C2 CompilerThread1" daemon [_thread_in_native, id=22787, stack(0x000000014ebf7000,0x000000014ecf7000)]

siginfo:si_signo=SIGSEGV: si_errno=0, si_code=0 (SEGV0), si_addr=0x0000000000000000

Registers:
RAX=0x00007fd146110178, RBX=0x00007fd1461097f0, RCX=0x00007fd146110178, RDX=0x00007fd146110180
RSP=0x000000014ecf3510, RBP=0x000000014ecf3550, RSI=0x0000000000000003, RDI=0x00007fd1461097f0
R8 =0x0000000000000000, R9 =0x0000000000000301, R10=0x00007fd1458d7500, R11=0x00007fd1460a9601
R12=0x0000000000000001, R13=0x0000000000000004, R14=0x00007fd14610be18, R15=0x00087fd14610c280
RIP=0x0000000101ac6be4, EFLAGS=0x0000000000010206, ERR=0x0000000000000000
  TRAPNO=0x000000000000000d

Top of Stack: (sp=0x000000014ecf3510)
0x000000014ecf3510:   000000014ecf3520 00007fd146110160
0x000000014ecf3520:   00007fd146110178 00007fd14610be18
0x000000014ecf3530:   00007fd1458d7dc0 000000014ecf6000
0x000000014ecf3540:   00007fd1458d9780 00007fd1458d7de0
0x000000014ecf3550:   000000014ecf38f0 0000000101ae6a94
0x000000014ecf3560:   00007fd100000001 00007fd100000001
0x000000014ecf3570:   000000014ecf3820 0000000100000003
0x000000014ecf3580:   00007fd1458d7dc0 000000bb01e8c870
0x000000014ecf3590:   0000000000000004 00007fd1461ad250
0x000000014ecf35a0:   00007fd1461ad290 0000000000000000
0x000000014ecf35b0:   00007fd145933010 00007fd1458c5e60
0x000000014ecf35c0:   0000000000000000 000000004593d7a8
0x000000014ecf35d0:   00007fd145933010 000000014ecf4768
0x000000014ecf35e0:   0000000000000004 ffffffff00000000
0x000000014ecf35f0:   00007fd1458d75e0 00007fd1458d6e20
0x000000014ecf3600:   00007fd1458d6170 0000000100000002
0x000000014ecf3610:   00007fd1ffffffff 0000000400000000
0x000000014ecf3620:   000000000000e040 00007fd1458d9780
0x000000014ecf3630:   00007fd1458d7da0 0000000000000228
0x000000014ecf3640:   00007fd1458d9760 00007fd100000003
0x000000014ecf3650:   0000000000000003 0000000000000002
0x000000014ecf3660:   00000000000002a8 00007fd14610be18
0x000000014ecf3670:   000000014ecf46a0 00007fd1458c5e50
0x000000014ecf3680:   000000014ecf39f0 00000000000002dc
0x000000014ecf3690:   000000014ecf36b0 00000001019215b0
0x000000014ecf36a0:   00000000000002dc 0000032c00000000
0x000000014ecf36b0:   000000014ecf3ba0 00000001017f0000
0x000000014ecf36c0:   00007fd1458d54c0 0000032c00000004
0x000000014ecf36d0:   000000014ecf3ba0 0000000101920000
0x000000014ecf36e0:   00007fd1458d4810 000000f844921aa0
0x000000014ecf36f0:   000000014ecf3ba0 00007fd144922250
0x000000014ecf3700:   00007fd144922260 00007fd144922638 

Instructions: (pc=0x0000000101ac6be4)
0x0000000101ac6bc4:   00 00 00 48 8b 4f 10 48 89 4d c8 48 89 f3 49 89
0x0000000101ac6bd4:   fe 48 8d 04 c1 48 89 45 d0 48 8b 45 d0 4c 8b 38
0x0000000101ac6be4:   41 83 7f 1c 00 75 1d 45 31 e4 44 89 e0 48 c1 e0
0x0000000101ac6bf4:   03 48 8b 4d d0 48 29 c1 48 89 4d d0 48 3b 4d c8 

Register to memory mapping:

RAX=0x00007fd146110178 is an unknown value
RBX=0x00007fd1461097f0 is an unknown value
RCX=0x00007fd146110178 is an unknown value
RDX=0x00007fd146110180 is an unknown value
RSP=0x000000014ecf3510 is pointing into the stack for thread: 0x00007fd145020000
RBP=0x000000014ecf3550 is pointing into the stack for thread: 0x00007fd145020000
RSI=0x0000000000000003 is an unknown value
RDI=0x00007fd1461097f0 is an unknown value
R8 =0x0000000000000000 is an unknown value
R9 =0x0000000000000301 is an unknown value
R10=0x00007fd1458d7500 is an unknown value
R11=0x00007fd1460a9601 is an unknown value
R12=0x0000000000000001 is an unknown value
R13=0x0000000000000004 is an unknown value
R14=0x00007fd14610be18 is an unknown value
R15=0x00087fd14610c280 is an unknown value


Stack: [0x000000014ebf7000,0x000000014ecf7000],  sp=0x000000014ecf3510,  free space=1009k
Native frames: (J=compiled Java code, j=interpreted, Vv=VM code, C=native code)
V  [libjvm.dylib+0x449be4]
V  [libjvm.dylib+0x469a94]
V  [libjvm.dylib+0x1763e6]
V  [libjvm.dylib+0x1b9d3e]
V  [libjvm.dylib+0x1bd4bc]
V  [libjvm.dylib+0x166b07]
V  [libjvm.dylib+0x1c0618]
V  [libjvm.dylib+0x1c235a]
V  [libjvm.dylib+0x4f759d]
V  [libjvm.dylib+0x4f8ca5]
V  [libjvm.dylib+0x421c4e]
C  [libsystem_c.dylib+0x14772]  _pthread_start+0x147
C  [libsystem_c.dylib+0x11a1]  thread_start+0xd


Current CompileTask:
C2:    745   92             com.android.dx.ssa.SsaMethod::computeReachability (131 bytes)


---------------  P R O C E S S  ---------------

Java Threads: ( => current thread )
  0x00007fd145021000 JavaThread "Service Thread" daemon [_thread_blocked, id=23299, stack(0x000000014ecfa000,0x000000014edfa000)]
=>0x00007fd145020000 JavaThread "C2 CompilerThread1" daemon [_thread_in_native, id=22787, stack(0x000000014ebf7000,0x000000014ecf7000)]
  0x00007fd14501e800 JavaThread "C2 CompilerThread0" daemon [_thread_in_native, id=22275, stack(0x000000014eaf4000,0x000000014ebf4000)]
  0x00007fd145019800 JavaThread "Signal Dispatcher" daemon [_thread_blocked, id=21763, stack(0x000000014e9f1000,0x000000014eaf1000)]
  0x00007fd145009800 JavaThread "Finalizer" daemon [_thread_blocked, id=16899, stack(0x000000014e71d000,0x000000014e81d000)]
  0x00007fd145008800 JavaThread "Reference Handler" daemon [_thread_blocked, id=16387, stack(0x000000014e61a000,0x000000014e71a000)]
  0x00007fd146001800 JavaThread "main" [_thread_in_Java, id=3855, stack(0x00000001020e1000,0x00000001021e1000)]

Other Threads:
  0x00007fd146048000 VMThread [stack: 0x000000014e517000,0x000000014e617000] [id=15875]
  0x00007fd145001800 WatcherThread [stack: 0x000000014edfd000,0x000000014eefd000] [id=23811]

VM state:not at safepoint (normal execution)

VM Mutex/Monitor currently owned by a thread: None

Heap
 PSYoungGen      total 38912K, used 14928K [0x0000000135080000, 0x0000000137b80000, 0x000000014a600000)
  eden space 33792K, 44% used [0x0000000135080000,0x0000000135f143e0,0x0000000137180000)
  from space 5120K, 0% used [0x0000000137680000,0x0000000137680000,0x0000000137b80000)
  to   space 5120K, 0% used [0x0000000137180000,0x0000000137180000,0x0000000137680000)
 ParOldGen       total 87040K, used 0K [0x000000010a600000, 0x000000010fb00000, 0x0000000135080000)
  object space 87040K, 0% used [0x000000010a600000,0x000000010a600000,0x000000010fb00000)
 PSPermGen       total 21504K, used 4942K [0x0000000105400000, 0x0000000106900000, 0x000000010a600000)
  object space 21504K, 22% used [0x0000000105400000,0x00000001058d3938,0x0000000106900000)

Card table byte_map: [0x000000014a600000,0x000000014a82a000] byte_map_base: 0x0000000149dd6000

Polling page: 0x0000000102220000

Code Cache  [0x00000001022b6000, 0x0000000102526000, 0x00000001052b6000)
 total_blobs=310 nmethods=102 adapters=162 free_code_cache=48621Kb largest_free_block=49763072

Compilation events (10 events):
Event: 0.694 Thread 0x00007fd14501e800   96             com.android.dx.cf.code.LineNumberList$Item::getStartPc (5 bytes)
Event: 0.695 Thread 0x00007fd14501e800 nmethod 96 0x0000000102338b90 code [0x0000000102338cc0, 0x0000000102338d18]
Event: 0.695 Thread 0x00007fd14501e800   97             com.android.dx.cf.code.Ropper::getAvailableLabel (54 bytes)
Event: 0.703 Thread 0x00007fd14501e800 nmethod 97 0x0000000102336ed0 code [0x0000000102337060, 0x0000000102337468]
Event: 0.703 Thread 0x00007fd14501e800   98             java.util.ArrayList$Itr::<init> (6 bytes)
Event: 0.703 Thread 0x00007fd14501e800 nmethod 98 0x0000000102331a90 code [0x0000000102331bc0, 0x0000000102331c58]
Event: 0.703 Thread 0x00007fd14501e800   99             java.util.ArrayList$Itr::<init> (26 bytes)
Event: 0.704 Thread 0x00007fd14501e800 nmethod 99 0x000000010233a350 code [0x000000010233a480, 0x000000010233a518]
Event: 0.705 Thread 0x00007fd14501e800  100             java.util.ArrayList::iterator (10 bytes)
Event: 0.707 Thread 0x00007fd14501e800 nmethod 100 0x000000010233a090 code [0x000000010233a1e0, 0x000000010233a2b8]

GC Heap History (0 events):
No events

Deoptimization events (1 events):
Event: 0.682 Thread 0x00007fd146001800 Uncommon trap: reason=null_check action=make_not_entrant pc=0x00000001023396f8 method=com.android.dx.rop.code.LocalItem.equals(Ljava/lang/Object;)Z @ 1

Internal exceptions (10 events):
Event: 0.471 Thread 0x00007fd146001800 Threw 0x0000000135a709f8 at /HUDSON/workspace/7u-2-build-macosx-x86_64/jdk7u79/2331/hotspot/src/share/vm/prims/jvm.cpp:1304
Event: 0.499 Thread 0x00007fd146001800 Threw 0x0000000135adfc00 at /HUDSON/workspace/7u-2-build-macosx-x86_64/jdk7u79/2331/hotspot/src/share/vm/prims/jvm.cpp:1304
Event: 0.502 Thread 0x00007fd146001800 Threw 0x0000000135aea3a0 at /HUDSON/workspace/7u-2-build-macosx-x86_64/jdk7u79/2331/hotspot/src/share/vm/prims/jvm.cpp:1304
Event: 0.505 Thread 0x00007fd146001800 Threw 0x0000000135af0e80 at /HUDSON/workspace/7u-2-build-macosx-x86_64/jdk7u79/2331/hotspot/src/share/vm/prims/jvm.cpp:1304
Event: 0.542 Thread 0x00007fd146001800 Threw 0x0000000135b81698 at /HUDSON/workspace/7u-2-build-macosx-x86_64/jdk7u79/2331/hotspot/src/share/vm/prims/jvm.cpp:1304
Event: 0.545 Thread 0x00007fd146001800 Threw 0x0000000135b8f210 at /HUDSON/workspace/7u-2-build-macosx-x86_64/jdk7u79/2331/hotspot/src/share/vm/prims/jvm.cpp:1304
Event: 0.631 Thread 0x00007fd146001800 Threw 0x0000000135cb4c00 at /HUDSON/workspace/7u-2-build-macosx-x86_64/jdk7u79/2331/hotspot/src/share/vm/prims/jvm.cpp:1304
Event: 0.633 Thread 0x00007fd146001800 Threw 0x0000000135cbee58 at /HUDSON/workspace/7u-2-build-macosx-x86_64/jdk7u79/2331/hotspot/src/share/vm/prims/jvm.cpp:1304
Event: 0.633 Thread 0x00007fd146001800 Threw 0x0000000135cc1528 at /HUDSON/workspace/7u-2-build-macosx-x86_64/jdk7u79/2331/hotspot/src/share/vm/prims/jvm.cpp:1304
Event: 0.682 Thread 0x00007fd146001800 Implicit null exception at 0x000000010233935d to 0x00000001023396e5

Events (10 events):
Event: 0.631 loading class 0x00007fd143c14b00 done
Event: 0.632 loading class 0x00007fd143c15230
Event: 0.632 loading class 0x00007fd143c15230 done
Event: 0.633 loading class 0x00007fd144949260
Event: 0.633 loading class 0x00007fd144949260 done
Event: 0.682 Thread 0x00007fd146001800 Uncommon trap: trap_request=0xfffffff4 fr.pc=0x00000001023396f8
Event: 0.682 Thread 0x00007fd146001800 DEOPT PACKING pc=0x00000001023396f8 sp=0x00000001021df6f0
Event: 0.682 Thread 0x00007fd146001800 DEOPT UNPACKING pc=0x00000001022ef045 sp=0x00000001021df660 mode 2
Event: 0.700 loading class 0x000000014d2b3750
Event: 0.700 loading class 0x000000014d2b3750 done


Dynamic libraries:
0x0000000009348000 	/System/Library/Frameworks/Cocoa.framework/Versions/A/Cocoa
0x0000000009348000 	/System/Library/Frameworks/Security.framework/Versions/A/Security
0x0000000009348000 	/System/Library/Frameworks/ApplicationServices.framework/Versions/A/ApplicationServices
0x0000000009348000 	/usr/lib/libz.1.dylib
0x0000000009348000 	/usr/lib/libSystem.B.dylib
0x0000000009348000 	/usr/lib/libobjc.A.dylib
0x0000000009348000 	/System/Library/Frameworks/CoreFoundation.framework/Versions/A/CoreFoundation
0x0000000009348000 	/System/Library/Frameworks/Foundation.framework/Versions/C/Foundation
0x0000000009348000 	/System/Library/Frameworks/AppKit.framework/Versions/C/AppKit
0x0000000009348000 	/System/Library/Frameworks/CoreData.framework/Versions/A/CoreData
0x0000000009348000 	/System/Library/PrivateFrameworks/RemoteViewServices.framework/Versions/A/RemoteViewServices
0x0000000009348000 	/System/Library/Frameworks/AudioToolbox.framework/Versions/A/AudioToolbox
0x0000000009348000 	/System/Library/Frameworks/AudioUnit.framework/Versions/A/AudioUnit
0x0000000009348000 	/System/Library/PrivateFrameworks/DataDetectorsCore.framework/Versions/A/DataDetectorsCore
0x0000000009348000 	/System/Library/PrivateFrameworks/DesktopServicesPriv.framework/Versions/A/DesktopServicesPriv
0x0000000009348000 	/System/Library/Frameworks/Carbon.framework/Versions/A/Frameworks/HIToolbox.framework/Versions/A/HIToolbox
0x0000000009348000 	/System/Library/Frameworks/QuartzCore.framework/Versions/A/QuartzCore
0x0000000009348000 	/System/Library/Frameworks/Carbon.framework/Versions/A/Frameworks/SpeechRecognition.framework/Versions/A/SpeechRecognition
0x0000000009348000 	/usr/lib/libauto.dylib
0x0000000009348000 	/usr/lib/libicucore.A.dylib
0x0000000009348000 	/usr/lib/libxml2.2.dylib
0x0000000009348000 	/System/Library/PrivateFrameworks/CoreUI.framework/Versions/A/CoreUI
0x0000000009348000 	/System/Library/Frameworks/CoreAudio.framework/Versions/A/CoreAudio
0x0000000009348000 	/System/Library/Frameworks/DiskArbitration.framework/Versions/A/DiskArbitration
0x0000000009348000 	/usr/lib/liblangid.dylib
0x0000000009348000 	/System/Library/PrivateFrameworks/MultitouchSupport.framework/Versions/A/MultitouchSupport
0x0000000009348000 	/System/Library/Frameworks/IOKit.framework/Versions/A/IOKit
0x0000000009348000 	/usr/lib/libDiagnosticMessagesClient.dylib
0x0000000009348000 	/System/Library/Frameworks/CoreServices.framework/Versions/A/CoreServices
0x0000000009348000 	/System/Library/PrivateFrameworks/PerformanceAnalysis.framework/Versions/A/PerformanceAnalysis
0x0000000009348000 	/System/Library/PrivateFrameworks/GenerationalStorage.framework/Versions/A/GenerationalStorage
0x0000000009348000 	/System/Library/Frameworks/OpenGL.framework/Versions/A/OpenGL
0x0000000009348000 	/System/Library/Frameworks/CoreText.framework/Versions/A/CoreText
0x0000000009348000 	/System/Library/Frameworks/ImageIO.framework/Versions/A/ImageIO
0x0000000009348000 	/System/Library/PrivateFrameworks/Backup.framework/Versions/A/Backup
0x0000000009348000 	/System/Library/Frameworks/CFNetwork.framework/Versions/A/CFNetwork
0x0000000009348000 	/System/Library/Frameworks/SystemConfiguration.framework/Versions/A/SystemConfiguration
0x0000000009348000 	/usr/lib/libCRFSuite.dylib
0x0000000009348000 	/System/Library/PrivateFrameworks/TCC.framework/Versions/A/TCC
0x0000000009348000 	/usr/lib/libc++.1.dylib
0x0000000009348000 	/usr/lib/libc++abi.dylib
0x0000000009348000 	/usr/lib/system/libcache.dylib
0x0000000009348000 	/usr/lib/system/libcommonCrypto.dylib
0x0000000009348000 	/usr/lib/system/libcompiler_rt.dylib
0x0000000009348000 	/usr/lib/system/libcopyfile.dylib
0x0000000009348000 	/usr/lib/system/libdispatch.dylib
0x0000000009348000 	/usr/lib/system/libdnsinfo.dylib
0x0000000009348000 	/usr/lib/system/libdyld.dylib
0x0000000009348000 	/usr/lib/system/libkeymgr.dylib
0x0000000009348000 	/usr/lib/system/liblaunch.dylib
0x0000000009348000 	/usr/lib/system/libmacho.dylib
0x0000000009348000 	/usr/lib/system/libquarantine.dylib
0x0000000009348000 	/usr/lib/system/libremovefile.dylib
0x0000000009348000 	/usr/lib/system/libsystem_blocks.dylib
0x0000000009348000 	/usr/lib/system/libsystem_c.dylib
0x0000000009348000 	/usr/lib/system/libsystem_dnssd.dylib
0x0000000009348000 	/usr/lib/system/libsystem_info.dylib
0x0000000009348000 	/usr/lib/system/libsystem_kernel.dylib
0x0000000009348000 	/usr/lib/system/libsystem_m.dylib
0x0000000009348000 	/usr/lib/system/libsystem_network.dylib
0x0000000009348000 	/usr/lib/system/libsystem_notify.dylib
0x0000000009348000 	/usr/lib/system/libsystem_sandbox.dylib
0x0000000009348000 	/usr/lib/system/libunc.dylib
0x0000000009348000 	/usr/lib/system/libunwind.dylib
0x0000000009348000 	/usr/lib/system/libxpc.dylib
0x0000000009348000 	/usr/lib/system/libcorecrypto.dylib
0x0000000009348000 	/usr/lib/libstdc++.6.dylib
0x0000000009348000 	/usr/lib/libbsm.0.dylib
0x0000000009348000 	/usr/lib/libsqlite3.dylib
0x0000000009348000 	/usr/lib/libxar.1.dylib
0x0000000009348000 	/usr/lib/libpam.2.dylib
0x0000000009348000 	/usr/lib/libOpenScriptingUtil.dylib
0x0000000009348000 	/usr/lib/libbz2.1.0.dylib
0x0000000009348000 	/System/Library/Frameworks/CoreServices.framework/Versions/A/Frameworks/CarbonCore.framework/Versions/A/CarbonCore
0x0000000009348000 	/System/Library/Frameworks/CoreServices.framework/Versions/A/Frameworks/Metadata.framework/Versions/A/Metadata
0x0000000009348000 	/System/Library/Frameworks/CoreServices.framework/Versions/A/Frameworks/OSServices.framework/Versions/A/OSServices
0x0000000009348000 	/System/Library/Frameworks/CoreServices.framework/Versions/A/Frameworks/SearchKit.framework/Versions/A/SearchKit
0x0000000009348000 	/System/Library/Frameworks/CoreServices.framework/Versions/A/Frameworks/AE.framework/Versions/A/AE
0x0000000009348000 	/System/Library/Frameworks/CoreServices.framework/Versions/A/Frameworks/LaunchServices.framework/Versions/A/LaunchServices
0x0000000009348000 	/System/Library/Frameworks/CoreServices.framework/Versions/A/Frameworks/DictionaryServices.framework/Versions/A/DictionaryServices
0x0000000009348000 	/System/Library/Frameworks/NetFS.framework/Versions/A/NetFS
0x0000000009348000 	/usr/lib/system/libkxld.dylib
0x0000000009348000 	/System/Library/PrivateFrameworks/NetAuth.framework/Versions/A/NetAuth
0x0000000009348000 	/System/Library/Frameworks/OpenDirectory.framework/Versions/A/Frameworks/CFOpenDirectory.framework/Versions/A/CFOpenDirectory
0x0000000009348000 	/usr/lib/libxslt.1.dylib
0x0000000009348000 	/System/Library/PrivateFrameworks/FamilyControls.framework/Versions/A/FamilyControls
0x0000000009348000 	/System/Library/Frameworks/Carbon.framework/Versions/A/Frameworks/Ink.framework/Versions/A/Ink
0x0000000009348000 	/System/Library/Frameworks/ApplicationServices.framework/Versions/A/Frameworks/CoreGraphics.framework/Versions/A/CoreGraphics
0x0000000009348000 	/System/Library/Frameworks/ApplicationServices.framework/Versions/A/Frameworks/ATS.framework/Versions/A/ATS
0x0000000009348000 	/System/Library/Frameworks/ApplicationServices.framework/Versions/A/Frameworks/ColorSync.framework/Versions/A/ColorSync
0x0000000009348000 	/System/Library/Frameworks/ApplicationServices.framework/Versions/A/Frameworks/HIServices.framework/Versions/A/HIServices
0x0000000009348000 	/System/Library/Frameworks/ApplicationServices.framework/Versions/A/Frameworks/LangAnalysis.framework/Versions/A/LangAnalysis
0x0000000009348000 	/System/Library/Frameworks/ApplicationServices.framework/Versions/A/Frameworks/PrintCore.framework/Versions/A/PrintCore
0x0000000009348000 	/System/Library/Frameworks/ApplicationServices.framework/Versions/A/Frameworks/QD.framework/Versions/A/QD
0x0000000009348000 	/System/Library/Frameworks/ApplicationServices.framework/Versions/A/Frameworks/SpeechSynthesis.framework/Versions/A/SpeechSynthesis
0x0000000009348000 	/System/Library/Frameworks/IOSurface.framework/Versions/A/IOSurface
0x0000000009348000 	/System/Library/Frameworks/Accelerate.framework/Versions/A/Accelerate
0x0000000009348000 	/System/Library/Frameworks/ApplicationServices.framework/Versions/A/Frameworks/ATS.framework/Versions/A/Resources/libFontParser.dylib
0x0000000009348000 	/System/Library/Frameworks/ApplicationServices.framework/Versions/A/Frameworks/ATS.framework/Versions/A/Resources/libFontRegistry.dylib
0x0000000009348000 	/System/Library/Frameworks/Accelerate.framework/Versions/A/Frameworks/vImage.framework/Versions/A/vImage
0x0000000009348000 	/System/Library/Frameworks/Accelerate.framework/Versions/A/Frameworks/vecLib.framework/Versions/A/vecLib
0x0000000009348000 	/System/Library/Frameworks/Accelerate.framework/Versions/A/Frameworks/vecLib.framework/Versions/A/libvDSP.dylib
0x0000000009348000 	/System/Library/Frameworks/Accelerate.framework/Versions/A/Frameworks/vecLib.framework/Versions/A/libvMisc.dylib
0x0000000009348000 	/System/Library/Frameworks/Accelerate.framework/Versions/A/Frameworks/vecLib.framework/Versions/A/libLAPACK.dylib
0x0000000009348000 	/System/Library/Frameworks/Accelerate.framework/Versions/A/Frameworks/vecLib.framework/Versions/A/libBLAS.dylib
0x0000000009348000 	/System/Library/Frameworks/ImageIO.framework/Versions/A/Resources/libJPEG.dylib
0x0000000009348000 	/System/Library/Frameworks/ImageIO.framework/Versions/A/Resources/libTIFF.dylib
0x0000000009348000 	/System/Library/Frameworks/ImageIO.framework/Versions/A/Resources/libPng.dylib
0x0000000009348000 	/System/Library/Frameworks/ImageIO.framework/Versions/A/Resources/libGIF.dylib
0x0000000009348000 	/System/Library/Frameworks/ImageIO.framework/Versions/A/Resources/libJP2.dylib
0x0000000009348000 	/System/Library/Frameworks/ImageIO.framework/Versions/A/Resources/libRadiance.dylib
0x0000000009348000 	/usr/lib/libcups.2.dylib
0x0000000009348000 	/System/Library/Frameworks/Kerberos.framework/Versions/A/Kerberos
0x0000000009348000 	/System/Library/Frameworks/GSS.framework/Versions/A/GSS
0x0000000009348000 	/usr/lib/libresolv.9.dylib
0x0000000009348000 	/usr/lib/libiconv.2.dylib
0x0000000009348000 	/System/Library/PrivateFrameworks/Heimdal.framework/Versions/A/Heimdal
0x0000000009348000 	/System/Library/PrivateFrameworks/TrustEvaluationAgent.framework/Versions/A/TrustEvaluationAgent
0x0000000009348000 	/System/Library/Frameworks/OpenDirectory.framework/Versions/A/OpenDirectory
0x0000000009348000 	/System/Library/PrivateFrameworks/CommonAuth.framework/Versions/A/CommonAuth
0x0000000009348000 	/System/Library/PrivateFrameworks/Bom.framework/Versions/A/Bom
0x0000000009348000 	/System/Library/Frameworks/CoreVideo.framework/Versions/A/CoreVideo
0x0000000009348000 	/System/Library/Frameworks/QuartzCore.framework/Versions/A/Frameworks/CoreImage.framework/Versions/A/CoreImage
0x0000000009348000 	/System/Library/Frameworks/QuartzCore.framework/Versions/A/Frameworks/ScalableUserInterface.framework/Versions/A/ScalableUserInterface
0x0000000009348000 	/System/Library/Frameworks/OpenGL.framework/Versions/A/Libraries/libGLU.dylib
0x0000000009348000 	/System/Library/Frameworks/OpenGL.framework/Versions/A/Libraries/libGFXShared.dylib
0x0000000009348000 	/System/Library/Frameworks/OpenGL.framework/Versions/A/Libraries/libGL.dylib
0x0000000009348000 	/System/Library/Frameworks/OpenGL.framework/Versions/A/Libraries/libGLImage.dylib
0x0000000009348000 	/System/Library/Frameworks/OpenGL.framework/Versions/A/Libraries/libCVMSPluginSupport.dylib
0x0000000009348000 	/System/Library/Frameworks/OpenGL.framework/Versions/A/Libraries/libCoreVMClient.dylib
0x0000000009348000 	/System/Library/PrivateFrameworks/CrashReporterSupport.framework/Versions/A/CrashReporterSupport
0x0000000009348000 	/System/Library/Frameworks/OpenCL.framework/Versions/A/OpenCL
0x0000000009348000 	/System/Library/PrivateFrameworks/FaceCoreLight.framework/Versions/A/FaceCoreLight
0x0000000009348000 	/System/Library/PrivateFrameworks/AppleFSCompression.framework/Versions/A/AppleFSCompression
0x0000000009348000 	/System/Library/PrivateFrameworks/Ubiquity.framework/Versions/A/Ubiquity
0x0000000009348000 	/System/Library/Frameworks/ServiceManagement.framework/Versions/A/ServiceManagement
0x0000000009348000 	/System/Library/PrivateFrameworks/ChunkingLibrary.framework/Versions/A/ChunkingLibrary
0x0000000009348000 	/System/Library/Frameworks/vecLib.framework/Versions/A/vecLib
0x0000000009348000 	/System/Library/Frameworks/SecurityFoundation.framework/Versions/A/SecurityFoundation
0x0000000009348000 	/System/Library/PrivateFrameworks/CommerceKit.framework/Versions/A/Frameworks/CommerceCore.framework/Versions/A/CommerceCore
0x0000000009348000 	/System/Library/PrivateFrameworks/CoreSymbolication.framework/Versions/A/CoreSymbolication
0x0000000009348000 	/System/Library/PrivateFrameworks/Symbolication.framework/Versions/A/Symbolication
0x0000000009348000 	/System/Library/PrivateFrameworks/DebugSymbols.framework/Versions/A/DebugSymbols
0x000000010167d000 	/Library/Java/JavaVirtualMachines/jdk1.7.0_79.jdk/Contents/Home/jre/lib/server/libjvm.dylib
0x00000001021e3000 	/Library/Java/JavaVirtualMachines/jdk1.7.0_79.jdk/Contents/Home/jre/lib/libverify.dylib
0x00000001021f0000 	/Library/Java/JavaVirtualMachines/jdk1.7.0_79.jdk/Contents/Home/jre/lib/libjava.dylib
0x00000001022ad000 	/Library/Java/JavaVirtualMachines/jdk1.7.0_79.jdk/Contents/Home/jre/lib/libzip.dylib
0x000000014e81f000 	/System/Library/Frameworks/JavaVM.framework/Frameworks/JavaRuntimeSupport.framework/JavaRuntimeSupport
0x000000014e838000 	/System/Library/Frameworks/JavaVM.framework/Versions/A/Frameworks/JavaNativeFoundation.framework/Versions/A/JavaNativeFoundation
0x000000014e84e000 	/System/Library/Frameworks/JavaVM.framework/Versions/A/JavaVM
0x0000000009348000 	/System/Library/Frameworks/Carbon.framework/Versions/A/Carbon
0x000000014e85b000 	/System/Library/PrivateFrameworks/JavaLaunching.framework/Versions/A/JavaLaunching
0x0000000009348000 	/System/Library/Frameworks/Carbon.framework/Versions/A/Frameworks/CommonPanels.framework/Versions/A/CommonPanels
0x0000000009348000 	/System/Library/Frameworks/Carbon.framework/Versions/A/Frameworks/Help.framework/Versions/A/Help
0x0000000009348000 	/System/Library/Frameworks/Carbon.framework/Versions/A/Frameworks/ImageCapture.framework/Versions/A/ImageCapture
0x0000000009348000 	/System/Library/Frameworks/Carbon.framework/Versions/A/Frameworks/OpenScripting.framework/Versions/A/OpenScripting
0x0000000009348000 	/System/Library/Frameworks/Carbon.framework/Versions/A/Frameworks/Print.framework/Versions/A/Print
0x0000000009348000 	/System/Library/Frameworks/Carbon.framework/Versions/A/Frameworks/SecurityHI.framework/Versions/A/SecurityHI

VM Arguments:
jvm_args: -Xmx1024M 
java_command: /Users/ashwini/Library/Android/sdk/build-tools/21.1.2/lib/dx.jar --dex --output /Users/ashwini/Desktop/Projects/Android/TwitterClient/app/build/intermediates/dex/debug --input-list=/Users/ashwini/Desktop/Projects/Android/TwitterClient/app/build/intermediates/tmp/dex/debug/inputList.txt
Launcher Type: SUN_STANDARD

Environment Variables:
PATH=/usr/bin:/bin:/usr/sbin:/sbin
SHELL=/bin/bash

Signal Handlers:
SIGSEGV: [libjvm.dylib+0x52daf1], sa_mask[0]=0xfffefeff, sa_flags=0x00000043
SIGBUS: [libjvm.dylib+0x52daf1], sa_mask[0]=0xfffefeff, sa_flags=0x00000042
SIGFPE: [libjvm.dylib+0x41f34e], sa_mask[0]=0xfffefeff, sa_flags=0x00000042
SIGPIPE: [libjvm.dylib+0x41f34e], sa_mask[0]=0xfffefeff, sa_flags=0x00000042
SIGXFSZ: [libjvm.dylib+0x41f34e], sa_mask[0]=0xfffefeff, sa_flags=0x00000042
SIGILL: [libjvm.dylib+0x41f34e], sa_mask[0]=0xfffefeff, sa_flags=0x00000042
SIGUSR1: SIG_DFL, sa_mask[0]=0x00000000, sa_flags=0x00000002
SIGUSR2: [libjvm.dylib+0x41ee40], sa_mask[0]=0x00000004, sa_flags=0x00000042
SIGHUP: [libjvm.dylib+0x41d0d1], sa_mask[0]=0xfffefeff, sa_flags=0x00000042
SIGINT: [libjvm.dylib+0x41d0d1], sa_mask[0]=0xfffefeff, sa_flags=0x00000042
SIGTERM: [libjvm.dylib+0x41d0d1], sa_mask[0]=0xfffefeff, sa_flags=0x00000042
SIGQUIT: [libjvm.dylib+0x41d0d1], sa_mask[0]=0xfffefeff, sa_flags=0x00000042


---------------  S Y S T E M  ---------------

OS:Bsduname:Darwin 12.6.0 Darwin Kernel Version 12.6.0: Wed Mar 18 16:23:48 PDT 2015; root:xnu-2050.48.19~1/RELEASE_X86_64 x86_64
rlimit: STACK 8192k, CORE 0k, NPROC 709, NOFILE 10240, AS infinity
load average:2.03 1.88 1.78

CPU:total 4 (2 cores per cpu, 2 threads per core) family 6 model 42 stepping 7, cmov, cx8, fxsr, mmx, sse, sse2, sse3, ssse3, sse4.1, sse4.2, popcnt, avx, aes, ht, tsc, tscinvbit

Memory: 4k page, physical 8388608k(2097152k free)

/proc/meminfo:


vm_info: Java HotSpot(TM) 64-Bit Server VM (24.79-b02) for bsd-amd64 JRE (1.7.0_79-b15), built on Apr 10 2015 11:35:04 by "java_re" with gcc 4.2.1 (Based on Apple Inc. build 5658) (LLVM build 2336.11.00)

time: Wed May 20 12:10:37 2015
elapsed time: 0 seconds

