#
# A fatal error has been detected by the Java Runtime Environment:
#
#  SIGSEGV (0xb) at pc=0x0000000108ba6edd, pid=6809, tid=22787
#
# JRE version: Java(TM) SE Runtime Environment (7.0_79-b15) (build 1.7.0_79-b15)
# Java VM: Java HotSpot(TM) 64-Bit Server VM (24.79-b02 mixed mode bsd-amd64 compressed oops)
# Problematic frame:
# V  [libjvm.dylib+0x235edd]  NTarjan::setdepth(unsigned int, unsigned int*)+0x33
#
# Failed to write core dump. Core dumps have been disabled. To enable core dumping, try "ulimit -c unlimited" before starting Java again
#
# If you would like to submit a bug report, please visit:
#   http://bugreport.java.com/bugreport/crash.jsp
#

---------------  T H R E A D  ---------------

Current thread (0x00007fcb72846000):  JavaThread "C2 CompilerThread1" daemon [_thread_in_native, id=22787, stack(0x0000000155ee3000,0x0000000155fe3000)]

siginfo:si_signo=SIGSEGV: si_errno=0, si_code=0 (SEGV0), si_addr=0x0000000000000000

Registers:
RAX=0x00007fcb734477e0, RBX=0x00007fcb73424a10, RCX=0x0000000000000021, RDX=0x00007fcb734477f0
RSP=0x0000000155fdc750, RBP=0x0000000155fdc760, RSI=0x00007fcb73447800, RDI=0x0040000000000000
R8 =0x00000001568949b0, R9 =0x0000000000000000, R10=0x000000010882b000, R11=0x0000000000000100
R12=0x0000000156870010, R13=0x0000000155fdd618, R14=0x0000000156870060, R15=0x0000000155fdc7b0
RIP=0x0000000108ba6edd, EFLAGS=0x0000000000010206, ERR=0x0000000000000000
  TRAPNO=0x000000000000000d

Top of Stack: (sp=0x0000000155fdc750)
0x0000000155fdc750:   0000000155fdcbd0 0000000155fdcbd0
0x0000000155fdc760:   0000000155fdc820 0000000108ba7637
0x0000000155fdc770:   0000000000000000 0000000000000000
0x0000000155fdc780:   00007fcb73432010 0000000156870010
0x0000000155fdc790:   0000000156870060 00007fcb728d3650
0x0000000155fdc7a0:   00007fcb72019a70 0000000155fdcbd0
0x0000000155fdc7b0:   0000000109177840 00007fcb72019a70
0x0000000155fdc7c0:   0000000100000200 00007fcb73442b80
0x0000000155fdc7d0:   00007fcb72019a70 00007fcb73424a00
0x0000000155fdc7e0:   00007fcb73431f80 00007fcb73431f80
0x0000000155fdc7f0:   00000000001f0330 0000000155fdcbd0
0x0000000155fdc800:   00007fcb733df210 0000000155fdd618
0x0000000155fdc810:   00007fcb7220db40 0000000000000001
0x0000000155fdc820:   0000000155fdcb60 0000000108d2959d
0x0000000155fdc830:   000000010014d8a0 0000000155fdca6c
0x0000000155fdc840:   0000000000000000 00007fcb72019a70
0x0000000155fdc850:   00000001728a6e98 00007fcb730a3de8
0x0000000155fdc860:   0000000155fdc8f0 00007fff95f1e245
0x0000000155fdc870:   000000015682e000 0000000000021000
0x0000000155fdc880:   0000000100000000 00007fcb730a4188
0x0000000155fdc890:   0000000000000000 000000015682e000
0x0000000155fdc8a0:   0000000000021000 0000000100000000
0x0000000155fdc8b0:   0000000000000000 0000000000000000
0x0000000155fdc8c0:   00007fcb728b9e58 0000000000000000
0x0000000155fdc8d0:   000000010882b000 0000000155fdd618
0x0000000155fdc8e0:   0000000000020010 000000010882b000
0x0000000155fdc8f0:   0000000155fdc9b0 00007fff95f2474f
0x0000000155fdc900:   0000000155fdc910 0000000108e7105f
0x0000000155fdc910:   0884004000020010 00007fcb73338441
0x0000000155fdc920:   000000010882b000 0000000155fd0040
0x0000000155fdc930:   0000000108846400 0000000108846400
0x0000000155fdc940:   0000000155fdca00 00007fff95f24456 

Instructions: (pc=0x0000000108ba6edd)
0x0000000108ba6ebd:   31 f6 e8 ea 9c 23 00 4c 89 30 b9 01 00 00 00 48
0x0000000108ba6ecd:   8d 50 08 eb 05 ff c1 48 89 f2 48 89 d6 48 8b 38
0x0000000108ba6edd:   4c 8b 07 45 8b 40 28 42 89 0c 83 4c 8b 47 40 48
0x0000000108ba6eed:   8b 7f 48 4d 85 c0 74 07 4c 89 06 48 83 c6 08 48 

Register to memory mapping:

RAX=0x00007fcb734477e0 is an unknown value
RBX=0x00007fcb73424a10 is an unknown value
RCX=0x0000000000000021 is an unknown value
RDX=0x00007fcb734477f0 is an unknown value
RSP=0x0000000155fdc750 is pointing into the stack for thread: 0x00007fcb72846000
RBP=0x0000000155fdc760 is pointing into the stack for thread: 0x00007fcb72846000
RSI=0x00007fcb73447800 is an unknown value
RDI=0x0040000000000000 is an unknown value
R8 =0x00000001568949b0 is an unknown value
R9 =0x0000000000000000 is an unknown value
R10=0x000000010882b000 is an unknown value
R11=0x0000000000000100 is an unknown value
R12=0x0000000156870010 is an unknown value
R13=0x0000000155fdd618 is pointing into the stack for thread: 0x00007fcb72846000
R14=0x0000000156870060 is an unknown value
R15=0x0000000155fdc7b0 is pointing into the stack for thread: 0x00007fcb72846000


Stack: [0x0000000155ee3000,0x0000000155fe3000],  sp=0x0000000155fdc750,  free space=997k
Native frames: (J=compiled Java code, j=interpreted, Vv=VM code, C=native code)
V  [libjvm.dylib+0x235edd]  NTarjan::setdepth(unsigned int, unsigned int*)+0x33
V  [libjvm.dylib+0x236637]  PhaseIdealLoop::Dominators()+0x50f
V  [libjvm.dylib+0x3b859d]  PhaseIdealLoop::build_and_optimize(bool, bool)+0x3c5
V  [libjvm.dylib+0x1baa88]  Compile::Optimize()+0x5f8
V  [libjvm.dylib+0x1bd472]  Compile::Compile(ciEnv*, C2Compiler*, ciMethod*, int, bool, bool)+0x88a
V  [libjvm.dylib+0x166b07]  C2Compiler::compile_method(ciEnv*, ciMethod*, int)+0x9d
V  [libjvm.dylib+0x1c0618]  CompileBroker::invoke_compiler_on_method(CompileTask*)+0x3e0
V  [libjvm.dylib+0x1c235a]  CompileBroker::compiler_thread_loop()+0x12c
V  [libjvm.dylib+0x4f759d]  JavaThread::thread_main_inner()+0x9b
V  [libjvm.dylib+0x4f8ca5]  JavaThread::run()+0x1a3
V  [libjvm.dylib+0x421c4e]  java_start(Thread*)+0x126
C  [libsystem_c.dylib+0x14772]  _pthread_start+0x147
C  [libsystem_c.dylib+0x11a1]  thread_start+0xd


Current CompileTask:
C2:   2511  373             com.android.dx.merge.DexMerger::transformMethods (126 bytes)


---------------  P R O C E S S  ---------------

Java Threads: ( => current thread )
  0x00007fcb72864800 JavaThread "Service Thread" daemon [_thread_blocked, id=23299, stack(0x0000000155fe6000,0x00000001560e6000)]
=>0x00007fcb72846000 JavaThread "C2 CompilerThread1" daemon [_thread_in_native, id=22787, stack(0x0000000155ee3000,0x0000000155fe3000)]
  0x00007fcb72863000 JavaThread "C2 CompilerThread0" daemon [_thread_in_native, id=22275, stack(0x0000000155de0000,0x0000000155ee0000)]
  0x00007fcb7285e000 JavaThread "Signal Dispatcher" daemon [_thread_blocked, id=21763, stack(0x0000000155cdd000,0x0000000155ddd000)]
  0x00007fcb72845000 JavaThread "Finalizer" daemon [_thread_blocked, id=16899, stack(0x0000000155a07000,0x0000000155b07000)]
  0x00007fcb73004000 JavaThread "Reference Handler" daemon [_thread_blocked, id=16387, stack(0x0000000155904000,0x0000000155a04000)]
  0x00007fcb71819000 JavaThread "main" [_thread_in_Java, id=4367, stack(0x00000001093d5000,0x00000001094d5000)]

Other Threads:
  0x00007fcb72844800 VMThread [stack: 0x0000000155801000,0x0000000155901000] [id=15875]
  0x00007fcb72875800 WatcherThread [stack: 0x00000001560e9000,0x00000001561e9000] [id=23811]

VM state:not at safepoint (normal execution)

VM Mutex/Monitor currently owned by a thread: None

Heap
 PSYoungGen      total 38912K, used 11723K [0x000000013c380000, 0x0000000140f80000, 0x0000000151900000)
  eden space 33792K, 19% used [0x000000013c380000,0x000000013c9f7e60,0x000000013e480000)
  from space 5120K, 99% used [0x000000013e980000,0x000000013ee7ae30,0x000000013ee80000)
  to   space 5120K, 0% used [0x000000013e480000,0x000000013e480000,0x000000013e980000)
 ParOldGen       total 87040K, used 3702K [0x0000000111900000, 0x0000000116e00000, 0x000000013c380000)
  object space 87040K, 4% used [0x0000000111900000,0x0000000111c9d8f0,0x0000000116e00000)
 PSPermGen       total 21504K, used 6674K [0x000000010c700000, 0x000000010dc00000, 0x0000000111900000)
  object space 21504K, 31% used [0x000000010c700000,0x000000010cd84820,0x000000010dc00000)

Card table byte_map: [0x0000000151900000,0x0000000151b2a000] byte_map_base: 0x000000015109c800

Polling page: 0x0000000109514000

Code Cache  [0x00000001095aa000, 0x000000010981a000, 0x000000010c5aa000)
 total_blobs=632 nmethods=385 adapters=201 free_code_cache=48182Kb largest_free_block=49309376

Compilation events (10 events):
Event: 2.456 Thread 0x00007fcb72863000 nmethod 382 0x000000010969ddd0 code [0x000000010969df00, 0x000000010969df78]
Event: 2.464 Thread 0x00007fcb72863000  383             com.android.dx.io.instructions.TwoRegisterDecodedInstruction::getRegisterCount (2 bytes)
Event: 2.464 Thread 0x00007fcb72863000 nmethod 383 0x000000010969dbd0 code [0x000000010969dd00, 0x000000010969dd58]
Event: 2.485 Thread 0x00007fcb72863000  384             com.android.dx.io.instructions.DecodedInstruction::getTarget (7 bytes)
Event: 2.485 Thread 0x00007fcb72863000 nmethod 384 0x000000010969d9d0 code [0x000000010969db00, 0x000000010969db58]
Event: 2.485 Thread 0x00007fcb72863000  385             com.android.dex.ClassData$Method::getMethodIndex (5 bytes)
Event: 2.486 Thread 0x00007fcb72863000 nmethod 385 0x000000010969d7d0 code [0x000000010969d900, 0x000000010969d958]
Event: 2.486 Thread 0x00007fcb72863000  386             com.android.dex.ClassData$Method::getAccessFlags (5 bytes)
Event: 2.486 Thread 0x00007fcb72863000 nmethod 386 0x000000010969d5d0 code [0x000000010969d700, 0x000000010969d758]
Event: 2.494 Thread 0x00007fcb72863000  387             com.android.dex.Dex::readCode (28 bytes)

GC Heap History (4 events):
Event: 1.993 GC heap before
{Heap before GC invocations=1 (full 0):
 PSYoungGen      total 38912K, used 33792K [0x000000013c380000, 0x000000013ee80000, 0x0000000151900000)
  eden space 33792K, 100% used [0x000000013c380000,0x000000013e480000,0x000000013e480000)
  from space 5120K, 0% used [0x000000013e980000,0x000000013e980000,0x000000013ee80000)
  to   space 5120K, 0% used [0x000000013e480000,0x000000013e480000,0x000000013e980000)
 ParOldGen       total 87040K, used 0K [0x0000000111900000, 0x0000000116e00000, 0x000000013c380000)
  object space 87040K, 0% used [0x0000000111900000,0x0000000111900000,0x0000000116e00000)
 PSPermGen       total 21504K, used 6608K [0x000000010c700000, 0x000000010dc00000, 0x0000000111900000)
  object space 21504K, 30% used [0x000000010c700000,0x000000010cd740e8,0x000000010dc00000)
Event: 2.003 GC heap after
Heap after GC invocations=1 (full 0):
 PSYoungGen      total 38912K, used 5102K [0x000000013c380000, 0x000000013ee80000, 0x0000000151900000)
  eden space 33792K, 0% used [0x000000013c380000,0x000000013c380000,0x000000013e480000)
  from space 5120K, 99% used [0x000000013e480000,0x000000013e97b810,0x000000013e980000)
  to   space 5120K, 0% used [0x000000013e980000,0x000000013e980000,0x000000013ee80000)
 ParOldGen       total 87040K, used 2664K [0x0000000111900000, 0x0000000116e00000, 0x000000013c380000)
  object space 87040K, 3% used [0x0000000111900000,0x0000000111b9a1d8,0x0000000116e00000)
 PSPermGen       total 21504K, used 6608K [0x000000010c700000, 0x000000010dc00000, 0x0000000111900000)
  object space 21504K, 30% used [0x000000010c700000,0x000000010cd740e8,0x000000010dc00000)
}
Event: 2.471 GC heap before
{Heap before GC invocations=2 (full 0):
 PSYoungGen      total 38912K, used 38894K [0x000000013c380000, 0x000000013ee80000, 0x0000000151900000)
  eden space 33792K, 100% used [0x000000013c380000,0x000000013e480000,0x000000013e480000)
  from space 5120K, 99% used [0x000000013e480000,0x000000013e97b810,0x000000013e980000)
  to   space 5120K, 0% used [0x000000013e980000,0x000000013e980000,0x000000013ee80000)
 ParOldGen       total 87040K, used 2664K [0x0000000111900000, 0x0000000116e00000, 0x000000013c380000)
  object space 87040K, 3% used [0x0000000111900000,0x0000000111b9a1d8,0x0000000116e00000)
 PSPermGen       total 21504K, used 6672K [0x000000010c700000, 0x000000010dc00000, 0x0000000111900000)
  object space 21504K, 31% used [0x000000010c700000,0x000000010cd843c0,0x000000010dc00000)
Event: 2.482 GC heap after
Heap after GC invocations=2 (full 0):
 PSYoungGen      total 38912K, used 5099K [0x000000013c380000, 0x0000000140f80000, 0x0000000151900000)
  eden space 33792K, 0% used [0x000000013c380000,0x000000013c380000,0x000000013e480000)
  from space 5120K, 99% used [0x000000013e980000,0x000000013ee7ae30,0x000000013ee80000)
  to   space 5120K, 0% used [0x000000013e480000,0x000000013e480000,0x000000013e980000)
 ParOldGen       total 87040K, used 3702K [0x0000000111900000, 0x0000000116e00000, 0x000000013c380000)
  object space 87040K, 4% used [0x0000000111900000,0x0000000111c9d8f0,0x0000000116e00000)
 PSPermGen       total 21504K, used 6672K [0x000000010c700000, 0x000000010dc00000, 0x0000000111900000)
  object space 21504K, 31% used [0x000000010c700000,0x000000010cd843c0,0x000000010dc00000)
}

Deoptimization events (3 events):
Event: 1.031 Thread 0x00007fcb71819000 Uncommon trap: reason=null_check action=make_not_entrant pc=0x000000010962c3d8 method=com.android.dx.rop.code.LocalItem.equals(Ljava/lang/Object;)Z @ 1
Event: 1.083 Thread 0x00007fcb71819000 Uncommon trap: reason=class_check action=maybe_recompile pc=0x00000001096228b4 method=com.android.dx.ssa.NormalSsaInsn.accept(Lcom/android/dx/ssa/SsaInsn$Visitor;)V @ 9
Event: 1.905 Thread 0x00007fcb71819000 Uncommon trap: reason=predicate action=maybe_recompile pc=0x000000010965d004 method=com.android.dex.Leb128.readUnsignedLeb128(Lcom/android/dex/util/ByteInput;)I @ 41

Internal exceptions (10 events):
Event: 1.768 Thread 0x00007fcb71819000 Threw 0x000000013dfdff78 at /HUDSON/workspace/7u-2-build-macosx-x86_64/jdk7u79/2331/hotspot/src/share/vm/prims/jvm.cpp:1304
Event: 1.768 Thread 0x00007fcb71819000 Threw 0x000000013dfe33d8 at /HUDSON/workspace/7u-2-build-macosx-x86_64/jdk7u79/2331/hotspot/src/share/vm/prims/jvm.cpp:1304
Event: 1.769 Thread 0x00007fcb71819000 Threw 0x000000013dfe6918 at /HUDSON/workspace/7u-2-build-macosx-x86_64/jdk7u79/2331/hotspot/src/share/vm/prims/jvm.cpp:1304
Event: 1.770 Thread 0x00007fcb71819000 Threw 0x000000013dfea680 at /HUDSON/workspace/7u-2-build-macosx-x86_64/jdk7u79/2331/hotspot/src/share/vm/prims/jvm.cpp:1304
Event: 1.770 Thread 0x00007fcb71819000 Threw 0x000000013dfed928 at /HUDSON/workspace/7u-2-build-macosx-x86_64/jdk7u79/2331/hotspot/src/share/vm/prims/jvm.cpp:1304
Event: 1.771 Thread 0x00007fcb71819000 Threw 0x000000013dff0da0 at /HUDSON/workspace/7u-2-build-macosx-x86_64/jdk7u79/2331/hotspot/src/share/vm/prims/jvm.cpp:1304
Event: 1.772 Thread 0x00007fcb71819000 Threw 0x000000013dff4428 at /HUDSON/workspace/7u-2-build-macosx-x86_64/jdk7u79/2331/hotspot/src/share/vm/prims/jvm.cpp:1304
Event: 1.776 Thread 0x00007fcb71819000 Threw 0x000000013dffbb58 at /HUDSON/workspace/7u-2-build-macosx-x86_64/jdk7u79/2331/hotspot/src/share/vm/prims/jvm.cpp:1304
Event: 1.777 Thread 0x00007fcb71819000 Threw 0x000000013dffe090 at /HUDSON/workspace/7u-2-build-macosx-x86_64/jdk7u79/2331/hotspot/src/share/vm/prims/jvm.cpp:1304
Event: 2.319 Thread 0x00007fcb71819000 Threw 0x000000013d514370 at /HUDSON/workspace/7u-2-build-macosx-x86_64/jdk7u79/2331/hotspot/src/share/vm/prims/jvm.cpp:1304

Events (10 events):
Event: 1.905 Thread 0x00007fcb71819000 DEOPT PACKING pc=0x000000010965d004 sp=0x00000001094d4200
Event: 1.905 Thread 0x00007fcb71819000 DEOPT UNPACKING pc=0x00000001095e3045 sp=0x00000001094d41c8 mode 2
Event: 1.993 Executing VM operation: ParallelGCFailedAllocation
Event: 2.003 Executing VM operation: ParallelGCFailedAllocation done
Event: 2.313 loading class 0x00000001545a0810
Event: 2.313 loading class 0x00000001545a0810 done
Event: 2.318 loading class 0x00007fcb72043450
Event: 2.318 loading class 0x00007fcb72043450 done
Event: 2.471 Executing VM operation: ParallelGCFailedAllocation
Event: 2.482 Executing VM operation: ParallelGCFailedAllocation done


Dynamic libraries:
0x0000000009348000 	/System/Library/Frameworks/Cocoa.framework/Versions/A/Cocoa
0x0000000009348000 	/System/Library/Frameworks/Security.framework/Versions/A/Security
0x0000000009348000 	/System/Library/Frameworks/ApplicationServices.framework/Versions/A/ApplicationServices
0x0000000009348000 	/usr/lib/libz.1.dylib
0x0000000009348000 	/usr/lib/libSystem.B.dylib
0x0000000009348000 	/usr/lib/libobjc.A.dylib
0x0000000009348000 	/System/Library/Frameworks/CoreFoundation.framework/Versions/A/CoreFoundation
0x0000000009348000 	/System/Library/Frameworks/Foundation.framework/Versions/C/Foundation
0x0000000009348000 	/System/Library/Frameworks/AppKit.framework/Versions/C/AppKit
0x0000000009348000 	/System/Library/Frameworks/CoreData.framework/Versions/A/CoreData
0x0000000009348000 	/System/Library/PrivateFrameworks/RemoteViewServices.framework/Versions/A/RemoteViewServices
0x0000000009348000 	/System/Library/Frameworks/AudioToolbox.framework/Versions/A/AudioToolbox
0x0000000009348000 	/System/Library/Frameworks/AudioUnit.framework/Versions/A/AudioUnit
0x0000000009348000 	/System/Library/PrivateFrameworks/DataDetectorsCore.framework/Versions/A/DataDetectorsCore
0x0000000009348000 	/System/Library/PrivateFrameworks/DesktopServicesPriv.framework/Versions/A/DesktopServicesPriv
0x0000000009348000 	/System/Library/Frameworks/Carbon.framework/Versions/A/Frameworks/HIToolbox.framework/Versions/A/HIToolbox
0x0000000009348000 	/System/Library/Frameworks/QuartzCore.framework/Versions/A/QuartzCore
0x0000000009348000 	/System/Library/Frameworks/Carbon.framework/Versions/A/Frameworks/SpeechRecognition.framework/Versions/A/SpeechRecognition
0x0000000009348000 	/usr/lib/libauto.dylib
0x0000000009348000 	/usr/lib/libicucore.A.dylib
0x0000000009348000 	/usr/lib/libxml2.2.dylib
0x0000000009348000 	/System/Library/PrivateFrameworks/CoreUI.framework/Versions/A/CoreUI
0x0000000009348000 	/System/Library/Frameworks/CoreAudio.framework/Versions/A/CoreAudio
0x0000000009348000 	/System/Library/Frameworks/DiskArbitration.framework/Versions/A/DiskArbitration
0x0000000009348000 	/usr/lib/liblangid.dylib
0x0000000009348000 	/System/Library/PrivateFrameworks/MultitouchSupport.framework/Versions/A/MultitouchSupport
0x0000000009348000 	/System/Library/Frameworks/IOKit.framework/Versions/A/IOKit
0x0000000009348000 	/usr/lib/libDiagnosticMessagesClient.dylib
0x0000000009348000 	/System/Library/Frameworks/CoreServices.framework/Versions/A/CoreServices
0x0000000009348000 	/System/Library/PrivateFrameworks/PerformanceAnalysis.framework/Versions/A/PerformanceAnalysis
0x0000000009348000 	/System/Library/PrivateFrameworks/GenerationalStorage.framework/Versions/A/GenerationalStorage
0x0000000009348000 	/System/Library/Frameworks/OpenGL.framework/Versions/A/OpenGL
0x0000000009348000 	/System/Library/Frameworks/CoreText.framework/Versions/A/CoreText
0x0000000009348000 	/System/Library/Frameworks/ImageIO.framework/Versions/A/ImageIO
0x0000000009348000 	/System/Library/PrivateFrameworks/Backup.framework/Versions/A/Backup
0x0000000009348000 	/System/Library/Frameworks/CFNetwork.framework/Versions/A/CFNetwork
0x0000000009348000 	/System/Library/Frameworks/SystemConfiguration.framework/Versions/A/SystemConfiguration
0x0000000009348000 	/usr/lib/libCRFSuite.dylib
0x0000000009348000 	/System/Library/PrivateFrameworks/TCC.framework/Versions/A/TCC
0x0000000009348000 	/usr/lib/libc++.1.dylib
0x0000000009348000 	/usr/lib/libc++abi.dylib
0x0000000009348000 	/usr/lib/system/libcache.dylib
0x0000000009348000 	/usr/lib/system/libcommonCrypto.dylib
0x0000000009348000 	/usr/lib/system/libcompiler_rt.dylib
0x0000000009348000 	/usr/lib/system/libcopyfile.dylib
0x0000000009348000 	/usr/lib/system/libdispatch.dylib
0x0000000009348000 	/usr/lib/system/libdnsinfo.dylib
0x0000000009348000 	/usr/lib/system/libdyld.dylib
0x0000000009348000 	/usr/lib/system/libkeymgr.dylib
0x0000000009348000 	/usr/lib/system/liblaunch.dylib
0x0000000009348000 	/usr/lib/system/libmacho.dylib
0x0000000009348000 	/usr/lib/system/libquarantine.dylib
0x0000000009348000 	/usr/lib/system/libremovefile.dylib
0x0000000009348000 	/usr/lib/system/libsystem_blocks.dylib
0x0000000009348000 	/usr/lib/system/libsystem_c.dylib
0x0000000009348000 	/usr/lib/system/libsystem_dnssd.dylib
0x0000000009348000 	/usr/lib/system/libsystem_info.dylib
0x0000000009348000 	/usr/lib/system/libsystem_kernel.dylib
0x0000000009348000 	/usr/lib/system/libsystem_m.dylib
0x0000000009348000 	/usr/lib/system/libsystem_network.dylib
0x0000000009348000 	/usr/lib/system/libsystem_notify.dylib
0x0000000009348000 	/usr/lib/system/libsystem_sandbox.dylib
0x0000000009348000 	/usr/lib/system/libunc.dylib
0x0000000009348000 	/usr/lib/system/libunwind.dylib
0x0000000009348000 	/usr/lib/system/libxpc.dylib
0x0000000009348000 	/usr/lib/system/libcorecrypto.dylib
0x0000000009348000 	/usr/lib/libstdc++.6.dylib
0x0000000009348000 	/usr/lib/libbsm.0.dylib
0x0000000009348000 	/usr/lib/libsqlite3.dylib
0x0000000009348000 	/usr/lib/libxar.1.dylib
0x0000000009348000 	/usr/lib/libpam.2.dylib
0x0000000009348000 	/usr/lib/libOpenScriptingUtil.dylib
0x0000000009348000 	/usr/lib/libbz2.1.0.dylib
0x0000000009348000 	/System/Library/Frameworks/CoreServices.framework/Versions/A/Frameworks/CarbonCore.framework/Versions/A/CarbonCore
0x0000000009348000 	/System/Library/Frameworks/CoreServices.framework/Versions/A/Frameworks/Metadata.framework/Versions/A/Metadata
0x0000000009348000 	/System/Library/Frameworks/CoreServices.framework/Versions/A/Frameworks/OSServices.framework/Versions/A/OSServices
0x0000000009348000 	/System/Library/Frameworks/CoreServices.framework/Versions/A/Frameworks/SearchKit.framework/Versions/A/SearchKit
0x0000000009348000 	/System/Library/Frameworks/CoreServices.framework/Versions/A/Frameworks/AE.framework/Versions/A/AE
0x0000000009348000 	/System/Library/Frameworks/CoreServices.framework/Versions/A/Frameworks/LaunchServices.framework/Versions/A/LaunchServices
0x0000000009348000 	/System/Library/Frameworks/CoreServices.framework/Versions/A/Frameworks/DictionaryServices.framework/Versions/A/DictionaryServices
0x0000000009348000 	/System/Library/Frameworks/NetFS.framework/Versions/A/NetFS
0x0000000009348000 	/usr/lib/system/libkxld.dylib
0x0000000009348000 	/System/Library/PrivateFrameworks/NetAuth.framework/Versions/A/NetAuth
0x0000000009348000 	/System/Library/Frameworks/OpenDirectory.framework/Versions/A/Frameworks/CFOpenDirectory.framework/Versions/A/CFOpenDirectory
0x0000000009348000 	/usr/lib/libxslt.1.dylib
0x0000000009348000 	/System/Library/PrivateFrameworks/FamilyControls.framework/Versions/A/FamilyControls
0x0000000009348000 	/System/Library/Frameworks/Carbon.framework/Versions/A/Frameworks/Ink.framework/Versions/A/Ink
0x0000000009348000 	/System/Library/Frameworks/ApplicationServices.framework/Versions/A/Frameworks/CoreGraphics.framework/Versions/A/CoreGraphics
0x0000000009348000 	/System/Library/Frameworks/ApplicationServices.framework/Versions/A/Frameworks/ATS.framework/Versions/A/ATS
0x0000000009348000 	/System/Library/Frameworks/ApplicationServices.framework/Versions/A/Frameworks/ColorSync.framework/Versions/A/ColorSync
0x0000000009348000 	/System/Library/Frameworks/ApplicationServices.framework/Versions/A/Frameworks/HIServices.framework/Versions/A/HIServices
0x0000000009348000 	/System/Library/Frameworks/ApplicationServices.framework/Versions/A/Frameworks/LangAnalysis.framework/Versions/A/LangAnalysis
0x0000000009348000 	/System/Library/Frameworks/ApplicationServices.framework/Versions/A/Frameworks/PrintCore.framework/Versions/A/PrintCore
0x0000000009348000 	/System/Library/Frameworks/ApplicationServices.framework/Versions/A/Frameworks/QD.framework/Versions/A/QD
0x0000000009348000 	/System/Library/Frameworks/ApplicationServices.framework/Versions/A/Frameworks/SpeechSynthesis.framework/Versions/A/SpeechSynthesis
0x0000000009348000 	/System/Library/Frameworks/IOSurface.framework/Versions/A/IOSurface
0x0000000009348000 	/System/Library/Frameworks/Accelerate.framework/Versions/A/Accelerate
0x0000000009348000 	/System/Library/Frameworks/ApplicationServices.framework/Versions/A/Frameworks/ATS.framework/Versions/A/Resources/libFontParser.dylib
0x0000000009348000 	/System/Library/Frameworks/ApplicationServices.framework/Versions/A/Frameworks/ATS.framework/Versions/A/Resources/libFontRegistry.dylib
0x0000000009348000 	/System/Library/Frameworks/Accelerate.framework/Versions/A/Frameworks/vImage.framework/Versions/A/vImage
0x0000000009348000 	/System/Library/Frameworks/Accelerate.framework/Versions/A/Frameworks/vecLib.framework/Versions/A/vecLib
0x0000000009348000 	/System/Library/Frameworks/Accelerate.framework/Versions/A/Frameworks/vecLib.framework/Versions/A/libvDSP.dylib
0x0000000009348000 	/System/Library/Frameworks/Accelerate.framework/Versions/A/Frameworks/vecLib.framework/Versions/A/libvMisc.dylib
0x0000000009348000 	/System/Library/Frameworks/Accelerate.framework/Versions/A/Frameworks/vecLib.framework/Versions/A/libLAPACK.dylib
0x0000000009348000 	/System/Library/Frameworks/Accelerate.framework/Versions/A/Frameworks/vecLib.framework/Versions/A/libBLAS.dylib
0x0000000009348000 	/System/Library/Frameworks/ImageIO.framework/Versions/A/Resources/libJPEG.dylib
0x0000000009348000 	/System/Library/Frameworks/ImageIO.framework/Versions/A/Resources/libTIFF.dylib
0x0000000009348000 	/System/Library/Frameworks/ImageIO.framework/Versions/A/Resources/libPng.dylib
0x0000000009348000 	/System/Library/Frameworks/ImageIO.framework/Versions/A/Resources/libGIF.dylib
0x0000000009348000 	/System/Library/Frameworks/ImageIO.framework/Versions/A/Resources/libJP2.dylib
0x0000000009348000 	/System/Library/Frameworks/ImageIO.framework/Versions/A/Resources/libRadiance.dylib
0x0000000009348000 	/usr/lib/libcups.2.dylib
0x0000000009348000 	/System/Library/Frameworks/Kerberos.framework/Versions/A/Kerberos
0x0000000009348000 	/System/Library/Frameworks/GSS.framework/Versions/A/GSS
0x0000000009348000 	/usr/lib/libresolv.9.dylib
0x0000000009348000 	/usr/lib/libiconv.2.dylib
0x0000000009348000 	/System/Library/PrivateFrameworks/Heimdal.framework/Versions/A/Heimdal
0x0000000009348000 	/System/Library/PrivateFrameworks/TrustEvaluationAgent.framework/Versions/A/TrustEvaluationAgent
0x0000000009348000 	/System/Library/Frameworks/OpenDirectory.framework/Versions/A/OpenDirectory
0x0000000009348000 	/System/Library/PrivateFrameworks/CommonAuth.framework/Versions/A/CommonAuth
0x0000000009348000 	/System/Library/PrivateFrameworks/Bom.framework/Versions/A/Bom
0x0000000009348000 	/System/Library/Frameworks/CoreVideo.framework/Versions/A/CoreVideo
0x0000000009348000 	/System/Library/Frameworks/QuartzCore.framework/Versions/A/Frameworks/CoreImage.framework/Versions/A/CoreImage
0x0000000009348000 	/System/Library/Frameworks/QuartzCore.framework/Versions/A/Frameworks/ScalableUserInterface.framework/Versions/A/ScalableUserInterface
0x0000000009348000 	/System/Library/Frameworks/OpenGL.framework/Versions/A/Libraries/libGLU.dylib
0x0000000009348000 	/System/Library/Frameworks/OpenGL.framework/Versions/A/Libraries/libGFXShared.dylib
0x0000000009348000 	/System/Library/Frameworks/OpenGL.framework/Versions/A/Libraries/libGL.dylib
0x0000000009348000 	/System/Library/Frameworks/OpenGL.framework/Versions/A/Libraries/libGLImage.dylib
0x0000000009348000 	/System/Library/Frameworks/OpenGL.framework/Versions/A/Libraries/libCVMSPluginSupport.dylib
0x0000000009348000 	/System/Library/Frameworks/OpenGL.framework/Versions/A/Libraries/libCoreVMClient.dylib
0x0000000009348000 	/System/Library/PrivateFrameworks/CrashReporterSupport.framework/Versions/A/CrashReporterSupport
0x0000000009348000 	/System/Library/Frameworks/OpenCL.framework/Versions/A/OpenCL
0x0000000009348000 	/System/Library/PrivateFrameworks/FaceCoreLight.framework/Versions/A/FaceCoreLight
0x0000000009348000 	/System/Library/PrivateFrameworks/AppleFSCompression.framework/Versions/A/AppleFSCompression
0x0000000009348000 	/System/Library/PrivateFrameworks/Ubiquity.framework/Versions/A/Ubiquity
0x0000000009348000 	/System/Library/Frameworks/ServiceManagement.framework/Versions/A/ServiceManagement
0x0000000009348000 	/System/Library/PrivateFrameworks/ChunkingLibrary.framework/Versions/A/ChunkingLibrary
0x0000000009348000 	/System/Library/Frameworks/vecLib.framework/Versions/A/vecLib
0x0000000009348000 	/System/Library/Frameworks/SecurityFoundation.framework/Versions/A/SecurityFoundation
0x0000000009348000 	/System/Library/PrivateFrameworks/CommerceKit.framework/Versions/A/Frameworks/CommerceCore.framework/Versions/A/CommerceCore
0x0000000009348000 	/System/Library/PrivateFrameworks/CoreSymbolication.framework/Versions/A/CoreSymbolication
0x0000000009348000 	/System/Library/PrivateFrameworks/Symbolication.framework/Versions/A/Symbolication
0x0000000009348000 	/System/Library/PrivateFrameworks/DebugSymbols.framework/Versions/A/DebugSymbols
0x0000000108971000 	/Library/Java/JavaVirtualMachines/jdk1.7.0_79.jdk/Contents/Home/jre/lib/server/libjvm.dylib
0x00000001094d7000 	/Library/Java/JavaVirtualMachines/jdk1.7.0_79.jdk/Contents/Home/jre/lib/libverify.dylib
0x00000001094e4000 	/Library/Java/JavaVirtualMachines/jdk1.7.0_79.jdk/Contents/Home/jre/lib/libjava.dylib
0x00000001095a1000 	/Library/Java/JavaVirtualMachines/jdk1.7.0_79.jdk/Contents/Home/jre/lib/libzip.dylib
0x0000000155b09000 	/System/Library/Frameworks/JavaVM.framework/Frameworks/JavaRuntimeSupport.framework/JavaRuntimeSupport
0x0000000155b22000 	/System/Library/Frameworks/JavaVM.framework/Versions/A/Frameworks/JavaNativeFoundation.framework/Versions/A/JavaNativeFoundation
0x0000000155b38000 	/System/Library/Frameworks/JavaVM.framework/Versions/A/JavaVM
0x0000000009348000 	/System/Library/Frameworks/Carbon.framework/Versions/A/Carbon
0x0000000155b45000 	/System/Library/PrivateFrameworks/JavaLaunching.framework/Versions/A/JavaLaunching
0x0000000009348000 	/System/Library/Frameworks/Carbon.framework/Versions/A/Frameworks/CommonPanels.framework/Versions/A/CommonPanels
0x0000000009348000 	/System/Library/Frameworks/Carbon.framework/Versions/A/Frameworks/Help.framework/Versions/A/Help
0x0000000009348000 	/System/Library/Frameworks/Carbon.framework/Versions/A/Frameworks/ImageCapture.framework/Versions/A/ImageCapture
0x0000000009348000 	/System/Library/Frameworks/Carbon.framework/Versions/A/Frameworks/OpenScripting.framework/Versions/A/OpenScripting
0x0000000009348000 	/System/Library/Frameworks/Carbon.framework/Versions/A/Frameworks/Print.framework/Versions/A/Print
0x0000000009348000 	/System/Library/Frameworks/Carbon.framework/Versions/A/Frameworks/SecurityHI.framework/Versions/A/SecurityHI
0x0000000156465000 	/Library/Java/JavaVirtualMachines/jdk1.7.0_79.jdk/Contents/Home/jre/lib/libnio.dylib
0x0000000156474000 	/Library/Java/JavaVirtualMachines/jdk1.7.0_79.jdk/Contents/Home/jre/lib/./libnet.dylib

VM Arguments:
jvm_args: -Xmx1024M 
java_command: /Users/ashwini/Library/Android/sdk/build-tools/21.1.2/lib/dx.jar --dex --output /Users/ashwini/Desktop/Projects/Android/TwitterClient/app/build/intermediates/dex/debug --input-list=/Users/ashwini/Desktop/Projects/Android/TwitterClient/app/build/intermediates/tmp/dex/debug/inputList.txt
Launcher Type: SUN_STANDARD

Environment Variables:
PATH=/usr/bin:/bin:/usr/sbin:/sbin
SHELL=/bin/bash

Signal Handlers:
SIGSEGV: [libjvm.dylib+0x52daf1], sa_mask[0]=0xfffefeff, sa_flags=0x00000043
SIGBUS: [libjvm.dylib+0x52daf1], sa_mask[0]=0xfffefeff, sa_flags=0x00000042
SIGFPE: [libjvm.dylib+0x41f34e], sa_mask[0]=0xfffefeff, sa_flags=0x00000042
SIGPIPE: [libjvm.dylib+0x41f34e], sa_mask[0]=0xfffefeff, sa_flags=0x00000042
SIGXFSZ: [libjvm.dylib+0x41f34e], sa_mask[0]=0xfffefeff, sa_flags=0x00000042
SIGILL: [libjvm.dylib+0x41f34e], sa_mask[0]=0xfffefeff, sa_flags=0x00000042
SIGUSR1: SIG_DFL, sa_mask[0]=0x00000000, sa_flags=0x00000002
SIGUSR2: [libjvm.dylib+0x41ee40], sa_mask[0]=0x00000004, sa_flags=0x00000042
SIGHUP: [libjvm.dylib+0x41d0d1], sa_mask[0]=0xfffefeff, sa_flags=0x00000042
SIGINT: [libjvm.dylib+0x41d0d1], sa_mask[0]=0xfffefeff, sa_flags=0x00000042
SIGTERM: [libjvm.dylib+0x41d0d1], sa_mask[0]=0xfffefeff, sa_flags=0x00000042
SIGQUIT: [libjvm.dylib+0x41d0d1], sa_mask[0]=0xfffefeff, sa_flags=0x00000042


---------------  S Y S T E M  ---------------

OS:Bsduname:Darwin 12.6.0 Darwin Kernel Version 12.6.0: Wed Mar 18 16:23:48 PDT 2015; root:xnu-2050.48.19~1/RELEASE_X86_64 x86_64
rlimit: STACK 8192k, CORE 0k, NPROC 709, NOFILE 10240, AS infinity
load average:1.47 1.62 1.83

CPU:total 4 (2 cores per cpu, 2 threads per core) family 6 model 42 stepping 7, cmov, cx8, fxsr, mmx, sse, sse2, sse3, ssse3, sse4.1, sse4.2, popcnt, avx, aes, ht, tsc, tscinvbit

Memory: 4k page, physical 8388608k(2097152k free)

/proc/meminfo:


vm_info: Java HotSpot(TM) 64-Bit Server VM (24.79-b02) for bsd-amd64 JRE (1.7.0_79-b15), built on Apr 10 2015 11:35:04 by "java_re" with gcc 4.2.1 (Based on Apple Inc. build 5658) (LLVM build 2336.11.00)

time: Tue May 19 23:28:58 2015
elapsed time: 2 seconds

