#
# A fatal error has been detected by the Java Runtime Environment:
#
#  SIGSEGV (0xb) at pc=0x0000000101d27a1e, pid=5978, tid=26115
#
# JRE version: Java(TM) SE Runtime Environment (7.0_79-b15) (build 1.7.0_79-b15)
# Java VM: Java HotSpot(TM) 64-Bit Server VM (24.79-b02 mixed mode bsd-amd64 compressed oops)
# Problematic frame:
# V  [libjvm.dylib+0x326a1e]  JVM_GetMethodIxByteCodeLength+0x82
#
# Failed to write core dump. Core dumps have been disabled. To enable core dumping, try "ulimit -c unlimited" before starting Java again
#
# If you would like to submit a bug report, please visit:
#   http://bugreport.java.com/bugreport/crash.jsp
#

---------------  T H R E A D  ---------------

Current thread (0x00007fa5e99d8000):  JavaThread "Daemon worker" [_thread_in_vm, id=26115, stack(0x000000015b2cf000,0x000000015b3cf000)]

siginfo:si_signo=SIGSEGV: si_errno=0, si_code=0 (SEGV0), si_addr=0x0000000000000000

Registers:
RAX=0x00080001076c5868, RBX=0x000000000000001c, RCX=0x0000000000000003, RDX=0x000000010217d8f0
RSP=0x000000015b3c9150, RBP=0x000000015b3c9170, RSI=0x000000000000001c, RDI=0x00000001076c1a90
R8 =0x0000000000000001, R9 =0x0000000000000005, R10=0x0000000000000020, R11=0x00007fa5ea2e7e20
R12=0x00007fa5ea2e94b0, R13=0x00007fa5e99d81e8, R14=0x00007fa5ea061c00, R15=0x00007fa5e99d8000
RIP=0x0000000101d27a1e, EFLAGS=0x0000000000010202, ERR=0x0000000000000000
  TRAPNO=0x000000000000000d

Top of Stack: (sp=0x000000015b3c9150)
0x000000015b3c9150:   00007fa5e99d8000 0000000000000045
0x000000015b3c9160:   00007fa5ea2e9390 000000000000001c
0x000000015b3c9170:   000000015b3c94c0 000000010256e0d5
0x000000015b3c9180:   00007fa5e9440cc0 0000000000000045
0x000000015b3c9190:   00007fa5ea061c00 00007fa5e99d81e8
0x000000015b3c91a0:   00007fa5e9efc410 000000000000043c
0x000000015b3c91b0:   00007fa5ea2e7e30 00007fa5ea2e9390
0x000000015b3c91c0:   0000000000000001 0000000000000000
0x000000015b3c91d0:   00007fa5ea2e94b0 0000000000000001
0x000000015b3c91e0:   000000015b3c91b8 00007fa5ea2e75e0
0x000000015b3c91f0:   0000000000000001 000000015b3c91d0
0x000000015b3c9200:   00007fa5ea2e76a0 0000000000000001
0x000000015b3c9210:   000000015b3c91e8 00007fa5ea2e76b0
0x000000015b3c9220:   0000000000000001 000000015b3c9200
0x000000015b3c9230:   00007fa5ea2e76c0 0000000000000001
0x000000015b3c9240:   000000015b3c9218 00007fa5ea2e76d0
0x000000015b3c9250:   0000000000000001 000000015b3c9230
0x000000015b3c9260:   00007fa5ea2e76e0 0000000000000001
0x000000015b3c9270:   000000015b3c9248 00007fa5ea2e76f0
0x000000015b3c9280:   0000000000000001 000000015b3c9260
0x000000015b3c9290:   00007fa5ea2e7700 0000000000000001
0x000000015b3c92a0:   000000015b3c9278 00007fa5ea2e7710
0x000000015b3c92b0:   0000000000000001 000000015b3c9290
0x000000015b3c92c0:   00007fa5ea2e7720 0000000000000001
0x000000015b3c92d0:   000000015b3c92a8 00007fa5ea2e7730
0x000000015b3c92e0:   0000000000000001 000000015b3c92c0
0x000000015b3c92f0:   00007fa5ea2e7740 0000000000000001
0x000000015b3c9300:   000000015b3c92d8 00007fa5ea2e96e0
0x000000015b3c9310:   0000000000000001 000000015b3c92f0
0x000000015b3c9320:   00007fa5ea2e96f0 0000000000000001
0x000000015b3c9330:   000000015b3c9308 0000000000000010
0x000000015b3c9340:   00007fa5ea061c00 0000010d00000031 

Instructions: (pc=0x0000000101d27a1e)
0x0000000101d279fe:   8b 00 48 85 c0 75 04 31 c0 eb 03 48 8b 00 48 8b
0x0000000101d27a0e:   b8 d0 00 00 00 89 de e8 6a 1c ed ff 48 8b 40 10
0x0000000101d27a1e:   0f b7 58 36 48 8d 7d e0 be 06 00 00 00 ba 04 00
0x0000000101d27a2e:   00 00 e8 5f ad e5 ff 89 d8 48 83 c4 08 5b 41 5e 

Register to memory mapping:

RAX=0x00080001076c5868 is an unknown value
RBX=0x000000000000001c is an unknown value
RCX=0x0000000000000003 is an unknown value
RDX=0x000000010217d8f0: _ZN8Universe11_narrow_oopE+0 in /Library/Java/JavaVirtualMachines/jdk1.7.0_79.jdk/Contents/Home/jre/lib/server/libjvm.dylib at 0x0000000101a01000
RSP=0x000000015b3c9150 is pointing into the stack for thread: 0x00007fa5e99d8000
RBP=0x000000015b3c9170 is pointing into the stack for thread: 0x00007fa5e99d8000
RSI=0x000000000000001c is an unknown value
RDI=0x00000001076c1a90 is an oop
[[I 
 - klass: 'java/lang/Object'[]
 - length: 69
R8 =0x0000000000000001 is an unknown value
R9 =0x0000000000000005 is an unknown value
R10=0x0000000000000020 is an unknown value
R11=0x00007fa5ea2e7e20 is an unknown value
R12=0x00007fa5ea2e94b0 is an unknown value
R13=0x00007fa5e99d81e8 is an unknown value
R14=0x00007fa5ea061c00 is an unknown value
R15=0x00007fa5e99d8000 is a thread


Stack: [0x000000015b2cf000,0x000000015b3cf000],  sp=0x000000015b3c9150,  free space=1000k
Native frames: (J=compiled Java code, j=interpreted, Vv=VM code, C=native code)
V  [libjvm.dylib+0x326a1e]  JVM_GetMethodIxByteCodeLength+0x82
C  [libverify.dylib+0x70d5]  VerifyClassForMajorVersion+0x3d1
C  [libjava.dylib+0x60a2]  VerifyClassCodesForMajorVersion+0x9
V  [libjvm.dylib+0x52537c]  Verifier::inference_verify(instanceKlassHandle, char*, unsigned long, Thread*)+0x18e
V  [libjvm.dylib+0x525777]  Verifier::verify(instanceKlassHandle, Verifier::Mode, bool, Thread*)+0x20f
V  [libjvm.dylib+0x2b1b1a]  instanceKlass::verify_code(instanceKlassHandle, bool, Thread*)+0x2e
V  [libjvm.dylib+0x2b202b]  instanceKlass::link_class_impl(instanceKlassHandle, bool, Thread*)+0x4cb
V  [libjvm.dylib+0x2b1d95]  instanceKlass::link_class_impl(instanceKlassHandle, bool, Thread*)+0x235
V  [libjvm.dylib+0x32dc1b]  JVM_GetClassDeclaredMethods+0xac
j  java.lang.Class.getDeclaredMethods0(Z)[Ljava/lang/reflect/Method;+0
j  java.lang.Class.privateGetDeclaredMethods(Z)[Ljava/lang/reflect/Method;+37
j  java.lang.Class.getDeclaredMethods()[Ljava/lang/reflect/Method;+11
j  org.gradle.api.internal.AbstractClassGenerator.inspectType(Ljava/lang/Class;Lorg/gradle/api/internal/AbstractClassGenerator$ClassMetaData;)V+1
j  org.gradle.api.internal.AbstractClassGenerator.inspectType(Ljava/lang/Class;)Lorg/gradle/api/internal/AbstractClassGenerator$ClassMetaData;+59
j  org.gradle.api.internal.AbstractClassGenerator.generateUnderLock(Ljava/lang/Class;)Ljava/lang/Class;+135
j  org.gradle.api.internal.AbstractClassGenerator.generate(Ljava/lang/Class;)Ljava/lang/Class;+10
j  org.gradle.api.internal.ClassGeneratorBackedInstantiator.newInstance(Ljava/lang/Class;[Ljava/lang/Object;)Ljava/lang/Object;+13
j  org.gradle.api.tasks.Copy.createRootSpec()Lorg/gradle/api/internal/file/copy/CopySpecInternal;+29
j  org.gradle.api.tasks.AbstractCopyTask.<init>()V+6
j  org.gradle.api.tasks.Copy.<init>()V+1
j  org.gradle.language.jvm.tasks.ProcessResources.<init>()V+1
j  org.gradle.language.jvm.tasks.ProcessResources_Decorated.<init>()V+1
v  ~StubRoutines::call_stub
V  [libjvm.dylib+0x2dbef8]  JavaCalls::call_helper(JavaValue*, methodHandle*, JavaCallArguments*, Thread*)+0x22a
V  [libjvm.dylib+0x2dbcc8]  JavaCalls::call(JavaValue*, methodHandle, JavaCallArguments*, Thread*)+0x28
V  [libjvm.dylib+0x467718]  Reflection::invoke(instanceKlassHandle, methodHandle, Handle, bool, objArrayHandle, BasicType, objArrayHandle, bool, Thread*)+0x9fc
V  [libjvm.dylib+0x4679e9]  Reflection::invoke_constructor(oopDesc*, objArrayHandle, Thread*)+0x1a1
V  [libjvm.dylib+0x328570]  JVM_NewInstanceFromConstructor+0x7c
j  sun.reflect.NativeConstructorAccessorImpl.newInstance0(Ljava/lang/reflect/Constructor;[Ljava/lang/Object;)Ljava/lang/Object;+0
j  sun.reflect.NativeConstructorAccessorImpl.newInstance([Ljava/lang/Object;)Ljava/lang/Object;+72
j  sun.reflect.DelegatingConstructorAccessorImpl.newInstance([Ljava/lang/Object;)Ljava/lang/Object;+5
j  java.lang.reflect.Constructor.newInstance([Ljava/lang/Object;)Ljava/lang/Object;+79
j  org.gradle.api.internal.DependencyInjectingInstantiator.newInstance(Ljava/lang/Class;[Ljava/lang/Object;)Ljava/lang/Object;+29
j  org.gradle.api.internal.ClassGeneratorBackedInstantiator.newInstance(Ljava/lang/Class;[Ljava/lang/Object;)Ljava/lang/Object;+19
j  org.gradle.api.internal.project.taskfactory.TaskFactory$1.call()Lorg/gradle/api/internal/TaskInternal;+15
j  org.gradle.api.internal.project.taskfactory.TaskFactory$1.call()Ljava/lang/Object;+1
j  org.gradle.api.internal.AbstractTask.injectIntoNewInstance(Lorg/gradle/api/internal/project/ProjectInternal;Ljava/lang/String;Ljava/util/concurrent/Callable;)Lorg/gradle/api/Task;+17
j  org.gradle.api.internal.project.taskfactory.TaskFactory.createTaskObject(Lorg/gradle/api/internal/project/ProjectInternal;Ljava/lang/Class;Ljava/lang/String;Z)Lorg/gradle/api/internal/TaskInternal;+70
j  org.gradle.api.internal.project.taskfactory.TaskFactory.createTask(Ljava/util/Map;)Lorg/gradle/api/internal/TaskInternal;+85
j  org.gradle.api.internal.project.taskfactory.AnnotationProcessingTaskFactory.createTask(Ljava/util/Map;)Lorg/gradle/api/internal/TaskInternal;+5
j  org.gradle.api.internal.project.taskfactory.DependencyAutoWireTaskFactory.createTask(Ljava/util/Map;)Lorg/gradle/api/internal/TaskInternal;+5
j  org.gradle.api.internal.tasks.DefaultTaskContainer.create(Ljava/util/Map;)Lorg/gradle/api/Task;+46
j  org.gradle.api.internal.tasks.DefaultTaskContainer.create(Ljava/lang/String;Ljava/lang/Class;)Lorg/gradle/api/Task;+27
v  ~StubRoutines::call_stub
V  [libjvm.dylib+0x2dbef8]  JavaCalls::call_helper(JavaValue*, methodHandle*, JavaCallArguments*, Thread*)+0x22a
V  [libjvm.dylib+0x2dbcc8]  JavaCalls::call(JavaValue*, methodHandle, JavaCallArguments*, Thread*)+0x28
V  [libjvm.dylib+0x467718]  Reflection::invoke(instanceKlassHandle, methodHandle, Handle, bool, objArrayHandle, BasicType, objArrayHandle, bool, Thread*)+0x9fc
V  [libjvm.dylib+0x467b7e]  Reflection::invoke_method(oopDesc*, Handle, objArrayHandle, Thread*)+0x16e
V  [libjvm.dylib+0x328747]  JVM_InvokeMethod+0x166
j  sun.reflect.NativeMethodAccessorImpl.invoke0(Ljava/lang/reflect/Method;Ljava/lang/Object;[Ljava/lang/Object;)Ljava/lang/Object;+0
j  sun.reflect.NativeMethodAccessorImpl.invoke(Ljava/lang/Object;[Ljava/lang/Object;)Ljava/lang/Object;+87
j  sun.reflect.DelegatingMethodAccessorImpl.invoke(Ljava/lang/Object;[Ljava/lang/Object;)Ljava/lang/Object;+6
j  java.lang.reflect.Method.invoke(Ljava/lang/Object;[Ljava/lang/Object;)Ljava/lang/Object;+57
j  org.codehaus.groovy.runtime.callsite.PogoMetaMethodSite$PogoCachedMethodSiteNoUnwrap.invoke(Ljava/lang/Object;[Ljava/lang/Object;)Ljava/lang/Object;+15
j  org.codehaus.groovy.runtime.callsite.PogoMetaMethodSite.call(Ljava/lang/Object;[Ljava/lang/Object;)Ljava/lang/Object;+12
j  org.codehaus.groovy.runtime.callsite.CallSiteArray.defaultCall(Lorg/codehaus/groovy/runtime/callsite/CallSite;Ljava/lang/Object;[Ljava/lang/Object;)Ljava/lang/Object;+8
j  org.codehaus.groovy.runtime.callsite.AbstractCallSite.call(Ljava/lang/Object;[Ljava/lang/Object;)Ljava/lang/Object;+3
j  org.codehaus.groovy.runtime.callsite.AbstractCallSite.call(Ljava/lang/Object;Ljava/lang/Object;Ljava/lang/Object;)Ljava/lang/Object;+7
j  com.android.build.gradle.BasePlugin.createProcessJavaResTask(Lcom/android/build/gradle/internal/variant/BaseVariantData;)V+134
j  com.android.build.gradle.internal.variant.ApplicationVariantFactory.createTasks(Lcom/android/build/gradle/internal/variant/BaseVariantData;Lorg/gradle/api/Task;)V+112
j  com.android.build.gradle.internal.VariantManager.createTasksForVariantData(Lorg/gradle/api/tasks/TaskContainer;Lcom/android/build/gradle/internal/variant/BaseVariantData;)V+305
j  com.android.build.gradle.internal.VariantManager.createAndroidTasks(Lcom/android/builder/model/SigningConfig;)V+120
j  com.android.build.gradle.internal.VariantManager$createAndroidTasks.call(Ljava/lang/Object;[Ljava/lang/Object;)Ljava/lang/Object;+19
j  org.codehaus.groovy.runtime.callsite.CallSiteArray.defaultCall(Lorg/codehaus/groovy/runtime/callsite/CallSite;Ljava/lang/Object;[Ljava/lang/Object;)Ljava/lang/Object;+8
j  org.codehaus.groovy.runtime.callsite.AbstractCallSite.call(Ljava/lang/Object;[Ljava/lang/Object;)Ljava/lang/Object;+3
j  org.codehaus.groovy.runtime.callsite.AbstractCallSite.call(Ljava/lang/Object;Ljava/lang/Object;)Ljava/lang/Object;+6
j  com.android.build.gradle.BasePlugin.createAndroidTasks(Z)V+519
v  ~StubRoutines::call_stub
V  [libjvm.dylib+0x2dbef8]  JavaCalls::call_helper(JavaValue*, methodHandle*, JavaCallArguments*, Thread*)+0x22a
V  [libjvm.dylib+0x2dbcc8]  JavaCalls::call(JavaValue*, methodHandle, JavaCallArguments*, Thread*)+0x28
V  [libjvm.dylib+0x467718]  Reflection::invoke(instanceKlassHandle, methodHandle, Handle, bool, objArrayHandle, BasicType, objArrayHandle, bool, Thread*)+0x9fc
V  [libjvm.dylib+0x467b7e]  Reflection::invoke_method(oopDesc*, Handle, objArrayHandle, Thread*)+0x16e
V  [libjvm.dylib+0x328747]  JVM_InvokeMethod+0x166
j  sun.reflect.NativeMethodAccessorImpl.invoke0(Ljava/lang/reflect/Method;Ljava/lang/Object;[Ljava/lang/Object;)Ljava/lang/Object;+0
j  sun.reflect.NativeMethodAccessorImpl.invoke(Ljava/lang/Object;[Ljava/lang/Object;)Ljava/lang/Object;+87
j  sun.reflect.DelegatingMethodAccessorImpl.invoke(Ljava/lang/Object;[Ljava/lang/Object;)Ljava/lang/Object;+6
j  java.lang.reflect.Method.invoke(Ljava/lang/Object;[Ljava/lang/Object;)Ljava/lang/Object;+57
j  org.codehaus.groovy.reflection.CachedMethod.invoke(Ljava/lang/Object;[Ljava/lang/Object;)Ljava/lang/Object;+6
j  groovy.lang.MetaMethod.doMethodInvoke(Ljava/lang/Object;[Ljava/lang/Object;)Ljava/lang/Object;+9
j  org.codehaus.groovy.runtime.metaclass.ClosureMetaClass.invokeMethod(Ljava/lang/Class;Ljava/lang/Object;Ljava/lang/String;[Ljava/lang/Object;ZZ)Ljava/lang/Object;+806
j  groovy.lang.MetaClassImpl.invokeMethod(Ljava/lang/Object;Ljava/lang/String;[Ljava/lang/Object;)Ljava/lang/Object;+10
j  org.codehaus.groovy.runtime.callsite.PogoMetaClassSite.callCurrent(Lgroovy/lang/GroovyObject;[Ljava/lang/Object;)Ljava/lang/Object;+18
j  org.codehaus.groovy.runtime.callsite.CallSiteArray.defaultCallCurrent(Lorg/codehaus/groovy/runtime/callsite/CallSite;Lgroovy/lang/GroovyObject;[Ljava/lang/Object;)Ljava/lang/Object;+17
j  org.codehaus.groovy.runtime.callsite.AbstractCallSite.callCurrent(Lgroovy/lang/GroovyObject;[Ljava/lang/Object;)Ljava/lang/Object;+3
j  org.codehaus.groovy.runtime.callsite.AbstractCallSite.callCurrent(Lgroovy/lang/GroovyObject;Ljava/lang/Object;)Ljava/lang/Object;+6
j  com.android.build.gradle.BasePlugin$_createTasks_closure9.doCall(Ljava/lang/Object;)Ljava/lang/Object;+13
v  ~StubRoutines::call_stub
V  [libjvm.dylib+0x2dbef8]  JavaCalls::call_helper(JavaValue*, methodHandle*, JavaCallArguments*, Thread*)+0x22a
V  [libjvm.dylib+0x2dbcc8]  JavaCalls::call(JavaValue*, methodHandle, JavaCallArguments*, Thread*)+0x28
V  [libjvm.dylib+0x467718]  Reflection::invoke(instanceKlassHandle, methodHandle, Handle, bool, objArrayHandle, BasicType, objArrayHandle, bool, Thread*)+0x9fc
V  [libjvm.dylib+0x467b7e]  Reflection::invoke_method(oopDesc*, Handle, objArrayHandle, Thread*)+0x16e
V  [libjvm.dylib+0x328747]  JVM_InvokeMethod+0x166
j  sun.reflect.NativeMethodAccessorImpl.invoke0(Ljava/lang/reflect/Method;Ljava/lang/Object;[Ljava/lang/Object;)Ljava/lang/Object;+0
j  sun.reflect.NativeMethodAccessorImpl.invoke(Ljava/lang/Object;[Ljava/lang/Object;)Ljava/lang/Object;+87
j  sun.reflect.DelegatingMethodAccessorImpl.invoke(Ljava/lang/Object;[Ljava/lang/Object;)Ljava/lang/Object;+6
j  java.lang.reflect.Method.invoke(Ljava/lang/Object;[Ljava/lang/Object;)Ljava/lang/Object;+57
j  org.codehaus.groovy.reflection.CachedMethod.invoke(Ljava/lang/Object;[Ljava/lang/Object;)Ljava/lang/Object;+6
j  groovy.lang.MetaMethod.doMethodInvoke(Ljava/lang/Object;[Ljava/lang/Object;)Ljava/lang/Object;+9
j  org.codehaus.groovy.runtime.metaclass.ClosureMetaClass.invokeMethod(Ljava/lang/Class;Ljava/lang/Object;Ljava/lang/String;[Ljava/lang/Object;ZZ)Ljava/lang/Object;+241
j  groovy.lang.MetaClassImpl.invokeMethod(Ljava/lang/Object;Ljava/lang/String;[Ljava/lang/Object;)Ljava/lang/Object;+10
...<more frames>...

Java frames: (J=compiled Java code, j=interpreted, Vv=VM code)
j  java.lang.Class.getDeclaredMethods0(Z)[Ljava/lang/reflect/Method;+0
j  java.lang.Class.privateGetDeclaredMethods(Z)[Ljava/lang/reflect/Method;+37
j  java.lang.Class.getDeclaredMethods()[Ljava/lang/reflect/Method;+11
j  org.gradle.api.internal.AbstractClassGenerator.inspectType(Ljava/lang/Class;Lorg/gradle/api/internal/AbstractClassGenerator$ClassMetaData;)V+1
j  org.gradle.api.internal.AbstractClassGenerator.inspectType(Ljava/lang/Class;)Lorg/gradle/api/internal/AbstractClassGenerator$ClassMetaData;+59
j  org.gradle.api.internal.AbstractClassGenerator.generateUnderLock(Ljava/lang/Class;)Ljava/lang/Class;+135
j  org.gradle.api.internal.AbstractClassGenerator.generate(Ljava/lang/Class;)Ljava/lang/Class;+10
j  org.gradle.api.internal.ClassGeneratorBackedInstantiator.newInstance(Ljava/lang/Class;[Ljava/lang/Object;)Ljava/lang/Object;+13
j  org.gradle.api.tasks.Copy.createRootSpec()Lorg/gradle/api/internal/file/copy/CopySpecInternal;+29
j  org.gradle.api.tasks.AbstractCopyTask.<init>()V+6
j  org.gradle.api.tasks.Copy.<init>()V+1
j  org.gradle.language.jvm.tasks.ProcessResources.<init>()V+1
j  org.gradle.language.jvm.tasks.ProcessResources_Decorated.<init>()V+1
v  ~StubRoutines::call_stub
j  sun.reflect.NativeConstructorAccessorImpl.newInstance0(Ljava/lang/reflect/Constructor;[Ljava/lang/Object;)Ljava/lang/Object;+0
j  sun.reflect.NativeConstructorAccessorImpl.newInstance([Ljava/lang/Object;)Ljava/lang/Object;+72
j  sun.reflect.DelegatingConstructorAccessorImpl.newInstance([Ljava/lang/Object;)Ljava/lang/Object;+5
j  java.lang.reflect.Constructor.newInstance([Ljava/lang/Object;)Ljava/lang/Object;+79
j  org.gradle.api.internal.DependencyInjectingInstantiator.newInstance(Ljava/lang/Class;[Ljava/lang/Object;)Ljava/lang/Object;+29
j  org.gradle.api.internal.ClassGeneratorBackedInstantiator.newInstance(Ljava/lang/Class;[Ljava/lang/Object;)Ljava/lang/Object;+19
j  org.gradle.api.internal.project.taskfactory.TaskFactory$1.call()Lorg/gradle/api/internal/TaskInternal;+15
j  org.gradle.api.internal.project.taskfactory.TaskFactory$1.call()Ljava/lang/Object;+1
j  org.gradle.api.internal.AbstractTask.injectIntoNewInstance(Lorg/gradle/api/internal/project/ProjectInternal;Ljava/lang/String;Ljava/util/concurrent/Callable;)Lorg/gradle/api/Task;+17
j  org.gradle.api.internal.project.taskfactory.TaskFactory.createTaskObject(Lorg/gradle/api/internal/project/ProjectInternal;Ljava/lang/Class;Ljava/lang/String;Z)Lorg/gradle/api/internal/TaskInternal;+70
j  org.gradle.api.internal.project.taskfactory.TaskFactory.createTask(Ljava/util/Map;)Lorg/gradle/api/internal/TaskInternal;+85
j  org.gradle.api.internal.project.taskfactory.AnnotationProcessingTaskFactory.createTask(Ljava/util/Map;)Lorg/gradle/api/internal/TaskInternal;+5
j  org.gradle.api.internal.project.taskfactory.DependencyAutoWireTaskFactory.createTask(Ljava/util/Map;)Lorg/gradle/api/internal/TaskInternal;+5
j  org.gradle.api.internal.tasks.DefaultTaskContainer.create(Ljava/util/Map;)Lorg/gradle/api/Task;+46
j  org.gradle.api.internal.tasks.DefaultTaskContainer.create(Ljava/lang/String;Ljava/lang/Class;)Lorg/gradle/api/Task;+27
v  ~StubRoutines::call_stub
j  sun.reflect.NativeMethodAccessorImpl.invoke0(Ljava/lang/reflect/Method;Ljava/lang/Object;[Ljava/lang/Object;)Ljava/lang/Object;+0
j  sun.reflect.NativeMethodAccessorImpl.invoke(Ljava/lang/Object;[Ljava/lang/Object;)Ljava/lang/Object;+87
j  sun.reflect.DelegatingMethodAccessorImpl.invoke(Ljava/lang/Object;[Ljava/lang/Object;)Ljava/lang/Object;+6
j  java.lang.reflect.Method.invoke(Ljava/lang/Object;[Ljava/lang/Object;)Ljava/lang/Object;+57
j  org.codehaus.groovy.runtime.callsite.PogoMetaMethodSite$PogoCachedMethodSiteNoUnwrap.invoke(Ljava/lang/Object;[Ljava/lang/Object;)Ljava/lang/Object;+15
j  org.codehaus.groovy.runtime.callsite.PogoMetaMethodSite.call(Ljava/lang/Object;[Ljava/lang/Object;)Ljava/lang/Object;+12
j  org.codehaus.groovy.runtime.callsite.CallSiteArray.defaultCall(Lorg/codehaus/groovy/runtime/callsite/CallSite;Ljava/lang/Object;[Ljava/lang/Object;)Ljava/lang/Object;+8
j  org.codehaus.groovy.runtime.callsite.AbstractCallSite.call(Ljava/lang/Object;[Ljava/lang/Object;)Ljava/lang/Object;+3
j  org.codehaus.groovy.runtime.callsite.AbstractCallSite.call(Ljava/lang/Object;Ljava/lang/Object;Ljava/lang/Object;)Ljava/lang/Object;+7
j  com.android.build.gradle.BasePlugin.createProcessJavaResTask(Lcom/android/build/gradle/internal/variant/BaseVariantData;)V+134
j  com.android.build.gradle.internal.variant.ApplicationVariantFactory.createTasks(Lcom/android/build/gradle/internal/variant/BaseVariantData;Lorg/gradle/api/Task;)V+112
j  com.android.build.gradle.internal.VariantManager.createTasksForVariantData(Lorg/gradle/api/tasks/TaskContainer;Lcom/android/build/gradle/internal/variant/BaseVariantData;)V+305
j  com.android.build.gradle.internal.VariantManager.createAndroidTasks(Lcom/android/builder/model/SigningConfig;)V+120
j  com.android.build.gradle.internal.VariantManager$createAndroidTasks.call(Ljava/lang/Object;[Ljava/lang/Object;)Ljava/lang/Object;+19
j  org.codehaus.groovy.runtime.callsite.CallSiteArray.defaultCall(Lorg/codehaus/groovy/runtime/callsite/CallSite;Ljava/lang/Object;[Ljava/lang/Object;)Ljava/lang/Object;+8
j  org.codehaus.groovy.runtime.callsite.AbstractCallSite.call(Ljava/lang/Object;[Ljava/lang/Object;)Ljava/lang/Object;+3
j  org.codehaus.groovy.runtime.callsite.AbstractCallSite.call(Ljava/lang/Object;Ljava/lang/Object;)Ljava/lang/Object;+6
j  com.android.build.gradle.BasePlugin.createAndroidTasks(Z)V+519
v  ~StubRoutines::call_stub
j  sun.reflect.NativeMethodAccessorImpl.invoke0(Ljava/lang/reflect/Method;Ljava/lang/Object;[Ljava/lang/Object;)Ljava/lang/Object;+0
j  sun.reflect.NativeMethodAccessorImpl.invoke(Ljava/lang/Object;[Ljava/lang/Object;)Ljava/lang/Object;+87
j  sun.reflect.DelegatingMethodAccessorImpl.invoke(Ljava/lang/Object;[Ljava/lang/Object;)Ljava/lang/Object;+6
j  java.lang.reflect.Method.invoke(Ljava/lang/Object;[Ljava/lang/Object;)Ljava/lang/Object;+57
j  org.codehaus.groovy.reflection.CachedMethod.invoke(Ljava/lang/Object;[Ljava/lang/Object;)Ljava/lang/Object;+6
j  groovy.lang.MetaMethod.doMethodInvoke(Ljava/lang/Object;[Ljava/lang/Object;)Ljava/lang/Object;+9
j  org.codehaus.groovy.runtime.metaclass.ClosureMetaClass.invokeMethod(Ljava/lang/Class;Ljava/lang/Object;Ljava/lang/String;[Ljava/lang/Object;ZZ)Ljava/lang/Object;+806
j  groovy.lang.MetaClassImpl.invokeMethod(Ljava/lang/Object;Ljava/lang/String;[Ljava/lang/Object;)Ljava/lang/Object;+10
j  org.codehaus.groovy.runtime.callsite.PogoMetaClassSite.callCurrent(Lgroovy/lang/GroovyObject;[Ljava/lang/Object;)Ljava/lang/Object;+18
j  org.codehaus.groovy.runtime.callsite.CallSiteArray.defaultCallCurrent(Lorg/codehaus/groovy/runtime/callsite/CallSite;Lgroovy/lang/GroovyObject;[Ljava/lang/Object;)Ljava/lang/Object;+17
j  org.codehaus.groovy.runtime.callsite.AbstractCallSite.callCurrent(Lgroovy/lang/GroovyObject;[Ljava/lang/Object;)Ljava/lang/Object;+3
j  org.codehaus.groovy.runtime.callsite.AbstractCallSite.callCurrent(Lgroovy/lang/GroovyObject;Ljava/lang/Object;)Ljava/lang/Object;+6
j  com.android.build.gradle.BasePlugin$_createTasks_closure9.doCall(Ljava/lang/Object;)Ljava/lang/Object;+13
v  ~StubRoutines::call_stub
j  sun.reflect.NativeMethodAccessorImpl.invoke0(Ljava/lang/reflect/Method;Ljava/lang/Object;[Ljava/lang/Object;)Ljava/lang/Object;+0
j  sun.reflect.NativeMethodAccessorImpl.invoke(Ljava/lang/Object;[Ljava/lang/Object;)Ljava/lang/Object;+87
j  sun.reflect.DelegatingMethodAccessorImpl.invoke(Ljava/lang/Object;[Ljava/lang/Object;)Ljava/lang/Object;+6
j  java.lang.reflect.Method.invoke(Ljava/lang/Object;[Ljava/lang/Object;)Ljava/lang/Object;+57
j  org.codehaus.groovy.reflection.CachedMethod.invoke(Ljava/lang/Object;[Ljava/lang/Object;)Ljava/lang/Object;+6
j  groovy.lang.MetaMethod.doMethodInvoke(Ljava/lang/Object;[Ljava/lang/Object;)Ljava/lang/Object;+9
j  org.codehaus.groovy.runtime.metaclass.ClosureMetaClass.invokeMethod(Ljava/lang/Class;Ljava/lang/Object;Ljava/lang/String;[Ljava/lang/Object;ZZ)Ljava/lang/Object;+241
j  groovy.lang.MetaClassImpl.invokeMethod(Ljava/lang/Object;Ljava/lang/String;[Ljava/lang/Object;)Ljava/lang/Object;+10
j  groovy.lang.Closure.call([Ljava/lang/Object;)Ljava/lang/Object;+8
j  org.gradle.listener.ClosureBackedMethodInvocationDispatch.dispatch(Lorg/gradle/messaging/dispatch/MethodInvocation;)V+62
j  org.gradle.listener.ClosureBackedMethodInvocationDispatch.dispatch(Ljava/lang/Object;)V+5
j  org.gradle.listener.BroadcastDispatch.dispatch(Lorg/gradle/messaging/dispatch/MethodInvocation;)V+51
j  org.gradle.listener.BroadcastDispatch.dispatch(Ljava/lang/Object;)V+5
j  org.gradle.messaging.dispatch.ProxyDispatchAdapter$DispatchingInvocationHandler.invoke(Ljava/lang/Object;Ljava/lang/reflect/Method;[Ljava/lang/Object;)Ljava/lang/Object;+172
j  com.sun.proxy.$Proxy13.afterEvaluate(Lorg/gradle/api/Project;Lorg/gradle/api/ProjectState;)V+20
j  org.gradle.configuration.project.LifecycleProjectEvaluator.notifyAfterEvaluate(Lorg/gradle/api/ProjectEvaluationListener;Lorg/gradle/api/internal/project/ProjectInternal;Lorg/gradle/api/internal/project/ProjectStateInternal;)V+3
j  org.gradle.configuration.project.LifecycleProjectEvaluator.evaluate(Lorg/gradle/api/internal/project/ProjectInternal;Lorg/gradle/api/internal/project/ProjectStateInternal;)V+72
j  org.gradle.api.internal.project.AbstractProject.evaluate()Lorg/gradle/api/internal/project/AbstractProject;+9
j  org.gradle.api.internal.project.AbstractProject.evaluate()Lorg/gradle/api/Project;+1
j  org.gradle.execution.TaskPathProjectEvaluator.configure(Lorg/gradle/api/internal/project/ProjectInternal;)V+21
j  org.gradle.execution.TaskSelector.getSelection(Ljava/lang/String;Lorg/gradle/api/internal/project/ProjectInternal;)Lorg/gradle/execution/TaskSelector$TaskSelection;+29
j  org.gradle.execution.TaskSelector.getSelection(Ljava/lang/String;Ljava/lang/String;)Lorg/gradle/execution/TaskSelector$TaskSelection;+35
j  org.gradle.execution.commandline.CommandLineTaskParser.parseTasks(Lorg/gradle/TaskExecutionRequest;)Ljava/util/List;+51
j  org.gradle.execution.TaskNameResolvingBuildConfigurationAction.configure(Lorg/gradle/execution/BuildExecutionContext;)V+62
j  org.gradle.execution.DefaultBuildExecuter.configure(I)V+36
j  org.gradle.execution.DefaultBuildExecuter.access$100(Lorg/gradle/execution/DefaultBuildExecuter;I)V+2
j  org.gradle.execution.DefaultBuildExecuter$1.proceed()V+10
j  org.gradle.execution.ExcludedTaskFilteringBuildConfigurationAction.configure(Lorg/gradle/execution/BuildExecutionContext;)V+102
j  org.gradle.execution.DefaultBuildExecuter.configure(I)V+36
j  org.gradle.execution.DefaultBuildExecuter.access$100(Lorg/gradle/execution/DefaultBuildExecuter;I)V+2
j  org.gradle.execution.DefaultBuildExecuter$1.proceed()V+10
j  org.gradle.execution.DefaultTasksBuildExecutionAction.configure(Lorg/gradle/execution/BuildExecutionContext;)V+58
j  org.gradle.execution.DefaultBuildExecuter.configure(I)V+36
j  org.gradle.execution.DefaultBuildExecuter.select(Lorg/gradle/api/internal/GradleInternal;)V+7
j  org.gradle.initialization.DefaultGradleLauncher.doBuildStages(Lorg/gradle/initialization/DefaultGradleLauncher$Stage;)V+147
j  org.gradle.initialization.DefaultGradleLauncher.doBuild(Lorg/gradle/initialization/DefaultGradleLauncher$Stage;)Lorg/gradle/BuildResult;+27
j  org.gradle.initialization.DefaultGradleLauncher.run()Lorg/gradle/BuildResult;+4
j  org.gradle.launcher.exec.InProcessBuildActionExecuter$DefaultBuildController.run()Lorg/gradle/api/internal/GradleInternal;+5
j  org.gradle.tooling.internal.provider.BuildModelAction.run(Lorg/gradle/initialization/BuildController;)Lorg/gradle/tooling/internal/provider/BuildActionResult;+15
j  org.gradle.tooling.internal.provider.BuildModelAction.run(Lorg/gradle/initialization/BuildController;)Ljava/lang/Object;+2
j  org.gradle.tooling.internal.provider.ConfiguringBuildAction.run(Lorg/gradle/initialization/BuildController;)Ljava/lang/Object;+15
j  org.gradle.launcher.exec.InProcessBuildActionExecuter.execute(Lorg/gradle/initialization/BuildAction;Lorg/gradle/initialization/BuildCancellationToken;Lorg/gradle/launcher/exec/BuildActionParameters;)Ljava/lang/Object;+19
j  org.gradle.launcher.exec.InProcessBuildActionExecuter.execute(Lorg/gradle/initialization/BuildAction;Lorg/gradle/initialization/BuildCancellationToken;Ljava/lang/Object;)Ljava/lang/Object;+7
j  org.gradle.launcher.daemon.server.exec.ExecuteBuild.doBuild(Lorg/gradle/launcher/daemon/server/exec/DaemonCommandExecution;Lorg/gradle/launcher/daemon/protocol/Build;)V+47
j  org.gradle.launcher.daemon.server.exec.BuildCommandOnly.execute(Lorg/gradle/launcher/daemon/server/exec/DaemonCommandExecution;)V+49
j  org.gradle.launcher.daemon.server.exec.DaemonCommandExecution.proceed()Z+28
j  org.gradle.launcher.daemon.server.exec.WatchForDisconnection.execute(Lorg/gradle/launcher/daemon/server/exec/DaemonCommandExecution;)V+19
j  org.gradle.launcher.daemon.server.exec.DaemonCommandExecution.proceed()Z+28
j  org.gradle.launcher.daemon.server.exec.ResetDeprecationLogger.execute(Lorg/gradle/launcher/daemon/server/exec/DaemonCommandExecution;)V+4
j  org.gradle.launcher.daemon.server.exec.DaemonCommandExecution.proceed()Z+28
j  org.gradle.launcher.daemon.server.exec.StartStopIfBuildAndStop.execute(Lorg/gradle/launcher/daemon/server/exec/DaemonCommandExecution;)V+34
j  org.gradle.launcher.daemon.server.exec.DaemonCommandExecution.proceed()Z+28
j  org.gradle.launcher.daemon.server.exec.ForwardClientInput$2.call()Ljava/lang/Void;+4
j  org.gradle.launcher.daemon.server.exec.ForwardClientInput$2.call()Ljava/lang/Object;+1
j  org.gradle.util.Swapper.swap(Ljava/lang/Object;Ljava/util/concurrent/Callable;)Ljava/lang/Object;+21
j  org.gradle.launcher.daemon.server.exec.ForwardClientInput.execute(Lorg/gradle/launcher/daemon/server/exec/DaemonCommandExecution;)V+63
j  org.gradle.launcher.daemon.server.exec.DaemonCommandExecution.proceed()Z+28
j  org.gradle.launcher.daemon.server.exec.LogToClient.doBuild(Lorg/gradle/launcher/daemon/server/exec/DaemonCommandExecution;Lorg/gradle/launcher/daemon/protocol/Build;)V+92
j  org.gradle.launcher.daemon.server.exec.BuildCommandOnly.execute(Lorg/gradle/launcher/daemon/server/exec/DaemonCommandExecution;)V+49
j  org.gradle.launcher.daemon.server.exec.DaemonCommandExecution.proceed()Z+28
j  org.gradle.launcher.daemon.server.exec.EstablishBuildEnvironment.doBuild(Lorg/gradle/launcher/daemon/server/exec/DaemonCommandExecution;Lorg/gradle/launcher/daemon/protocol/Build;)V+237
j  org.gradle.launcher.daemon.server.exec.BuildCommandOnly.execute(Lorg/gradle/launcher/daemon/server/exec/DaemonCommandExecution;)V+49
j  org.gradle.launcher.daemon.server.exec.DaemonCommandExecution.proceed()Z+28
j  org.gradle.launcher.daemon.server.exec.DaemonHygieneAction.execute(Lorg/gradle/launcher/daemon/server/exec/DaemonCommandExecution;)V+1
j  org.gradle.launcher.daemon.server.exec.DaemonCommandExecution.proceed()Z+28
j  org.gradle.launcher.daemon.server.exec.StartBuildOrRespondWithBusy$1.run()V+44
j  org.gradle.launcher.daemon.server.DaemonStateCoordinator$1.run()V+4
j  org.gradle.internal.concurrent.DefaultExecutorFactory$StoppableExecutorImpl$1.run()V+18
j  java.util.concurrent.ThreadPoolExecutor.runWorker(Ljava/util/concurrent/ThreadPoolExecutor$Worker;)V+95
j  java.util.concurrent.ThreadPoolExecutor$Worker.run()V+5
j  java.lang.Thread.run()V+11
v  ~StubRoutines::call_stub

---------------  P R O C E S S  ---------------

Java Threads: ( => current thread )
  0x00007fa5e9bbc000 JavaThread "File lock request listener" [_thread_in_native, id=27651, stack(0x000000015b540000,0x000000015b640000)]
  0x00007fa5e9a7f000 JavaThread "process reaper" daemon [_thread_blocked, id=27139, stack(0x000000015a83d000,0x000000015a865000)]
  0x00007fa5ebb89800 JavaThread "Stdin handler" [_thread_blocked, id=26627, stack(0x000000015b3d2000,0x000000015b4d2000)]
=>0x00007fa5e99d8000 JavaThread "Daemon worker" [_thread_in_vm, id=26115, stack(0x000000015b2cf000,0x000000015b3cf000)]
  0x00007fa5e99d7800 JavaThread "Cancel handler" [_thread_blocked, id=25603, stack(0x000000015b1cc000,0x000000015b2cc000)]
  0x00007fa5ebb5d000 JavaThread "Handler for socket connection from /127.0.0.1:64835 to /127.0.0.1:64836" [_thread_in_native, id=25091, stack(0x000000015b0c9000,0x000000015b1c9000)]
  0x00007fa5eb212800 JavaThread "Daemon" [_thread_blocked, id=24579, stack(0x000000015afc6000,0x000000015b0c6000)]
  0x00007fa5eb21d800 JavaThread "Incoming local TCP Connector on port 64835" [_thread_in_native, id=24067, stack(0x000000015aec3000,0x000000015afc3000)]
  0x00007fa5ea81e000 JavaThread "Service Thread" daemon [_thread_blocked, id=23043, stack(0x000000015a497000,0x000000015a597000)]
  0x00007fa5ea81d000 JavaThread "C2 CompilerThread1" daemon [_thread_in_native, id=22531, stack(0x000000015a394000,0x000000015a494000)]
  0x00007fa5ea808800 JavaThread "C2 CompilerThread0" daemon [_thread_in_native, id=22019, stack(0x000000015a291000,0x000000015a391000)]
  0x00007fa5eb012800 JavaThread "Signal Dispatcher" daemon [_thread_blocked, id=21507, stack(0x000000015a18e000,0x000000015a28e000)]
  0x00007fa5ea807800 JavaThread "Finalizer" daemon [_thread_blocked, id=17155, stack(0x0000000159f3d000,0x000000015a03d000)]
  0x00007fa5ea801000 JavaThread "Reference Handler" daemon [_thread_blocked, id=16643, stack(0x0000000159e3a000,0x0000000159f3a000)]
  0x00007fa5eb802000 JavaThread "main" [_thread_blocked, id=6659, stack(0x0000000102465000,0x0000000102565000)]

Other Threads:
  0x00007fa5eb00c000 VMThread [stack: 0x0000000159d37000,0x0000000159e37000] [id=16131]
  0x00007fa5ea826800 WatcherThread [stack: 0x000000015a59a000,0x000000015a69a000] [id=23555]

VM state:not at safepoint (normal execution)

VM Mutex/Monitor currently owned by a thread: None

Heap
 PSYoungGen      total 140288K, used 22054K [0x0000000140200000, 0x0000000153700000, 0x0000000155780000)
  eden space 135168K, 12% used [0x0000000140200000,0x0000000141291b08,0x0000000148600000)
  from space 5120K, 99% used [0x0000000148600000,0x0000000148af8020,0x0000000148b00000)
  to   space 23040K, 0% used [0x0000000152080000,0x0000000152080000,0x0000000153700000)
 ParOldGen       total 87040K, used 33422K [0x0000000115780000, 0x000000011ac80000, 0x0000000140200000)
  object space 87040K, 38% used [0x0000000115780000,0x0000000117823a70,0x000000011ac80000)
 PSPermGen       total 32256K, used 32101K [0x0000000105780000, 0x0000000107700000, 0x0000000115780000)
  object space 32256K, 99% used [0x0000000105780000,0x00000001076d9720,0x0000000107700000)

Card table byte_map: [0x0000000155780000,0x0000000155a01000] byte_map_base: 0x0000000154f54400

Polling page: 0x00000001025a4000

Code Cache  [0x000000010263a000, 0x000000010292a000, 0x000000010563a000)
 total_blobs=1054 nmethods=471 adapters=537 free_code_cache=46270Kb largest_free_block=47262592

Compilation events (10 events):
Event: 6.607 Thread 0x00007fa5ea808800 nmethod 493 0x00000001026cca10 code [0x00000001026ccb60, 0x00000001026ccc58]
Event: 6.607 Thread 0x00007fa5ea808800  494             groovy.lang.MetaClassImpl::isGenericGetMethod (44 bytes)
Event: 6.609 Thread 0x00007fa5ea808800 nmethod 494 0x00000001026dc890 code [0x00000001026dca00, 0x00000001026dcbe8]
Event: 6.609 Thread 0x00007fa5ea808800  495             org.codehaus.groovy.reflection.CachedMethod::getDeclaringClass (5 bytes)
Event: 6.609 Thread 0x00007fa5ea808800 nmethod 495 0x00000001026cc810 code [0x00000001026cc940, 0x00000001026cc9b8]
Event: 6.609 Thread 0x00007fa5ea808800  496             java.security.PrivilegedActionException::<init> (14 bytes)
Event: 6.612 Thread 0x00007fa5ea808800 nmethod 496 0x00000001026a6810 code [0x00000001026a6960, 0x00000001026a6d28]
Event: 6.612 Thread 0x00007fa5ea808800  497             java.lang.Exception::<init> (6 bytes)
Event: 6.616 Thread 0x00007fa5ea808800 nmethod 497 0x0000000102704a10 code [0x0000000102704ba0, 0x00000001027052d8]
Event: 6.617 Thread 0x00007fa5ea808800  498             com.sun.beans.TypeResolver::resolve (37 bytes)

GC Heap History (10 events):
Event: 1.040 GC heap before
{Heap before GC invocations=1 (full 0):
 PSYoungGen      total 38912K, used 33792K [0x0000000140200000, 0x0000000142d00000, 0x0000000155780000)
  eden space 33792K, 100% used [0x0000000140200000,0x0000000142300000,0x0000000142300000)
  from space 5120K, 0% used [0x0000000142800000,0x0000000142800000,0x0000000142d00000)
  to   space 5120K, 0% used [0x0000000142300000,0x0000000142300000,0x0000000142800000)
 ParOldGen       total 87040K, used 0K [0x0000000115780000, 0x000000011ac80000, 0x0000000140200000)
  object space 87040K, 0% used [0x0000000115780000,0x0000000115780000,0x000000011ac80000)
 PSPermGen       total 21504K, used 8187K [0x0000000105780000, 0x0000000106c80000, 0x0000000115780000)
  object space 21504K, 38% used [0x0000000105780000,0x0000000105f7ec88,0x0000000106c80000)
Event: 1.051 GC heap after
Heap after GC invocations=1 (full 0):
 PSYoungGen      total 38912K, used 5059K [0x0000000140200000, 0x0000000144e00000, 0x0000000155780000)
  eden space 33792K, 0% used [0x0000000140200000,0x0000000140200000,0x0000000142300000)
  from space 5120K, 98% used [0x0000000142300000,0x00000001427f0fd8,0x0000000142800000)
  to   space 5120K, 0% used [0x0000000144900000,0x0000000144900000,0x0000000144e00000)
 ParOldGen       total 87040K, used 8K [0x0000000115780000, 0x000000011ac80000, 0x0000000140200000)
  object space 87040K, 0% used [0x0000000115780000,0x0000000115782000,0x000000011ac80000)
 PSPermGen       total 21504K, used 8187K [0x0000000105780000, 0x0000000106c80000, 0x0000000115780000)
  object space 21504K, 38% used [0x0000000105780000,0x0000000105f7ec88,0x0000000106c80000)
}
Event: 1.834 GC heap before
{Heap before GC invocations=2 (full 0):
 PSYoungGen      total 38912K, used 38851K [0x0000000140200000, 0x0000000144e00000, 0x0000000155780000)
  eden space 33792K, 100% used [0x0000000140200000,0x0000000142300000,0x0000000142300000)
  from space 5120K, 98% used [0x0000000142300000,0x00000001427f0fd8,0x0000000142800000)
  to   space 5120K, 0% used [0x0000000144900000,0x0000000144900000,0x0000000144e00000)
 ParOldGen       total 87040K, used 8K [0x0000000115780000, 0x000000011ac80000, 0x0000000140200000)
  object space 87040K, 0% used [0x0000000115780000,0x0000000115782000,0x000000011ac80000)
 PSPermGen       total 21504K, used 14777K [0x0000000105780000, 0x0000000106c80000, 0x0000000115780000)
  object space 21504K, 68% used [0x0000000105780000,0x00000001065ee740,0x0000000106c80000)
Event: 1.846 GC heap after
Heap after GC invocations=2 (full 0):
 PSYoungGen      total 72704K, used 5094K [0x0000000140200000, 0x0000000144e00000, 0x0000000155780000)
  eden space 67584K, 0% used [0x0000000140200000,0x0000000140200000,0x0000000144400000)
  from space 5120K, 99% used [0x0000000144900000,0x0000000144df9838,0x0000000144e00000)
  to   space 5120K, 0% used [0x0000000144400000,0x0000000144400000,0x0000000144900000)
 ParOldGen       total 87040K, used 2563K [0x0000000115780000, 0x000000011ac80000, 0x0000000140200000)
  object space 87040K, 2% used [0x0000000115780000,0x0000000115a00d78,0x000000011ac80000)
 PSPermGen       total 21504K, used 14777K [0x0000000105780000, 0x0000000106c80000, 0x0000000115780000)
  object space 21504K, 68% used [0x0000000105780000,0x00000001065ee740,0x0000000106c80000)
}
Event: 3.152 GC heap before
{Heap before GC invocations=3 (full 0):
 PSYoungGen      total 72704K, used 72678K [0x0000000140200000, 0x0000000144e00000, 0x0000000155780000)
  eden space 67584K, 100% used [0x0000000140200000,0x0000000144400000,0x0000000144400000)
  from space 5120K, 99% used [0x0000000144900000,0x0000000144df9838,0x0000000144e00000)
  to   space 5120K, 0% used [0x0000000144400000,0x0000000144400000,0x0000000144900000)
 ParOldGen       total 87040K, used 2563K [0x0000000115780000, 0x000000011ac80000, 0x0000000140200000)
  object space 87040K, 2% used [0x0000000115780000,0x0000000115a00d78,0x000000011ac80000)
 PSPermGen       total 21504K, used 20336K [0x0000000105780000, 0x0000000106c80000, 0x0000000115780000)
  object space 21504K, 94% used [0x0000000105780000,0x0000000106b5c070,0x0000000106c80000)
Event: 3.172 GC heap after
Heap after GC invocations=3 (full 0):
 PSYoungGen      total 72704K, used 5120K [0x0000000140200000, 0x0000000149000000, 0x0000000155780000)
  eden space 67584K, 0% used [0x0000000140200000,0x0000000140200000,0x0000000144400000)
  from space 5120K, 100% used [0x0000000144400000,0x0000000144900000,0x0000000144900000)
  to   space 5120K, 0% used [0x0000000148b00000,0x0000000148b00000,0x0000000149000000)
 ParOldGen       total 87040K, used 9788K [0x0000000115780000, 0x000000011ac80000, 0x0000000140200000)
  object space 87040K, 11% used [0x0000000115780000,0x000000011610f110,0x000000011ac80000)
 PSPermGen       total 21504K, used 20336K [0x0000000105780000, 0x0000000106c80000, 0x0000000115780000)
  object space 21504K, 94% used [0x0000000105780000,0x0000000106b5c070,0x0000000106c80000)
}
Event: 4.871 GC heap before
{Heap before GC invocations=4 (full 0):
 PSYoungGen      total 72704K, used 72704K [0x0000000140200000, 0x0000000149000000, 0x0000000155780000)
  eden space 67584K, 100% used [0x0000000140200000,0x0000000144400000,0x0000000144400000)
  from space 5120K, 100% used [0x0000000144400000,0x0000000144900000,0x0000000144900000)
  to   space 5120K, 0% used [0x0000000148b00000,0x0000000148b00000,0x0000000149000000)
 ParOldGen       total 87040K, used 9788K [0x0000000115780000, 0x000000011ac80000, 0x0000000140200000)
  object space 87040K, 11% used [0x0000000115780000,0x000000011610f110,0x000000011ac80000)
 PSPermGen       total 25600K, used 25219K [0x0000000105780000, 0x0000000107080000, 0x0000000115780000)
  object space 25600K, 98% used [0x0000000105780000,0x0000000107020d90,0x0000000107080000)
Event: 4.893 GC heap after
Heap after GC invocations=4 (full 0):
 PSYoungGen      total 140288K, used 5104K [0x0000000140200000, 0x0000000149000000, 0x0000000155780000)
  eden space 135168K, 0% used [0x0000000140200000,0x0000000140200000,0x0000000148600000)
  from space 5120K, 99% used [0x0000000148b00000,0x0000000148ffc030,0x0000000149000000)
  to   space 5120K, 0% used [0x0000000148600000,0x0000000148600000,0x0000000148b00000)
 ParOldGen       total 87040K, used 14628K [0x0000000115780000, 0x000000011ac80000, 0x0000000140200000)
  object space 87040K, 16% used [0x0000000115780000,0x00000001165c90b8,0x000000011ac80000)
 PSPermGen       total 25600K, used 25219K [0x0000000105780000, 0x0000000107080000, 0x0000000115780000)
  object space 25600K, 98% used [0x0000000105780000,0x0000000107020d90,0x0000000107080000)
}
Event: 8.013 GC heap before
{Heap before GC invocations=5 (full 0):
 PSYoungGen      total 140288K, used 140272K [0x0000000140200000, 0x0000000149000000, 0x0000000155780000)
  eden space 135168K, 100% used [0x0000000140200000,0x0000000148600000,0x0000000148600000)
  from space 5120K, 99% used [0x0000000148b00000,0x0000000148ffc030,0x0000000149000000)
  to   space 5120K, 0% used [0x0000000148600000,0x0000000148600000,0x0000000148b00000)
 ParOldGen       total 87040K, used 14628K [0x0000000115780000, 0x000000011ac80000, 0x0000000140200000)
  object space 87040K, 16% used [0x0000000115780000,0x00000001165c90b8,0x000000011ac80000)
 PSPermGen       total 31744K, used 31602K [0x0000000105780000, 0x0000000107680000, 0x0000000115780000)
  object space 31744K, 99% used [0x0000000105780000,0x000000010765c9c0,0x0000000107680000)
Event: 8.076 GC heap after
Heap after GC invocations=5 (full 0):
 PSYoungGen      total 140288K, used 5088K [0x0000000140200000, 0x0000000153700000, 0x0000000155780000)
  eden space 135168K, 0% used [0x0000000140200000,0x0000000140200000,0x0000000148600000)
  from space 5120K, 99% used [0x0000000148600000,0x0000000148af8020,0x0000000148b00000)
  to   space 23040K, 0% used [0x0000000152080000,0x0000000152080000,0x0000000153700000)
 ParOldGen       total 87040K, used 33422K [0x0000000115780000, 0x000000011ac80000, 0x0000000140200000)
  object space 87040K, 38% used [0x0000000115780000,0x0000000117823a70,0x000000011ac80000)
 PSPermGen       total 31744K, used 31602K [0x0000000105780000, 0x0000000107680000, 0x0000000115780000)
  object space 31744K, 99% used [0x0000000105780000,0x000000010765c9c0,0x0000000107680000)
}

Deoptimization events (10 events):
Event: 5.422 Thread 0x00007fa5e99d8000 Uncommon trap: reason=unreached action=reinterpret pc=0x00000001026e2a64 method=java.util.HashMap.put(Ljava/lang/Object;Ljava/lang/Object;)Ljava/lang/Object; @ 19
Event: 6.434 Thread 0x00007fa5e99d8000 Uncommon trap: reason=bimorphic action=maybe_recompile pc=0x0000000102881a10 method=java.util.regex.Pattern$Branch.match(Ljava/util/regex/Matcher;ILjava/lang/CharSequence;)Z @ 32
Event: 6.811 Thread 0x00007fa5e99d8000 Uncommon trap: reason=unreached action=reinterpret pc=0x00000001028203cc method=java.lang.ref.ReferenceQueue.poll()Ljava/lang/ref/Reference; @ 4
Event: 6.855 Thread 0x00007fa5e99d8000 Uncommon trap: reason=unreached action=reinterpret pc=0x00000001028be390 method=com.sun.org.apache.xerces.internal.impl.dtd.XMLDTDValidator.handleStartElement(Lcom/sun/org/apache/xerces/internal/xni/QName;Lcom/sun/org/apache/xerces/internal/xni/XMLAttribu
Event: 6.855 Thread 0x00007fa5e99d8000 Uncommon trap: reason=class_check action=maybe_recompile pc=0x00000001028bae44 method=com.sun.org.apache.xerces.internal.impl.dtd.XMLDTDValidator.startElement(Lcom/sun/org/apache/xerces/internal/xni/QName;Lcom/sun/org/apache/xerces/internal/xni/XMLAttribu
Event: 6.855 Thread 0x00007fa5e99d8000 Uncommon trap: reason=class_check action=maybe_recompile pc=0x00000001028bae28 method=com.sun.org.apache.xerces.internal.impl.XMLDocumentFragmentScannerImpl.scanStartElement()Z @ 430
Event: 6.855 Thread 0x00007fa5e99d8000 Uncommon trap: reason=class_check action=maybe_recompile pc=0x00000001028bae28 method=com.sun.org.apache.xerces.internal.impl.XMLDocumentFragmentScannerImpl.scanStartElement()Z @ 430
Event: 6.855 Thread 0x00007fa5e99d8000 Uncommon trap: reason=class_check action=maybe_recompile pc=0x00000001028bae28 method=com.sun.org.apache.xerces.internal.impl.XMLDocumentFragmentScannerImpl.scanStartElement()Z @ 430
Event: 6.855 Thread 0x00007fa5e99d8000 Uncommon trap: reason=class_check action=maybe_recompile pc=0x00000001028bae28 method=com.sun.org.apache.xerces.internal.impl.XMLDocumentFragmentScannerImpl.scanStartElement()Z @ 430
Event: 6.904 Thread 0x00007fa5e99d8000 Uncommon trap: reason=unreached action=reinterpret pc=0x00000001028cd058 method=org.apache.ivy.core.IvyPatternHelper.substituteTokens(Ljava/lang/String;Ljava/util/Map;)Ljava/lang/String; @ 469

Internal exceptions (10 events):
Event: 8.477 Thread 0x00007fa5e99d8000 Threw 0x0000000140ff7670 at /HUDSON/workspace/7u-2-build-macosx-x86_64/jdk7u79/2331/hotspot/src/share/vm/prims/jvm.cpp:1304
Event: 8.477 Thread 0x00007fa5e99d8000 Threw 0x0000000140ff85b8 at /HUDSON/workspace/7u-2-build-macosx-x86_64/jdk7u79/2331/hotspot/src/share/vm/prims/jvm.cpp:1304
Event: 8.479 Thread 0x00007fa5e99d8000 Threw 0x0000000141006c08 at /HUDSON/workspace/7u-2-build-macosx-x86_64/jdk7u79/2331/hotspot/src/share/vm/prims/jvm.cpp:1304
Event: 8.479 Thread 0x00007fa5e99d8000 Threw 0x00000001410077e8 at /HUDSON/workspace/7u-2-build-macosx-x86_64/jdk7u79/2331/hotspot/src/share/vm/prims/jvm.cpp:1304
Event: 8.494 Thread 0x00007fa5e99d8000 Threw 0x000000014107c6a0 at /HUDSON/workspace/7u-2-build-macosx-x86_64/jdk7u79/2331/hotspot/src/share/vm/prims/jvm.cpp:1304
Event: 8.494 Thread 0x00007fa5e99d8000 Threw 0x000000014107d530 at /HUDSON/workspace/7u-2-build-macosx-x86_64/jdk7u79/2331/hotspot/src/share/vm/prims/jvm.cpp:1304
Event: 8.495 Thread 0x00007fa5e99d8000 Threw 0x0000000141090c68 at /HUDSON/workspace/7u-2-build-macosx-x86_64/jdk7u79/2331/hotspot/src/share/vm/prims/jvm.cpp:1304
Event: 8.496 Thread 0x00007fa5e99d8000 Threw 0x0000000141091af8 at /HUDSON/workspace/7u-2-build-macosx-x86_64/jdk7u79/2331/hotspot/src/share/vm/prims/jvm.cpp:1304
Event: 8.500 Thread 0x00007fa5e99d8000 Threw 0x00000001410b0d78 at /HUDSON/workspace/7u-2-build-macosx-x86_64/jdk7u79/2331/hotspot/src/share/vm/prims/jvm.cpp:1304
Event: 8.501 Thread 0x00007fa5e99d8000 Threw 0x00000001410b1c40 at /HUDSON/workspace/7u-2-build-macosx-x86_64/jdk7u79/2331/hotspot/src/share/vm/prims/jvm.cpp:1304

Events (10 events):
Event: 8.477 loading class 0x00007fa5ea2e4e80
Event: 8.477 loading class 0x00007fa5ea2e4e80 done
Event: 8.478 loading class 0x00007fa5ec04ab00
Event: 8.478 loading class 0x00007fa5ec04ab00 done
Event: 8.494 loading class 0x00007fa5ea296eb0
Event: 8.494 loading class 0x00007fa5ea296eb0 done
Event: 8.495 loading class 0x00007fa5ec11cd70
Event: 8.495 loading class 0x00007fa5ec11cd70 done
Event: 8.500 loading class 0x00007fa5ea2e6d80
Event: 8.500 loading class 0x00007fa5ea2e6d80 done


Dynamic libraries:
0x0000000009348000 	/System/Library/Frameworks/Cocoa.framework/Versions/A/Cocoa
0x0000000009348000 	/System/Library/Frameworks/Security.framework/Versions/A/Security
0x0000000009348000 	/System/Library/Frameworks/ApplicationServices.framework/Versions/A/ApplicationServices
0x0000000009348000 	/usr/lib/libz.1.dylib
0x0000000009348000 	/usr/lib/libSystem.B.dylib
0x0000000009348000 	/usr/lib/libobjc.A.dylib
0x0000000009348000 	/System/Library/Frameworks/CoreFoundation.framework/Versions/A/CoreFoundation
0x0000000009348000 	/System/Library/Frameworks/Foundation.framework/Versions/C/Foundation
0x0000000009348000 	/System/Library/Frameworks/AppKit.framework/Versions/C/AppKit
0x0000000009348000 	/System/Library/Frameworks/CoreData.framework/Versions/A/CoreData
0x0000000009348000 	/System/Library/PrivateFrameworks/RemoteViewServices.framework/Versions/A/RemoteViewServices
0x0000000009348000 	/System/Library/Frameworks/AudioToolbox.framework/Versions/A/AudioToolbox
0x0000000009348000 	/System/Library/Frameworks/AudioUnit.framework/Versions/A/AudioUnit
0x0000000009348000 	/System/Library/PrivateFrameworks/DataDetectorsCore.framework/Versions/A/DataDetectorsCore
0x0000000009348000 	/System/Library/PrivateFrameworks/DesktopServicesPriv.framework/Versions/A/DesktopServicesPriv
0x0000000009348000 	/System/Library/Frameworks/Carbon.framework/Versions/A/Frameworks/HIToolbox.framework/Versions/A/HIToolbox
0x0000000009348000 	/System/Library/Frameworks/QuartzCore.framework/Versions/A/QuartzCore
0x0000000009348000 	/System/Library/Frameworks/Carbon.framework/Versions/A/Frameworks/SpeechRecognition.framework/Versions/A/SpeechRecognition
0x0000000009348000 	/usr/lib/libauto.dylib
0x0000000009348000 	/usr/lib/libicucore.A.dylib
0x0000000009348000 	/usr/lib/libxml2.2.dylib
0x0000000009348000 	/System/Library/PrivateFrameworks/CoreUI.framework/Versions/A/CoreUI
0x0000000009348000 	/System/Library/Frameworks/CoreAudio.framework/Versions/A/CoreAudio
0x0000000009348000 	/System/Library/Frameworks/DiskArbitration.framework/Versions/A/DiskArbitration
0x0000000009348000 	/usr/lib/liblangid.dylib
0x0000000009348000 	/System/Library/PrivateFrameworks/MultitouchSupport.framework/Versions/A/MultitouchSupport
0x0000000009348000 	/System/Library/Frameworks/IOKit.framework/Versions/A/IOKit
0x0000000009348000 	/usr/lib/libDiagnosticMessagesClient.dylib
0x0000000009348000 	/System/Library/Frameworks/CoreServices.framework/Versions/A/CoreServices
0x0000000009348000 	/System/Library/PrivateFrameworks/PerformanceAnalysis.framework/Versions/A/PerformanceAnalysis
0x0000000009348000 	/System/Library/PrivateFrameworks/GenerationalStorage.framework/Versions/A/GenerationalStorage
0x0000000009348000 	/System/Library/Frameworks/OpenGL.framework/Versions/A/OpenGL
0x0000000009348000 	/System/Library/Frameworks/CoreText.framework/Versions/A/CoreText
0x0000000009348000 	/System/Library/Frameworks/ImageIO.framework/Versions/A/ImageIO
0x0000000009348000 	/System/Library/PrivateFrameworks/Backup.framework/Versions/A/Backup
0x0000000009348000 	/System/Library/Frameworks/CFNetwork.framework/Versions/A/CFNetwork
0x0000000009348000 	/System/Library/Frameworks/SystemConfiguration.framework/Versions/A/SystemConfiguration
0x0000000009348000 	/usr/lib/libCRFSuite.dylib
0x0000000009348000 	/System/Library/PrivateFrameworks/TCC.framework/Versions/A/TCC
0x0000000009348000 	/usr/lib/libc++.1.dylib
0x0000000009348000 	/usr/lib/libc++abi.dylib
0x0000000009348000 	/usr/lib/system/libcache.dylib
0x0000000009348000 	/usr/lib/system/libcommonCrypto.dylib
0x0000000009348000 	/usr/lib/system/libcompiler_rt.dylib
0x0000000009348000 	/usr/lib/system/libcopyfile.dylib
0x0000000009348000 	/usr/lib/system/libdispatch.dylib
0x0000000009348000 	/usr/lib/system/libdnsinfo.dylib
0x0000000009348000 	/usr/lib/system/libdyld.dylib
0x0000000009348000 	/usr/lib/system/libkeymgr.dylib
0x0000000009348000 	/usr/lib/system/liblaunch.dylib
0x0000000009348000 	/usr/lib/system/libmacho.dylib
0x0000000009348000 	/usr/lib/system/libquarantine.dylib
0x0000000009348000 	/usr/lib/system/libremovefile.dylib
0x0000000009348000 	/usr/lib/system/libsystem_blocks.dylib
0x0000000009348000 	/usr/lib/system/libsystem_c.dylib
0x0000000009348000 	/usr/lib/system/libsystem_dnssd.dylib
0x0000000009348000 	/usr/lib/system/libsystem_info.dylib
0x0000000009348000 	/usr/lib/system/libsystem_kernel.dylib
0x0000000009348000 	/usr/lib/system/libsystem_m.dylib
0x0000000009348000 	/usr/lib/system/libsystem_network.dylib
0x0000000009348000 	/usr/lib/system/libsystem_notify.dylib
0x0000000009348000 	/usr/lib/system/libsystem_sandbox.dylib
0x0000000009348000 	/usr/lib/system/libunc.dylib
0x0000000009348000 	/usr/lib/system/libunwind.dylib
0x0000000009348000 	/usr/lib/system/libxpc.dylib
0x0000000009348000 	/usr/lib/system/libcorecrypto.dylib
0x0000000009348000 	/usr/lib/libstdc++.6.dylib
0x0000000009348000 	/usr/lib/libbsm.0.dylib
0x0000000009348000 	/usr/lib/libsqlite3.dylib
0x0000000009348000 	/usr/lib/libxar.1.dylib
0x0000000009348000 	/usr/lib/libpam.2.dylib
0x0000000009348000 	/usr/lib/libOpenScriptingUtil.dylib
0x0000000009348000 	/usr/lib/libbz2.1.0.dylib
0x0000000009348000 	/System/Library/Frameworks/CoreServices.framework/Versions/A/Frameworks/CarbonCore.framework/Versions/A/CarbonCore
0x0000000009348000 	/System/Library/Frameworks/CoreServices.framework/Versions/A/Frameworks/Metadata.framework/Versions/A/Metadata
0x0000000009348000 	/System/Library/Frameworks/CoreServices.framework/Versions/A/Frameworks/OSServices.framework/Versions/A/OSServices
0x0000000009348000 	/System/Library/Frameworks/CoreServices.framework/Versions/A/Frameworks/SearchKit.framework/Versions/A/SearchKit
0x0000000009348000 	/System/Library/Frameworks/CoreServices.framework/Versions/A/Frameworks/AE.framework/Versions/A/AE
0x0000000009348000 	/System/Library/Frameworks/CoreServices.framework/Versions/A/Frameworks/LaunchServices.framework/Versions/A/LaunchServices
0x0000000009348000 	/System/Library/Frameworks/CoreServices.framework/Versions/A/Frameworks/DictionaryServices.framework/Versions/A/DictionaryServices
0x0000000009348000 	/System/Library/Frameworks/NetFS.framework/Versions/A/NetFS
0x0000000009348000 	/usr/lib/system/libkxld.dylib
0x0000000009348000 	/System/Library/PrivateFrameworks/NetAuth.framework/Versions/A/NetAuth
0x0000000009348000 	/System/Library/Frameworks/OpenDirectory.framework/Versions/A/Frameworks/CFOpenDirectory.framework/Versions/A/CFOpenDirectory
0x0000000009348000 	/usr/lib/libxslt.1.dylib
0x0000000009348000 	/System/Library/PrivateFrameworks/FamilyControls.framework/Versions/A/FamilyControls
0x0000000009348000 	/System/Library/Frameworks/Carbon.framework/Versions/A/Frameworks/Ink.framework/Versions/A/Ink
0x0000000009348000 	/System/Library/Frameworks/ApplicationServices.framework/Versions/A/Frameworks/CoreGraphics.framework/Versions/A/CoreGraphics
0x0000000009348000 	/System/Library/Frameworks/ApplicationServices.framework/Versions/A/Frameworks/ATS.framework/Versions/A/ATS
0x0000000009348000 	/System/Library/Frameworks/ApplicationServices.framework/Versions/A/Frameworks/ColorSync.framework/Versions/A/ColorSync
0x0000000009348000 	/System/Library/Frameworks/ApplicationServices.framework/Versions/A/Frameworks/HIServices.framework/Versions/A/HIServices
0x0000000009348000 	/System/Library/Frameworks/ApplicationServices.framework/Versions/A/Frameworks/LangAnalysis.framework/Versions/A/LangAnalysis
0x0000000009348000 	/System/Library/Frameworks/ApplicationServices.framework/Versions/A/Frameworks/PrintCore.framework/Versions/A/PrintCore
0x0000000009348000 	/System/Library/Frameworks/ApplicationServices.framework/Versions/A/Frameworks/QD.framework/Versions/A/QD
0x0000000009348000 	/System/Library/Frameworks/ApplicationServices.framework/Versions/A/Frameworks/SpeechSynthesis.framework/Versions/A/SpeechSynthesis
0x0000000009348000 	/System/Library/Frameworks/IOSurface.framework/Versions/A/IOSurface
0x0000000009348000 	/System/Library/Frameworks/Accelerate.framework/Versions/A/Accelerate
0x0000000009348000 	/System/Library/Frameworks/ApplicationServices.framework/Versions/A/Frameworks/ATS.framework/Versions/A/Resources/libFontParser.dylib
0x0000000009348000 	/System/Library/Frameworks/ApplicationServices.framework/Versions/A/Frameworks/ATS.framework/Versions/A/Resources/libFontRegistry.dylib
0x0000000009348000 	/System/Library/Frameworks/Accelerate.framework/Versions/A/Frameworks/vImage.framework/Versions/A/vImage
0x0000000009348000 	/System/Library/Frameworks/Accelerate.framework/Versions/A/Frameworks/vecLib.framework/Versions/A/vecLib
0x0000000009348000 	/System/Library/Frameworks/Accelerate.framework/Versions/A/Frameworks/vecLib.framework/Versions/A/libvDSP.dylib
0x0000000009348000 	/System/Library/Frameworks/Accelerate.framework/Versions/A/Frameworks/vecLib.framework/Versions/A/libvMisc.dylib
0x0000000009348000 	/System/Library/Frameworks/Accelerate.framework/Versions/A/Frameworks/vecLib.framework/Versions/A/libLAPACK.dylib
0x0000000009348000 	/System/Library/Frameworks/Accelerate.framework/Versions/A/Frameworks/vecLib.framework/Versions/A/libBLAS.dylib
0x0000000009348000 	/System/Library/Frameworks/ImageIO.framework/Versions/A/Resources/libJPEG.dylib
0x0000000009348000 	/System/Library/Frameworks/ImageIO.framework/Versions/A/Resources/libTIFF.dylib
0x0000000009348000 	/System/Library/Frameworks/ImageIO.framework/Versions/A/Resources/libPng.dylib
0x0000000009348000 	/System/Library/Frameworks/ImageIO.framework/Versions/A/Resources/libGIF.dylib
0x0000000009348000 	/System/Library/Frameworks/ImageIO.framework/Versions/A/Resources/libJP2.dylib
0x0000000009348000 	/System/Library/Frameworks/ImageIO.framework/Versions/A/Resources/libRadiance.dylib
0x0000000009348000 	/usr/lib/libcups.2.dylib
0x0000000009348000 	/System/Library/Frameworks/Kerberos.framework/Versions/A/Kerberos
0x0000000009348000 	/System/Library/Frameworks/GSS.framework/Versions/A/GSS
0x0000000009348000 	/usr/lib/libresolv.9.dylib
0x0000000009348000 	/usr/lib/libiconv.2.dylib
0x0000000009348000 	/System/Library/PrivateFrameworks/Heimdal.framework/Versions/A/Heimdal
0x0000000009348000 	/System/Library/PrivateFrameworks/TrustEvaluationAgent.framework/Versions/A/TrustEvaluationAgent
0x0000000009348000 	/System/Library/Frameworks/OpenDirectory.framework/Versions/A/OpenDirectory
0x0000000009348000 	/System/Library/PrivateFrameworks/CommonAuth.framework/Versions/A/CommonAuth
0x0000000009348000 	/System/Library/PrivateFrameworks/Bom.framework/Versions/A/Bom
0x0000000009348000 	/System/Library/Frameworks/CoreVideo.framework/Versions/A/CoreVideo
0x0000000009348000 	/System/Library/Frameworks/QuartzCore.framework/Versions/A/Frameworks/CoreImage.framework/Versions/A/CoreImage
0x0000000009348000 	/System/Library/Frameworks/QuartzCore.framework/Versions/A/Frameworks/ScalableUserInterface.framework/Versions/A/ScalableUserInterface
0x0000000009348000 	/System/Library/Frameworks/OpenGL.framework/Versions/A/Libraries/libGLU.dylib
0x0000000009348000 	/System/Library/Frameworks/OpenGL.framework/Versions/A/Libraries/libGFXShared.dylib
0x0000000009348000 	/System/Library/Frameworks/OpenGL.framework/Versions/A/Libraries/libGL.dylib
0x0000000009348000 	/System/Library/Frameworks/OpenGL.framework/Versions/A/Libraries/libGLImage.dylib
0x0000000009348000 	/System/Library/Frameworks/OpenGL.framework/Versions/A/Libraries/libCVMSPluginSupport.dylib
0x0000000009348000 	/System/Library/Frameworks/OpenGL.framework/Versions/A/Libraries/libCoreVMClient.dylib
0x0000000009348000 	/System/Library/PrivateFrameworks/CrashReporterSupport.framework/Versions/A/CrashReporterSupport
0x0000000009348000 	/System/Library/Frameworks/OpenCL.framework/Versions/A/OpenCL
0x0000000009348000 	/System/Library/PrivateFrameworks/FaceCoreLight.framework/Versions/A/FaceCoreLight
0x0000000009348000 	/System/Library/PrivateFrameworks/AppleFSCompression.framework/Versions/A/AppleFSCompression
0x0000000009348000 	/System/Library/PrivateFrameworks/Ubiquity.framework/Versions/A/Ubiquity
0x0000000009348000 	/System/Library/Frameworks/ServiceManagement.framework/Versions/A/ServiceManagement
0x0000000009348000 	/System/Library/PrivateFrameworks/ChunkingLibrary.framework/Versions/A/ChunkingLibrary
0x0000000009348000 	/System/Library/Frameworks/vecLib.framework/Versions/A/vecLib
0x0000000009348000 	/System/Library/Frameworks/SecurityFoundation.framework/Versions/A/SecurityFoundation
0x0000000009348000 	/System/Library/PrivateFrameworks/CommerceKit.framework/Versions/A/Frameworks/CommerceCore.framework/Versions/A/CommerceCore
0x0000000009348000 	/System/Library/PrivateFrameworks/CoreSymbolication.framework/Versions/A/CoreSymbolication
0x0000000009348000 	/System/Library/PrivateFrameworks/Symbolication.framework/Versions/A/Symbolication
0x0000000009348000 	/System/Library/PrivateFrameworks/DebugSymbols.framework/Versions/A/DebugSymbols
0x0000000101a01000 	/Library/Java/JavaVirtualMachines/jdk1.7.0_79.jdk/Contents/Home/jre/lib/server/libjvm.dylib
0x0000000102567000 	/Library/Java/JavaVirtualMachines/jdk1.7.0_79.jdk/Contents/Home/jre/lib/libverify.dylib
0x0000000102574000 	/Library/Java/JavaVirtualMachines/jdk1.7.0_79.jdk/Contents/Home/jre/lib/libjava.dylib
0x0000000102631000 	/Library/Java/JavaVirtualMachines/jdk1.7.0_79.jdk/Contents/Home/jre/lib/libzip.dylib
0x000000015a03f000 	/System/Library/Frameworks/JavaVM.framework/Frameworks/JavaRuntimeSupport.framework/JavaRuntimeSupport
0x000000015a058000 	/System/Library/Frameworks/JavaVM.framework/Versions/A/Frameworks/JavaNativeFoundation.framework/Versions/A/JavaNativeFoundation
0x000000015a06e000 	/System/Library/Frameworks/JavaVM.framework/Versions/A/JavaVM
0x0000000009348000 	/System/Library/Frameworks/Carbon.framework/Versions/A/Carbon
0x000000015a07b000 	/System/Library/PrivateFrameworks/JavaLaunching.framework/Versions/A/JavaLaunching
0x0000000009348000 	/System/Library/Frameworks/Carbon.framework/Versions/A/Frameworks/CommonPanels.framework/Versions/A/CommonPanels
0x0000000009348000 	/System/Library/Frameworks/Carbon.framework/Versions/A/Frameworks/Help.framework/Versions/A/Help
0x0000000009348000 	/System/Library/Frameworks/Carbon.framework/Versions/A/Frameworks/ImageCapture.framework/Versions/A/ImageCapture
0x0000000009348000 	/System/Library/Frameworks/Carbon.framework/Versions/A/Frameworks/OpenScripting.framework/Versions/A/OpenScripting
0x0000000009348000 	/System/Library/Frameworks/Carbon.framework/Versions/A/Frameworks/Print.framework/Versions/A/Print
0x0000000009348000 	/System/Library/Frameworks/Carbon.framework/Versions/A/Frameworks/SecurityHI.framework/Versions/A/SecurityHI
0x000000015a8e0000 	/Library/Java/JavaVirtualMachines/jdk1.7.0_79.jdk/Contents/Home/jre/lib/libnet.dylib
0x000000015a93e000 	/Library/Java/JavaVirtualMachines/jdk1.7.0_79.jdk/Contents/Home/jre/lib/libnio.dylib
0x000000015a836000 	/private/var/folders/rg/1cmkydwn719fzl7fbsfhg3400000gn/T/native-platform2804222956733582802dir/libnative-platform.dylib

VM Arguments:
jvm_args: -XX:MaxPermSize=256m -XX:+HeapDumpOnOutOfMemoryError -Xmx1024m -Dfile.encoding=UTF-8 -Duser.country=US -Duser.language=en -Duser.variant 
java_command: org.gradle.launcher.daemon.bootstrap.GradleDaemon 2.2.1 /Users/ashwini/.gradle/daemon 10800000 c8aa09f9-05f5-44aa-a727-f09ccda8254f -XX:MaxPermSize=256m -XX:+HeapDumpOnOutOfMemoryError -Xmx1024m -Dfile.encoding=UTF-8 -Duser.country=US -Duser.language=en -Duser.variant
Launcher Type: SUN_STANDARD

Environment Variables:
PATH=/usr/bin:/bin:/usr/sbin:/sbin
SHELL=/bin/bash

Signal Handlers:
SIGSEGV: [libjvm.dylib+0x52daf1], sa_mask[0]=0xfffefeff, sa_flags=0x00000043
SIGBUS: [libjvm.dylib+0x52daf1], sa_mask[0]=0xfffefeff, sa_flags=0x00000042
SIGFPE: [libjvm.dylib+0x41f34e], sa_mask[0]=0xfffefeff, sa_flags=0x00000042
SIGPIPE: [libjvm.dylib+0x41f34e], sa_mask[0]=0xfffefeff, sa_flags=0x00000042
SIGXFSZ: [libjvm.dylib+0x41f34e], sa_mask[0]=0xfffefeff, sa_flags=0x00000042
SIGILL: [libjvm.dylib+0x41f34e], sa_mask[0]=0xfffefeff, sa_flags=0x00000042
SIGUSR1: SIG_DFL, sa_mask[0]=0x00000000, sa_flags=0x00000002
SIGUSR2: [libjvm.dylib+0x41ee40], sa_mask[0]=0x00000004, sa_flags=0x00000042
SIGHUP: [libjvm.dylib+0x41d0d1], sa_mask[0]=0xfffefeff, sa_flags=0x00000042
SIGINT: [libjvm.dylib+0x41d0d1], sa_mask[0]=0xfffefeff, sa_flags=0x00000042
SIGTERM: [libjvm.dylib+0x41d0d1], sa_mask[0]=0xfffefeff, sa_flags=0x00000042
SIGQUIT: [libjvm.dylib+0x41d0d1], sa_mask[0]=0xfffefeff, sa_flags=0x00000042


---------------  S Y S T E M  ---------------

OS:Bsduname:Darwin 12.6.0 Darwin Kernel Version 12.6.0: Wed Mar 18 16:23:48 PDT 2015; root:xnu-2050.48.19~1/RELEASE_X86_64 x86_64
rlimit: STACK 8192k, CORE 0k, NPROC 709, NOFILE 10240, AS infinity
load average:2.41 2.71 2.94

CPU:total 4 (2 cores per cpu, 2 threads per core) family 6 model 42 stepping 7, cmov, cx8, fxsr, mmx, sse, sse2, sse3, ssse3, sse4.1, sse4.2, popcnt, avx, aes, ht, tsc, tscinvbit

Memory: 4k page, physical 8388608k(2097152k free)

/proc/meminfo:


vm_info: Java HotSpot(TM) 64-Bit Server VM (24.79-b02) for bsd-amd64 JRE (1.7.0_79-b15), built on Apr 10 2015 11:35:04 by "java_re" with gcc 4.2.1 (Based on Apple Inc. build 5658) (LLVM build 2336.11.00)

time: Tue May 19 16:03:36 2015
elapsed time: 8 seconds

