#
# A fatal error has been detected by the Java Runtime Environment:
#
#  SIGSEGV (0xb) at pc=0x00000001047c2060, pid=3380, tid=29883
#
# JRE version: Java(TM) SE Runtime Environment (7.0_79-b15) (build 1.7.0_79-b15)
# Java VM: Java HotSpot(TM) 64-Bit Server VM (24.79-b02 mixed mode bsd-amd64 compressed oops)
# Problematic frame:
# V  [libjvm.dylib+0x491060]
#
# Failed to write core dump. Core dumps have been disabled. To enable core dumping, try "ulimit -c unlimited" before starting Java again
#
# If you would like to submit a bug report, please visit:
#   http://bugreport.java.com/bugreport/crash.jsp
#

---------------  T H R E A D  ---------------

Current thread (0x00007fb764715800):  JavaThread "Daemon worker Thread 65" [_thread_in_vm, id=29883, stack(0x000000015db47000,0x000000015dc47000)]

siginfo:si_signo=SIGSEGV: si_errno=0, si_code=0 (SEGV0), si_addr=0x0000000000000000

Registers:
RAX=0x000800015b3e6f3a, RBX=0x00007fb764715800, RCX=0x000800015b3e6f31, RDX=0x0000000000000000
RSP=0x000000015dc40a90, RBP=0x000000015dc40ab0, RSI=0x0000000000000005, RDI=0x000800015b3e6f30
R8 =0x0000000000000000, R9 =0x0000000000000700, R10=0x0000000104f7c72c, R11=0x00000001047a8353
R12=0x0000000000000001, R13=0x000000011026a6a8, R14=0x00007fb763418170, R15=0x000000011026a480
RIP=0x00000001047c2060, EFLAGS=0x0000000000010206, ERR=0x0000000000000000
  TRAPNO=0x000000000000000d

Top of Stack: (sp=0x000000015dc40a90)
0x000000015dc40a90:   0000000100000000 00007fb764715800
0x000000015dc40aa0:   00007fb763418170 000000011026a480
0x000000015dc40ab0:   000000015dc42ae0 00000001048499ba
0x000000015dc40ac0:   0000000000000002 00000001102e79f6
0x000000015dc40ad0:   0000000104aa7520 000000010b064180
0x000000015dc40ae0:   000000015dc40b20 00007fff95f03165
0x000000015dc40af0:   0000000000000002 00002060102e79f6
0x000000015dc40b00:   451e8700451e8700 00007fb763ecf400
0x000000015dc40b10:   00007fb761301fc0 0000000100000001
0x000000015dc40b20:   000000015dc42b90 000000010482be19
0x000000015dc40b30:   000000015dc40b70 00000001043cacce
0x000000015dc40b40:   00007fb7630f1160 000000015dc40b60
0x000000015dc40b50:   000000015dc40b90 00007fb7630ebf50
0x000000015dc40b60:   0000000000000000 00007fb76413add7
0x000000015dc40b70:   000000015dc40b90 00000001043cae3a
0x000000015dc40b80:   000000015dc40d40 00000001102e79f6
0x000000015dc40b90:   000000015dc40bb0 00000001044b276b
0x000000015dc40ba0:   00000001102e79f6 00007fb700000000
0x000000015dc40bb0:   000000015dc40d90 00000001044c413f
0x000000015dc40bc0:   00007fb700000000 00007fb764715800
0x000000015dc40bd0:   000000015dc40c40 000000015dc41108
0x000000015dc40be0:   000000015dc40e90 00007fb763418178
0x000000015dc40bf0:   fffffffffffffffe 00007fb763420ef1
0x000000015dc40c00:   000000010421d000 00007fb76100fb50
0x000000015dc40c10:   0000000104220a00 0000000100000000
0x000000015dc40c20:   000000015dc40c30 00007fff95eebb49
0x000000015dc40c30:   0000000000000000 0000000000000000
0x000000015dc40c40:   0000000000000010 000000015b3e30c0
0x000000015dc40c50:   000000015dc40c80 00007fff95f254c3
0x000000015dc40c60:   0000000104221404 0000000104b2ceb0
0x000000015dc40c70:   0000000104221400 00007fb763420f00
0x000000015dc40c80:   0000000000000000 0000000000000001 

Instructions: (pc=0x00000001047c2060)
0x00000001047c2040:   31 c0 48 83 c4 08 5b 5d c3 90 55 48 89 e5 41 57
0x00000001047c2050:   41 56 53 48 83 ec 08 48 89 f8 48 83 c0 0a 74 64
0x00000001047c2060:   66 8b 4f 08 66 83 f9 02 72 5a 80 38 28 75 55 0f
0x00000001047c2070:   b7 d9 49 89 fe 41 bf 01 00 00 00 eb 1c 4b 8d 7c 

Register to memory mapping:

RAX=0x000800015b3e6f3a is an unknown value
RBX=0x00007fb764715800 is a thread
RCX=0x000800015b3e6f31 is an unknown value
RDX=0x0000000000000000 is an unknown value
RSP=0x000000015dc40a90 is pointing into the stack for thread: 0x00007fb764715800
RBP=0x000000015dc40ab0 is pointing into the stack for thread: 0x00007fb764715800
RSI=0x0000000000000005 is an unknown value
RDI=0x000800015b3e6f30 is an unknown value
R8 =0x0000000000000000 is an unknown value
R9 =0x0000000000000700 is an unknown value
R10=0x0000000104f7c72c is at code_begin+620 in an Interpreter codelet
method entry point (kind = native)  [0x0000000104f7c4c0, 0x0000000104f7cd00]  2112 bytes
R11=0x00000001047a8353: throw_unsatisfied_link_error+0 in /Library/Java/JavaVirtualMachines/jdk1.7.0_79.jdk/Contents/Home/jre/lib/server/libjvm.dylib at 0x0000000104331000
R12=0x0000000000000001 is an unknown value
R13=0x000000011026a6a8 is an oop
{method} 
 - klass: {other class}
R14=0x00007fb763418170 is an unknown value
R15=0x000000011026a480 is an oop
{constant pool} 
 - klass: {other class}
 - holder: 0x000000011026ac90
 - cache: 0x0000000000000000
 -   1 :  : klass_index=3 name_and_type_index=31
 -   2 :  : 'com/android/builder/testing/api/DeviceProvider'
 -   3 :  : 'java/lang/Object'
 -   4 :  : '<init>'
 -   5 :  : '
[error occurred during error reporting (printing register info), id 0xb]

Stack: [0x000000015db47000,0x000000015dc47000],  sp=0x000000015dc40a90,  free space=998k
Native frames: (J=compiled Java code, j=interpreted, Vv=VM code, C=native code)
V  [libjvm.dylib+0x491060]
V  [libjvm.dylib+0x5189ba]
V  [libjvm.dylib+0x524a23]
V  [libjvm.dylib+0x5256bb]
V  [libjvm.dylib+0x2b1b1a]
V  [libjvm.dylib+0x2b202b]
V  [libjvm.dylib+0x32dc1b]
j  java.lang.Class.getDeclaredMethods0(Z)[Ljava/lang/reflect/Method;+0
j  java.lang.Class.privateGetDeclaredMethods(Z)[Ljava/lang/reflect/Method;+37
j  java.lang.Class.getDeclaredMethods()[Ljava/lang/reflect/Method;+11
j  org.codehaus.groovy.reflection.stdclasses.CachedSAMClass$1.run()[Ljava/lang/reflect/Method;+4
j  org.codehaus.groovy.reflection.stdclasses.CachedSAMClass$1.run()Ljava/lang/Object;+1
v  ~StubRoutines::call_stub
V  [libjvm.dylib+0x2dbef8]
V  [libjvm.dylib+0x2dbcc8]
V  [libjvm.dylib+0x32f4b8]
J 1434  java.security.AccessController.doPrivileged(Ljava/security/PrivilegedAction;)Ljava/lang/Object; (0 bytes) @ 0x00000001053ad53f [0x00000001053ad480+0xbf]

Java frames: (J=compiled Java code, j=interpreted, Vv=VM code)
j  java.lang.Class.getDeclaredMethods0(Z)[Ljava/lang/reflect/Method;+0
j  java.lang.Class.privateGetDeclaredMethods(Z)[Ljava/lang/reflect/Method;+37
j  java.lang.Class.getDeclaredMethods()[Ljava/lang/reflect/Method;+11
j  org.codehaus.groovy.reflection.stdclasses.CachedSAMClass$1.run()[Ljava/lang/reflect/Method;+4
j  org.codehaus.groovy.reflection.stdclasses.CachedSAMClass$1.run()Ljava/lang/Object;+1
v  ~StubRoutines::call_stub
J 1434  java.security.AccessController.doPrivileged(Ljava/security/PrivilegedAction;)Ljava/lang/Object; (0 bytes) @ 0x00000001053ad4cf [0x00000001053ad480+0x4f]
J 1262 C2 org.codehaus.groovy.reflection.stdclasses.CachedSAMClass.getAbstractMethods(Ljava/lang/Class;Ljava/util/List;)V (122 bytes) @ 0x0000000105458cb8 [0x00000001054588c0+0x3f8]
J 2590 C2 org.codehaus.groovy.reflection.stdclasses.CachedSAMClass.getSAMMethod(Ljava/lang/Class;)Ljava/lang/reflect/Method; (181 bytes) @ 0x0000000105851b24 [0x00000001058518e0+0x244]
j  org.codehaus.groovy.reflection.ClassInfo.isSAM(Ljava/lang/Class;)Z+1
j  org.codehaus.groovy.reflection.ClassInfo.createCachedClass(Ljava/lang/Class;Lorg/codehaus/groovy/reflection/ClassInfo;)Lorg/codehaus/groovy/reflection/CachedClass;+490
j  org.codehaus.groovy.reflection.ClassInfo.access$400(Ljava/lang/Class;Lorg/codehaus/groovy/reflection/ClassInfo;)Lorg/codehaus/groovy/reflection/CachedClass;+2
j  org.codehaus.groovy.reflection.ClassInfo$LazyCachedClassRef.initValue()Lorg/codehaus/groovy/reflection/CachedClass;+14
j  org.codehaus.groovy.reflection.ClassInfo$LazyCachedClassRef.initValue()Ljava/lang/Object;+1
J 2207 C2 org.codehaus.groovy.util.LazyReference.get()Ljava/lang/Object; (44 bytes) @ 0x00000001056ca430 [0x00000001056ca260+0x1d0]
J 379 C2 org.codehaus.groovy.reflection.ParameterTypes.getParameterTypes()[Lorg/codehaus/groovy/reflection/CachedClass; (16 bytes) @ 0x0000000105186548 [0x0000000105186260+0x2e8]
J 986 C2 groovy.lang.MetaClassImpl$1MOPIter.methodNameAction(Ljava/lang/Class;Lorg/codehaus/groovy/runtime/metaclass/MetaMethodIndex$Entry;)V (482 bytes) @ 0x000000010539b65c [0x000000010539b320+0x33c]
J 356 C2 groovy.lang.MetaClassImpl$MethodIndexAction.iterate()V (119 bytes) @ 0x0000000104ffc468 [0x0000000104ffc260+0x208]
j  groovy.lang.MetaClassImpl.replaceWithMOPCalls([Lorg/codehaus/groovy/reflection/CachedMethod;)V+33
j  groovy.lang.MetaClassImpl.fillMethodIndex()V+82
j  groovy.lang.MetaClassImpl.initialize()V+8
j  org.codehaus.groovy.reflection.ClassInfo.getMetaClassUnderLock()Lgroovy/lang/MetaClass;+52
j  org.codehaus.groovy.reflection.ClassInfo.getMetaClass()Lgroovy/lang/MetaClass;+16
j  com.android.build.gradle.AppPlugin.$getStaticMetaClass()Lgroovy/lang/MetaClass;+35
j  com.android.build.gradle.BasePlugin.<init>(Lorg/gradle/internal/reflect/Instantiator;Lorg/gradle/tooling/provider/model/ToolingModelBuilderRegistry;)V+308
j  com.android.build.gradle.AppPlugin.<init>(Lorg/gradle/internal/reflect/Instantiator;Lorg/gradle/tooling/provider/model/ToolingModelBuilderRegistry;)V+7
v  ~StubRoutines::call_stub
J 3564  sun.reflect.NativeConstructorAccessorImpl.newInstance0(Ljava/lang/reflect/Constructor;[Ljava/lang/Object;)Ljava/lang/Object; (0 bytes) @ 0x0000000105a5d063 [0x0000000105a5d000+0x63]
J 3563 C2 sun.reflect.NativeConstructorAccessorImpl.newInstance([Ljava/lang/Object;)Ljava/lang/Object; (76 bytes) @ 0x0000000105258f4c [0x0000000105258ee0+0x6c]
J 363 C2 java.lang.reflect.Constructor.newInstance([Ljava/lang/Object;)Ljava/lang/Object; (85 bytes) @ 0x0000000104ffed28 [0x0000000104ffec00+0x128]
j  org.gradle.api.internal.DependencyInjectingInstantiator.newInstance(Ljava/lang/Class;[Ljava/lang/Object;)Ljava/lang/Object;+29
j  org.gradle.api.internal.plugins.DefaultPluginRegistry.loadPlugin(Ljava/lang/Class;)Lorg/gradle/api/Plugin;+43
j  org.gradle.api.internal.plugins.DefaultPluginContainer.providePlugin(Ljava/lang/Class;)Lorg/gradle/api/Plugin;+5
j  org.gradle.api.internal.plugins.DefaultPluginContainer.addPluginInternal(Ljava/lang/Class;)Lorg/gradle/api/Plugin;+10
j  org.gradle.api.internal.plugins.DefaultPluginContainer.apply(Ljava/lang/String;)Lorg/gradle/api/Plugin;+6
j  org.gradle.api.internal.plugins.DefaultObjectConfigurationAction.applyPlugin(Ljava/lang/String;)V+43
j  org.gradle.api.internal.plugins.DefaultObjectConfigurationAction.access$200(Lorg/gradle/api/internal/plugins/DefaultObjectConfigurationAction;Ljava/lang/String;)V+2
j  org.gradle.api.internal.plugins.DefaultObjectConfigurationAction$3.run()V+8
j  org.gradle.api.internal.plugins.DefaultObjectConfigurationAction.execute()V+51
j  org.gradle.api.internal.project.AbstractPluginAware.apply(Ljava/util/Map;)V+12
j  org.gradle.api.Project$apply$1.call(Ljava/lang/Object;Ljava/lang/Object;)Ljava/lang/Object;+17
j  org.gradle.api.internal.project.ProjectScript.apply(Ljava/util/Map;)V+19
j  org.gradle.api.Script$apply$0.callCurrent(Lgroovy/lang/GroovyObject;[Ljava/lang/Object;)Ljava/lang/Object;+19
j  org.codehaus.groovy.runtime.callsite.CallSiteArray.defaultCallCurrent(Lorg/codehaus/groovy/runtime/callsite/CallSite;Lgroovy/lang/GroovyObject;[Ljava/lang/Object;)Ljava/lang/Object;+17
j  org.codehaus.groovy.runtime.callsite.AbstractCallSite.callCurrent(Lgroovy/lang/GroovyObject;[Ljava/lang/Object;)Ljava/lang/Object;+3
j  org.codehaus.groovy.runtime.callsite.AbstractCallSite.callCurrent(Lgroovy/lang/GroovyObject;Ljava/lang/Object;)Ljava/lang/Object;+6
j  build_51tvl0etckpua094ht2s363fl.run()Ljava/lang/Object;+26
j  org.gradle.groovy.scripts.internal.DefaultScriptRunnerFactory$ScriptRunnerImpl.run()V+55
j  org.gradle.configuration.DefaultScriptPluginFactory$ScriptPluginImpl.apply(Ljava/lang/Object;)V+476
j  org.gradle.configuration.project.BuildScriptProcessor.execute(Lorg/gradle/api/internal/project/ProjectInternal;)V+85
j  org.gradle.configuration.project.BuildScriptProcessor.execute(Ljava/lang/Object;)V+5
j  org.gradle.configuration.project.ConfigureActionsProjectEvaluator.evaluate(Lorg/gradle/api/internal/project/ProjectInternal;Lorg/gradle/api/internal/project/ProjectStateInternal;)V+33
j  org.gradle.configuration.project.LifecycleProjectEvaluator.evaluate(Lorg/gradle/api/internal/project/ProjectInternal;Lorg/gradle/api/internal/project/ProjectStateInternal;)V+54
j  org.gradle.api.internal.project.AbstractProject.evaluate()Lorg/gradle/api/internal/project/AbstractProject;+9
j  org.gradle.api.internal.project.AbstractProject.evaluate()Lorg/gradle/api/Project;+1
j  org.gradle.execution.TaskPathProjectEvaluator.configure(Lorg/gradle/api/internal/project/ProjectInternal;)V+21
j  org.gradle.execution.TaskSelector.getSelection(Ljava/lang/String;Lorg/gradle/api/internal/project/ProjectInternal;)Lorg/gradle/execution/TaskSelector$TaskSelection;+29
j  org.gradle.execution.TaskSelector.getSelection(Ljava/lang/String;Ljava/lang/String;)Lorg/gradle/execution/TaskSelector$TaskSelection;+35
j  org.gradle.execution.commandline.CommandLineTaskParser.parseTasks(Lorg/gradle/TaskExecutionRequest;)Ljava/util/List;+51
j  org.gradle.execution.TaskNameResolvingBuildConfigurationAction.configure(Lorg/gradle/execution/BuildExecutionContext;)V+62
j  org.gradle.execution.DefaultBuildExecuter.configure(I)V+36
j  org.gradle.execution.DefaultBuildExecuter.access$100(Lorg/gradle/execution/DefaultBuildExecuter;I)V+2
j  org.gradle.execution.DefaultBuildExecuter$1.proceed()V+10
j  org.gradle.execution.ExcludedTaskFilteringBuildConfigurationAction.configure(Lorg/gradle/execution/BuildExecutionContext;)V+102
j  org.gradle.execution.DefaultBuildExecuter.configure(I)V+36
j  org.gradle.execution.DefaultBuildExecuter.access$100(Lorg/gradle/execution/DefaultBuildExecuter;I)V+2
j  org.gradle.execution.DefaultBuildExecuter$1.proceed()V+10
j  org.gradle.execution.DefaultTasksBuildExecutionAction.configure(Lorg/gradle/execution/BuildExecutionContext;)V+58
j  org.gradle.execution.DefaultBuildExecuter.configure(I)V+36
j  org.gradle.execution.DefaultBuildExecuter.select(Lorg/gradle/api/internal/GradleInternal;)V+7
j  org.gradle.initialization.DefaultGradleLauncher.doBuildStages(Lorg/gradle/initialization/DefaultGradleLauncher$Stage;)V+147
j  org.gradle.initialization.DefaultGradleLauncher.doBuild(Lorg/gradle/initialization/DefaultGradleLauncher$Stage;)Lorg/gradle/BuildResult;+27
j  org.gradle.initialization.DefaultGradleLauncher.run()Lorg/gradle/BuildResult;+4
j  org.gradle.launcher.exec.InProcessBuildActionExecuter$DefaultBuildController.run()Lorg/gradle/api/internal/GradleInternal;+5
j  org.gradle.tooling.internal.provider.BuildModelAction.run(Lorg/gradle/initialization/BuildController;)Lorg/gradle/tooling/internal/provider/BuildActionResult;+15
j  org.gradle.tooling.internal.provider.BuildModelAction.run(Lorg/gradle/initialization/BuildController;)Ljava/lang/Object;+2
j  org.gradle.tooling.internal.provider.ConfiguringBuildAction.run(Lorg/gradle/initialization/BuildController;)Ljava/lang/Object;+15
j  org.gradle.launcher.exec.InProcessBuildActionExecuter.execute(Lorg/gradle/initialization/BuildAction;Lorg/gradle/initialization/BuildCancellationToken;Lorg/gradle/launcher/exec/BuildActionParameters;)Ljava/lang/Object;+19
j  org.gradle.launcher.exec.InProcessBuildActionExecuter.execute(Lorg/gradle/initialization/BuildAction;Lorg/gradle/initialization/BuildCancellationToken;Ljava/lang/Object;)Ljava/lang/Object;+7
j  org.gradle.launcher.daemon.server.exec.ExecuteBuild.doBuild(Lorg/gradle/launcher/daemon/server/exec/DaemonCommandExecution;Lorg/gradle/launcher/daemon/protocol/Build;)V+47
j  org.gradle.launcher.daemon.server.exec.BuildCommandOnly.execute(Lorg/gradle/launcher/daemon/server/exec/DaemonCommandExecution;)V+49
j  org.gradle.launcher.daemon.server.exec.DaemonCommandExecution.proceed()Z+28
j  org.gradle.launcher.daemon.server.exec.WatchForDisconnection.execute(Lorg/gradle/launcher/daemon/server/exec/DaemonCommandExecution;)V+19
j  org.gradle.launcher.daemon.server.exec.DaemonCommandExecution.proceed()Z+28
j  org.gradle.launcher.daemon.server.exec.ResetDeprecationLogger.execute(Lorg/gradle/launcher/daemon/server/exec/DaemonCommandExecution;)V+4
j  org.gradle.launcher.daemon.server.exec.DaemonCommandExecution.proceed()Z+28
j  org.gradle.launcher.daemon.server.exec.StartStopIfBuildAndStop.execute(Lorg/gradle/launcher/daemon/server/exec/DaemonCommandExecution;)V+34
j  org.gradle.launcher.daemon.server.exec.DaemonCommandExecution.proceed()Z+28
j  org.gradle.launcher.daemon.server.exec.ForwardClientInput$2.call()Ljava/lang/Void;+4
j  org.gradle.launcher.daemon.server.exec.ForwardClientInput$2.call()Ljava/lang/Object;+1
j  org.gradle.util.Swapper.swap(Ljava/lang/Object;Ljava/util/concurrent/Callable;)Ljava/lang/Object;+21
j  org.gradle.launcher.daemon.server.exec.ForwardClientInput.execute(Lorg/gradle/launcher/daemon/server/exec/DaemonCommandExecution;)V+63
j  org.gradle.launcher.daemon.server.exec.DaemonCommandExecution.proceed()Z+28
j  org.gradle.launcher.daemon.server.exec.LogToClient.doBuild(Lorg/gradle/launcher/daemon/server/exec/DaemonCommandExecution;Lorg/gradle/launcher/daemon/protocol/Build;)V+92
j  org.gradle.launcher.daemon.server.exec.BuildCommandOnly.execute(Lorg/gradle/launcher/daemon/server/exec/DaemonCommandExecution;)V+49
j  org.gradle.launcher.daemon.server.exec.DaemonCommandExecution.proceed()Z+28
J 4783 C2 org.gradle.launcher.daemon.server.exec.EstablishBuildEnvironment.doBuild(Lorg/gradle/launcher/daemon/server/exec/DaemonCommandExecution;Lorg/gradle/launcher/daemon/protocol/Build;)V (316 bytes) @ 0x0000000105c5622c [0x0000000105c556c0+0xb6c]
j  org.gradle.launcher.daemon.server.exec.BuildCommandOnly.execute(Lorg/gradle/launcher/daemon/server/exec/DaemonCommandExecution;)V+49
j  org.gradle.launcher.daemon.server.exec.DaemonCommandExecution.proceed()Z+28
j  org.gradle.launcher.daemon.server.exec.DaemonHygieneAction.execute(Lorg/gradle/launcher/daemon/server/exec/DaemonCommandExecution;)V+1
j  org.gradle.launcher.daemon.server.exec.DaemonCommandExecution.proceed()Z+28
j  org.gradle.launcher.daemon.server.exec.StartBuildOrRespondWithBusy$1.run()V+44
j  org.gradle.launcher.daemon.server.DaemonStateCoordinator$1.run()V+4
j  org.gradle.internal.concurrent.DefaultExecutorFactory$StoppableExecutorImpl$1.run()V+18
j  java.util.concurrent.ThreadPoolExecutor.runWorker(Ljava/util/concurrent/ThreadPoolExecutor$Worker;)V+95
j  java.util.concurrent.ThreadPoolExecutor$Worker.run()V+5
j  java.lang.Thread.run()V+11
v  ~StubRoutines::call_stub

---------------  P R O C E S S  ---------------

Java Threads: ( => current thread )
  0x00007fb763ae7000 JavaThread "Stdin handler" [_thread_blocked, id=57443, stack(0x000000015dc4a000,0x000000015dd4a000)]
  0x00007fb760c50000 JavaThread "Cancel handler" [_thread_blocked, id=53939, stack(0x000000015da44000,0x000000015db44000)]
  0x00007fb764740000 JavaThread "Handler for socket connection from /127.0.0.1:54903 to /127.0.0.1:64333" [_thread_in_native, id=48887, stack(0x000000015d941000,0x000000015da41000)]
  0x00007fb763f37000 JavaThread "process reaper" daemon [_thread_blocked, id=21551, stack(0x000000015d58c000,0x000000015d5b4000)]
=>0x00007fb764715800 JavaThread "Daemon worker Thread 65" [_thread_in_vm, id=29883, stack(0x000000015db47000,0x000000015dc47000)]
  0x00007fb765ceb800 JavaThread "Daemon Thread 65" [_thread_blocked, id=24863, stack(0x000000015d73a000,0x000000015d83a000)]
  0x00007fb762b5f800 JavaThread "File lock request listener" [_thread_in_native, id=27395, stack(0x000000015debb000,0x000000015dfbb000)]
  0x00007fb760a21800 JavaThread "Incoming local TCP Connector on port 54903" [_thread_in_native, id=24323, stack(0x000000015d83e000,0x000000015d93e000)]
  0x00007fb760836800 JavaThread "Service Thread" daemon [_thread_blocked, id=23299, stack(0x000000015cdc9000,0x000000015cec9000)]
  0x00007fb760836000 JavaThread "C2 CompilerThread1" daemon [_thread_blocked, id=22787, stack(0x000000015ccc6000,0x000000015cdc6000)]
  0x00007fb760834000 JavaThread "C2 CompilerThread0" daemon [_thread_blocked, id=22275, stack(0x000000015cbc3000,0x000000015ccc3000)]
  0x00007fb760833000 JavaThread "Signal Dispatcher" daemon [_thread_blocked, id=21763, stack(0x000000015cac0000,0x000000015cbc0000)]
  0x00007fb762005800 JavaThread "Finalizer" daemon [_thread_blocked, id=17155, stack(0x000000015c87c000,0x000000015c97c000)]
  0x00007fb760822000 JavaThread "Reference Handler" daemon [_thread_blocked, id=16643, stack(0x000000015c779000,0x000000015c879000)]
  0x00007fb762803000 JavaThread "main" [_thread_blocked, id=6659, stack(0x0000000104d95000,0x0000000104e95000)]

Other Threads:
  0x00007fb76081f800 VMThread [stack: 0x000000015c676000,0x000000015c776000] [id=16131]
  0x00007fb760824000 WatcherThread [stack: 0x000000015cecc000,0x000000015cfcc000] [id=23811]

VM state:not at safepoint (normal execution)

VM Mutex/Monitor currently owned by a thread: None

Heap
 PSYoungGen      total 164864K, used 54586K [0x0000000142b80000, 0x0000000150880000, 0x0000000158100000)
  eden space 109568K, 49% used [0x0000000142b80000,0x00000001460ce990,0x0000000149680000)
  from space 55296K, 0% used [0x0000000149680000,0x0000000149680000,0x000000014cc80000)
  to   space 56832K, 0% used [0x000000014d100000,0x000000014d100000,0x0000000150880000)
 ParOldGen       total 691200K, used 154924K [0x0000000118100000, 0x0000000142400000, 0x0000000142b80000)
  object space 691200K, 22% used [0x0000000118100000,0x000000012184b088,0x0000000142400000)
 PSPermGen       total 158720K, used 133023K [0x0000000108100000, 0x0000000111c00000, 0x0000000118100000)
  object space 158720K, 83% used [0x0000000108100000,0x00000001102e7cf0,0x0000000111c00000)

Card table byte_map: [0x0000000158100000,0x0000000158381000] byte_map_base: 0x00000001578bf800

Polling page: 0x0000000104ed4000

Code Cache  [0x0000000104f6a000, 0x0000000105e3a000, 0x0000000107f6a000)
 total_blobs=4059 nmethods=3392 adapters=618 free_code_cache=35390Kb largest_free_block=34805824

Compilation events (10 events):
Event: 85117.251 Thread 0x00007fb760836000 5116             com.google.common.io.LineBuffer::add (204 bytes)
Event: 85117.283 Thread 0x00007fb760836000 nmethod 5116 0x0000000105c6ecd0 code [0x0000000105c6eec0, 0x0000000105c6fbb0]
Event: 85117.318 Thread 0x00007fb760834000 5117             com.google.common.base.Preconditions::checkNotNull (14 bytes)
Event: 85117.320 Thread 0x00007fb760834000 nmethod 5117 0x00000001052c0210 code [0x00000001052c0340, 0x00000001052c0398]
Event: 85118.068 Thread 0x00007fb760836000 5118             com.sun.tools.javac.jvm.ClassReader$AnnotationDeproxy::deproxyCompoundList (46 bytes)
Event: 85118.134 Thread 0x00007fb760834000 5119             com.sun.tools.javac.comp.Lower::makeAccessible (167 bytes)
Event: 85118.141 Thread 0x00007fb760834000 nmethod 5119 0x0000000105b1ab90 code [0x0000000105b1ad40, 0x0000000105b1b0f0]
Event: 85118.150 Thread 0x00007fb760836000 nmethod 5118 0x0000000105b93350 code [0x0000000105b93760, 0x0000000105b95b20]
Event: 85118.379 Thread 0x00007fb760834000 5120             org.gradle.api.internal.tasks.DefaultTaskInputs::getProperties (74 bytes)
Event: 85118.409 Thread 0x00007fb760834000 nmethod 5120 0x0000000105c45290 code [0x0000000105c454c0, 0x0000000105c45dd0]

GC Heap History (10 events):
Event: 84980.992 GC heap before
{Heap before GC invocations=320 (full 74):
 PSYoungGen      total 168960K, used 125754K [0x0000000142b80000, 0x0000000150800000, 0x0000000158100000)
  eden space 111616K, 100% used [0x0000000142b80000,0x0000000149880000,0x0000000149880000)
  from space 57344K, 24% used [0x0000000149880000,0x000000014a64e818,0x000000014d080000)
  to   space 56832K, 0% used [0x000000014d080000,0x000000014d080000,0x0000000150800000)
 ParOldGen       total 691200K, used 130134K [0x0000000118100000, 0x0000000142400000, 0x0000000142b80000)
  object space 691200K, 18% used [0x0000000118100000,0x0000000120015bb8,0x0000000142400000)
 PSPermGen       total 143360K, used 123373K [0x0000000108100000, 0x0000000110d00000, 0x0000000118100000)
  object space 143360K, 86% used [0x0000000108100000,0x000000010f97b648,0x0000000110d00000)
Event: 84981.018 GC heap after
Heap after GC invocations=320 (full 74):
 PSYoungGen      total 163840K, used 23659K [0x0000000142b80000, 0x0000000150300000, 0x0000000158100000)
  eden space 112128K, 0% used [0x0000000142b80000,0x0000000142b80000,0x0000000149900000)
  from space 51712K, 45% used [0x000000014d080000,0x000000014e79ad78,0x0000000150300000)
  to   space 54272K, 0% used [0x0000000149900000,0x0000000149900000,0x000000014ce00000)
 ParOldGen       total 691200K, used 130134K [0x0000000118100000, 0x0000000142400000, 0x0000000142b80000)
  object space 691200K, 18% used [0x0000000118100000,0x0000000120015bb8,0x0000000142400000)
 PSPermGen       total 143360K, used 123373K [0x0000000108100000, 0x0000000110d00000, 0x0000000118100000)
  object space 143360K, 86% used [0x0000000108100000,0x000000010f97b648,0x0000000110d00000)
}
Event: 85114.453 GC heap before
{Heap before GC invocations=321 (full 74):
 PSYoungGen      total 163840K, used 135787K [0x0000000142b80000, 0x0000000150300000, 0x0000000158100000)
  eden space 112128K, 100% used [0x0000000142b80000,0x0000000149900000,0x0000000149900000)
  from space 51712K, 45% used [0x000000014d080000,0x000000014e79ad78,0x0000000150300000)
  to   space 54272K, 0% used [0x0000000149900000,0x0000000149900000,0x000000014ce00000)
 ParOldGen       total 691200K, used 130134K [0x0000000118100000, 0x0000000142400000, 0x0000000142b80000)
  object space 691200K, 18% used [0x0000000118100000,0x0000000120015bb8,0x0000000142400000)
 PSPermGen       total 143360K, used 127535K [0x0000000108100000, 0x0000000110d00000, 0x0000000118100000)
  object space 143360K, 88% used [0x0000000108100000,0x000000010fd8bed0,0x0000000110d00000)
Event: 85114.489 GC heap after
Heap after GC invocations=321 (full 74):
 PSYoungGen      total 141824K, used 29334K [0x0000000142b80000, 0x000000014ff80000, 0x0000000158100000)
  eden space 112128K, 0% used [0x0000000142b80000,0x0000000142b80000,0x0000000149900000)
  from space 29696K, 98% used [0x0000000149900000,0x000000014b5a5908,0x000000014b600000)
  to   space 52224K, 0% used [0x000000014cc80000,0x000000014cc80000,0x000000014ff80000)
 ParOldGen       total 691200K, used 130134K [0x0000000118100000, 0x0000000142400000, 0x0000000142b80000)
  object space 691200K, 18% used [0x0000000118100000,0x0000000120015bb8,0x0000000142400000)
 PSPermGen       total 143360K, used 127535K [0x0000000108100000, 0x0000000110d00000, 0x0000000118100000)
  object space 143360K, 88% used [0x0000000108100000,0x000000010fd8bed0,0x0000000110d00000)
}
Event: 85116.105 GC heap before
{Heap before GC invocations=322 (full 74):
 PSYoungGen      total 141824K, used 141462K [0x0000000142b80000, 0x000000014ff80000, 0x0000000158100000)
  eden space 112128K, 100% used [0x0000000142b80000,0x0000000149900000,0x0000000149900000)
  from space 29696K, 98% used [0x0000000149900000,0x000000014b5a5908,0x000000014b600000)
  to   space 52224K, 0% used [0x000000014cc80000,0x000000014cc80000,0x000000014ff80000)
 ParOldGen       total 691200K, used 130134K [0x0000000118100000, 0x0000000142400000, 0x0000000142b80000)
  object space 691200K, 18% used [0x0000000118100000,0x0000000120015bb8,0x0000000142400000)
 PSPermGen       total 143360K, used 130902K [0x0000000108100000, 0x0000000110d00000, 0x0000000118100000)
  object space 143360K, 91% used [0x0000000108100000,0x00000001100d5a08,0x0000000110d00000)
Event: 85116.167 GC heap after
Heap after GC invocations=322 (full 74):
 PSYoungGen      total 161792K, used 41318K [0x0000000142b80000, 0x0000000150580000, 0x0000000158100000)
  eden space 109568K, 0% used [0x0000000142b80000,0x0000000142b80000,0x0000000149680000)
  from space 52224K, 79% used [0x000000014cc80000,0x000000014f4d98e0,0x000000014ff80000)
  to   space 55296K, 0% used [0x0000000149680000,0x0000000149680000,0x000000014cc80000)
 ParOldGen       total 691200K, used 130142K [0x0000000118100000, 0x0000000142400000, 0x0000000142b80000)
  object space 691200K, 18% used [0x0000000118100000,0x0000000120017bb8,0x0000000142400000)
 PSPermGen       total 143360K, used 130902K [0x0000000108100000, 0x0000000110d00000, 0x0000000118100000)
  object space 143360K, 91% used [0x0000000108100000,0x00000001100d5a08,0x0000000110d00000)
}
Event: 85122.045 GC heap before
{Heap before GC invocations=323 (full 74):
 PSYoungGen      total 161792K, used 88715K [0x0000000142b80000, 0x0000000150580000, 0x0000000158100000)
  eden space 109568K, 43% used [0x0000000142b80000,0x00000001459c9660,0x0000000149680000)
  from space 52224K, 79% used [0x000000014cc80000,0x000000014f4d98e0,0x000000014ff80000)
  to   space 55296K, 0% used [0x0000000149680000,0x0000000149680000,0x000000014cc80000)
 ParOldGen       total 691200K, used 130142K [0x0000000118100000, 0x0000000142400000, 0x0000000142b80000)
  object space 691200K, 18% used [0x0000000118100000,0x0000000120017bb8,0x0000000142400000)
 PSPermGen       total 143360K, used 131401K [0x0000000108100000, 0x0000000110d00000, 0x0000000118100000)
  object space 143360K, 91% used [0x0000000108100000,0x0000000110152460,0x0000000110d00000)
Event: 85122.108 GC heap after
Heap after GC invocations=323 (full 74):
 PSYoungGen      total 164864K, used 39597K [0x0000000142b80000, 0x0000000150880000, 0x0000000158100000)
  eden space 109568K, 0% used [0x0000000142b80000,0x0000000142b80000,0x0000000149680000)
  from space 55296K, 71% used [0x0000000149680000,0x000000014bd2b7c8,0x000000014cc80000)
  to   space 56832K, 0% used [0x000000014d100000,0x000000014d100000,0x0000000150880000)
 ParOldGen       total 691200K, used 130150K [0x0000000118100000, 0x0000000142400000, 0x0000000142b80000)
  object space 691200K, 18% used [0x0000000118100000,0x0000000120019bb8,0x0000000142400000)
 PSPermGen       total 143360K, used 131401K [0x0000000108100000, 0x0000000110d00000, 0x0000000118100000)
  object space 143360K, 91% used [0x0000000108100000,0x0000000110152460,0x0000000110d00000)
}
Event: 85122.108 GC heap before
{Heap before GC invocations=324 (full 75):
 PSYoungGen      total 164864K, used 39597K [0x0000000142b80000, 0x0000000150880000, 0x0000000158100000)
  eden space 109568K, 0% used [0x0000000142b80000,0x0000000142b80000,0x0000000149680000)
  from space 55296K, 71% used [0x0000000149680000,0x000000014bd2b7c8,0x000000014cc80000)
  to   space 56832K, 0% used [0x000000014d100000,0x000000014d100000,0x0000000150880000)
 ParOldGen       total 691200K, used 130150K [0x0000000118100000, 0x0000000142400000, 0x0000000142b80000)
  object space 691200K, 18% used [0x0000000118100000,0x0000000120019bb8,0x0000000142400000)
 PSPermGen       total 143360K, used 131401K [0x0000000108100000, 0x0000000110d00000, 0x0000000118100000)
  object space 143360K, 91% used [0x0000000108100000,0x0000000110152460,0x0000000110d00000)
Event: 85123.468 GC heap after
Heap after GC invocations=324 (full 75):
 PSYoungGen      total 164864K, used 0K [0x0000000142b80000, 0x0000000150880000, 0x0000000158100000)
  eden space 109568K, 0% used [0x0000000142b80000,0x0000000142b80000,0x0000000149680000)
  from space 55296K, 0% used [0x0000000149680000,0x0000000149680000,0x000000014cc80000)
  to   space 56832K, 0% used [0x000000014d100000,0x000000014d100000,0x0000000150880000)
 ParOldGen       total 691200K, used 154924K [0x0000000118100000, 0x0000000142400000, 0x0000000142b80000)
  object space 691200K, 22% used [0x0000000118100000,0x000000012184b088,0x0000000142400000)
 PSPermGen       total 158720K, used 130959K [0x0000000108100000, 0x0000000111c00000, 0x0000000118100000)
  object space 158720K, 82% used [0x0000000108100000,0x00000001100e3e20,0x0000000111c00000)
}

Deoptimization events (10 events):
Event: 84909.529 Thread 0x00007fb765cce000 Uncommon trap: reason=class_check action=maybe_recompile pc=0x0000000105486204 method=com.sun.org.apache.xerces.internal.dom.CharacterDataImpl.getNodeValue()Ljava/lang/String; @ 8
Event: 84909.529 Thread 0x00007fb765cce000 Uncommon trap: reason=class_check action=maybe_recompile pc=0x0000000105486204 method=com.sun.org.apache.xerces.internal.dom.CharacterDataImpl.getNodeValue()Ljava/lang/String; @ 8
Event: 84909.633 Thread 0x00007fb765cce000 Uncommon trap: reason=null_check action=make_not_entrant pc=0x00000001056afec8 method=com.android.ide.common.res2.NodeUtils.processSingleNodeNamespace(Lorg/w3c/dom/Node;Lorg/w3c/dom/Document;)Z @ 8
Event: 84909.871 Thread 0x00007fb765cce000 Uncommon trap: reason=predicate action=maybe_recompile pc=0x00000001057aaf50 method=com.sun.org.apache.xerces.internal.parsers.AbstractSAXParser.endNamespaceMapping()V @ 21
Event: 84980.122 Thread 0x00007fb765cce000 Uncommon trap: reason=null_check action=make_not_entrant pc=0x00000001059b5248 method=com.android.ide.common.res2.NodeUtils.processSingleNodeNamespace(Lorg/w3c/dom/Node;Lorg/w3c/dom/Document;)Z @ 8
Event: 85116.256 Thread 0x00007fb764715800 Uncommon trap: reason=null_check action=make_not_entrant pc=0x0000000105aa1e08 method=com.android.ide.common.res2.NodeUtils.processSingleNodeNamespace(Lorg/w3c/dom/Node;Lorg/w3c/dom/Document;)Z @ 8
Event: 85121.993 Thread 0x00007fb764715800 Uncommon trap: reason=unreached action=reinterpret pc=0x0000000105169e10 method=java.util.HashMap.getEntry(Ljava/lang/Object;)Ljava/util/HashMap$Entry; @ 10
Event: 85121.993 Thread 0x00007fb764715800 Uncommon trap: reason=unreached action=reinterpret pc=0x0000000104ffa68c method=java.util.HashMap.getEntry(Ljava/lang/Object;)Ljava/util/HashMap$Entry; @ 10
Event: 85121.993 Thread 0x00007fb764715800 Uncommon trap: reason=bimorphic action=maybe_recompile pc=0x0000000105afd7d4 method=org.gradle.logging.internal.AbstractLineChoppingStyledTextOutput.doAppend(Ljava/lang/String;)V @ 99
Event: 85121.993 Thread 0x00007fb764715800 Uncommon trap: reason=bimorphic action=maybe_recompile pc=0x0000000105dab5fc method=org.gradle.logging.internal.AbstractLineChoppingStyledTextOutput.doAppend(Ljava/lang/String;)V @ 99

Internal exceptions (10 events):
Event: 85131.247 Thread 0x00007fb764715800 Threw 0x0000000145bf5430 at /HUDSON/workspace/7u-2-build-macosx-x86_64/jdk7u79/2331/hotspot/src/share/vm/classfile/systemDictionary.cpp:185
Event: 85131.248 Thread 0x00007fb764715800 Threw 0x0000000145c0a690 at /HUDSON/workspace/7u-2-build-macosx-x86_64/jdk7u79/2331/hotspot/src/share/vm/prims/jvm.cpp:1304
Event: 85131.248 Thread 0x00007fb764715800 Threw 0x0000000145c0ec38 at /HUDSON/workspace/7u-2-build-macosx-x86_64/jdk7u79/2331/hotspot/src/share/vm/prims/jvm.cpp:1304
Event: 85131.248 Thread 0x00007fb764715800 Threw 0x0000000145c0f0f8 at /HUDSON/workspace/7u-2-build-macosx-x86_64/jdk7u79/2331/hotspot/src/share/vm/classfile/systemDictionary.cpp:185
Event: 85131.249 Thread 0x00007fb764715800 Threw 0x0000000145c28cf0 at /HUDSON/workspace/7u-2-build-macosx-x86_64/jdk7u79/2331/hotspot/src/share/vm/prims/jvm.cpp:1304
Event: 85131.250 Thread 0x00007fb764715800 Threw 0x0000000145c2d090 at /HUDSON/workspace/7u-2-build-macosx-x86_64/jdk7u79/2331/hotspot/src/share/vm/prims/jvm.cpp:1304
Event: 85131.250 Thread 0x00007fb764715800 Threw 0x0000000145c2d550 at /HUDSON/workspace/7u-2-build-macosx-x86_64/jdk7u79/2331/hotspot/src/share/vm/classfile/systemDictionary.cpp:185
Event: 85131.252 Thread 0x00007fb764715800 Threw 0x0000000145c59338 at /HUDSON/workspace/7u-2-build-macosx-x86_64/jdk7u79/2331/hotspot/src/share/vm/prims/jvm.cpp:1304
Event: 85131.253 Thread 0x00007fb764715800 Threw 0x0000000145c5a050 at /HUDSON/workspace/7u-2-build-macosx-x86_64/jdk7u79/2331/hotspot/src/share/vm/prims/jvm.cpp:1304
Event: 85131.253 Thread 0x00007fb764715800 Threw 0x0000000145c60970 at /HUDSON/workspace/7u-2-build-macosx-x86_64/jdk7u79/2331/hotspot/src/share/vm/prims/jvm.cpp:1304

Events (10 events):
Event: 85131.246 loading class 0x00007fb763026280
Event: 85131.246 loading class 0x00007fb763026280 done
Event: 85131.247 loading class 0x00007fb7610d2e10
Event: 85131.247 loading class 0x00007fb7610d2e10 done
Event: 85131.248 loading class 0x00007fb76341ce80
Event: 85131.248 loading class 0x00007fb76341ce80 done
Event: 85131.250 loading class 0x00007fb763060e80
Event: 85131.250 loading class 0x00007fb763060e80 done
Event: 85131.252 loading class 0x00007fb76105d630
Event: 85131.252 loading class 0x00007fb76105d630 done


Dynamic libraries:
0x0000000009348000 	/System/Library/Frameworks/Cocoa.framework/Versions/A/Cocoa
0x0000000009348000 	/System/Library/Frameworks/Security.framework/Versions/A/Security
0x0000000009348000 	/System/Library/Frameworks/ApplicationServices.framework/Versions/A/ApplicationServices
0x0000000009348000 	/usr/lib/libz.1.dylib
0x0000000009348000 	/usr/lib/libSystem.B.dylib
0x0000000009348000 	/usr/lib/libobjc.A.dylib
0x0000000009348000 	/System/Library/Frameworks/CoreFoundation.framework/Versions/A/CoreFoundation
0x0000000009348000 	/System/Library/Frameworks/Foundation.framework/Versions/C/Foundation
0x0000000009348000 	/System/Library/Frameworks/AppKit.framework/Versions/C/AppKit
0x0000000009348000 	/System/Library/Frameworks/CoreData.framework/Versions/A/CoreData
0x0000000009348000 	/System/Library/PrivateFrameworks/RemoteViewServices.framework/Versions/A/RemoteViewServices
0x0000000009348000 	/System/Library/Frameworks/AudioToolbox.framework/Versions/A/AudioToolbox
0x0000000009348000 	/System/Library/Frameworks/AudioUnit.framework/Versions/A/AudioUnit
0x0000000009348000 	/System/Library/PrivateFrameworks/DataDetectorsCore.framework/Versions/A/DataDetectorsCore
0x0000000009348000 	/System/Library/PrivateFrameworks/DesktopServicesPriv.framework/Versions/A/DesktopServicesPriv
0x0000000009348000 	/System/Library/Frameworks/Carbon.framework/Versions/A/Frameworks/HIToolbox.framework/Versions/A/HIToolbox
0x0000000009348000 	/System/Library/Frameworks/QuartzCore.framework/Versions/A/QuartzCore
0x0000000009348000 	/System/Library/Frameworks/Carbon.framework/Versions/A/Frameworks/SpeechRecognition.framework/Versions/A/SpeechRecognition
0x0000000009348000 	/usr/lib/libauto.dylib
0x0000000009348000 	/usr/lib/libicucore.A.dylib
0x0000000009348000 	/usr/lib/libxml2.2.dylib
0x0000000009348000 	/System/Library/PrivateFrameworks/CoreUI.framework/Versions/A/CoreUI
0x0000000009348000 	/System/Library/Frameworks/CoreAudio.framework/Versions/A/CoreAudio
0x0000000009348000 	/System/Library/Frameworks/DiskArbitration.framework/Versions/A/DiskArbitration
0x0000000009348000 	/usr/lib/liblangid.dylib
0x0000000009348000 	/System/Library/PrivateFrameworks/MultitouchSupport.framework/Versions/A/MultitouchSupport
0x0000000009348000 	/System/Library/Frameworks/IOKit.framework/Versions/A/IOKit
0x0000000009348000 	/usr/lib/libDiagnosticMessagesClient.dylib
0x0000000009348000 	/System/Library/Frameworks/CoreServices.framework/Versions/A/CoreServices
0x0000000009348000 	/System/Library/PrivateFrameworks/PerformanceAnalysis.framework/Versions/A/PerformanceAnalysis
0x0000000009348000 	/System/Library/PrivateFrameworks/GenerationalStorage.framework/Versions/A/GenerationalStorage
0x0000000009348000 	/System/Library/Frameworks/OpenGL.framework/Versions/A/OpenGL
0x0000000009348000 	/System/Library/Frameworks/CoreText.framework/Versions/A/CoreText
0x0000000009348000 	/System/Library/Frameworks/ImageIO.framework/Versions/A/ImageIO
0x0000000009348000 	/System/Library/PrivateFrameworks/Backup.framework/Versions/A/Backup
0x0000000009348000 	/System/Library/Frameworks/CFNetwork.framework/Versions/A/CFNetwork
0x0000000009348000 	/System/Library/Frameworks/SystemConfiguration.framework/Versions/A/SystemConfiguration
0x0000000009348000 	/usr/lib/libCRFSuite.dylib
0x0000000009348000 	/System/Library/PrivateFrameworks/TCC.framework/Versions/A/TCC
0x0000000009348000 	/usr/lib/libc++.1.dylib
0x0000000009348000 	/usr/lib/libc++abi.dylib
0x0000000009348000 	/usr/lib/system/libcache.dylib
0x0000000009348000 	/usr/lib/system/libcommonCrypto.dylib
0x0000000009348000 	/usr/lib/system/libcompiler_rt.dylib
0x0000000009348000 	/usr/lib/system/libcopyfile.dylib
0x0000000009348000 	/usr/lib/system/libdispatch.dylib
0x0000000009348000 	/usr/lib/system/libdnsinfo.dylib
0x0000000009348000 	/usr/lib/system/libdyld.dylib
0x0000000009348000 	/usr/lib/system/libkeymgr.dylib
0x0000000009348000 	/usr/lib/system/liblaunch.dylib
0x0000000009348000 	/usr/lib/system/libmacho.dylib
0x0000000009348000 	/usr/lib/system/libquarantine.dylib
0x0000000009348000 	/usr/lib/system/libremovefile.dylib
0x0000000009348000 	/usr/lib/system/libsystem_blocks.dylib
0x0000000009348000 	/usr/lib/system/libsystem_c.dylib
0x0000000009348000 	/usr/lib/system/libsystem_dnssd.dylib
0x0000000009348000 	/usr/lib/system/libsystem_info.dylib
0x0000000009348000 	/usr/lib/system/libsystem_kernel.dylib
0x0000000009348000 	/usr/lib/system/libsystem_m.dylib
0x0000000009348000 	/usr/lib/system/libsystem_network.dylib
0x0000000009348000 	/usr/lib/system/libsystem_notify.dylib
0x0000000009348000 	/usr/lib/system/libsystem_sandbox.dylib
0x0000000009348000 	/usr/lib/system/libunc.dylib
0x0000000009348000 	/usr/lib/system/libunwind.dylib
0x0000000009348000 	/usr/lib/system/libxpc.dylib
0x0000000009348000 	/usr/lib/system/libcorecrypto.dylib
0x0000000009348000 	/usr/lib/libstdc++.6.dylib
0x0000000009348000 	/usr/lib/libbsm.0.dylib
0x0000000009348000 	/usr/lib/libsqlite3.dylib
0x0000000009348000 	/usr/lib/libxar.1.dylib
0x0000000009348000 	/usr/lib/libpam.2.dylib
0x0000000009348000 	/usr/lib/libOpenScriptingUtil.dylib
0x0000000009348000 	/usr/lib/libbz2.1.0.dylib
0x0000000009348000 	/System/Library/Frameworks/CoreServices.framework/Versions/A/Frameworks/CarbonCore.framework/Versions/A/CarbonCore
0x0000000009348000 	/System/Library/Frameworks/CoreServices.framework/Versions/A/Frameworks/Metadata.framework/Versions/A/Metadata
0x0000000009348000 	/System/Library/Frameworks/CoreServices.framework/Versions/A/Frameworks/OSServices.framework/Versions/A/OSServices
0x0000000009348000 	/System/Library/Frameworks/CoreServices.framework/Versions/A/Frameworks/SearchKit.framework/Versions/A/SearchKit
0x0000000009348000 	/System/Library/Frameworks/CoreServices.framework/Versions/A/Frameworks/AE.framework/Versions/A/AE
0x0000000009348000 	/System/Library/Frameworks/CoreServices.framework/Versions/A/Frameworks/LaunchServices.framework/Versions/A/LaunchServices
0x0000000009348000 	/System/Library/Frameworks/CoreServices.framework/Versions/A/Frameworks/DictionaryServices.framework/Versions/A/DictionaryServices
0x0000000009348000 	/System/Library/Frameworks/NetFS.framework/Versions/A/NetFS
0x0000000009348000 	/usr/lib/system/libkxld.dylib
0x0000000009348000 	/System/Library/PrivateFrameworks/NetAuth.framework/Versions/A/NetAuth
0x0000000009348000 	/System/Library/Frameworks/OpenDirectory.framework/Versions/A/Frameworks/CFOpenDirectory.framework/Versions/A/CFOpenDirectory
0x0000000009348000 	/usr/lib/libxslt.1.dylib
0x0000000009348000 	/System/Library/PrivateFrameworks/FamilyControls.framework/Versions/A/FamilyControls
0x0000000009348000 	/System/Library/Frameworks/Carbon.framework/Versions/A/Frameworks/Ink.framework/Versions/A/Ink
0x0000000009348000 	/System/Library/Frameworks/ApplicationServices.framework/Versions/A/Frameworks/CoreGraphics.framework/Versions/A/CoreGraphics
0x0000000009348000 	/System/Library/Frameworks/ApplicationServices.framework/Versions/A/Frameworks/ATS.framework/Versions/A/ATS
0x0000000009348000 	/System/Library/Frameworks/ApplicationServices.framework/Versions/A/Frameworks/ColorSync.framework/Versions/A/ColorSync
0x0000000009348000 	/System/Library/Frameworks/ApplicationServices.framework/Versions/A/Frameworks/HIServices.framework/Versions/A/HIServices
0x0000000009348000 	/System/Library/Frameworks/ApplicationServices.framework/Versions/A/Frameworks/LangAnalysis.framework/Versions/A/LangAnalysis
0x0000000009348000 	/System/Library/Frameworks/ApplicationServices.framework/Versions/A/Frameworks/PrintCore.framework/Versions/A/PrintCore
0x0000000009348000 	/System/Library/Frameworks/ApplicationServices.framework/Versions/A/Frameworks/QD.framework/Versions/A/QD
0x0000000009348000 	/System/Library/Frameworks/ApplicationServices.framework/Versions/A/Frameworks/SpeechSynthesis.framework/Versions/A/SpeechSynthesis
0x0000000009348000 	/System/Library/Frameworks/IOSurface.framework/Versions/A/IOSurface
0x0000000009348000 	/System/Library/Frameworks/Accelerate.framework/Versions/A/Accelerate
0x0000000009348000 	/System/Library/Frameworks/ApplicationServices.framework/Versions/A/Frameworks/ATS.framework/Versions/A/Resources/libFontParser.dylib
0x0000000009348000 	/System/Library/Frameworks/ApplicationServices.framework/Versions/A/Frameworks/ATS.framework/Versions/A/Resources/libFontRegistry.dylib
0x0000000009348000 	/System/Library/Frameworks/Accelerate.framework/Versions/A/Frameworks/vImage.framework/Versions/A/vImage
0x0000000009348000 	/System/Library/Frameworks/Accelerate.framework/Versions/A/Frameworks/vecLib.framework/Versions/A/vecLib
0x0000000009348000 	/System/Library/Frameworks/Accelerate.framework/Versions/A/Frameworks/vecLib.framework/Versions/A/libvDSP.dylib
0x0000000009348000 	/System/Library/Frameworks/Accelerate.framework/Versions/A/Frameworks/vecLib.framework/Versions/A/libvMisc.dylib
0x0000000009348000 	/System/Library/Frameworks/Accelerate.framework/Versions/A/Frameworks/vecLib.framework/Versions/A/libLAPACK.dylib
0x0000000009348000 	/System/Library/Frameworks/Accelerate.framework/Versions/A/Frameworks/vecLib.framework/Versions/A/libBLAS.dylib
0x0000000009348000 	/System/Library/Frameworks/ImageIO.framework/Versions/A/Resources/libJPEG.dylib
0x0000000009348000 	/System/Library/Frameworks/ImageIO.framework/Versions/A/Resources/libTIFF.dylib
0x0000000009348000 	/System/Library/Frameworks/ImageIO.framework/Versions/A/Resources/libPng.dylib
0x0000000009348000 	/System/Library/Frameworks/ImageIO.framework/Versions/A/Resources/libGIF.dylib
0x0000000009348000 	/System/Library/Frameworks/ImageIO.framework/Versions/A/Resources/libJP2.dylib
0x0000000009348000 	/System/Library/Frameworks/ImageIO.framework/Versions/A/Resources/libRadiance.dylib
0x0000000009348000 	/usr/lib/libcups.2.dylib
0x0000000009348000 	/System/Library/Frameworks/Kerberos.framework/Versions/A/Kerberos
0x0000000009348000 	/System/Library/Frameworks/GSS.framework/Versions/A/GSS
0x0000000009348000 	/usr/lib/libresolv.9.dylib
0x0000000009348000 	/usr/lib/libiconv.2.dylib
0x0000000009348000 	/System/Library/PrivateFrameworks/Heimdal.framework/Versions/A/Heimdal
0x0000000009348000 	/System/Library/PrivateFrameworks/TrustEvaluationAgent.framework/Versions/A/TrustEvaluationAgent
0x0000000009348000 	/System/Library/Frameworks/OpenDirectory.framework/Versions/A/OpenDirectory
0x0000000009348000 	/System/Library/PrivateFrameworks/CommonAuth.framework/Versions/A/CommonAuth
0x0000000009348000 	/System/Library/PrivateFrameworks/Bom.framework/Versions/A/Bom
0x0000000009348000 	/System/Library/Frameworks/CoreVideo.framework/Versions/A/CoreVideo
0x0000000009348000 	/System/Library/Frameworks/QuartzCore.framework/Versions/A/Frameworks/CoreImage.framework/Versions/A/CoreImage
0x0000000009348000 	/System/Library/Frameworks/QuartzCore.framework/Versions/A/Frameworks/ScalableUserInterface.framework/Versions/A/ScalableUserInterface
0x0000000009348000 	/System/Library/Frameworks/OpenGL.framework/Versions/A/Libraries/libGLU.dylib
0x0000000009348000 	/System/Library/Frameworks/OpenGL.framework/Versions/A/Libraries/libGFXShared.dylib
0x0000000009348000 	/System/Library/Frameworks/OpenGL.framework/Versions/A/Libraries/libGL.dylib
0x0000000009348000 	/System/Library/Frameworks/OpenGL.framework/Versions/A/Libraries/libGLImage.dylib
0x0000000009348000 	/System/Library/Frameworks/OpenGL.framework/Versions/A/Libraries/libCVMSPluginSupport.dylib
0x0000000009348000 	/System/Library/Frameworks/OpenGL.framework/Versions/A/Libraries/libCoreVMClient.dylib
0x0000000009348000 	/System/Library/PrivateFrameworks/CrashReporterSupport.framework/Versions/A/CrashReporterSupport
0x0000000009348000 	/System/Library/Frameworks/OpenCL.framework/Versions/A/OpenCL
0x0000000009348000 	/System/Library/PrivateFrameworks/FaceCoreLight.framework/Versions/A/FaceCoreLight
0x0000000009348000 	/System/Library/PrivateFrameworks/AppleFSCompression.framework/Versions/A/AppleFSCompression
0x0000000009348000 	/System/Library/PrivateFrameworks/Ubiquity.framework/Versions/A/Ubiquity
0x0000000009348000 	/System/Library/Frameworks/ServiceManagement.framework/Versions/A/ServiceManagement
0x0000000009348000 	/System/Library/PrivateFrameworks/ChunkingLibrary.framework/Versions/A/ChunkingLibrary
0x0000000009348000 	/System/Library/Frameworks/vecLib.framework/Versions/A/vecLib
0x0000000009348000 	/System/Library/Frameworks/SecurityFoundation.framework/Versions/A/SecurityFoundation
0x0000000009348000 	/System/Library/PrivateFrameworks/CommerceKit.framework/Versions/A/Frameworks/CommerceCore.framework/Versions/A/CommerceCore
0x0000000009348000 	/System/Library/PrivateFrameworks/CoreSymbolication.framework/Versions/A/CoreSymbolication
0x0000000009348000 	/System/Library/PrivateFrameworks/Symbolication.framework/Versions/A/Symbolication
0x0000000009348000 	/System/Library/PrivateFrameworks/DebugSymbols.framework/Versions/A/DebugSymbols
0x0000000104331000 	/Library/Java/JavaVirtualMachines/jdk1.7.0_79.jdk/Contents/Home/jre/lib/server/libjvm.dylib
0x0000000104e97000 	/Library/Java/JavaVirtualMachines/jdk1.7.0_79.jdk/Contents/Home/jre/lib/libverify.dylib
0x0000000104ea4000 	/Library/Java/JavaVirtualMachines/jdk1.7.0_79.jdk/Contents/Home/jre/lib/libjava.dylib
0x0000000104f61000 	/Library/Java/JavaVirtualMachines/jdk1.7.0_79.jdk/Contents/Home/jre/lib/libzip.dylib
0x000000015c97e000 	/System/Library/Frameworks/JavaVM.framework/Frameworks/JavaRuntimeSupport.framework/JavaRuntimeSupport
0x000000015c997000 	/System/Library/Frameworks/JavaVM.framework/Versions/A/Frameworks/JavaNativeFoundation.framework/Versions/A/JavaNativeFoundation
0x000000010806c000 	/System/Library/Frameworks/JavaVM.framework/Versions/A/JavaVM
0x0000000009348000 	/System/Library/Frameworks/Carbon.framework/Versions/A/Carbon
0x000000015c9ad000 	/System/Library/PrivateFrameworks/JavaLaunching.framework/Versions/A/JavaLaunching
0x0000000009348000 	/System/Library/Frameworks/Carbon.framework/Versions/A/Frameworks/CommonPanels.framework/Versions/A/CommonPanels
0x0000000009348000 	/System/Library/Frameworks/Carbon.framework/Versions/A/Frameworks/Help.framework/Versions/A/Help
0x0000000009348000 	/System/Library/Frameworks/Carbon.framework/Versions/A/Frameworks/ImageCapture.framework/Versions/A/ImageCapture
0x0000000009348000 	/System/Library/Frameworks/Carbon.framework/Versions/A/Frameworks/OpenScripting.framework/Versions/A/OpenScripting
0x0000000009348000 	/System/Library/Frameworks/Carbon.framework/Versions/A/Frameworks/Print.framework/Versions/A/Print
0x0000000009348000 	/System/Library/Frameworks/Carbon.framework/Versions/A/Frameworks/SecurityHI.framework/Versions/A/SecurityHI
0x000000015d210000 	/Library/Java/JavaVirtualMachines/jdk1.7.0_79.jdk/Contents/Home/jre/lib/libnet.dylib
0x000000015d26e000 	/Library/Java/JavaVirtualMachines/jdk1.7.0_79.jdk/Contents/Home/jre/lib/libnio.dylib
0x000000015d11e000 	/private/var/folders/rg/1cmkydwn719fzl7fbsfhg3400000gn/T/native-platform6139386864029803917dir/libnative-platform.dylib
0x000000015d138000 	/Library/Java/JavaVirtualMachines/jdk1.7.0_79.jdk/Contents/Home/jre/lib/libsunec.dylib

VM Arguments:
jvm_args: -XX:MaxPermSize=256m -XX:+HeapDumpOnOutOfMemoryError -Xmx1024m -Dfile.encoding=UTF-8 -Duser.country=US -Duser.language=en -Duser.variant 
java_command: org.gradle.launcher.daemon.bootstrap.GradleDaemon 2.2.1 /Users/ashwini/.gradle/daemon 10800000 42273fed-4d2d-4738-9dd1-1b16ce049e07 -XX:MaxPermSize=256m -XX:+HeapDumpOnOutOfMemoryError -Xmx1024m -Dfile.encoding=UTF-8 -Duser.country=US -Duser.language=en -Duser.variant
Launcher Type: SUN_STANDARD

Environment Variables:
PATH=/usr/bin:/bin:/usr/sbin:/sbin
SHELL=/bin/bash

Signal Handlers:
SIGSEGV: [libjvm.dylib+0x52daf1], sa_mask[0]=0xfffefeff, sa_flags=0x00000043
SIGBUS: [libjvm.dylib+0x52daf1], sa_mask[0]=0xfffefeff, sa_flags=0x00000042
SIGFPE: [libjvm.dylib+0x41f34e], sa_mask[0]=0xfffefeff, sa_flags=0x00000042
SIGPIPE: [libjvm.dylib+0x41f34e], sa_mask[0]=0xfffefeff, sa_flags=0x00000042
SIGXFSZ: [libjvm.dylib+0x41f34e], sa_mask[0]=0xfffefeff, sa_flags=0x00000042
SIGILL: [libjvm.dylib+0x41f34e], sa_mask[0]=0xfffefeff, sa_flags=0x00000042
SIGUSR1: SIG_DFL, sa_mask[0]=0x00000000, sa_flags=0x00000002
SIGUSR2: [libjvm.dylib+0x41ee40], sa_mask[0]=0x00000004, sa_flags=0x00000042
SIGHUP: [libjvm.dylib+0x41d0d1], sa_mask[0]=0xfffefeff, sa_flags=0x00000042
SIGINT: [libjvm.dylib+0x41d0d1], sa_mask[0]=0xfffefeff, sa_flags=0x00000042
SIGTERM: [libjvm.dylib+0x41d0d1], sa_mask[0]=0xfffefeff, sa_flags=0x00000042
SIGQUIT: [libjvm.dylib+0x41d0d1], sa_mask[0]=0xfffefeff, sa_flags=0x00000042


---------------  S Y S T E M  ---------------

OS:Bsduname:Darwin 12.6.0 Darwin Kernel Version 12.6.0: Wed Mar 18 16:23:48 PDT 2015; root:xnu-2050.48.19~1/RELEASE_X86_64 x86_64
rlimit: STACK 8192k, CORE 0k, NPROC 709, NOFILE 10240, AS infinity
load average:3.67 3.04 3.09

CPU:total 4 (2 cores per cpu, 2 threads per core) family 6 model 42 stepping 7, cmov, cx8, fxsr, mmx, sse, sse2, sse3, ssse3, sse4.1, sse4.2, popcnt, avx, aes, ht, tsc, tscinvbit

Memory: 4k page, physical 8388608k(2097152k free)

/proc/meminfo:


vm_info: Java HotSpot(TM) 64-Bit Server VM (24.79-b02) for bsd-amd64 JRE (1.7.0_79-b15), built on Apr 10 2015 11:35:04 by "java_re" with gcc 4.2.1 (Based on Apple Inc. build 5658) (LLVM build 2336.11.00)

time: Tue May 19 16:01:21 2015
elapsed time: 85131 seconds

