#
# A fatal error has been detected by the Java Runtime Environment:
#
#  SIGSEGV (0xb) at pc=0x000000010953279c, pid=10179, tid=22019
#
# JRE version: Java(TM) SE Runtime Environment (7.0_79-b15) (build 1.7.0_79-b15)
# Java VM: Java HotSpot(TM) 64-Bit Server VM (24.79-b02 mixed mode bsd-amd64 compressed oops)
# Problematic frame:
# V  [libjvm.dylib+0x3b079c]  IdealLoopTree::reassociate_add_sub(Node*, PhaseIdealLoop*)+0x14
#
# Failed to write core dump. Core dumps have been disabled. To enable core dumping, try "ulimit -c unlimited" before starting Java again
#
# If you would like to submit a bug report, please visit:
#   http://bugreport.java.com/bugreport/crash.jsp
#

---------------  T H R E A D  ---------------

Current thread (0x00007fea74857800):  JavaThread "C2 CompilerThread0" daemon [_thread_in_native, id=22019, stack(0x0000000156571000,0x0000000156671000)]

siginfo:si_signo=SIGSEGV: si_errno=0, si_code=0 (SEGV0), si_addr=0x0000000000000000

Registers:
RAX=0x00007fea75b72b10, RBX=0x000000015666abd0, RCX=0x00007fea74a2a610, RDX=0x000000015666abd0
RSP=0x000000015666a780, RBP=0x000000015666a7e0, RSI=0x00087fea74a2a648, RDI=0x00007fea7537bbc0
R8 =0x0000000000000000, R9 =0x0000000000000000, R10=0x0000000000005000, R11=0x00007fea75b743c0
R12=0x00007fea7537bbc0, R13=0x0000000000000000, R14=0x0000000000000005, R15=0x000000015666abd0
RIP=0x000000010953279c, EFLAGS=0x0000000000010202, ERR=0x0000000000000000
  TRAPNO=0x000000000000000d

Top of Stack: (sp=0x000000015666a780)
0x000000015666a780:   000000015666a7d0 000000010952e2f4
0x000000015666a790:   000000015666a820 0000000100000000
0x000000015666a7a0:   00007fea7537bbc0 00007fea74a2a5e0
0x000000015666a7b0:   00007fea751c6b38 0000000000000006
0x000000015666a7c0:   00007fea7537bbc0 0000000000000000
0x000000015666a7d0:   0000000000000005 000000015666abd0
0x000000015666a7e0:   000000015666a820 0000000109532b3a
0x000000015666a7f0:   00007fea7537bc50 000000015666abd0
0x000000015666a800:   00000001098e11ca 0000000000000000
0x000000015666a810:   00007fea7537bbc0 000000015666aa80
0x000000015666a820:   000000015666ab60 000000010953a91c
0x000000015666a830:   000000010014d8a0 000000015666aa6c
0x000000015666a840:   0000000000000000 00007fea7401bbd0
0x000000015666a850:   000000017498e698 00007fea7385e9e8
0x000000015666a860:   000000015666a8f0 00007fff95f1e245
0x000000015666a870:   000000015726c000 0000000000021000
0x000000015666a880:   0000000100000000 00007fea7385ed88
0x000000015666a890:   0000000000000000 000000015726c000
0x000000015666a8a0:   0000000000021000 0000000100000000
0x000000015666a8b0:   0000000000000000 0000000000000000
0x000000015666a8c0:   00007fea749d9858 0000000000000000
0x000000015666a8d0:   000000010903c000 0000000000000000
0x000000015666a8e0:   0000000000020010 000000010903c000
0x000000015666a8f0:   000000015666a9b0 00007fff95f2474f
0x000000015666a900:   000000015666a910 0000000000000040
0x000000015666a910:   0000000000020010 00000000752fdc41
0x000000015666a920:   000000010903c000 0000000156660040
0x000000015666a930:   0000000109058800 0000000109058800
0x000000015666a940:   000000010903c000 00007fff95f24456
0x000000015666a950:   000000015666a980 0000000109682cfc
0x000000015666a960:   0000000000007fe8 00000000734133b0
0x000000015666a970:   00007fea759c6d30 0000000000000040 

Instructions: (pc=0x000000010953279c)
0x000000010953277c:   00 48 83 c4 08 5b 41 5e 41 5f 5d c3 55 48 89 e5
0x000000010953278c:   41 57 41 56 41 55 41 54 53 48 83 ec 38 48 89 d3
0x000000010953279c:   0f b7 46 2c 89 c1 81 e1 ff 0f 00 00 81 f9 00 08
0x00000001095327ac:   00 00 74 0c 83 e0 7f 83 f8 40 0f 85 2e 03 00 00 

Register to memory mapping:

RAX=0x00007fea75b72b10 is an unknown value
RBX=0x000000015666abd0 is pointing into the stack for thread: 0x00007fea74857800
RCX=0x00007fea74a2a610 is an unknown value
RDX=0x000000015666abd0 is pointing into the stack for thread: 0x00007fea74857800
RSP=0x000000015666a780 is pointing into the stack for thread: 0x00007fea74857800
RBP=0x000000015666a7e0 is pointing into the stack for thread: 0x00007fea74857800
RSI=0x00087fea74a2a648 is an unknown value
RDI=0x00007fea7537bbc0 is an unknown value
R8 =0x0000000000000000 is an unknown value
R9 =0x0000000000000000 is an unknown value
R10=0x0000000000005000 is an unknown value
R11=0x00007fea75b743c0 is an unknown value
R12=0x00007fea7537bbc0 is an unknown value
R13=0x0000000000000000 is an unknown value
R14=0x0000000000000005 is an unknown value
R15=0x000000015666abd0 is pointing into the stack for thread: 0x00007fea74857800


Stack: [0x0000000156571000,0x0000000156671000],  sp=0x000000015666a780,  free space=997k
Native frames: (J=compiled Java code, j=interpreted, Vv=VM code, C=native code)
V  [libjvm.dylib+0x3b079c]  IdealLoopTree::reassociate_add_sub(Node*, PhaseIdealLoop*)+0x14
V  [libjvm.dylib+0x3b0b3a]  IdealLoopTree::reassociate_invariants(PhaseIdealLoop*)+0x3e
V  [libjvm.dylib+0x3b891c]  PhaseIdealLoop::build_and_optimize(bool, bool)+0x744
V  [libjvm.dylib+0x1baa88]  Compile::Optimize()+0x5f8
V  [libjvm.dylib+0x1bd472]  Compile::Compile(ciEnv*, C2Compiler*, ciMethod*, int, bool, bool)+0x88a
V  [libjvm.dylib+0x166b07]  C2Compiler::compile_method(ciEnv*, ciMethod*, int)+0x9d
V  [libjvm.dylib+0x1c0618]  CompileBroker::invoke_compiler_on_method(CompileTask*)+0x3e0
V  [libjvm.dylib+0x1c235a]  CompileBroker::compiler_thread_loop()+0x12c
V  [libjvm.dylib+0x4f759d]  JavaThread::thread_main_inner()+0x9b
V  [libjvm.dylib+0x4f8ca5]  JavaThread::run()+0x1a3
V  [libjvm.dylib+0x421c4e]  java_start(Thread*)+0x126
C  [libsystem_c.dylib+0x14772]  _pthread_start+0x147
C  [libsystem_c.dylib+0x11a1]  thread_start+0xd


Current CompileTask:
C2:   2187  410             com.android.dx.merge.DexMerger::transformMethods (126 bytes)


---------------  P R O C E S S  ---------------

Java Threads: ( => current thread )
  0x00007fea7485a000 JavaThread "Service Thread" daemon [_thread_blocked, id=23043, stack(0x0000000156777000,0x0000000156877000)]
  0x00007fea74859800 JavaThread "C2 CompilerThread1" daemon [_thread_in_native, id=22531, stack(0x0000000156674000,0x0000000156774000)]
=>0x00007fea74857800 JavaThread "C2 CompilerThread0" daemon [_thread_in_native, id=22019, stack(0x0000000156571000,0x0000000156671000)]
  0x00007fea74846800 JavaThread "Signal Dispatcher" daemon [_thread_blocked, id=21507, stack(0x000000015646e000,0x000000015656e000)]
  0x00007fea74842000 JavaThread "Finalizer" daemon [_thread_blocked, id=16899, stack(0x000000015621d000,0x000000015631d000)]
  0x00007fea74841800 JavaThread "Reference Handler" daemon [_thread_blocked, id=16387, stack(0x000000015611a000,0x000000015621a000)]
  0x00007fea75003000 JavaThread "main" [_thread_in_Java, id=3855, stack(0x0000000109be6000,0x0000000109ce6000)]

Other Threads:
  0x00007fea7483f000 VMThread [stack: 0x0000000156017000,0x0000000156117000] [id=15875]
  0x00007fea74843800 WatcherThread [stack: 0x000000015687a000,0x000000015697a000] [id=23555]

VM state:not at safepoint (normal execution)

VM Mutex/Monitor currently owned by a thread: None

Heap
 PSYoungGen      total 38912K, used 16428K [0x000000013cb80000, 0x0000000141780000, 0x0000000152100000)
  eden space 33792K, 33% used [0x000000013cb80000,0x000000013d68d758,0x000000013ec80000)
  from space 5120K, 99% used [0x000000013f180000,0x000000013f67dbb0,0x000000013f680000)
  to   space 5120K, 0% used [0x000000013ec80000,0x000000013ec80000,0x000000013f180000)
 ParOldGen       total 87040K, used 4798K [0x0000000112100000, 0x0000000117600000, 0x000000013cb80000)
  object space 87040K, 5% used [0x0000000112100000,0x00000001125af920,0x0000000117600000)
 PSPermGen       total 21504K, used 6707K [0x000000010cf00000, 0x000000010e400000, 0x0000000112100000)
  object space 21504K, 31% used [0x000000010cf00000,0x000000010d58ceb0,0x000000010e400000)

Card table byte_map: [0x0000000152100000,0x000000015232a000] byte_map_base: 0x0000000151898800

Polling page: 0x0000000109d25000

Code Cache  [0x0000000109dbb000, 0x000000010a02b000, 0x000000010cdbb000)
 total_blobs=670 nmethods=423 adapters=201 free_code_cache=48088Kb largest_free_block=49214080

Compilation events (10 events):
Event: 2.122 Thread 0x00007fea74859800 nmethod 420 0x0000000109ec5d50 code [0x0000000109ec5ea0, 0x0000000109ec5f78]
Event: 2.122 Thread 0x00007fea74859800  421             com.android.dx.merge.SortableType::getTypeIndex (8 bytes)
Event: 2.122 Thread 0x00007fea74859800 nmethod 421 0x0000000109ec5ad0 code [0x0000000109ec5c00, 0x0000000109ec5c78]
Event: 2.135 Thread 0x00007fea74859800  422             com.android.dex.ClassData$Method::getMethodIndex (5 bytes)
Event: 2.135 Thread 0x00007fea74859800 nmethod 422 0x0000000109eca450 code [0x0000000109eca580, 0x0000000109eca5d8]
Event: 2.135 Thread 0x00007fea74859800  423             com.android.dex.ClassData$Method::getAccessFlags (5 bytes)
Event: 2.136 Thread 0x00007fea74859800 nmethod 423 0x0000000109eca250 code [0x0000000109eca380, 0x0000000109eca3d8]
Event: 2.136 Thread 0x00007fea74859800  424             com.android.dx.io.instructions.DecodedInstruction::getTarget (7 bytes)
Event: 2.136 Thread 0x00007fea74859800 nmethod 424 0x0000000109eca050 code [0x0000000109eca180, 0x0000000109eca1d8]
Event: 2.142 Thread 0x00007fea74859800  425             com.android.dex.Dex::readCode (28 bytes)

GC Heap History (4 events):
Event: 1.577 GC heap before
{Heap before GC invocations=1 (full 0):
 PSYoungGen      total 38912K, used 33792K [0x000000013cb80000, 0x000000013f680000, 0x0000000152100000)
  eden space 33792K, 100% used [0x000000013cb80000,0x000000013ec80000,0x000000013ec80000)
  from space 5120K, 0% used [0x000000013f180000,0x000000013f180000,0x000000013f680000)
  to   space 5120K, 0% used [0x000000013ec80000,0x000000013ec80000,0x000000013f180000)
 ParOldGen       total 87040K, used 0K [0x0000000112100000, 0x0000000117600000, 0x000000013cb80000)
  object space 87040K, 0% used [0x0000000112100000,0x0000000112100000,0x0000000117600000)
 PSPermGen       total 21504K, used 6629K [0x000000010cf00000, 0x000000010e400000, 0x0000000112100000)
  object space 21504K, 30% used [0x000000010cf00000,0x000000010d579530,0x000000010e400000)
Event: 1.586 GC heap after
Heap after GC invocations=1 (full 0):
 PSYoungGen      total 38912K, used 5118K [0x000000013cb80000, 0x000000013f680000, 0x0000000152100000)
  eden space 33792K, 0% used [0x000000013cb80000,0x000000013cb80000,0x000000013ec80000)
  from space 5120K, 99% used [0x000000013ec80000,0x000000013f17fbf0,0x000000013f180000)
  to   space 5120K, 0% used [0x000000013f180000,0x000000013f180000,0x000000013f680000)
 ParOldGen       total 87040K, used 2691K [0x0000000112100000, 0x0000000117600000, 0x000000013cb80000)
  object space 87040K, 3% used [0x0000000112100000,0x00000001123a0f98,0x0000000117600000)
 PSPermGen       total 21504K, used 6629K [0x000000010cf00000, 0x000000010e400000, 0x0000000112100000)
  object space 21504K, 30% used [0x000000010cf00000,0x000000010d579530,0x000000010e400000)
}
Event: 2.091 GC heap before
{Heap before GC invocations=2 (full 0):
 PSYoungGen      total 38912K, used 38910K [0x000000013cb80000, 0x000000013f680000, 0x0000000152100000)
  eden space 33792K, 100% used [0x000000013cb80000,0x000000013ec80000,0x000000013ec80000)
  from space 5120K, 99% used [0x000000013ec80000,0x000000013f17fbf0,0x000000013f180000)
  to   space 5120K, 0% used [0x000000013f180000,0x000000013f180000,0x000000013f680000)
 ParOldGen       total 87040K, used 2691K [0x0000000112100000, 0x0000000117600000, 0x000000013cb80000)
  object space 87040K, 3% used [0x0000000112100000,0x00000001123a0f98,0x0000000117600000)
 PSPermGen       total 21504K, used 6701K [0x000000010cf00000, 0x000000010e400000, 0x0000000112100000)
  object space 21504K, 31% used [0x000000010cf00000,0x000000010d58b738,0x000000010e400000)
Event: 2.099 GC heap after
Heap after GC invocations=2 (full 0):
 PSYoungGen      total 38912K, used 5110K [0x000000013cb80000, 0x0000000141780000, 0x0000000152100000)
  eden space 33792K, 0% used [0x000000013cb80000,0x000000013cb80000,0x000000013ec80000)
  from space 5120K, 99% used [0x000000013f180000,0x000000013f67dbb0,0x000000013f680000)
  to   space 5120K, 0% used [0x000000013ec80000,0x000000013ec80000,0x000000013f180000)
 ParOldGen       total 87040K, used 4798K [0x0000000112100000, 0x0000000117600000, 0x000000013cb80000)
  object space 87040K, 5% used [0x0000000112100000,0x00000001125af920,0x0000000117600000)
 PSPermGen       total 21504K, used 6701K [0x000000010cf00000, 0x000000010e400000, 0x0000000112100000)
  object space 21504K, 31% used [0x000000010cf00000,0x000000010d58b738,0x000000010e400000)
}

Deoptimization events (3 events):
Event: 0.706 Thread 0x00007fea75003000 Uncommon trap: reason=null_check action=make_not_entrant pc=0x0000000109e3ef98 method=com.android.dx.rop.code.LocalItem.equals(Ljava/lang/Object;)Z @ 1
Event: 0.797 Thread 0x00007fea75003000 Uncommon trap: reason=class_check action=maybe_recompile pc=0x0000000109e4d9e4 method=com.android.dx.ssa.NormalSsaInsn.accept(Lcom/android/dx/ssa/SsaInsn$Visitor;)V @ 9
Event: 1.605 Thread 0x00007fea75003000 Uncommon trap: reason=predicate action=maybe_recompile pc=0x0000000109e831c4 method=com.android.dex.Leb128.readUnsignedLeb128(Lcom/android/dex/util/ByteInput;)I @ 41

Internal exceptions (10 events):
Event: 1.465 Thread 0x00007fea75003000 Threw 0x000000013ea288e8 at /HUDSON/workspace/7u-2-build-macosx-x86_64/jdk7u79/2331/hotspot/src/share/vm/prims/jvm.cpp:1304
Event: 1.465 Thread 0x00007fea75003000 Threw 0x000000013ea2bd48 at /HUDSON/workspace/7u-2-build-macosx-x86_64/jdk7u79/2331/hotspot/src/share/vm/prims/jvm.cpp:1304
Event: 1.466 Thread 0x00007fea75003000 Threw 0x000000013ea2f288 at /HUDSON/workspace/7u-2-build-macosx-x86_64/jdk7u79/2331/hotspot/src/share/vm/prims/jvm.cpp:1304
Event: 1.467 Thread 0x00007fea75003000 Threw 0x000000013ea32ff0 at /HUDSON/workspace/7u-2-build-macosx-x86_64/jdk7u79/2331/hotspot/src/share/vm/prims/jvm.cpp:1304
Event: 1.467 Thread 0x00007fea75003000 Threw 0x000000013ea362c8 at /HUDSON/workspace/7u-2-build-macosx-x86_64/jdk7u79/2331/hotspot/src/share/vm/prims/jvm.cpp:1304
Event: 1.468 Thread 0x00007fea75003000 Threw 0x000000013ea39740 at /HUDSON/workspace/7u-2-build-macosx-x86_64/jdk7u79/2331/hotspot/src/share/vm/prims/jvm.cpp:1304
Event: 1.468 Thread 0x00007fea75003000 Threw 0x000000013ea3cdc8 at /HUDSON/workspace/7u-2-build-macosx-x86_64/jdk7u79/2331/hotspot/src/share/vm/prims/jvm.cpp:1304
Event: 1.473 Thread 0x00007fea75003000 Threw 0x000000013ea84510 at /HUDSON/workspace/7u-2-build-macosx-x86_64/jdk7u79/2331/hotspot/src/share/vm/prims/jvm.cpp:1304
Event: 1.473 Thread 0x00007fea75003000 Threw 0x000000013ea86a48 at /HUDSON/workspace/7u-2-build-macosx-x86_64/jdk7u79/2331/hotspot/src/share/vm/prims/jvm.cpp:1304
Event: 1.963 Thread 0x00007fea75003000 Threw 0x000000013dfa6960 at /HUDSON/workspace/7u-2-build-macosx-x86_64/jdk7u79/2331/hotspot/src/share/vm/prims/jvm.cpp:1304

Events (10 events):
Event: 1.586 Executing VM operation: ParallelGCFailedAllocation done
Event: 1.605 Thread 0x00007fea75003000 Uncommon trap: trap_request=0xffffff86 fr.pc=0x0000000109e831c4
Event: 1.605 Thread 0x00007fea75003000 DEOPT PACKING pc=0x0000000109e831c4 sp=0x0000000109ce5200
Event: 1.605 Thread 0x00007fea75003000 DEOPT UNPACKING pc=0x0000000109df4045 sp=0x0000000109ce51c8 mode 2
Event: 1.963 loading class 0x00007fea74220590
Event: 1.963 loading class 0x00007fea74220590 done
Event: 1.965 loading class 0x0000000154db6810
Event: 1.965 loading class 0x0000000154db6810 done
Event: 2.091 Executing VM operation: ParallelGCFailedAllocation
Event: 2.099 Executing VM operation: ParallelGCFailedAllocation done


Dynamic libraries:
0x0000000009348000 	/System/Library/Frameworks/Cocoa.framework/Versions/A/Cocoa
0x0000000009348000 	/System/Library/Frameworks/Security.framework/Versions/A/Security
0x0000000009348000 	/System/Library/Frameworks/ApplicationServices.framework/Versions/A/ApplicationServices
0x0000000009348000 	/usr/lib/libz.1.dylib
0x0000000009348000 	/usr/lib/libSystem.B.dylib
0x0000000009348000 	/usr/lib/libobjc.A.dylib
0x0000000009348000 	/System/Library/Frameworks/CoreFoundation.framework/Versions/A/CoreFoundation
0x0000000009348000 	/System/Library/Frameworks/Foundation.framework/Versions/C/Foundation
0x0000000009348000 	/System/Library/Frameworks/AppKit.framework/Versions/C/AppKit
0x0000000009348000 	/System/Library/Frameworks/CoreData.framework/Versions/A/CoreData
0x0000000009348000 	/System/Library/PrivateFrameworks/RemoteViewServices.framework/Versions/A/RemoteViewServices
0x0000000009348000 	/System/Library/Frameworks/AudioToolbox.framework/Versions/A/AudioToolbox
0x0000000009348000 	/System/Library/Frameworks/AudioUnit.framework/Versions/A/AudioUnit
0x0000000009348000 	/System/Library/PrivateFrameworks/DataDetectorsCore.framework/Versions/A/DataDetectorsCore
0x0000000009348000 	/System/Library/PrivateFrameworks/DesktopServicesPriv.framework/Versions/A/DesktopServicesPriv
0x0000000009348000 	/System/Library/Frameworks/Carbon.framework/Versions/A/Frameworks/HIToolbox.framework/Versions/A/HIToolbox
0x0000000009348000 	/System/Library/Frameworks/QuartzCore.framework/Versions/A/QuartzCore
0x0000000009348000 	/System/Library/Frameworks/Carbon.framework/Versions/A/Frameworks/SpeechRecognition.framework/Versions/A/SpeechRecognition
0x0000000009348000 	/usr/lib/libauto.dylib
0x0000000009348000 	/usr/lib/libicucore.A.dylib
0x0000000009348000 	/usr/lib/libxml2.2.dylib
0x0000000009348000 	/System/Library/PrivateFrameworks/CoreUI.framework/Versions/A/CoreUI
0x0000000009348000 	/System/Library/Frameworks/CoreAudio.framework/Versions/A/CoreAudio
0x0000000009348000 	/System/Library/Frameworks/DiskArbitration.framework/Versions/A/DiskArbitration
0x0000000009348000 	/usr/lib/liblangid.dylib
0x0000000009348000 	/System/Library/PrivateFrameworks/MultitouchSupport.framework/Versions/A/MultitouchSupport
0x0000000009348000 	/System/Library/Frameworks/IOKit.framework/Versions/A/IOKit
0x0000000009348000 	/usr/lib/libDiagnosticMessagesClient.dylib
0x0000000009348000 	/System/Library/Frameworks/CoreServices.framework/Versions/A/CoreServices
0x0000000009348000 	/System/Library/PrivateFrameworks/PerformanceAnalysis.framework/Versions/A/PerformanceAnalysis
0x0000000009348000 	/System/Library/PrivateFrameworks/GenerationalStorage.framework/Versions/A/GenerationalStorage
0x0000000009348000 	/System/Library/Frameworks/OpenGL.framework/Versions/A/OpenGL
0x0000000009348000 	/System/Library/Frameworks/CoreText.framework/Versions/A/CoreText
0x0000000009348000 	/System/Library/Frameworks/ImageIO.framework/Versions/A/ImageIO
0x0000000009348000 	/System/Library/PrivateFrameworks/Backup.framework/Versions/A/Backup
0x0000000009348000 	/System/Library/Frameworks/CFNetwork.framework/Versions/A/CFNetwork
0x0000000009348000 	/System/Library/Frameworks/SystemConfiguration.framework/Versions/A/SystemConfiguration
0x0000000009348000 	/usr/lib/libCRFSuite.dylib
0x0000000009348000 	/System/Library/PrivateFrameworks/TCC.framework/Versions/A/TCC
0x0000000009348000 	/usr/lib/libc++.1.dylib
0x0000000009348000 	/usr/lib/libc++abi.dylib
0x0000000009348000 	/usr/lib/system/libcache.dylib
0x0000000009348000 	/usr/lib/system/libcommonCrypto.dylib
0x0000000009348000 	/usr/lib/system/libcompiler_rt.dylib
0x0000000009348000 	/usr/lib/system/libcopyfile.dylib
0x0000000009348000 	/usr/lib/system/libdispatch.dylib
0x0000000009348000 	/usr/lib/system/libdnsinfo.dylib
0x0000000009348000 	/usr/lib/system/libdyld.dylib
0x0000000009348000 	/usr/lib/system/libkeymgr.dylib
0x0000000009348000 	/usr/lib/system/liblaunch.dylib
0x0000000009348000 	/usr/lib/system/libmacho.dylib
0x0000000009348000 	/usr/lib/system/libquarantine.dylib
0x0000000009348000 	/usr/lib/system/libremovefile.dylib
0x0000000009348000 	/usr/lib/system/libsystem_blocks.dylib
0x0000000009348000 	/usr/lib/system/libsystem_c.dylib
0x0000000009348000 	/usr/lib/system/libsystem_dnssd.dylib
0x0000000009348000 	/usr/lib/system/libsystem_info.dylib
0x0000000009348000 	/usr/lib/system/libsystem_kernel.dylib
0x0000000009348000 	/usr/lib/system/libsystem_m.dylib
0x0000000009348000 	/usr/lib/system/libsystem_network.dylib
0x0000000009348000 	/usr/lib/system/libsystem_notify.dylib
0x0000000009348000 	/usr/lib/system/libsystem_sandbox.dylib
0x0000000009348000 	/usr/lib/system/libunc.dylib
0x0000000009348000 	/usr/lib/system/libunwind.dylib
0x0000000009348000 	/usr/lib/system/libxpc.dylib
0x0000000009348000 	/usr/lib/system/libcorecrypto.dylib
0x0000000009348000 	/usr/lib/libstdc++.6.dylib
0x0000000009348000 	/usr/lib/libbsm.0.dylib
0x0000000009348000 	/usr/lib/libsqlite3.dylib
0x0000000009348000 	/usr/lib/libxar.1.dylib
0x0000000009348000 	/usr/lib/libpam.2.dylib
0x0000000009348000 	/usr/lib/libOpenScriptingUtil.dylib
0x0000000009348000 	/usr/lib/libbz2.1.0.dylib
0x0000000009348000 	/System/Library/Frameworks/CoreServices.framework/Versions/A/Frameworks/CarbonCore.framework/Versions/A/CarbonCore
0x0000000009348000 	/System/Library/Frameworks/CoreServices.framework/Versions/A/Frameworks/Metadata.framework/Versions/A/Metadata
0x0000000009348000 	/System/Library/Frameworks/CoreServices.framework/Versions/A/Frameworks/OSServices.framework/Versions/A/OSServices
0x0000000009348000 	/System/Library/Frameworks/CoreServices.framework/Versions/A/Frameworks/SearchKit.framework/Versions/A/SearchKit
0x0000000009348000 	/System/Library/Frameworks/CoreServices.framework/Versions/A/Frameworks/AE.framework/Versions/A/AE
0x0000000009348000 	/System/Library/Frameworks/CoreServices.framework/Versions/A/Frameworks/LaunchServices.framework/Versions/A/LaunchServices
0x0000000009348000 	/System/Library/Frameworks/CoreServices.framework/Versions/A/Frameworks/DictionaryServices.framework/Versions/A/DictionaryServices
0x0000000009348000 	/System/Library/Frameworks/NetFS.framework/Versions/A/NetFS
0x0000000009348000 	/usr/lib/system/libkxld.dylib
0x0000000009348000 	/System/Library/PrivateFrameworks/NetAuth.framework/Versions/A/NetAuth
0x0000000009348000 	/System/Library/Frameworks/OpenDirectory.framework/Versions/A/Frameworks/CFOpenDirectory.framework/Versions/A/CFOpenDirectory
0x0000000009348000 	/usr/lib/libxslt.1.dylib
0x0000000009348000 	/System/Library/PrivateFrameworks/FamilyControls.framework/Versions/A/FamilyControls
0x0000000009348000 	/System/Library/Frameworks/Carbon.framework/Versions/A/Frameworks/Ink.framework/Versions/A/Ink
0x0000000009348000 	/System/Library/Frameworks/ApplicationServices.framework/Versions/A/Frameworks/CoreGraphics.framework/Versions/A/CoreGraphics
0x0000000009348000 	/System/Library/Frameworks/ApplicationServices.framework/Versions/A/Frameworks/ATS.framework/Versions/A/ATS
0x0000000009348000 	/System/Library/Frameworks/ApplicationServices.framework/Versions/A/Frameworks/ColorSync.framework/Versions/A/ColorSync
0x0000000009348000 	/System/Library/Frameworks/ApplicationServices.framework/Versions/A/Frameworks/HIServices.framework/Versions/A/HIServices
0x0000000009348000 	/System/Library/Frameworks/ApplicationServices.framework/Versions/A/Frameworks/LangAnalysis.framework/Versions/A/LangAnalysis
0x0000000009348000 	/System/Library/Frameworks/ApplicationServices.framework/Versions/A/Frameworks/PrintCore.framework/Versions/A/PrintCore
0x0000000009348000 	/System/Library/Frameworks/ApplicationServices.framework/Versions/A/Frameworks/QD.framework/Versions/A/QD
0x0000000009348000 	/System/Library/Frameworks/ApplicationServices.framework/Versions/A/Frameworks/SpeechSynthesis.framework/Versions/A/SpeechSynthesis
0x0000000009348000 	/System/Library/Frameworks/IOSurface.framework/Versions/A/IOSurface
0x0000000009348000 	/System/Library/Frameworks/Accelerate.framework/Versions/A/Accelerate
0x0000000009348000 	/System/Library/Frameworks/ApplicationServices.framework/Versions/A/Frameworks/ATS.framework/Versions/A/Resources/libFontParser.dylib
0x0000000009348000 	/System/Library/Frameworks/ApplicationServices.framework/Versions/A/Frameworks/ATS.framework/Versions/A/Resources/libFontRegistry.dylib
0x0000000009348000 	/System/Library/Frameworks/Accelerate.framework/Versions/A/Frameworks/vImage.framework/Versions/A/vImage
0x0000000009348000 	/System/Library/Frameworks/Accelerate.framework/Versions/A/Frameworks/vecLib.framework/Versions/A/vecLib
0x0000000009348000 	/System/Library/Frameworks/Accelerate.framework/Versions/A/Frameworks/vecLib.framework/Versions/A/libvDSP.dylib
0x0000000009348000 	/System/Library/Frameworks/Accelerate.framework/Versions/A/Frameworks/vecLib.framework/Versions/A/libvMisc.dylib
0x0000000009348000 	/System/Library/Frameworks/Accelerate.framework/Versions/A/Frameworks/vecLib.framework/Versions/A/libLAPACK.dylib
0x0000000009348000 	/System/Library/Frameworks/Accelerate.framework/Versions/A/Frameworks/vecLib.framework/Versions/A/libBLAS.dylib
0x0000000009348000 	/System/Library/Frameworks/ImageIO.framework/Versions/A/Resources/libJPEG.dylib
0x0000000009348000 	/System/Library/Frameworks/ImageIO.framework/Versions/A/Resources/libTIFF.dylib
0x0000000009348000 	/System/Library/Frameworks/ImageIO.framework/Versions/A/Resources/libPng.dylib
0x0000000009348000 	/System/Library/Frameworks/ImageIO.framework/Versions/A/Resources/libGIF.dylib
0x0000000009348000 	/System/Library/Frameworks/ImageIO.framework/Versions/A/Resources/libJP2.dylib
0x0000000009348000 	/System/Library/Frameworks/ImageIO.framework/Versions/A/Resources/libRadiance.dylib
0x0000000009348000 	/usr/lib/libcups.2.dylib
0x0000000009348000 	/System/Library/Frameworks/Kerberos.framework/Versions/A/Kerberos
0x0000000009348000 	/System/Library/Frameworks/GSS.framework/Versions/A/GSS
0x0000000009348000 	/usr/lib/libresolv.9.dylib
0x0000000009348000 	/usr/lib/libiconv.2.dylib
0x0000000009348000 	/System/Library/PrivateFrameworks/Heimdal.framework/Versions/A/Heimdal
0x0000000009348000 	/System/Library/PrivateFrameworks/TrustEvaluationAgent.framework/Versions/A/TrustEvaluationAgent
0x0000000009348000 	/System/Library/Frameworks/OpenDirectory.framework/Versions/A/OpenDirectory
0x0000000009348000 	/System/Library/PrivateFrameworks/CommonAuth.framework/Versions/A/CommonAuth
0x0000000009348000 	/System/Library/PrivateFrameworks/Bom.framework/Versions/A/Bom
0x0000000009348000 	/System/Library/Frameworks/CoreVideo.framework/Versions/A/CoreVideo
0x0000000009348000 	/System/Library/Frameworks/QuartzCore.framework/Versions/A/Frameworks/CoreImage.framework/Versions/A/CoreImage
0x0000000009348000 	/System/Library/Frameworks/QuartzCore.framework/Versions/A/Frameworks/ScalableUserInterface.framework/Versions/A/ScalableUserInterface
0x0000000009348000 	/System/Library/Frameworks/OpenGL.framework/Versions/A/Libraries/libGLU.dylib
0x0000000009348000 	/System/Library/Frameworks/OpenGL.framework/Versions/A/Libraries/libGFXShared.dylib
0x0000000009348000 	/System/Library/Frameworks/OpenGL.framework/Versions/A/Libraries/libGL.dylib
0x0000000009348000 	/System/Library/Frameworks/OpenGL.framework/Versions/A/Libraries/libGLImage.dylib
0x0000000009348000 	/System/Library/Frameworks/OpenGL.framework/Versions/A/Libraries/libCVMSPluginSupport.dylib
0x0000000009348000 	/System/Library/Frameworks/OpenGL.framework/Versions/A/Libraries/libCoreVMClient.dylib
0x0000000009348000 	/System/Library/PrivateFrameworks/CrashReporterSupport.framework/Versions/A/CrashReporterSupport
0x0000000009348000 	/System/Library/Frameworks/OpenCL.framework/Versions/A/OpenCL
0x0000000009348000 	/System/Library/PrivateFrameworks/FaceCoreLight.framework/Versions/A/FaceCoreLight
0x0000000009348000 	/System/Library/PrivateFrameworks/AppleFSCompression.framework/Versions/A/AppleFSCompression
0x0000000009348000 	/System/Library/PrivateFrameworks/Ubiquity.framework/Versions/A/Ubiquity
0x0000000009348000 	/System/Library/Frameworks/ServiceManagement.framework/Versions/A/ServiceManagement
0x0000000009348000 	/System/Library/PrivateFrameworks/ChunkingLibrary.framework/Versions/A/ChunkingLibrary
0x0000000009348000 	/System/Library/Frameworks/vecLib.framework/Versions/A/vecLib
0x0000000009348000 	/System/Library/Frameworks/SecurityFoundation.framework/Versions/A/SecurityFoundation
0x0000000009348000 	/System/Library/PrivateFrameworks/CommerceKit.framework/Versions/A/Frameworks/CommerceCore.framework/Versions/A/CommerceCore
0x0000000009348000 	/System/Library/PrivateFrameworks/CoreSymbolication.framework/Versions/A/CoreSymbolication
0x0000000009348000 	/System/Library/PrivateFrameworks/Symbolication.framework/Versions/A/Symbolication
0x0000000009348000 	/System/Library/PrivateFrameworks/DebugSymbols.framework/Versions/A/DebugSymbols
0x0000000109182000 	/Library/Java/JavaVirtualMachines/jdk1.7.0_79.jdk/Contents/Home/jre/lib/server/libjvm.dylib
0x0000000109ce8000 	/Library/Java/JavaVirtualMachines/jdk1.7.0_79.jdk/Contents/Home/jre/lib/libverify.dylib
0x0000000109cf5000 	/Library/Java/JavaVirtualMachines/jdk1.7.0_79.jdk/Contents/Home/jre/lib/libjava.dylib
0x0000000109db2000 	/Library/Java/JavaVirtualMachines/jdk1.7.0_79.jdk/Contents/Home/jre/lib/libzip.dylib
0x000000015631f000 	/System/Library/Frameworks/JavaVM.framework/Frameworks/JavaRuntimeSupport.framework/JavaRuntimeSupport
0x0000000156338000 	/System/Library/Frameworks/JavaVM.framework/Versions/A/Frameworks/JavaNativeFoundation.framework/Versions/A/JavaNativeFoundation
0x000000015634e000 	/System/Library/Frameworks/JavaVM.framework/Versions/A/JavaVM
0x0000000009348000 	/System/Library/Frameworks/Carbon.framework/Versions/A/Carbon
0x000000015635b000 	/System/Library/PrivateFrameworks/JavaLaunching.framework/Versions/A/JavaLaunching
0x0000000009348000 	/System/Library/Frameworks/Carbon.framework/Versions/A/Frameworks/CommonPanels.framework/Versions/A/CommonPanels
0x0000000009348000 	/System/Library/Frameworks/Carbon.framework/Versions/A/Frameworks/Help.framework/Versions/A/Help
0x0000000009348000 	/System/Library/Frameworks/Carbon.framework/Versions/A/Frameworks/ImageCapture.framework/Versions/A/ImageCapture
0x0000000009348000 	/System/Library/Frameworks/Carbon.framework/Versions/A/Frameworks/OpenScripting.framework/Versions/A/OpenScripting
0x0000000009348000 	/System/Library/Frameworks/Carbon.framework/Versions/A/Frameworks/Print.framework/Versions/A/Print
0x0000000009348000 	/System/Library/Frameworks/Carbon.framework/Versions/A/Frameworks/SecurityHI.framework/Versions/A/SecurityHI
0x0000000156bf3000 	/Library/Java/JavaVirtualMachines/jdk1.7.0_79.jdk/Contents/Home/jre/lib/libnio.dylib
0x0000000156c02000 	/Library/Java/JavaVirtualMachines/jdk1.7.0_79.jdk/Contents/Home/jre/lib/./libnet.dylib

VM Arguments:
jvm_args: -Xmx1024M 
java_command: /Users/ashwini/Library/Android/sdk/build-tools/21.1.2/lib/dx.jar --dex --output /Users/ashwini/Desktop/Projects/Android/TwitterClient/app/build/intermediates/dex/debug --input-list=/Users/ashwini/Desktop/Projects/Android/TwitterClient/app/build/intermediates/tmp/dex/debug/inputList.txt
Launcher Type: SUN_STANDARD

Environment Variables:
PATH=/usr/bin:/bin:/usr/sbin:/sbin
SHELL=/bin/bash

Signal Handlers:
SIGSEGV: [libjvm.dylib+0x52daf1], sa_mask[0]=0xfffefeff, sa_flags=0x00000043
SIGBUS: [libjvm.dylib+0x52daf1], sa_mask[0]=0xfffefeff, sa_flags=0x00000042
SIGFPE: [libjvm.dylib+0x41f34e], sa_mask[0]=0xfffefeff, sa_flags=0x00000042
SIGPIPE: [libjvm.dylib+0x41f34e], sa_mask[0]=0xfffefeff, sa_flags=0x00000042
SIGXFSZ: [libjvm.dylib+0x41f34e], sa_mask[0]=0xfffefeff, sa_flags=0x00000042
SIGILL: [libjvm.dylib+0x41f34e], sa_mask[0]=0xfffefeff, sa_flags=0x00000042
SIGUSR1: SIG_DFL, sa_mask[0]=0x00000000, sa_flags=0x00000002
SIGUSR2: [libjvm.dylib+0x41ee40], sa_mask[0]=0x00000004, sa_flags=0x00000042
SIGHUP: [libjvm.dylib+0x41d0d1], sa_mask[0]=0xfffefeff, sa_flags=0x00000042
SIGINT: [libjvm.dylib+0x41d0d1], sa_mask[0]=0xfffefeff, sa_flags=0x00000042
SIGTERM: [libjvm.dylib+0x41d0d1], sa_mask[0]=0xfffefeff, sa_flags=0x00000042
SIGQUIT: [libjvm.dylib+0x41d0d1], sa_mask[0]=0xfffefeff, sa_flags=0x00000042


---------------  S Y S T E M  ---------------

OS:Bsduname:Darwin 12.6.0 Darwin Kernel Version 12.6.0: Wed Mar 18 16:23:48 PDT 2015; root:xnu-2050.48.19~1/RELEASE_X86_64 x86_64
rlimit: STACK 8192k, CORE 0k, NPROC 709, NOFILE 10240, AS infinity
load average:2.22 2.18 1.98

CPU:total 4 (2 cores per cpu, 2 threads per core) family 6 model 42 stepping 7, cmov, cx8, fxsr, mmx, sse, sse2, sse3, ssse3, sse4.1, sse4.2, popcnt, avx, aes, ht, tsc, tscinvbit

Memory: 4k page, physical 8388608k(2097152k free)

/proc/meminfo:


vm_info: Java HotSpot(TM) 64-Bit Server VM (24.79-b02) for bsd-amd64 JRE (1.7.0_79-b15), built on Apr 10 2015 11:35:04 by "java_re" with gcc 4.2.1 (Based on Apple Inc. build 5658) (LLVM build 2336.11.00)

time: Wed May 20 12:37:48 2015
elapsed time: 2 seconds

